Invoking command in 'C:\Users\PLASMINFORGE\Documents\MATLAB_Thesis\geometry2-ros2\matlab_msg_gen\win64\build\driverless_msgs': CommonProgramFiles=%CommonProgramFiles%
CommonProgramFiles(x86)=C:\Program Files (x86)\Common Files ProgramFiles=%ProgramFiles%
ProgramFiles(x86)=C:\Program Files (x86) C:\Program Files\CMake\bin\cmake.EXE C:\Users\PLASMINFORGE\Documents\MATLAB_Thesis\geometry2-ros2\matlab_msg_gen\win64\src\driverless_msgs -DCMAKE_BUILD_TYPE=Release -DBUILD_TESTING=OFF -DCMAKE_CXX_COMPILER=cl.exe -DCMAKE_C_COMPILER=cl.exe -DCMAKE_LINKER=link.exe -DMSVC_TOOLSET_VERSION=141 -DCMAKE_CXX_FLAGS_RELEASE=/MD /Od /Ob2 /DNDEBUG -DCMAKE_INSTALL_PREFIX=C:\Users\PLASMINFORGE\Documents\MATLAB_Thesis\geometry2-ros2\matlab_msg_gen\win64\install -G Visual Studio 16 2019
-- Selecting Windows SDK version 10.0.19041.0 to target Windows 10.0.19044.
-- Found ament_cmake: 0.7.3 (C:/Program Files/MATLAB/R2021b/sys/ros2/win64/ros2/share/ament_cmake/cmake)
-- Found PythonInterp: C:/Users/PLASMINFORGE/AppData/Roaming/MathWorks/MATLAB/R2021b/ros2/win64/venv/Scripts/python.exe (found suitable version "3.7.9", minimum required is "3") 
-- Using PYTHON_EXECUTABLE: C:/Users/PLASMINFORGE/AppData/Roaming/MathWorks/MATLAB/R2021b/ros2/win64/venv/Scripts/python.exe
-- Found ament_cmake_ros: 0.7.0 (C:/Program Files/MATLAB/R2021b/sys/ros2/win64/ros2/share/ament_cmake_ros/cmake)
-- Found rosidl_typesupport_c: 0.7.1 (C:/Program Files/MATLAB/R2021b/sys/ros2/win64/ros2/share/rosidl_typesupport_c/cmake)
-- Found rosidl_typesupport_cpp: 0.7.1 (C:/Program Files/MATLAB/R2021b/sys/ros2/win64/ros2/share/rosidl_typesupport_cpp/cmake)
-- Found rosidl_default_generators: 0.7.0 (C:/Program Files/MATLAB/R2021b/sys/ros2/win64/ros2/share/rosidl_default_generators/cmake)
-- Found rosidl_adapter: 0.7.4 (C:/Program Files/MATLAB/R2021b/sys/ros2/win64/ros2/share/rosidl_adapter/cmake)
-- Found builtin_interfaces: 0.7.4 (C:/Program Files/MATLAB/R2021b/sys/ros2/win64/ros2/share/builtin_interfaces/cmake)
-- Found class_loader: 1.3.1 (C:/Program Files/MATLAB/R2021b/sys/ros2/win64/ros2/share/class_loader/cmake)
-- Found poco_vendor:  (C:/Program Files/MATLAB/R2021b/sys/ros2/win64/ros2/share/poco_vendor/cmake)
-- Found geometry_msgs: 0.7.0 (C:/Program Files/MATLAB/R2021b/sys/ros2/win64/ros2/share/geometry_msgs/cmake)
-- Found rclcpp: 0.7.6 (C:/Program Files/MATLAB/R2021b/sys/ros2/win64/ros2/share/rclcpp/cmake)
-- Found rmw_implementation_cmake: 0.7.2 (C:/Program Files/MATLAB/R2021b/sys/ros2/win64/ros2/share/rmw_implementation_cmake/cmake)
-- Found PythonInterp: C:/Users/PLASMINFORGE/AppData/Roaming/MathWorks/MATLAB/R2021b/ros2/win64/venv/Scripts/python.exe (found version "3.7.9") 
-- Using all available rosidl_typesupport_c: rosidl_typesupport_fastrtps_c;rosidl_typesupport_introspection_c
-- Using all available rosidl_typesupport_cpp: rosidl_typesupport_fastrtps_cpp;rosidl_typesupport_introspection_cpp
-- Found PythonInterp: C:/Users/PLASMINFORGE/AppData/Roaming/MathWorks/MATLAB/R2021b/ros2/win64/venv/Scripts/python.exe (found suitable version "3.7.9", minimum required is "3.5") 
-- Found python_cmake_module: 0.7.7 (C:/Program Files/MATLAB/R2021b/sys/ros2/win64/ros2/share/python_cmake_module/cmake)
-- Using PYTHON_EXECUTABLE: C:/Users/PLASMINFORGE/AppData/Roaming/MathWorks/MATLAB/R2021b/ros2/win64/venv/Scripts/python.exe
-- Using PYTHON_INCLUDE_DIRS: C:/Users/PLASMINFORGE/AppData/Roaming/MathWorks/MATLAB/R2021b/ros2/win64/venv/Scripts/include
-- Using PYTHON_LIBRARIES: C:/Users/PLASMINFORGE/AppData/Roaming/MathWorks/MATLAB/R2021b/ros2/win64/venv/Scripts/libs/python37.lib
-- Configuring done
-- Generating done
-- Build files have been written to: C:/Users/PLASMINFORGE/Documents/MATLAB_Thesis/geometry2-ros2/matlab_msg_gen/win64/build/driverless_msgs
Invoked command in 'C:\Users\PLASMINFORGE\Documents\MATLAB_Thesis\geometry2-ros2\matlab_msg_gen\win64\build\driverless_msgs' returned '0': CommonProgramFiles=%CommonProgramFiles%
CommonProgramFiles(x86)=C:\Program Files (x86)\Common Files ProgramFiles=%ProgramFiles%
ProgramFiles(x86)=C:\Program Files (x86) C:\Program Files\CMake\bin\cmake.EXE C:\Users\PLASMINFORGE\Documents\MATLAB_Thesis\geometry2-ros2\matlab_msg_gen\win64\src\driverless_msgs -DCMAKE_BUILD_TYPE=Release -DBUILD_TESTING=OFF -DCMAKE_CXX_COMPILER=cl.exe -DCMAKE_C_COMPILER=cl.exe -DCMAKE_LINKER=link.exe -DMSVC_TOOLSET_VERSION=141 -DCMAKE_CXX_FLAGS_RELEASE=/MD /Od /Ob2 /DNDEBUG -DCMAKE_INSTALL_PREFIX=C:\Users\PLASMINFORGE\Documents\MATLAB_Thesis\geometry2-ros2\matlab_msg_gen\win64\install -G Visual Studio 16 2019
Invoking command in 'C:\Users\PLASMINFORGE\Documents\MATLAB_Thesis\geometry2-ros2\matlab_msg_gen\win64\build\driverless_msgs': CL=/MP CommonProgramFiles=%CommonProgramFiles%
CommonProgramFiles(x86)=C:\Program Files (x86)\Common Files ProgramFiles=%ProgramFiles%
ProgramFiles(x86)=C:\Program Files (x86) C:\Program Files\CMake\bin\cmake.EXE --build C:\Users\PLASMINFORGE\Documents\MATLAB_Thesis\geometry2-ros2\matlab_msg_gen\win64\build\driverless_msgs --config Release
Microsoft (R) Build Engine version 16.11.2+f32259642 for .NET Framework
Copyright (C) Microsoft Corporation. All rights reserved.

  Checking Build System
  Building Custom Rule C:/Users/PLASMINFORGE/Documents/MATLAB_Thesis/geometry2-ros2/matlab_msg_gen/win64/src/driverless_msgs/CMakeLists.txt
  Building Custom Rule C:/Users/PLASMINFORGE/Documents/MATLAB_Thesis/geometry2-ros2/matlab_msg_gen/win64/src/driverless_msgs/CMakeLists.txt
  driverless_msgs__rosidl_generator_c.vcxproj -> C:\Users\PLASMINFORGE\Documents\MATLAB_Thesis\geometry2-ros2\matlab_msg_gen\win64\build\driverless_msgs\Release\driverless_msgs__rosidl_generator_c.dll
  Building Custom Rule C:/Users/PLASMINFORGE/Documents/MATLAB_Thesis/geometry2-ros2/matlab_msg_gen/win64/src/driverless_msgs/CMakeLists.txt
  driverless_msgs__rosidl_typesupport_c.vcxproj -> C:\Users\PLASMINFORGE\Documents\MATLAB_Thesis\geometry2-ros2\matlab_msg_gen\win64\build\driverless_msgs\Release\driverless_msgs__rosidl_typesupport_c.dll
  Building Custom Rule C:/Users/PLASMINFORGE/Documents/MATLAB_Thesis/geometry2-ros2/matlab_msg_gen/win64/src/driverless_msgs/CMakeLists.txt
  driverless_msgs__rosidl_typesupport_cpp.vcxproj -> C:\Users\PLASMINFORGE\Documents\MATLAB_Thesis\geometry2-ros2\matlab_msg_gen\win64\build\driverless_msgs\Release\driverless_msgs__rosidl_typesupport_cpp.dll
  Building Custom Rule C:/Users/PLASMINFORGE/Documents/MATLAB_Thesis/geometry2-ros2/matlab_msg_gen/win64/src/driverless_msgs/CMakeLists.txt
  driverless_msgs__rosidl_typesupport_fastrtps_cpp.vcxproj -> C:\Users\PLASMINFORGE\Documents\MATLAB_Thesis\geometry2-ros2\matlab_msg_gen\win64\build\driverless_msgs\Release\driverless_msgs__rosidl_typesupport_fastrtps_cpp.dll
  Building Custom Rule C:/Users/PLASMINFORGE/Documents/MATLAB_Thesis/geometry2-ros2/matlab_msg_gen/win64/src/driverless_msgs/CMakeLists.txt
  driverless_msgs__rosidl_typesupport_fastrtps_c.vcxproj -> C:\Users\PLASMINFORGE\Documents\MATLAB_Thesis\geometry2-ros2\matlab_msg_gen\win64\build\driverless_msgs\Release\driverless_msgs__rosidl_typesupport_fastrtps_c.dll
  Building Custom Rule C:/Users/PLASMINFORGE/Documents/MATLAB_Thesis/geometry2-ros2/matlab_msg_gen/win64/src/driverless_msgs/CMakeLists.txt
  driverless_msgs__rosidl_typesupport_introspection_c.vcxproj -> C:\Users\PLASMINFORGE\Documents\MATLAB_Thesis\geometry2-ros2\matlab_msg_gen\win64\build\driverless_msgs\Release\driverless_msgs__rosidl_typesupport_introspection_c.dll
  Building Custom Rule C:/Users/PLASMINFORGE/Documents/MATLAB_Thesis/geometry2-ros2/matlab_msg_gen/win64/src/driverless_msgs/CMakeLists.txt
  driverless_msgs__rosidl_typesupport_introspection_cpp.vcxproj -> C:\Users\PLASMINFORGE\Documents\MATLAB_Thesis\geometry2-ros2\matlab_msg_gen\win64\build\driverless_msgs\Release\driverless_msgs__rosidl_typesupport_introspection_cpp.dll
  Building Custom Rule C:/Users/PLASMINFORGE/Documents/MATLAB_Thesis/geometry2-ros2/matlab_msg_gen/win64/src/driverless_msgs/CMakeLists.txt
  Building Custom Rule C:/Users/PLASMINFORGE/Documents/MATLAB_Thesis/geometry2-ros2/matlab_msg_gen/win64/src/driverless_msgs/CMakeLists.txt
  driverless_msgs__python.vcxproj -> C:\Users\PLASMINFORGE\Documents\MATLAB_Thesis\geometry2-ros2\matlab_msg_gen\win64\build\driverless_msgs\rosidl_generator_py\driverless_msgs\driverless_msgs__python.dll
  Building Custom Rule C:/Users/PLASMINFORGE/Documents/MATLAB_Thesis/geometry2-ros2/matlab_msg_gen/win64/src/driverless_msgs/CMakeLists.txt
  driverless_msgs__rosidl_typesupport_c__pyext.vcxproj -> C:\Users\PLASMINFORGE\Documents\MATLAB_Thesis\geometry2-ros2\matlab_msg_gen\win64\build\driverless_msgs\rosidl_generator_py\driverless_msgs\driverless_msgs_s__rosidl_typesupport_c.pyd
  Building Custom Rule C:/Users/PLASMINFORGE/Documents/MATLAB_Thesis/geometry2-ros2/matlab_msg_gen/win64/src/driverless_msgs/CMakeLists.txt
  driverless_msgs__rosidl_typesupport_fastrtps_c__pyext.vcxproj -> C:\Users\PLASMINFORGE\Documents\MATLAB_Thesis\geometry2-ros2\matlab_msg_gen\win64\build\driverless_msgs\rosidl_generator_py\driverless_msgs\driverless_msgs_s__rosidl_typesupport_fastrtps_c.pyd
  Building Custom Rule C:/Users/PLASMINFORGE/Documents/MATLAB_Thesis/geometry2-ros2/matlab_msg_gen/win64/src/driverless_msgs/CMakeLists.txt
  driverless_msgs__rosidl_typesupport_introspection_c__pyext.vcxproj -> C:\Users\PLASMINFORGE\Documents\MATLAB_Thesis\geometry2-ros2\matlab_msg_gen\win64\build\driverless_msgs\rosidl_generator_py\driverless_msgs\driverless_msgs_s__rosidl_typesupport_introspection_c.pyd
  Building Custom Rule C:/Users/PLASMINFORGE/Documents/MATLAB_Thesis/geometry2-ros2/matlab_msg_gen/win64/src/driverless_msgs/CMakeLists.txt
  driverless_msgs_matlab.vcxproj -> C:\Users\PLASMINFORGE\Documents\MATLAB_Thesis\geometry2-ros2\matlab_msg_gen\win64\build\driverless_msgs\Release\driverless_msgs_matlab.dll
  Building Custom Rule C:/Users/PLASMINFORGE/Documents/MATLAB_Thesis/geometry2-ros2/matlab_msg_gen/win64/src/driverless_msgs/CMakeLists.txt
Invoked command in 'C:\Users\PLASMINFORGE\Documents\MATLAB_Thesis\geometry2-ros2\matlab_msg_gen\win64\build\driverless_msgs' returned '0': CL=/MP CommonProgramFiles=%CommonProgramFiles%
CommonProgramFiles(x86)=C:\Program Files (x86)\Common Files ProgramFiles=%ProgramFiles%
ProgramFiles(x86)=C:\Program Files (x86) C:\Program Files\CMake\bin\cmake.EXE --build C:\Users\PLASMINFORGE\Documents\MATLAB_Thesis\geometry2-ros2\matlab_msg_gen\win64\build\driverless_msgs --config Release
Invoking command in 'None': CommonProgramFiles=%CommonProgramFiles%
CommonProgramFiles(x86)=C:\Program Files (x86)\Common Files ProgramFiles=%ProgramFiles%
ProgramFiles(x86)=C:\Program Files (x86) C:\Program Files (x86)\Microsoft Visual Studio\2019\Community\\MSBuild\Current\Bin\msbuild.EXE /p:Configuration=Release C:\Users\PLASMINFORGE\Documents\MATLAB_Thesis\geometry2-ros2\matlab_msg_gen\win64\build\driverless_msgs\INSTALL.vcxproj
Microsoft (R) Build Engine version 16.11.2+f32259642 for .NET Framework
Copyright (C) Microsoft Corporation. All rights reserved.

Build started 16/09/2022 11:04:22 AM.
Project "C:\Users\PLASMINFORGE\Documents\MATLAB_Thesis\geometry2-ros2\matlab_msg_gen\win64\build\driverless_msgs\INSTALL.vcxproj" on node 1 (default targets).
Project "C:\Users\PLASMINFORGE\Documents\MATLAB_Thesis\geometry2-ros2\matlab_msg_gen\win64\build\driverless_msgs\INSTALL.vcxproj" (1) is building "C:\Users\PLASMINFORGE\Documents\MATLAB_Thesis\geometry2-ros2\matlab_msg_gen\win64\build\driverless_msgs\ZERO_CHECK.vcxproj" (2) on node 1 (default targets).
InitializeBuildStatus:
  Creating "x64\Release\ZERO_CHECK\ZERO_CHECK.tlog\unsuccessfulbuild" because "AlwaysCreate" was specified.
CustomBuild:
  All outputs are up-to-date.
FinalizeBuildStatus:
  Deleting file "x64\Release\ZERO_CHECK\ZERO_CHECK.tlog\unsuccessfulbuild".
  Touching "x64\Release\ZERO_CHECK\ZERO_CHECK.tlog\ZERO_CHECK.lastbuildstate".
Done Building Project "C:\Users\PLASMINFORGE\Documents\MATLAB_Thesis\geometry2-ros2\matlab_msg_gen\win64\build\driverless_msgs\ZERO_CHECK.vcxproj" (default targets).
Project "C:\Users\PLASMINFORGE\Documents\MATLAB_Thesis\geometry2-ros2\matlab_msg_gen\win64\build\driverless_msgs\INSTALL.vcxproj" (1) is building "C:\Users\PLASMINFORGE\Documents\MATLAB_Thesis\geometry2-ros2\matlab_msg_gen\win64\build\driverless_msgs\ALL_BUILD.vcxproj" (3) on node 1 (default targets).
Project "C:\Users\PLASMINFORGE\Documents\MATLAB_Thesis\geometry2-ros2\matlab_msg_gen\win64\build\driverless_msgs\ALL_BUILD.vcxproj" (3) is building "C:\Users\PLASMINFORGE\Documents\MATLAB_Thesis\geometry2-ros2\matlab_msg_gen\win64\build\driverless_msgs\driverless_msgs.vcxproj" (4) on node 1 (default targets).
Project "C:\Users\PLASMINFORGE\Documents\MATLAB_Thesis\geometry2-ros2\matlab_msg_gen\win64\build\driverless_msgs\driverless_msgs.vcxproj" (4) is building "C:\Users\PLASMINFORGE\Documents\MATLAB_Thesis\geometry2-ros2\matlab_msg_gen\win64\build\driverless_msgs\driverless_msgs__cpp.vcxproj" (5) on node 1 (default targets).
InitializeBuildStatus:
  Creating "x64\Release\driverless_msgs__cpp\driverle.052ED84E.tlog\unsuccessfulbuild" because "AlwaysCreate" was specified.
FinalizeBuildStatus:
  Deleting file "x64\Release\driverless_msgs__cpp\driverle.052ED84E.tlog\unsuccessfulbuild".
  Touching "x64\Release\driverless_msgs__cpp\driverle.052ED84E.tlog\driverless_msgs__cpp.lastbuildstate".
Done Building Project "C:\Users\PLASMINFORGE\Documents\MATLAB_Thesis\geometry2-ros2\matlab_msg_gen\win64\build\driverless_msgs\driverless_msgs__cpp.vcxproj" (default targets).
Project "C:\Users\PLASMINFORGE\Documents\MATLAB_Thesis\geometry2-ros2\matlab_msg_gen\win64\build\driverless_msgs\driverless_msgs.vcxproj" (4) is building "C:\Users\PLASMINFORGE\Documents\MATLAB_Thesis\geometry2-ros2\matlab_msg_gen\win64\build\driverless_msgs\driverless_msgs__rosidl_generator_c.vcxproj" (6) on node 1 (default targets).
InitializeBuildStatus:
  Creating "driverless_msgs__rosidl_generator_c.dir\Release\driverle.CC849CF1.tlog\unsuccessfulbuild" because "AlwaysCreate" was specified.
CustomBuild:
  All outputs are up-to-date.
ClCompile:
  All outputs are up-to-date.
Link:
  All outputs are up-to-date.
  driverless_msgs__rosidl_generator_c.vcxproj -> C:\Users\PLASMINFORGE\Documents\MATLAB_Thesis\geometry2-ros2\matlab_msg_gen\win64\build\driverless_msgs\Release\driverless_msgs__rosidl_generator_c.dll
FinalizeBuildStatus:
  Deleting file "driverless_msgs__rosidl_generator_c.dir\Release\driverle.CC849CF1.tlog\unsuccessfulbuild".
  Touching "driverless_msgs__rosidl_generator_c.dir\Release\driverle.CC849CF1.tlog\driverless_msgs__rosidl_generator_c.lastbuildstate".
Done Building Project "C:\Users\PLASMINFORGE\Documents\MATLAB_Thesis\geometry2-ros2\matlab_msg_gen\win64\build\driverless_msgs\driverless_msgs__rosidl_generator_c.vcxproj" (default targets).
Project "C:\Users\PLASMINFORGE\Documents\MATLAB_Thesis\geometry2-ros2\matlab_msg_gen\win64\build\driverless_msgs\driverless_msgs.vcxproj" (4) is building "C:\Users\PLASMINFORGE\Documents\MATLAB_Thesis\geometry2-ros2\matlab_msg_gen\win64\build\driverless_msgs\driverless_msgs__rosidl_typesupport_c.vcxproj" (7) on node 1 (default targets).
InitializeBuildStatus:
  Creating "driverless_msgs__rosidl_typesupport_c.dir\Release\driverle.34B92319.tlog\unsuccessfulbuild" because "AlwaysCreate" was specified.
CustomBuild:
  All outputs are up-to-date.
ClCompile:
  All outputs are up-to-date.
Link:
  All outputs are up-to-date.
  driverless_msgs__rosidl_typesupport_c.vcxproj -> C:\Users\PLASMINFORGE\Documents\MATLAB_Thesis\geometry2-ros2\matlab_msg_gen\win64\build\driverless_msgs\Release\driverless_msgs__rosidl_typesupport_c.dll
FinalizeBuildStatus:
  Deleting file "driverless_msgs__rosidl_typesupport_c.dir\Release\driverle.34B92319.tlog\unsuccessfulbuild".
  Touching "driverless_msgs__rosidl_typesupport_c.dir\Release\driverle.34B92319.tlog\driverless_msgs__rosidl_typesupport_c.lastbuildstate".
Done Building Project "C:\Users\PLASMINFORGE\Documents\MATLAB_Thesis\geometry2-ros2\matlab_msg_gen\win64\build\driverless_msgs\driverless_msgs__rosidl_typesupport_c.vcxproj" (default targets).
Project "C:\Users\PLASMINFORGE\Documents\MATLAB_Thesis\geometry2-ros2\matlab_msg_gen\win64\build\driverless_msgs\driverless_msgs.vcxproj" (4) is building "C:\Users\PLASMINFORGE\Documents\MATLAB_Thesis\geometry2-ros2\matlab_msg_gen\win64\build\driverless_msgs\driverless_msgs__rosidl_typesupport_cpp.vcxproj" (8) on node 1 (default targets).
InitializeBuildStatus:
  Creating "driverless_msgs__rosidl_typesupport_cpp.dir\Release\driverle.FE435855.tlog\unsuccessfulbuild" because "AlwaysCreate" was specified.
CustomBuild:
  All outputs are up-to-date.
ClCompile:
  All outputs are up-to-date.
Link:
  All outputs are up-to-date.
  driverless_msgs__rosidl_typesupport_cpp.vcxproj -> C:\Users\PLASMINFORGE\Documents\MATLAB_Thesis\geometry2-ros2\matlab_msg_gen\win64\build\driverless_msgs\Release\driverless_msgs__rosidl_typesupport_cpp.dll
FinalizeBuildStatus:
  Deleting file "driverless_msgs__rosidl_typesupport_cpp.dir\Release\driverle.FE435855.tlog\unsuccessfulbuild".
  Touching "driverless_msgs__rosidl_typesupport_cpp.dir\Release\driverle.FE435855.tlog\driverless_msgs__rosidl_typesupport_cpp.lastbuildstate".
Done Building Project "C:\Users\PLASMINFORGE\Documents\MATLAB_Thesis\geometry2-ros2\matlab_msg_gen\win64\build\driverless_msgs\driverless_msgs__rosidl_typesupport_cpp.vcxproj" (default targets).
Project "C:\Users\PLASMINFORGE\Documents\MATLAB_Thesis\geometry2-ros2\matlab_msg_gen\win64\build\driverless_msgs\driverless_msgs.vcxproj" (4) is building "C:\Users\PLASMINFORGE\Documents\MATLAB_Thesis\geometry2-ros2\matlab_msg_gen\win64\build\driverless_msgs\driverless_msgs__rosidl_typesupport_fastrtps_c.vcxproj" (9) on node 1 (default targets).
Project "C:\Users\PLASMINFORGE\Documents\MATLAB_Thesis\geometry2-ros2\matlab_msg_gen\win64\build\driverless_msgs\driverless_msgs__rosidl_typesupport_fastrtps_c.vcxproj" (9) is building "C:\Users\PLASMINFORGE\Documents\MATLAB_Thesis\geometry2-ros2\matlab_msg_gen\win64\build\driverless_msgs\driverless_msgs__rosidl_typesupport_fastrtps_cpp.vcxproj" (10) on node 1 (default targets).
InitializeBuildStatus:
  Creating "driverless_msgs__rosidl_typesupport_fastrtps_cpp.dir\Release\driverle.1EC9D948.tlog\unsuccessfulbuild" because "AlwaysCreate" was specified.
CustomBuild:
  All outputs are up-to-date.
ClCompile:
  All outputs are up-to-date.
Link:
  All outputs are up-to-date.
  driverless_msgs__rosidl_typesupport_fastrtps_cpp.vcxproj -> C:\Users\PLASMINFORGE\Documents\MATLAB_Thesis\geometry2-ros2\matlab_msg_gen\win64\build\driverless_msgs\Release\driverless_msgs__rosidl_typesupport_fastrtps_cpp.dll
FinalizeBuildStatus:
  Deleting file "driverless_msgs__rosidl_typesupport_fastrtps_cpp.dir\Release\driverle.1EC9D948.tlog\unsuccessfulbuild".
  Touching "driverless_msgs__rosidl_typesupport_fastrtps_cpp.dir\Release\driverle.1EC9D948.tlog\driverless_msgs__rosidl_typesupport_fastrtps_cpp.lastbuildstate".
Done Building Project "C:\Users\PLASMINFORGE\Documents\MATLAB_Thesis\geometry2-ros2\matlab_msg_gen\win64\build\driverless_msgs\driverless_msgs__rosidl_typesupport_fastrtps_cpp.vcxproj" (default targets).
InitializeBuildStatus:
  Creating "driverless_msgs__rosidl_typesupport_fastrtps_c.dir\Release\driverle.0A912CA9.tlog\unsuccessfulbuild" because "AlwaysCreate" was specified.
CustomBuild:
  All outputs are up-to-date.
ClCompile:
  All outputs are up-to-date.
Link:
  All outputs are up-to-date.
  driverless_msgs__rosidl_typesupport_fastrtps_c.vcxproj -> C:\Users\PLASMINFORGE\Documents\MATLAB_Thesis\geometry2-ros2\matlab_msg_gen\win64\build\driverless_msgs\Release\driverless_msgs__rosidl_typesupport_fastrtps_c.dll
FinalizeBuildStatus:
  Deleting file "driverless_msgs__rosidl_typesupport_fastrtps_c.dir\Release\driverle.0A912CA9.tlog\unsuccessfulbuild".
  Touching "driverless_msgs__rosidl_typesupport_fastrtps_c.dir\Release\driverle.0A912CA9.tlog\driverless_msgs__rosidl_typesupport_fastrtps_c.lastbuildstate".
Done Building Project "C:\Users\PLASMINFORGE\Documents\MATLAB_Thesis\geometry2-ros2\matlab_msg_gen\win64\build\driverless_msgs\driverless_msgs__rosidl_typesupport_fastrtps_c.vcxproj" (default targets).
Project "C:\Users\PLASMINFORGE\Documents\MATLAB_Thesis\geometry2-ros2\matlab_msg_gen\win64\build\driverless_msgs\driverless_msgs.vcxproj" (4) is building "C:\Users\PLASMINFORGE\Documents\MATLAB_Thesis\geometry2-ros2\matlab_msg_gen\win64\build\driverless_msgs\driverless_msgs__rosidl_typesupport_introspection_c.vcxproj" (11) on node 1 (default targets).
InitializeBuildStatus:
  Creating "driverless_msgs__rosidl_typesupport_introspection_c.dir\Release\driverle.429DF493.tlog\unsuccessfulbuild" because "AlwaysCreate" was specified.
CustomBuild:
  All outputs are up-to-date.
ClCompile:
  All outputs are up-to-date.
Link:
  All outputs are up-to-date.
  driverless_msgs__rosidl_typesupport_introspection_c.vcxproj -> C:\Users\PLASMINFORGE\Documents\MATLAB_Thesis\geometry2-ros2\matlab_msg_gen\win64\build\driverless_msgs\Release\driverless_msgs__rosidl_typesupport_introspection_c.dll
FinalizeBuildStatus:
  Deleting file "driverless_msgs__rosidl_typesupport_introspection_c.dir\Release\driverle.429DF493.tlog\unsuccessfulbuild".
  Touching "driverless_msgs__rosidl_typesupport_introspection_c.dir\Release\driverle.429DF493.tlog\driverless_msgs__rosidl_typesupport_introspection_c.lastbuildstate".
Done Building Project "C:\Users\PLASMINFORGE\Documents\MATLAB_Thesis\geometry2-ros2\matlab_msg_gen\win64\build\driverless_msgs\driverless_msgs__rosidl_typesupport_introspection_c.vcxproj" (default targets).
Project "C:\Users\PLASMINFORGE\Documents\MATLAB_Thesis\geometry2-ros2\matlab_msg_gen\win64\build\driverless_msgs\driverless_msgs.vcxproj" (4) is building "C:\Users\PLASMINFORGE\Documents\MATLAB_Thesis\geometry2-ros2\matlab_msg_gen\win64\build\driverless_msgs\driverless_msgs__rosidl_typesupport_introspection_cpp.vcxproj" (12) on node 1 (default targets).
InitializeBuildStatus:
  Creating "driverless_msgs__rosidl_typesupport_introspection_cpp.dir\Release\driverle.25A4CA2A.tlog\unsuccessfulbuild" because "AlwaysCreate" was specified.
CustomBuild:
  All outputs are up-to-date.
ClCompile:
  All outputs are up-to-date.
Link:
  All outputs are up-to-date.
  driverless_msgs__rosidl_typesupport_introspection_cpp.vcxproj -> C:\Users\PLASMINFORGE\Documents\MATLAB_Thesis\geometry2-ros2\matlab_msg_gen\win64\build\driverless_msgs\Release\driverless_msgs__rosidl_typesupport_introspection_cpp.dll
FinalizeBuildStatus:
  Deleting file "driverless_msgs__rosidl_typesupport_introspection_cpp.dir\Release\driverle.25A4CA2A.tlog\unsuccessfulbuild".
  Touching "driverless_msgs__rosidl_typesupport_introspection_cpp.dir\Release\driverle.25A4CA2A.tlog\driverless_msgs__rosidl_typesupport_introspection_cpp.lastbuildstate".
Done Building Project "C:\Users\PLASMINFORGE\Documents\MATLAB_Thesis\geometry2-ros2\matlab_msg_gen\win64\build\driverless_msgs\driverless_msgs__rosidl_typesupport_introspection_cpp.vcxproj" (default targets).
InitializeBuildStatus:
  Creating "x64\Release\driverless_msgs\driverless_msgs.tlog\unsuccessfulbuild" because "AlwaysCreate" was specified.
FinalizeBuildStatus:
  Deleting file "x64\Release\driverless_msgs\driverless_msgs.tlog\unsuccessfulbuild".
  Touching "x64\Release\driverless_msgs\driverless_msgs.tlog\driverless_msgs.lastbuildstate".
Done Building Project "C:\Users\PLASMINFORGE\Documents\MATLAB_Thesis\geometry2-ros2\matlab_msg_gen\win64\build\driverless_msgs\driverless_msgs.vcxproj" (default targets).
Project "C:\Users\PLASMINFORGE\Documents\MATLAB_Thesis\geometry2-ros2\matlab_msg_gen\win64\build\driverless_msgs\ALL_BUILD.vcxproj" (3) is building "C:\Users\PLASMINFORGE\Documents\MATLAB_Thesis\geometry2-ros2\matlab_msg_gen\win64\build\driverless_msgs\driverless_msgs__python.vcxproj" (13) on node 1 (default targets).
Project "C:\Users\PLASMINFORGE\Documents\MATLAB_Thesis\geometry2-ros2\matlab_msg_gen\win64\build\driverless_msgs\driverless_msgs__python.vcxproj" (13) is building "C:\Users\PLASMINFORGE\Documents\MATLAB_Thesis\geometry2-ros2\matlab_msg_gen\win64\build\driverless_msgs\driverless_msgs__py\driverless_msgs__py.vcxproj" (14) on node 1 (default targets).
InitializeBuildStatus:
  Creating "x64\Release\driverless_msgs__py\driverle.E871236C.tlog\unsuccessfulbuild" because "AlwaysCreate" was specified.
FinalizeBuildStatus:
  Deleting file "x64\Release\driverless_msgs__py\driverle.E871236C.tlog\unsuccessfulbuild".
  Touching "x64\Release\driverless_msgs__py\driverle.E871236C.tlog\driverless_msgs__py.lastbuildstate".
Done Building Project "C:\Users\PLASMINFORGE\Documents\MATLAB_Thesis\geometry2-ros2\matlab_msg_gen\win64\build\driverless_msgs\driverless_msgs__py\driverless_msgs__py.vcxproj" (default targets).
InitializeBuildStatus:
  Creating "driverless_msgs__python.dir\Release\driverle.ECC38D78.tlog\unsuccessfulbuild" because "AlwaysCreate" was specified.
CustomBuild:
  All outputs are up-to-date.
ClCompile:
  All outputs are up-to-date.
Link:
  All outputs are up-to-date.
  driverless_msgs__python.vcxproj -> C:\Users\PLASMINFORGE\Documents\MATLAB_Thesis\geometry2-ros2\matlab_msg_gen\win64\build\driverless_msgs\rosidl_generator_py\driverless_msgs\driverless_msgs__python.dll
FinalizeBuildStatus:
  Deleting file "driverless_msgs__python.dir\Release\driverle.ECC38D78.tlog\unsuccessfulbuild".
  Touching "driverless_msgs__python.dir\Release\driverle.ECC38D78.tlog\driverless_msgs__python.lastbuildstate".
Done Building Project "C:\Users\PLASMINFORGE\Documents\MATLAB_Thesis\geometry2-ros2\matlab_msg_gen\win64\build\driverless_msgs\driverless_msgs__python.vcxproj" (default targets).
Project "C:\Users\PLASMINFORGE\Documents\MATLAB_Thesis\geometry2-ros2\matlab_msg_gen\win64\build\driverless_msgs\ALL_BUILD.vcxproj" (3) is building "C:\Users\PLASMINFORGE\Documents\MATLAB_Thesis\geometry2-ros2\matlab_msg_gen\win64\build\driverless_msgs\driverless_msgs__rosidl_typesupport_c__pyext.vcxproj" (15) on node 1 (default targets).
InitializeBuildStatus:
  Creating "driverless_msgs__rosidl_typesupport_c__pyext.dir\Release\driverle.2E4C8770.tlog\unsuccessfulbuild" because "AlwaysCreate" was specified.
CustomBuild:
  All outputs are up-to-date.
ClCompile:
  All outputs are up-to-date.
Link:
  All outputs are up-to-date.
  driverless_msgs__rosidl_typesupport_c__pyext.vcxproj -> C:\Users\PLASMINFORGE\Documents\MATLAB_Thesis\geometry2-ros2\matlab_msg_gen\win64\build\driverless_msgs\rosidl_generator_py\driverless_msgs\driverless_msgs_s__rosidl_typesupport_c.pyd
FinalizeBuildStatus:
  Deleting file "driverless_msgs__rosidl_typesupport_c__pyext.dir\Release\driverle.2E4C8770.tlog\unsuccessfulbuild".
  Touching "driverless_msgs__rosidl_typesupport_c__pyext.dir\Release\driverle.2E4C8770.tlog\driverless_msgs__rosidl_typesupport_c__pyext.lastbuildstate".
Done Building Project "C:\Users\PLASMINFORGE\Documents\MATLAB_Thesis\geometry2-ros2\matlab_msg_gen\win64\build\driverless_msgs\driverless_msgs__rosidl_typesupport_c__pyext.vcxproj" (default targets).
Project "C:\Users\PLASMINFORGE\Documents\MATLAB_Thesis\geometry2-ros2\matlab_msg_gen\win64\build\driverless_msgs\ALL_BUILD.vcxproj" (3) is building "C:\Users\PLASMINFORGE\Documents\MATLAB_Thesis\geometry2-ros2\matlab_msg_gen\win64\build\driverless_msgs\driverless_msgs__rosidl_typesupport_fastrtps_c__pyext.vcxproj" (16) on node 1 (default targets).
InitializeBuildStatus:
  Creating "driverless_msgs__rosidl_typesupport_fastrtps_c__pyext.dir\Release\driverle.42DBCF64.tlog\unsuccessfulbuild" because "AlwaysCreate" was specified.
CustomBuild:
  All outputs are up-to-date.
ClCompile:
  All outputs are up-to-date.
Link:
  All outputs are up-to-date.
  driverless_msgs__rosidl_typesupport_fastrtps_c__pyext.vcxproj -> C:\Users\PLASMINFORGE\Documents\MATLAB_Thesis\geometry2-ros2\matlab_msg_gen\win64\build\driverless_msgs\rosidl_generator_py\driverless_msgs\driverless_msgs_s__rosidl_typesupport_fastrtps_c.pyd
FinalizeBuildStatus:
  Deleting file "driverless_msgs__rosidl_typesupport_fastrtps_c__pyext.dir\Release\driverle.42DBCF64.tlog\unsuccessfulbuild".
  Touching "driverless_msgs__rosidl_typesupport_fastrtps_c__pyext.dir\Release\driverle.42DBCF64.tlog\driverless_msgs__rosidl_typesupport_fastrtps_c__pyext.lastbuildstate".
Done Building Project "C:\Users\PLASMINFORGE\Documents\MATLAB_Thesis\geometry2-ros2\matlab_msg_gen\win64\build\driverless_msgs\driverless_msgs__rosidl_typesupport_fastrtps_c__pyext.vcxproj" (default targets).
Project "C:\Users\PLASMINFORGE\Documents\MATLAB_Thesis\geometry2-ros2\matlab_msg_gen\win64\build\driverless_msgs\ALL_BUILD.vcxproj" (3) is building "C:\Users\PLASMINFORGE\Documents\MATLAB_Thesis\geometry2-ros2\matlab_msg_gen\win64\build\driverless_msgs\driverless_msgs__rosidl_typesupport_introspection_c__pyext.vcxproj" (17) on node 1 (default targets).
InitializeBuildStatus:
  Creating "driverless_msgs__rosidl_typesupport_introspection_c__pyext.dir\Release\driverle.9BE71158.tlog\unsuccessfulbuild" because "AlwaysCreate" was specified.
CustomBuild:
  All outputs are up-to-date.
ClCompile:
  All outputs are up-to-date.
Link:
  All outputs are up-to-date.
  driverless_msgs__rosidl_typesupport_introspection_c__pyext.vcxproj -> C:\Users\PLASMINFORGE\Documents\MATLAB_Thesis\geometry2-ros2\matlab_msg_gen\win64\build\driverless_msgs\rosidl_generator_py\driverless_msgs\driverless_msgs_s__rosidl_typesupport_introspection_c.pyd
FinalizeBuildStatus:
  Deleting file "driverless_msgs__rosidl_typesupport_introspection_c__pyext.dir\Release\driverle.9BE71158.tlog\unsuccessfulbuild".
  Touching "driverless_msgs__rosidl_typesupport_introspection_c__pyext.dir\Release\driverle.9BE71158.tlog\driverless_msgs__rosidl_typesupport_introspection_c__pyext.lastbuildstate".
Done Building Project "C:\Users\PLASMINFORGE\Documents\MATLAB_Thesis\geometry2-ros2\matlab_msg_gen\win64\build\driverless_msgs\driverless_msgs__rosidl_typesupport_introspection_c__pyext.vcxproj" (default targets).
Project "C:\Users\PLASMINFORGE\Documents\MATLAB_Thesis\geometry2-ros2\matlab_msg_gen\win64\build\driverless_msgs\ALL_BUILD.vcxproj" (3) is building "C:\Users\PLASMINFORGE\Documents\MATLAB_Thesis\geometry2-ros2\matlab_msg_gen\win64\build\driverless_msgs\driverless_msgs_matlab.vcxproj" (18) on node 1 (default targets).
InitializeBuildStatus:
  Creating "driverless_msgs_matlab.dir\Release\driverle.5CD2F8F2.tlog\unsuccessfulbuild" because "AlwaysCreate" was specified.
CustomBuild:
  All outputs are up-to-date.
ClCompile:
  All outputs are up-to-date.
Link:
  All outputs are up-to-date.
  driverless_msgs_matlab.vcxproj -> C:\Users\PLASMINFORGE\Documents\MATLAB_Thesis\geometry2-ros2\matlab_msg_gen\win64\build\driverless_msgs\Release\driverless_msgs_matlab.dll
FinalizeBuildStatus:
  Deleting file "driverless_msgs_matlab.dir\Release\driverle.5CD2F8F2.tlog\unsuccessfulbuild".
  Touching "driverless_msgs_matlab.dir\Release\driverle.5CD2F8F2.tlog\driverless_msgs_matlab.lastbuildstate".
Done Building Project "C:\Users\PLASMINFORGE\Documents\MATLAB_Thesis\geometry2-ros2\matlab_msg_gen\win64\build\driverless_msgs\driverless_msgs_matlab.vcxproj" (default targets).
InitializeBuildStatus:
  Creating "x64\Release\ALL_BUILD\ALL_BUILD.tlog\unsuccessfulbuild" because "AlwaysCreate" was specified.
CustomBuild:
  All outputs are up-to-date.
FinalizeBuildStatus:
  Deleting file "x64\Release\ALL_BUILD\ALL_BUILD.tlog\unsuccessfulbuild".
  Touching "x64\Release\ALL_BUILD\ALL_BUILD.tlog\ALL_BUILD.lastbuildstate".
Done Building Project "C:\Users\PLASMINFORGE\Documents\MATLAB_Thesis\geometry2-ros2\matlab_msg_gen\win64\build\driverless_msgs\ALL_BUILD.vcxproj" (default targets).
InitializeBuildStatus:
  Creating "x64\Release\INSTALL\INSTALL.tlog\unsuccessfulbuild" because "AlwaysCreate" was specified.
PostBuildEvent:
  setlocal
  "C:\Program Files\CMake\bin\cmake.exe" -DBUILD_TYPE=Release -P cmake_install.cmake
  if %errorlevel% neq 0 goto :cmEnd
  :cmEnd
  endlocal & call :cmErrorLevel %errorlevel% & goto :cmDone
  :cmErrorLevel
  exit /b %1
  :cmDone
  if %errorlevel% neq 0 goto :VCEnd
  :VCEnd
  -- Install configuration: "Release"
  -- Up-to-date: C:/Users/PLASMINFORGE/Documents/MATLAB_Thesis/geometry2-ros2/matlab_msg_gen/win64/install/share/ament_index/resource_index/rosidl_interfaces/driverless_msgs
  -- Up-to-date: C:/Users/PLASMINFORGE/Documents/MATLAB_Thesis/geometry2-ros2/matlab_msg_gen/win64/install/lib/driverless_msgs__rosidl_typesupport_c.lib
  -- Up-to-date: C:/Users/PLASMINFORGE/Documents/MATLAB_Thesis/geometry2-ros2/matlab_msg_gen/win64/install/bin/driverless_msgs__rosidl_typesupport_c.dll
  -- Up-to-date: C:/Users/PLASMINFORGE/Documents/MATLAB_Thesis/geometry2-ros2/matlab_msg_gen/win64/install/lib/driverless_msgs__rosidl_typesupport_cpp.lib
  -- Up-to-date: C:/Users/PLASMINFORGE/Documents/MATLAB_Thesis/geometry2-ros2/matlab_msg_gen/win64/install/bin/driverless_msgs__rosidl_typesupport_cpp.dll
  -- Up-to-date: C:/Users/PLASMINFORGE/Documents/MATLAB_Thesis/geometry2-ros2/matlab_msg_gen/win64/install/include/driverless_msgs
  -- Up-to-date: C:/Users/PLASMINFORGE/Documents/MATLAB_Thesis/geometry2-ros2/matlab_msg_gen/win64/install/include/driverless_msgs/msg
  -- Up-to-date: C:/Users/PLASMINFORGE/Documents/MATLAB_Thesis/geometry2-ros2/matlab_msg_gen/win64/install/include/driverless_msgs/msg/can__rosidl_typesupport_fastrtps_c.h
  -- Up-to-date: C:/Users/PLASMINFORGE/Documents/MATLAB_Thesis/geometry2-ros2/matlab_msg_gen/win64/install/include/driverless_msgs/msg/cone_detection_stamped__rosidl_typesupport_fastrtps_c.h
  -- Up-to-date: C:/Users/PLASMINFORGE/Documents/MATLAB_Thesis/geometry2-ros2/matlab_msg_gen/win64/install/include/driverless_msgs/msg/cone_with_covariance__rosidl_typesupport_fastrtps_c.h
  -- Up-to-date: C:/Users/PLASMINFORGE/Documents/MATLAB_Thesis/geometry2-ros2/matlab_msg_gen/win64/install/include/driverless_msgs/msg/cone__rosidl_typesupport_fastrtps_c.h
  -- Up-to-date: C:/Users/PLASMINFORGE/Documents/MATLAB_Thesis/geometry2-ros2/matlab_msg_gen/win64/install/include/driverless_msgs/msg/mpc_centerline__rosidl_typesupport_fastrtps_c.h
  -- Up-to-date: C:/Users/PLASMINFORGE/Documents/MATLAB_Thesis/geometry2-ros2/matlab_msg_gen/win64/install/include/driverless_msgs/msg/mpc_path_point__rosidl_typesupport_fastrtps_c.h
  -- Up-to-date: C:/Users/PLASMINFORGE/Documents/MATLAB_Thesis/geometry2-ros2/matlab_msg_gen/win64/install/include/driverless_msgs/msg/mpc_state__rosidl_typesupport_fastrtps_c.h
  -- Up-to-date: C:/Users/PLASMINFORGE/Documents/MATLAB_Thesis/geometry2-ros2/matlab_msg_gen/win64/install/include/driverless_msgs/msg/path_point__rosidl_typesupport_fastrtps_c.h
  -- Up-to-date: C:/Users/PLASMINFORGE/Documents/MATLAB_Thesis/geometry2-ros2/matlab_msg_gen/win64/install/include/driverless_msgs/msg/path_stamped__rosidl_typesupport_fastrtps_c.h
  -- Up-to-date: C:/Users/PLASMINFORGE/Documents/MATLAB_Thesis/geometry2-ros2/matlab_msg_gen/win64/install/include/driverless_msgs/msg/reset__rosidl_typesupport_fastrtps_c.h
  -- Up-to-date: C:/Users/PLASMINFORGE/Documents/MATLAB_Thesis/geometry2-ros2/matlab_msg_gen/win64/install/include/driverless_msgs/msg/res__rosidl_typesupport_fastrtps_c.h
  -- Up-to-date: C:/Users/PLASMINFORGE/Documents/MATLAB_Thesis/geometry2-ros2/matlab_msg_gen/win64/install/include/driverless_msgs/msg/rosidl_typesupport_fastrtps_c__visibility_control.h
  -- Up-to-date: C:/Users/PLASMINFORGE/Documents/MATLAB_Thesis/geometry2-ros2/matlab_msg_gen/win64/install/include/driverless_msgs/msg/track_detection_stamped__rosidl_typesupport_fastrtps_c.h
  -- Up-to-date: C:/Users/PLASMINFORGE/Documents/MATLAB_Thesis/geometry2-ros2/matlab_msg_gen/win64/install/include/driverless_msgs/srv
  -- Up-to-date: C:/Users/PLASMINFORGE/Documents/MATLAB_Thesis/geometry2-ros2/matlab_msg_gen/win64/install/include/driverless_msgs/srv/select_mission__rosidl_typesupport_fastrtps_c.h
  -- Up-to-date: C:/Users/PLASMINFORGE/Documents/MATLAB_Thesis/geometry2-ros2/matlab_msg_gen/win64/install/lib/driverless_msgs__rosidl_typesupport_fastrtps_c.lib
  -- Up-to-date: C:/Users/PLASMINFORGE/Documents/MATLAB_Thesis/geometry2-ros2/matlab_msg_gen/win64/install/bin/driverless_msgs__rosidl_typesupport_fastrtps_c.dll
  -- Up-to-date: C:/Users/PLASMINFORGE/Documents/MATLAB_Thesis/geometry2-ros2/matlab_msg_gen/win64/install/include/driverless_msgs
  -- Up-to-date: C:/Users/PLASMINFORGE/Documents/MATLAB_Thesis/geometry2-ros2/matlab_msg_gen/win64/install/include/driverless_msgs/msg
  -- Up-to-date: C:/Users/PLASMINFORGE/Documents/MATLAB_Thesis/geometry2-ros2/matlab_msg_gen/win64/install/include/driverless_msgs/msg/can.h
  -- Up-to-date: C:/Users/PLASMINFORGE/Documents/MATLAB_Thesis/geometry2-ros2/matlab_msg_gen/win64/install/include/driverless_msgs/msg/can__functions.c
  -- Up-to-date: C:/Users/PLASMINFORGE/Documents/MATLAB_Thesis/geometry2-ros2/matlab_msg_gen/win64/install/include/driverless_msgs/msg/can__functions.h
  -- Up-to-date: C:/Users/PLASMINFORGE/Documents/MATLAB_Thesis/geometry2-ros2/matlab_msg_gen/win64/install/include/driverless_msgs/msg/can__struct.h
  -- Up-to-date: C:/Users/PLASMINFORGE/Documents/MATLAB_Thesis/geometry2-ros2/matlab_msg_gen/win64/install/include/driverless_msgs/msg/can__type_support.h
  -- Up-to-date: C:/Users/PLASMINFORGE/Documents/MATLAB_Thesis/geometry2-ros2/matlab_msg_gen/win64/install/include/driverless_msgs/msg/cone.h
  -- Up-to-date: C:/Users/PLASMINFORGE/Documents/MATLAB_Thesis/geometry2-ros2/matlab_msg_gen/win64/install/include/driverless_msgs/msg/cone_detection_stamped.h
  -- Up-to-date: C:/Users/PLASMINFORGE/Documents/MATLAB_Thesis/geometry2-ros2/matlab_msg_gen/win64/install/include/driverless_msgs/msg/cone_detection_stamped__functions.c
  -- Up-to-date: C:/Users/PLASMINFORGE/Documents/MATLAB_Thesis/geometry2-ros2/matlab_msg_gen/win64/install/include/driverless_msgs/msg/cone_detection_stamped__functions.h
  -- Up-to-date: C:/Users/PLASMINFORGE/Documents/MATLAB_Thesis/geometry2-ros2/matlab_msg_gen/win64/install/include/driverless_msgs/msg/cone_detection_stamped__struct.h
  -- Up-to-date: C:/Users/PLASMINFORGE/Documents/MATLAB_Thesis/geometry2-ros2/matlab_msg_gen/win64/install/include/driverless_msgs/msg/cone_detection_stamped__type_support.h
  -- Up-to-date: C:/Users/PLASMINFORGE/Documents/MATLAB_Thesis/geometry2-ros2/matlab_msg_gen/win64/install/include/driverless_msgs/msg/cone_with_covariance.h
  -- Up-to-date: C:/Users/PLASMINFORGE/Documents/MATLAB_Thesis/geometry2-ros2/matlab_msg_gen/win64/install/include/driverless_msgs/msg/cone_with_covariance__functions.c
  -- Up-to-date: C:/Users/PLASMINFORGE/Documents/MATLAB_Thesis/geometry2-ros2/matlab_msg_gen/win64/install/include/driverless_msgs/msg/cone_with_covariance__functions.h
  -- Up-to-date: C:/Users/PLASMINFORGE/Documents/MATLAB_Thesis/geometry2-ros2/matlab_msg_gen/win64/install/include/driverless_msgs/msg/cone_with_covariance__struct.h
  -- Up-to-date: C:/Users/PLASMINFORGE/Documents/MATLAB_Thesis/geometry2-ros2/matlab_msg_gen/win64/install/include/driverless_msgs/msg/cone_with_covariance__type_support.h
  -- Up-to-date: C:/Users/PLASMINFORGE/Documents/MATLAB_Thesis/geometry2-ros2/matlab_msg_gen/win64/install/include/driverless_msgs/msg/cone__functions.c
  -- Up-to-date: C:/Users/PLASMINFORGE/Documents/MATLAB_Thesis/geometry2-ros2/matlab_msg_gen/win64/install/include/driverless_msgs/msg/cone__functions.h
  -- Up-to-date: C:/Users/PLASMINFORGE/Documents/MATLAB_Thesis/geometry2-ros2/matlab_msg_gen/win64/install/include/driverless_msgs/msg/cone__struct.h
  -- Up-to-date: C:/Users/PLASMINFORGE/Documents/MATLAB_Thesis/geometry2-ros2/matlab_msg_gen/win64/install/include/driverless_msgs/msg/cone__type_support.h
  -- Up-to-date: C:/Users/PLASMINFORGE/Documents/MATLAB_Thesis/geometry2-ros2/matlab_msg_gen/win64/install/include/driverless_msgs/msg/mpc_centerline.h
  -- Up-to-date: C:/Users/PLASMINFORGE/Documents/MATLAB_Thesis/geometry2-ros2/matlab_msg_gen/win64/install/include/driverless_msgs/msg/mpc_centerline__functions.c
  -- Up-to-date: C:/Users/PLASMINFORGE/Documents/MATLAB_Thesis/geometry2-ros2/matlab_msg_gen/win64/install/include/driverless_msgs/msg/mpc_centerline__functions.h
  -- Up-to-date: C:/Users/PLASMINFORGE/Documents/MATLAB_Thesis/geometry2-ros2/matlab_msg_gen/win64/install/include/driverless_msgs/msg/mpc_centerline__struct.h
  -- Up-to-date: C:/Users/PLASMINFORGE/Documents/MATLAB_Thesis/geometry2-ros2/matlab_msg_gen/win64/install/include/driverless_msgs/msg/mpc_centerline__type_support.h
  -- Up-to-date: C:/Users/PLASMINFORGE/Documents/MATLAB_Thesis/geometry2-ros2/matlab_msg_gen/win64/install/include/driverless_msgs/msg/mpc_path_point.h
  -- Up-to-date: C:/Users/PLASMINFORGE/Documents/MATLAB_Thesis/geometry2-ros2/matlab_msg_gen/win64/install/include/driverless_msgs/msg/mpc_path_point__functions.c
  -- Up-to-date: C:/Users/PLASMINFORGE/Documents/MATLAB_Thesis/geometry2-ros2/matlab_msg_gen/win64/install/include/driverless_msgs/msg/mpc_path_point__functions.h
  -- Up-to-date: C:/Users/PLASMINFORGE/Documents/MATLAB_Thesis/geometry2-ros2/matlab_msg_gen/win64/install/include/driverless_msgs/msg/mpc_path_point__struct.h
  -- Up-to-date: C:/Users/PLASMINFORGE/Documents/MATLAB_Thesis/geometry2-ros2/matlab_msg_gen/win64/install/include/driverless_msgs/msg/mpc_path_point__type_support.h
  -- Up-to-date: C:/Users/PLASMINFORGE/Documents/MATLAB_Thesis/geometry2-ros2/matlab_msg_gen/win64/install/include/driverless_msgs/msg/mpc_state.h
  -- Up-to-date: C:/Users/PLASMINFORGE/Documents/MATLAB_Thesis/geometry2-ros2/matlab_msg_gen/win64/install/include/driverless_msgs/msg/mpc_state__functions.c
  -- Up-to-date: C:/Users/PLASMINFORGE/Documents/MATLAB_Thesis/geometry2-ros2/matlab_msg_gen/win64/install/include/driverless_msgs/msg/mpc_state__functions.h
  -- Up-to-date: C:/Users/PLASMINFORGE/Documents/MATLAB_Thesis/geometry2-ros2/matlab_msg_gen/win64/install/include/driverless_msgs/msg/mpc_state__struct.h
  -- Up-to-date: C:/Users/PLASMINFORGE/Documents/MATLAB_Thesis/geometry2-ros2/matlab_msg_gen/win64/install/include/driverless_msgs/msg/mpc_state__type_support.h
  -- Up-to-date: C:/Users/PLASMINFORGE/Documents/MATLAB_Thesis/geometry2-ros2/matlab_msg_gen/win64/install/include/driverless_msgs/msg/path_point.h
  -- Up-to-date: C:/Users/PLASMINFORGE/Documents/MATLAB_Thesis/geometry2-ros2/matlab_msg_gen/win64/install/include/driverless_msgs/msg/path_point__functions.c
  -- Up-to-date: C:/Users/PLASMINFORGE/Documents/MATLAB_Thesis/geometry2-ros2/matlab_msg_gen/win64/install/include/driverless_msgs/msg/path_point__functions.h
  -- Up-to-date: C:/Users/PLASMINFORGE/Documents/MATLAB_Thesis/geometry2-ros2/matlab_msg_gen/win64/install/include/driverless_msgs/msg/path_point__struct.h
  -- Up-to-date: C:/Users/PLASMINFORGE/Documents/MATLAB_Thesis/geometry2-ros2/matlab_msg_gen/win64/install/include/driverless_msgs/msg/path_point__type_support.h
  -- Up-to-date: C:/Users/PLASMINFORGE/Documents/MATLAB_Thesis/geometry2-ros2/matlab_msg_gen/win64/install/include/driverless_msgs/msg/path_stamped.h
  -- Up-to-date: C:/Users/PLASMINFORGE/Documents/MATLAB_Thesis/geometry2-ros2/matlab_msg_gen/win64/install/include/driverless_msgs/msg/path_stamped__functions.c
  -- Up-to-date: C:/Users/PLASMINFORGE/Documents/MATLAB_Thesis/geometry2-ros2/matlab_msg_gen/win64/install/include/driverless_msgs/msg/path_stamped__functions.h
  -- Up-to-date: C:/Users/PLASMINFORGE/Documents/MATLAB_Thesis/geometry2-ros2/matlab_msg_gen/win64/install/include/driverless_msgs/msg/path_stamped__struct.h
  -- Up-to-date: C:/Users/PLASMINFORGE/Documents/MATLAB_Thesis/geometry2-ros2/matlab_msg_gen/win64/install/include/driverless_msgs/msg/path_stamped__type_support.h
  -- Up-to-date: C:/Users/PLASMINFORGE/Documents/MATLAB_Thesis/geometry2-ros2/matlab_msg_gen/win64/install/include/driverless_msgs/msg/res.h
  -- Up-to-date: C:/Users/PLASMINFORGE/Documents/MATLAB_Thesis/geometry2-ros2/matlab_msg_gen/win64/install/include/driverless_msgs/msg/reset.h
  -- Up-to-date: C:/Users/PLASMINFORGE/Documents/MATLAB_Thesis/geometry2-ros2/matlab_msg_gen/win64/install/include/driverless_msgs/msg/reset__functions.c
  -- Up-to-date: C:/Users/PLASMINFORGE/Documents/MATLAB_Thesis/geometry2-ros2/matlab_msg_gen/win64/install/include/driverless_msgs/msg/reset__functions.h
  -- Up-to-date: C:/Users/PLASMINFORGE/Documents/MATLAB_Thesis/geometry2-ros2/matlab_msg_gen/win64/install/include/driverless_msgs/msg/reset__struct.h
  -- Up-to-date: C:/Users/PLASMINFORGE/Documents/MATLAB_Thesis/geometry2-ros2/matlab_msg_gen/win64/install/include/driverless_msgs/msg/reset__type_support.h
  -- Up-to-date: C:/Users/PLASMINFORGE/Documents/MATLAB_Thesis/geometry2-ros2/matlab_msg_gen/win64/install/include/driverless_msgs/msg/res__functions.c
  -- Up-to-date: C:/Users/PLASMINFORGE/Documents/MATLAB_Thesis/geometry2-ros2/matlab_msg_gen/win64/install/include/driverless_msgs/msg/res__functions.h
  -- Up-to-date: C:/Users/PLASMINFORGE/Documents/MATLAB_Thesis/geometry2-ros2/matlab_msg_gen/win64/install/include/driverless_msgs/msg/res__struct.h
  -- Up-to-date: C:/Users/PLASMINFORGE/Documents/MATLAB_Thesis/geometry2-ros2/matlab_msg_gen/win64/install/include/driverless_msgs/msg/res__type_support.h
  -- Up-to-date: C:/Users/PLASMINFORGE/Documents/MATLAB_Thesis/geometry2-ros2/matlab_msg_gen/win64/install/include/driverless_msgs/msg/rosidl_generator_c__visibility_control.h
  -- Up-to-date: C:/Users/PLASMINFORGE/Documents/MATLAB_Thesis/geometry2-ros2/matlab_msg_gen/win64/install/include/driverless_msgs/msg/track_detection_stamped.h
  -- Up-to-date: C:/Users/PLASMINFORGE/Documents/MATLAB_Thesis/geometry2-ros2/matlab_msg_gen/win64/install/include/driverless_msgs/msg/track_detection_stamped__functions.c
  -- Up-to-date: C:/Users/PLASMINFORGE/Documents/MATLAB_Thesis/geometry2-ros2/matlab_msg_gen/win64/install/include/driverless_msgs/msg/track_detection_stamped__functions.h
  -- Up-to-date: C:/Users/PLASMINFORGE/Documents/MATLAB_Thesis/geometry2-ros2/matlab_msg_gen/win64/install/include/driverless_msgs/msg/track_detection_stamped__struct.h
  -- Up-to-date: C:/Users/PLASMINFORGE/Documents/MATLAB_Thesis/geometry2-ros2/matlab_msg_gen/win64/install/include/driverless_msgs/msg/track_detection_stamped__type_support.h
  -- Up-to-date: C:/Users/PLASMINFORGE/Documents/MATLAB_Thesis/geometry2-ros2/matlab_msg_gen/win64/install/include/driverless_msgs/srv
  -- Up-to-date: C:/Users/PLASMINFORGE/Documents/MATLAB_Thesis/geometry2-ros2/matlab_msg_gen/win64/install/include/driverless_msgs/srv/select_mission.h
  -- Up-to-date: C:/Users/PLASMINFORGE/Documents/MATLAB_Thesis/geometry2-ros2/matlab_msg_gen/win64/install/include/driverless_msgs/srv/select_mission__functions.c
  -- Up-to-date: C:/Users/PLASMINFORGE/Documents/MATLAB_Thesis/geometry2-ros2/matlab_msg_gen/win64/install/include/driverless_msgs/srv/select_mission__functions.h
  -- Up-to-date: C:/Users/PLASMINFORGE/Documents/MATLAB_Thesis/geometry2-ros2/matlab_msg_gen/win64/install/include/driverless_msgs/srv/select_mission__struct.h
  -- Up-to-date: C:/Users/PLASMINFORGE/Documents/MATLAB_Thesis/geometry2-ros2/matlab_msg_gen/win64/install/include/driverless_msgs/srv/select_mission__type_support.h
  -- Up-to-date: C:/Users/PLASMINFORGE/Documents/MATLAB_Thesis/geometry2-ros2/matlab_msg_gen/win64/install/lib/driverless_msgs__rosidl_generator_c.lib
  -- Up-to-date: C:/Users/PLASMINFORGE/Documents/MATLAB_Thesis/geometry2-ros2/matlab_msg_gen/win64/install/bin/driverless_msgs__rosidl_generator_c.dll
  -- Up-to-date: C:/Users/PLASMINFORGE/Documents/MATLAB_Thesis/geometry2-ros2/matlab_msg_gen/win64/install/include/driverless_msgs
  -- Up-to-date: C:/Users/PLASMINFORGE/Documents/MATLAB_Thesis/geometry2-ros2/matlab_msg_gen/win64/install/include/driverless_msgs/msg
  -- Up-to-date: C:/Users/PLASMINFORGE/Documents/MATLAB_Thesis/geometry2-ros2/matlab_msg_gen/win64/install/include/driverless_msgs/msg/can__rosidl_typesupport_fastrtps_cpp.hpp
  -- Up-to-date: C:/Users/PLASMINFORGE/Documents/MATLAB_Thesis/geometry2-ros2/matlab_msg_gen/win64/install/include/driverless_msgs/msg/cone_detection_stamped__rosidl_typesupport_fastrtps_cpp.hpp
  -- Up-to-date: C:/Users/PLASMINFORGE/Documents/MATLAB_Thesis/geometry2-ros2/matlab_msg_gen/win64/install/include/driverless_msgs/msg/cone_with_covariance__rosidl_typesupport_fastrtps_cpp.hpp
  -- Up-to-date: C:/Users/PLASMINFORGE/Documents/MATLAB_Thesis/geometry2-ros2/matlab_msg_gen/win64/install/include/driverless_msgs/msg/cone__rosidl_typesupport_fastrtps_cpp.hpp
  -- Up-to-date: C:/Users/PLASMINFORGE/Documents/MATLAB_Thesis/geometry2-ros2/matlab_msg_gen/win64/install/include/driverless_msgs/msg/dds_fastrtps
  -- Up-to-date: C:/Users/PLASMINFORGE/Documents/MATLAB_Thesis/geometry2-ros2/matlab_msg_gen/win64/install/include/driverless_msgs/msg/mpc_centerline__rosidl_typesupport_fastrtps_cpp.hpp
  -- Up-to-date: C:/Users/PLASMINFORGE/Documents/MATLAB_Thesis/geometry2-ros2/matlab_msg_gen/win64/install/include/driverless_msgs/msg/mpc_path_point__rosidl_typesupport_fastrtps_cpp.hpp
  -- Up-to-date: C:/Users/PLASMINFORGE/Documents/MATLAB_Thesis/geometry2-ros2/matlab_msg_gen/win64/install/include/driverless_msgs/msg/mpc_state__rosidl_typesupport_fastrtps_cpp.hpp
  -- Up-to-date: C:/Users/PLASMINFORGE/Documents/MATLAB_Thesis/geometry2-ros2/matlab_msg_gen/win64/install/include/driverless_msgs/msg/path_point__rosidl_typesupport_fastrtps_cpp.hpp
  -- Up-to-date: C:/Users/PLASMINFORGE/Documents/MATLAB_Thesis/geometry2-ros2/matlab_msg_gen/win64/install/include/driverless_msgs/msg/path_stamped__rosidl_typesupport_fastrtps_cpp.hpp
  -- Up-to-date: C:/Users/PLASMINFORGE/Documents/MATLAB_Thesis/geometry2-ros2/matlab_msg_gen/win64/install/include/driverless_msgs/msg/reset__rosidl_typesupport_fastrtps_cpp.hpp
  -- Up-to-date: C:/Users/PLASMINFORGE/Documents/MATLAB_Thesis/geometry2-ros2/matlab_msg_gen/win64/install/include/driverless_msgs/msg/res__rosidl_typesupport_fastrtps_cpp.hpp
  -- Up-to-date: C:/Users/PLASMINFORGE/Documents/MATLAB_Thesis/geometry2-ros2/matlab_msg_gen/win64/install/include/driverless_msgs/msg/rosidl_typesupport_fastrtps_cpp__visibility_control.h
  -- Up-to-date: C:/Users/PLASMINFORGE/Documents/MATLAB_Thesis/geometry2-ros2/matlab_msg_gen/win64/install/include/driverless_msgs/msg/track_detection_stamped__rosidl_typesupport_fastrtps_cpp.hpp
  -- Up-to-date: C:/Users/PLASMINFORGE/Documents/MATLAB_Thesis/geometry2-ros2/matlab_msg_gen/win64/install/include/driverless_msgs/srv
  -- Up-to-date: C:/Users/PLASMINFORGE/Documents/MATLAB_Thesis/geometry2-ros2/matlab_msg_gen/win64/install/include/driverless_msgs/srv/dds_fastrtps
  -- Up-to-date: C:/Users/PLASMINFORGE/Documents/MATLAB_Thesis/geometry2-ros2/matlab_msg_gen/win64/install/include/driverless_msgs/srv/select_mission__rosidl_typesupport_fastrtps_cpp.hpp
  -- Up-to-date: C:/Users/PLASMINFORGE/Documents/MATLAB_Thesis/geometry2-ros2/matlab_msg_gen/win64/install/lib/driverless_msgs__rosidl_typesupport_fastrtps_cpp.lib
  -- Up-to-date: C:/Users/PLASMINFORGE/Documents/MATLAB_Thesis/geometry2-ros2/matlab_msg_gen/win64/install/bin/driverless_msgs__rosidl_typesupport_fastrtps_cpp.dll
  -- Up-to-date: C:/Users/PLASMINFORGE/Documents/MATLAB_Thesis/geometry2-ros2/matlab_msg_gen/win64/install/include/driverless_msgs
  -- Up-to-date: C:/Users/PLASMINFORGE/Documents/MATLAB_Thesis/geometry2-ros2/matlab_msg_gen/win64/install/include/driverless_msgs/msg
  -- Up-to-date: C:/Users/PLASMINFORGE/Documents/MATLAB_Thesis/geometry2-ros2/matlab_msg_gen/win64/install/include/driverless_msgs/msg/can.hpp
  -- Up-to-date: C:/Users/PLASMINFORGE/Documents/MATLAB_Thesis/geometry2-ros2/matlab_msg_gen/win64/install/include/driverless_msgs/msg/can__struct.hpp
  -- Up-to-date: C:/Users/PLASMINFORGE/Documents/MATLAB_Thesis/geometry2-ros2/matlab_msg_gen/win64/install/include/driverless_msgs/msg/can__traits.hpp
  -- Up-to-date: C:/Users/PLASMINFORGE/Documents/MATLAB_Thesis/geometry2-ros2/matlab_msg_gen/win64/install/include/driverless_msgs/msg/cone.hpp
  -- Up-to-date: C:/Users/PLASMINFORGE/Documents/MATLAB_Thesis/geometry2-ros2/matlab_msg_gen/win64/install/include/driverless_msgs/msg/cone_detection_stamped.hpp
  -- Up-to-date: C:/Users/PLASMINFORGE/Documents/MATLAB_Thesis/geometry2-ros2/matlab_msg_gen/win64/install/include/driverless_msgs/msg/cone_detection_stamped__struct.hpp
  -- Up-to-date: C:/Users/PLASMINFORGE/Documents/MATLAB_Thesis/geometry2-ros2/matlab_msg_gen/win64/install/include/driverless_msgs/msg/cone_detection_stamped__traits.hpp
  -- Up-to-date: C:/Users/PLASMINFORGE/Documents/MATLAB_Thesis/geometry2-ros2/matlab_msg_gen/win64/install/include/driverless_msgs/msg/cone_with_covariance.hpp
  -- Up-to-date: C:/Users/PLASMINFORGE/Documents/MATLAB_Thesis/geometry2-ros2/matlab_msg_gen/win64/install/include/driverless_msgs/msg/cone_with_covariance__struct.hpp
  -- Up-to-date: C:/Users/PLASMINFORGE/Documents/MATLAB_Thesis/geometry2-ros2/matlab_msg_gen/win64/install/include/driverless_msgs/msg/cone_with_covariance__traits.hpp
  -- Up-to-date: C:/Users/PLASMINFORGE/Documents/MATLAB_Thesis/geometry2-ros2/matlab_msg_gen/win64/install/include/driverless_msgs/msg/cone__struct.hpp
  -- Up-to-date: C:/Users/PLASMINFORGE/Documents/MATLAB_Thesis/geometry2-ros2/matlab_msg_gen/win64/install/include/driverless_msgs/msg/cone__traits.hpp
  -- Up-to-date: C:/Users/PLASMINFORGE/Documents/MATLAB_Thesis/geometry2-ros2/matlab_msg_gen/win64/install/include/driverless_msgs/msg/mpc_centerline.hpp
  -- Up-to-date: C:/Users/PLASMINFORGE/Documents/MATLAB_Thesis/geometry2-ros2/matlab_msg_gen/win64/install/include/driverless_msgs/msg/mpc_centerline__struct.hpp
  -- Up-to-date: C:/Users/PLASMINFORGE/Documents/MATLAB_Thesis/geometry2-ros2/matlab_msg_gen/win64/install/include/driverless_msgs/msg/mpc_centerline__traits.hpp
  -- Up-to-date: C:/Users/PLASMINFORGE/Documents/MATLAB_Thesis/geometry2-ros2/matlab_msg_gen/win64/install/include/driverless_msgs/msg/mpc_path_point.hpp
  -- Up-to-date: C:/Users/PLASMINFORGE/Documents/MATLAB_Thesis/geometry2-ros2/matlab_msg_gen/win64/install/include/driverless_msgs/msg/mpc_path_point__struct.hpp
  -- Up-to-date: C:/Users/PLASMINFORGE/Documents/MATLAB_Thesis/geometry2-ros2/matlab_msg_gen/win64/install/include/driverless_msgs/msg/mpc_path_point__traits.hpp
  -- Up-to-date: C:/Users/PLASMINFORGE/Documents/MATLAB_Thesis/geometry2-ros2/matlab_msg_gen/win64/install/include/driverless_msgs/msg/mpc_state.hpp
  -- Up-to-date: C:/Users/PLASMINFORGE/Documents/MATLAB_Thesis/geometry2-ros2/matlab_msg_gen/win64/install/include/driverless_msgs/msg/mpc_state__struct.hpp
  -- Up-to-date: C:/Users/PLASMINFORGE/Documents/MATLAB_Thesis/geometry2-ros2/matlab_msg_gen/win64/install/include/driverless_msgs/msg/mpc_state__traits.hpp
  -- Up-to-date: C:/Users/PLASMINFORGE/Documents/MATLAB_Thesis/geometry2-ros2/matlab_msg_gen/win64/install/include/driverless_msgs/msg/path_point.hpp
  -- Up-to-date: C:/Users/PLASMINFORGE/Documents/MATLAB_Thesis/geometry2-ros2/matlab_msg_gen/win64/install/include/driverless_msgs/msg/path_point__struct.hpp
  -- Up-to-date: C:/Users/PLASMINFORGE/Documents/MATLAB_Thesis/geometry2-ros2/matlab_msg_gen/win64/install/include/driverless_msgs/msg/path_point__traits.hpp
  -- Up-to-date: C:/Users/PLASMINFORGE/Documents/MATLAB_Thesis/geometry2-ros2/matlab_msg_gen/win64/install/include/driverless_msgs/msg/path_stamped.hpp
  -- Up-to-date: C:/Users/PLASMINFORGE/Documents/MATLAB_Thesis/geometry2-ros2/matlab_msg_gen/win64/install/include/driverless_msgs/msg/path_stamped__struct.hpp
  -- Up-to-date: C:/Users/PLASMINFORGE/Documents/MATLAB_Thesis/geometry2-ros2/matlab_msg_gen/win64/install/include/driverless_msgs/msg/path_stamped__traits.hpp
  -- Up-to-date: C:/Users/PLASMINFORGE/Documents/MATLAB_Thesis/geometry2-ros2/matlab_msg_gen/win64/install/include/driverless_msgs/msg/res.hpp
  -- Up-to-date: C:/Users/PLASMINFORGE/Documents/MATLAB_Thesis/geometry2-ros2/matlab_msg_gen/win64/install/include/driverless_msgs/msg/reset.hpp
  -- Up-to-date: C:/Users/PLASMINFORGE/Documents/MATLAB_Thesis/geometry2-ros2/matlab_msg_gen/win64/install/include/driverless_msgs/msg/reset__struct.hpp
  -- Up-to-date: C:/Users/PLASMINFORGE/Documents/MATLAB_Thesis/geometry2-ros2/matlab_msg_gen/win64/install/include/driverless_msgs/msg/reset__traits.hpp
  -- Up-to-date: C:/Users/PLASMINFORGE/Documents/MATLAB_Thesis/geometry2-ros2/matlab_msg_gen/win64/install/include/driverless_msgs/msg/res__struct.hpp
  -- Up-to-date: C:/Users/PLASMINFORGE/Documents/MATLAB_Thesis/geometry2-ros2/matlab_msg_gen/win64/install/include/driverless_msgs/msg/res__traits.hpp
  -- Up-to-date: C:/Users/PLASMINFORGE/Documents/MATLAB_Thesis/geometry2-ros2/matlab_msg_gen/win64/install/include/driverless_msgs/msg/track_detection_stamped.hpp
  -- Up-to-date: C:/Users/PLASMINFORGE/Documents/MATLAB_Thesis/geometry2-ros2/matlab_msg_gen/win64/install/include/driverless_msgs/msg/track_detection_stamped__struct.hpp
  -- Up-to-date: C:/Users/PLASMINFORGE/Documents/MATLAB_Thesis/geometry2-ros2/matlab_msg_gen/win64/install/include/driverless_msgs/msg/track_detection_stamped__traits.hpp
  -- Up-to-date: C:/Users/PLASMINFORGE/Documents/MATLAB_Thesis/geometry2-ros2/matlab_msg_gen/win64/install/include/driverless_msgs/srv
  -- Up-to-date: C:/Users/PLASMINFORGE/Documents/MATLAB_Thesis/geometry2-ros2/matlab_msg_gen/win64/install/include/driverless_msgs/srv/select_mission.hpp
  -- Up-to-date: C:/Users/PLASMINFORGE/Documents/MATLAB_Thesis/geometry2-ros2/matlab_msg_gen/win64/install/include/driverless_msgs/srv/select_mission__struct.hpp
  -- Up-to-date: C:/Users/PLASMINFORGE/Documents/MATLAB_Thesis/geometry2-ros2/matlab_msg_gen/win64/install/include/driverless_msgs/srv/select_mission__traits.hpp
  -- Up-to-date: C:/Users/PLASMINFORGE/Documents/MATLAB_Thesis/geometry2-ros2/matlab_msg_gen/win64/install/include/driverless_msgs
  -- Up-to-date: C:/Users/PLASMINFORGE/Documents/MATLAB_Thesis/geometry2-ros2/matlab_msg_gen/win64/install/include/driverless_msgs/msg
  -- Up-to-date: C:/Users/PLASMINFORGE/Documents/MATLAB_Thesis/geometry2-ros2/matlab_msg_gen/win64/install/include/driverless_msgs/msg/can__rosidl_typesupport_introspection_c.h
  -- Up-to-date: C:/Users/PLASMINFORGE/Documents/MATLAB_Thesis/geometry2-ros2/matlab_msg_gen/win64/install/include/driverless_msgs/msg/can__type_support.c
  -- Up-to-date: C:/Users/PLASMINFORGE/Documents/MATLAB_Thesis/geometry2-ros2/matlab_msg_gen/win64/install/include/driverless_msgs/msg/cone_detection_stamped__rosidl_typesupport_introspection_c.h
  -- Up-to-date: C:/Users/PLASMINFORGE/Documents/MATLAB_Thesis/geometry2-ros2/matlab_msg_gen/win64/install/include/driverless_msgs/msg/cone_detection_stamped__type_support.c
  -- Up-to-date: C:/Users/PLASMINFORGE/Documents/MATLAB_Thesis/geometry2-ros2/matlab_msg_gen/win64/install/include/driverless_msgs/msg/cone_with_covariance__rosidl_typesupport_introspection_c.h
  -- Up-to-date: C:/Users/PLASMINFORGE/Documents/MATLAB_Thesis/geometry2-ros2/matlab_msg_gen/win64/install/include/driverless_msgs/msg/cone_with_covariance__type_support.c
  -- Up-to-date: C:/Users/PLASMINFORGE/Documents/MATLAB_Thesis/geometry2-ros2/matlab_msg_gen/win64/install/include/driverless_msgs/msg/cone__rosidl_typesupport_introspection_c.h
  -- Up-to-date: C:/Users/PLASMINFORGE/Documents/MATLAB_Thesis/geometry2-ros2/matlab_msg_gen/win64/install/include/driverless_msgs/msg/cone__type_support.c
  -- Up-to-date: C:/Users/PLASMINFORGE/Documents/MATLAB_Thesis/geometry2-ros2/matlab_msg_gen/win64/install/include/driverless_msgs/msg/mpc_centerline__rosidl_typesupport_introspection_c.h
  -- Up-to-date: C:/Users/PLASMINFORGE/Documents/MATLAB_Thesis/geometry2-ros2/matlab_msg_gen/win64/install/include/driverless_msgs/msg/mpc_centerline__type_support.c
  -- Up-to-date: C:/Users/PLASMINFORGE/Documents/MATLAB_Thesis/geometry2-ros2/matlab_msg_gen/win64/install/include/driverless_msgs/msg/mpc_path_point__rosidl_typesupport_introspection_c.h
  -- Up-to-date: C:/Users/PLASMINFORGE/Documents/MATLAB_Thesis/geometry2-ros2/matlab_msg_gen/win64/install/include/driverless_msgs/msg/mpc_path_point__type_support.c
  -- Up-to-date: C:/Users/PLASMINFORGE/Documents/MATLAB_Thesis/geometry2-ros2/matlab_msg_gen/win64/install/include/driverless_msgs/msg/mpc_state__rosidl_typesupport_introspection_c.h
  -- Up-to-date: C:/Users/PLASMINFORGE/Documents/MATLAB_Thesis/geometry2-ros2/matlab_msg_gen/win64/install/include/driverless_msgs/msg/mpc_state__type_support.c
  -- Up-to-date: C:/Users/PLASMINFORGE/Documents/MATLAB_Thesis/geometry2-ros2/matlab_msg_gen/win64/install/include/driverless_msgs/msg/path_point__rosidl_typesupport_introspection_c.h
  -- Up-to-date: C:/Users/PLASMINFORGE/Documents/MATLAB_Thesis/geometry2-ros2/matlab_msg_gen/win64/install/include/driverless_msgs/msg/path_point__type_support.c
  -- Up-to-date: C:/Users/PLASMINFORGE/Documents/MATLAB_Thesis/geometry2-ros2/matlab_msg_gen/win64/install/include/driverless_msgs/msg/path_stamped__rosidl_typesupport_introspection_c.h
  -- Up-to-date: C:/Users/PLASMINFORGE/Documents/MATLAB_Thesis/geometry2-ros2/matlab_msg_gen/win64/install/include/driverless_msgs/msg/path_stamped__type_support.c
  -- Up-to-date: C:/Users/PLASMINFORGE/Documents/MATLAB_Thesis/geometry2-ros2/matlab_msg_gen/win64/install/include/driverless_msgs/msg/reset__rosidl_typesupport_introspection_c.h
  -- Up-to-date: C:/Users/PLASMINFORGE/Documents/MATLAB_Thesis/geometry2-ros2/matlab_msg_gen/win64/install/include/driverless_msgs/msg/reset__type_support.c
  -- Up-to-date: C:/Users/PLASMINFORGE/Documents/MATLAB_Thesis/geometry2-ros2/matlab_msg_gen/win64/install/include/driverless_msgs/msg/res__rosidl_typesupport_introspection_c.h
  -- Up-to-date: C:/Users/PLASMINFORGE/Documents/MATLAB_Thesis/geometry2-ros2/matlab_msg_gen/win64/install/include/driverless_msgs/msg/res__type_support.c
  -- Up-to-date: C:/Users/PLASMINFORGE/Documents/MATLAB_Thesis/geometry2-ros2/matlab_msg_gen/win64/install/include/driverless_msgs/msg/rosidl_typesupport_introspection_c__visibility_control.h
  -- Up-to-date: C:/Users/PLASMINFORGE/Documents/MATLAB_Thesis/geometry2-ros2/matlab_msg_gen/win64/install/include/driverless_msgs/msg/track_detection_stamped__rosidl_typesupport_introspection_c.h
  -- Up-to-date: C:/Users/PLASMINFORGE/Documents/MATLAB_Thesis/geometry2-ros2/matlab_msg_gen/win64/install/include/driverless_msgs/msg/track_detection_stamped__type_support.c
  -- Up-to-date: C:/Users/PLASMINFORGE/Documents/MATLAB_Thesis/geometry2-ros2/matlab_msg_gen/win64/install/include/driverless_msgs/srv
  -- Up-to-date: C:/Users/PLASMINFORGE/Documents/MATLAB_Thesis/geometry2-ros2/matlab_msg_gen/win64/install/include/driverless_msgs/srv/select_mission__rosidl_typesupport_introspection_c.h
  -- Up-to-date: C:/Users/PLASMINFORGE/Documents/MATLAB_Thesis/geometry2-ros2/matlab_msg_gen/win64/install/include/driverless_msgs/srv/select_mission__type_support.c
  -- Up-to-date: C:/Users/PLASMINFORGE/Documents/MATLAB_Thesis/geometry2-ros2/matlab_msg_gen/win64/install/lib/driverless_msgs__rosidl_typesupport_introspection_c.lib
  -- Up-to-date: C:/Users/PLASMINFORGE/Documents/MATLAB_Thesis/geometry2-ros2/matlab_msg_gen/win64/install/bin/driverless_msgs__rosidl_typesupport_introspection_c.dll
  -- Up-to-date: C:/Users/PLASMINFORGE/Documents/MATLAB_Thesis/geometry2-ros2/matlab_msg_gen/win64/install/include/driverless_msgs
  -- Up-to-date: C:/Users/PLASMINFORGE/Documents/MATLAB_Thesis/geometry2-ros2/matlab_msg_gen/win64/install/include/driverless_msgs/msg
  -- Up-to-date: C:/Users/PLASMINFORGE/Documents/MATLAB_Thesis/geometry2-ros2/matlab_msg_gen/win64/install/include/driverless_msgs/msg/can__rosidl_typesupport_introspection_cpp.hpp
  -- Up-to-date: C:/Users/PLASMINFORGE/Documents/MATLAB_Thesis/geometry2-ros2/matlab_msg_gen/win64/install/include/driverless_msgs/msg/can__type_support.cpp
  -- Up-to-date: C:/Users/PLASMINFORGE/Documents/MATLAB_Thesis/geometry2-ros2/matlab_msg_gen/win64/install/include/driverless_msgs/msg/cone_detection_stamped__rosidl_typesupport_introspection_cpp.hpp
  -- Up-to-date: C:/Users/PLASMINFORGE/Documents/MATLAB_Thesis/geometry2-ros2/matlab_msg_gen/win64/install/include/driverless_msgs/msg/cone_detection_stamped__type_support.cpp
  -- Up-to-date: C:/Users/PLASMINFORGE/Documents/MATLAB_Thesis/geometry2-ros2/matlab_msg_gen/win64/install/include/driverless_msgs/msg/cone_with_covariance__rosidl_typesupport_introspection_cpp.hpp
  -- Up-to-date: C:/Users/PLASMINFORGE/Documents/MATLAB_Thesis/geometry2-ros2/matlab_msg_gen/win64/install/include/driverless_msgs/msg/cone_with_covariance__type_support.cpp
  -- Up-to-date: C:/Users/PLASMINFORGE/Documents/MATLAB_Thesis/geometry2-ros2/matlab_msg_gen/win64/install/include/driverless_msgs/msg/cone__rosidl_typesupport_introspection_cpp.hpp
  -- Up-to-date: C:/Users/PLASMINFORGE/Documents/MATLAB_Thesis/geometry2-ros2/matlab_msg_gen/win64/install/include/driverless_msgs/msg/cone__type_support.cpp
  -- Up-to-date: C:/Users/PLASMINFORGE/Documents/MATLAB_Thesis/geometry2-ros2/matlab_msg_gen/win64/install/include/driverless_msgs/msg/mpc_centerline__rosidl_typesupport_introspection_cpp.hpp
  -- Up-to-date: C:/Users/PLASMINFORGE/Documents/MATLAB_Thesis/geometry2-ros2/matlab_msg_gen/win64/install/include/driverless_msgs/msg/mpc_centerline__type_support.cpp
  -- Up-to-date: C:/Users/PLASMINFORGE/Documents/MATLAB_Thesis/geometry2-ros2/matlab_msg_gen/win64/install/include/driverless_msgs/msg/mpc_path_point__rosidl_typesupport_introspection_cpp.hpp
  -- Up-to-date: C:/Users/PLASMINFORGE/Documents/MATLAB_Thesis/geometry2-ros2/matlab_msg_gen/win64/install/include/driverless_msgs/msg/mpc_path_point__type_support.cpp
  -- Up-to-date: C:/Users/PLASMINFORGE/Documents/MATLAB_Thesis/geometry2-ros2/matlab_msg_gen/win64/install/include/driverless_msgs/msg/mpc_state__rosidl_typesupport_introspection_cpp.hpp
  -- Up-to-date: C:/Users/PLASMINFORGE/Documents/MATLAB_Thesis/geometry2-ros2/matlab_msg_gen/win64/install/include/driverless_msgs/msg/mpc_state__type_support.cpp
  -- Up-to-date: C:/Users/PLASMINFORGE/Documents/MATLAB_Thesis/geometry2-ros2/matlab_msg_gen/win64/install/include/driverless_msgs/msg/path_point__rosidl_typesupport_introspection_cpp.hpp
  -- Up-to-date: C:/Users/PLASMINFORGE/Documents/MATLAB_Thesis/geometry2-ros2/matlab_msg_gen/win64/install/include/driverless_msgs/msg/path_point__type_support.cpp
  -- Up-to-date: C:/Users/PLASMINFORGE/Documents/MATLAB_Thesis/geometry2-ros2/matlab_msg_gen/win64/install/include/driverless_msgs/msg/path_stamped__rosidl_typesupport_introspection_cpp.hpp
  -- Up-to-date: C:/Users/PLASMINFORGE/Documents/MATLAB_Thesis/geometry2-ros2/matlab_msg_gen/win64/install/include/driverless_msgs/msg/path_stamped__type_support.cpp
  -- Up-to-date: C:/Users/PLASMINFORGE/Documents/MATLAB_Thesis/geometry2-ros2/matlab_msg_gen/win64/install/include/driverless_msgs/msg/reset__rosidl_typesupport_introspection_cpp.hpp
  -- Up-to-date: C:/Users/PLASMINFORGE/Documents/MATLAB_Thesis/geometry2-ros2/matlab_msg_gen/win64/install/include/driverless_msgs/msg/reset__type_support.cpp
  -- Up-to-date: C:/Users/PLASMINFORGE/Documents/MATLAB_Thesis/geometry2-ros2/matlab_msg_gen/win64/install/include/driverless_msgs/msg/res__rosidl_typesupport_introspection_cpp.hpp
  -- Up-to-date: C:/Users/PLASMINFORGE/Documents/MATLAB_Thesis/geometry2-ros2/matlab_msg_gen/win64/install/include/driverless_msgs/msg/res__type_support.cpp
  -- Up-to-date: C:/Users/PLASMINFORGE/Documents/MATLAB_Thesis/geometry2-ros2/matlab_msg_gen/win64/install/include/driverless_msgs/msg/track_detection_stamped__rosidl_typesupport_introspection_cpp.hpp
  -- Up-to-date: C:/Users/PLASMINFORGE/Documents/MATLAB_Thesis/geometry2-ros2/matlab_msg_gen/win64/install/include/driverless_msgs/msg/track_detection_stamped__type_support.cpp
  -- Up-to-date: C:/Users/PLASMINFORGE/Documents/MATLAB_Thesis/geometry2-ros2/matlab_msg_gen/win64/install/include/driverless_msgs/srv
  -- Up-to-date: C:/Users/PLASMINFORGE/Documents/MATLAB_Thesis/geometry2-ros2/matlab_msg_gen/win64/install/include/driverless_msgs/srv/select_mission__rosidl_typesupport_introspection_cpp.hpp
  -- Up-to-date: C:/Users/PLASMINFORGE/Documents/MATLAB_Thesis/geometry2-ros2/matlab_msg_gen/win64/install/include/driverless_msgs/srv/select_mission__type_support.cpp
  -- Up-to-date: C:/Users/PLASMINFORGE/Documents/MATLAB_Thesis/geometry2-ros2/matlab_msg_gen/win64/install/lib/driverless_msgs__rosidl_typesupport_introspection_cpp.lib
  -- Up-to-date: C:/Users/PLASMINFORGE/Documents/MATLAB_Thesis/geometry2-ros2/matlab_msg_gen/win64/install/bin/driverless_msgs__rosidl_typesupport_introspection_cpp.dll
  -- Up-to-date: C:/Users/PLASMINFORGE/Documents/MATLAB_Thesis/geometry2-ros2/matlab_msg_gen/win64/install/share/driverless_msgs/environment/pythonpath.bat
  -- Installing: C:/Users/PLASMINFORGE/Documents/MATLAB_Thesis/geometry2-ros2/matlab_msg_gen/win64/install/Lib/site-packages/driverless_msgs/__init__.py
  Compiling 'C:/Users/PLASMINFORGE/Documents/MATLAB_Thesis/geometry2-ros2/matlab_msg_gen/win64/install/Lib/site-packages/driverless_msgs/__init__.py'...
  -- Up-to-date: C:/Users/PLASMINFORGE/Documents/MATLAB_Thesis/geometry2-ros2/matlab_msg_gen/win64/install/Lib/site-packages/driverless_msgs/msg
  -- Up-to-date: C:/Users/PLASMINFORGE/Documents/MATLAB_Thesis/geometry2-ros2/matlab_msg_gen/win64/install/Lib/site-packages/driverless_msgs/msg/_can.py
  -- Up-to-date: C:/Users/PLASMINFORGE/Documents/MATLAB_Thesis/geometry2-ros2/matlab_msg_gen/win64/install/Lib/site-packages/driverless_msgs/msg/_can_s.c
  -- Up-to-date: C:/Users/PLASMINFORGE/Documents/MATLAB_Thesis/geometry2-ros2/matlab_msg_gen/win64/install/Lib/site-packages/driverless_msgs/msg/_cone.py
  -- Up-to-date: C:/Users/PLASMINFORGE/Documents/MATLAB_Thesis/geometry2-ros2/matlab_msg_gen/win64/install/Lib/site-packages/driverless_msgs/msg/_cone_detection_stamped.py
  -- Up-to-date: C:/Users/PLASMINFORGE/Documents/MATLAB_Thesis/geometry2-ros2/matlab_msg_gen/win64/install/Lib/site-packages/driverless_msgs/msg/_cone_detection_stamped_s.c
  -- Up-to-date: C:/Users/PLASMINFORGE/Documents/MATLAB_Thesis/geometry2-ros2/matlab_msg_gen/win64/install/Lib/site-packages/driverless_msgs/msg/_cone_s.c
  -- Up-to-date: C:/Users/PLASMINFORGE/Documents/MATLAB_Thesis/geometry2-ros2/matlab_msg_gen/win64/install/Lib/site-packages/driverless_msgs/msg/_cone_with_covariance.py
  -- Up-to-date: C:/Users/PLASMINFORGE/Documents/MATLAB_Thesis/geometry2-ros2/matlab_msg_gen/win64/install/Lib/site-packages/driverless_msgs/msg/_cone_with_covariance_s.c
  -- Up-to-date: C:/Users/PLASMINFORGE/Documents/MATLAB_Thesis/geometry2-ros2/matlab_msg_gen/win64/install/Lib/site-packages/driverless_msgs/msg/_mpc_centerline.py
  -- Up-to-date: C:/Users/PLASMINFORGE/Documents/MATLAB_Thesis/geometry2-ros2/matlab_msg_gen/win64/install/Lib/site-packages/driverless_msgs/msg/_mpc_centerline_s.c
  -- Up-to-date: C:/Users/PLASMINFORGE/Documents/MATLAB_Thesis/geometry2-ros2/matlab_msg_gen/win64/install/Lib/site-packages/driverless_msgs/msg/_mpc_path_point.py
  -- Up-to-date: C:/Users/PLASMINFORGE/Documents/MATLAB_Thesis/geometry2-ros2/matlab_msg_gen/win64/install/Lib/site-packages/driverless_msgs/msg/_mpc_path_point_s.c
  -- Up-to-date: C:/Users/PLASMINFORGE/Documents/MATLAB_Thesis/geometry2-ros2/matlab_msg_gen/win64/install/Lib/site-packages/driverless_msgs/msg/_mpc_state.py
  -- Up-to-date: C:/Users/PLASMINFORGE/Documents/MATLAB_Thesis/geometry2-ros2/matlab_msg_gen/win64/install/Lib/site-packages/driverless_msgs/msg/_mpc_state_s.c
  -- Up-to-date: C:/Users/PLASMINFORGE/Documents/MATLAB_Thesis/geometry2-ros2/matlab_msg_gen/win64/install/Lib/site-packages/driverless_msgs/msg/_path_point.py
  -- Up-to-date: C:/Users/PLASMINFORGE/Documents/MATLAB_Thesis/geometry2-ros2/matlab_msg_gen/win64/install/Lib/site-packages/driverless_msgs/msg/_path_point_s.c
  -- Up-to-date: C:/Users/PLASMINFORGE/Documents/MATLAB_Thesis/geometry2-ros2/matlab_msg_gen/win64/install/Lib/site-packages/driverless_msgs/msg/_path_stamped.py
  -- Up-to-date: C:/Users/PLASMINFORGE/Documents/MATLAB_Thesis/geometry2-ros2/matlab_msg_gen/win64/install/Lib/site-packages/driverless_msgs/msg/_path_stamped_s.c
  -- Up-to-date: C:/Users/PLASMINFORGE/Documents/MATLAB_Thesis/geometry2-ros2/matlab_msg_gen/win64/install/Lib/site-packages/driverless_msgs/msg/_res.py
  -- Up-to-date: C:/Users/PLASMINFORGE/Documents/MATLAB_Thesis/geometry2-ros2/matlab_msg_gen/win64/install/Lib/site-packages/driverless_msgs/msg/_reset.py
  -- Up-to-date: C:/Users/PLASMINFORGE/Documents/MATLAB_Thesis/geometry2-ros2/matlab_msg_gen/win64/install/Lib/site-packages/driverless_msgs/msg/_reset_s.c
  -- Up-to-date: C:/Users/PLASMINFORGE/Documents/MATLAB_Thesis/geometry2-ros2/matlab_msg_gen/win64/install/Lib/site-packages/driverless_msgs/msg/_res_s.c
  -- Up-to-date: C:/Users/PLASMINFORGE/Documents/MATLAB_Thesis/geometry2-ros2/matlab_msg_gen/win64/install/Lib/site-packages/driverless_msgs/msg/_track_detection_stamped.py
  -- Up-to-date: C:/Users/PLASMINFORGE/Documents/MATLAB_Thesis/geometry2-ros2/matlab_msg_gen/win64/install/Lib/site-packages/driverless_msgs/msg/_track_detection_stamped_s.c
  -- Up-to-date: C:/Users/PLASMINFORGE/Documents/MATLAB_Thesis/geometry2-ros2/matlab_msg_gen/win64/install/Lib/site-packages/driverless_msgs/msg/__init__.py
  -- Up-to-date: C:/Users/PLASMINFORGE/Documents/MATLAB_Thesis/geometry2-ros2/matlab_msg_gen/win64/install/Lib/site-packages/driverless_msgs/srv
  -- Up-to-date: C:/Users/PLASMINFORGE/Documents/MATLAB_Thesis/geometry2-ros2/matlab_msg_gen/win64/install/Lib/site-packages/driverless_msgs/srv/_select_mission.py
  -- Up-to-date: C:/Users/PLASMINFORGE/Documents/MATLAB_Thesis/geometry2-ros2/matlab_msg_gen/win64/install/Lib/site-packages/driverless_msgs/srv/_select_mission_s.c
  -- Up-to-date: C:/Users/PLASMINFORGE/Documents/MATLAB_Thesis/geometry2-ros2/matlab_msg_gen/win64/install/Lib/site-packages/driverless_msgs/srv/__init__.py
  -- Up-to-date: C:/Users/PLASMINFORGE/Documents/MATLAB_Thesis/geometry2-ros2/matlab_msg_gen/win64/install/Lib/site-packages/driverless_msgs/driverless_msgs_s__rosidl_typesupport_c.lib
  -- Up-to-date: C:/Users/PLASMINFORGE/Documents/MATLAB_Thesis/geometry2-ros2/matlab_msg_gen/win64/install/Lib/site-packages/driverless_msgs/driverless_msgs_s__rosidl_typesupport_c.pyd
  -- Up-to-date: C:/Users/PLASMINFORGE/Documents/MATLAB_Thesis/geometry2-ros2/matlab_msg_gen/win64/install/Lib/site-packages/driverless_msgs/driverless_msgs_s__rosidl_typesupport_fastrtps_c.lib
  -- Up-to-date: C:/Users/PLASMINFORGE/Documents/MATLAB_Thesis/geometry2-ros2/matlab_msg_gen/win64/install/Lib/site-packages/driverless_msgs/driverless_msgs_s__rosidl_typesupport_fastrtps_c.pyd
  -- Up-to-date: C:/Users/PLASMINFORGE/Documents/MATLAB_Thesis/geometry2-ros2/matlab_msg_gen/win64/install/Lib/site-packages/driverless_msgs/driverless_msgs_s__rosidl_typesupport_introspection_c.lib
  -- Up-to-date: C:/Users/PLASMINFORGE/Documents/MATLAB_Thesis/geometry2-ros2/matlab_msg_gen/win64/install/Lib/site-packages/driverless_msgs/driverless_msgs_s__rosidl_typesupport_introspection_c.pyd
  -- Up-to-date: C:/Users/PLASMINFORGE/Documents/MATLAB_Thesis/geometry2-ros2/matlab_msg_gen/win64/install/lib/driverless_msgs__python.lib
  -- Up-to-date: C:/Users/PLASMINFORGE/Documents/MATLAB_Thesis/geometry2-ros2/matlab_msg_gen/win64/install/bin/driverless_msgs__python.dll
  -- Up-to-date: C:/Users/PLASMINFORGE/Documents/MATLAB_Thesis/geometry2-ros2/matlab_msg_gen/win64/install/share/driverless_msgs/msg/Can.idl
  -- Up-to-date: C:/Users/PLASMINFORGE/Documents/MATLAB_Thesis/geometry2-ros2/matlab_msg_gen/win64/install/share/driverless_msgs/msg/Cone.idl
  -- Up-to-date: C:/Users/PLASMINFORGE/Documents/MATLAB_Thesis/geometry2-ros2/matlab_msg_gen/win64/install/share/driverless_msgs/msg/ConeDetectionStamped.idl
  -- Up-to-date: C:/Users/PLASMINFORGE/Documents/MATLAB_Thesis/geometry2-ros2/matlab_msg_gen/win64/install/share/driverless_msgs/msg/ConeWithCovariance.idl
  -- Up-to-date: C:/Users/PLASMINFORGE/Documents/MATLAB_Thesis/geometry2-ros2/matlab_msg_gen/win64/install/share/driverless_msgs/msg/MPCCenterline.idl
  -- Up-to-date: C:/Users/PLASMINFORGE/Documents/MATLAB_Thesis/geometry2-ros2/matlab_msg_gen/win64/install/share/driverless_msgs/msg/MPCPathPoint.idl
  -- Up-to-date: C:/Users/PLASMINFORGE/Documents/MATLAB_Thesis/geometry2-ros2/matlab_msg_gen/win64/install/share/driverless_msgs/msg/MPCState.idl
  -- Up-to-date: C:/Users/PLASMINFORGE/Documents/MATLAB_Thesis/geometry2-ros2/matlab_msg_gen/win64/install/share/driverless_msgs/msg/PathPoint.idl
  -- Up-to-date: C:/Users/PLASMINFORGE/Documents/MATLAB_Thesis/geometry2-ros2/matlab_msg_gen/win64/install/share/driverless_msgs/msg/PathStamped.idl
  -- Up-to-date: C:/Users/PLASMINFORGE/Documents/MATLAB_Thesis/geometry2-ros2/matlab_msg_gen/win64/install/share/driverless_msgs/msg/RES.idl
  -- Up-to-date: C:/Users/PLASMINFORGE/Documents/MATLAB_Thesis/geometry2-ros2/matlab_msg_gen/win64/install/share/driverless_msgs/msg/Reset.idl
  -- Up-to-date: C:/Users/PLASMINFORGE/Documents/MATLAB_Thesis/geometry2-ros2/matlab_msg_gen/win64/install/share/driverless_msgs/msg/TrackDetectionStamped.idl
  -- Up-to-date: C:/Users/PLASMINFORGE/Documents/MATLAB_Thesis/geometry2-ros2/matlab_msg_gen/win64/install/share/driverless_msgs/srv/SelectMission.idl
  -- Up-to-date: C:/Users/PLASMINFORGE/Documents/MATLAB_Thesis/geometry2-ros2/matlab_msg_gen/win64/install/share/driverless_msgs/msg/Can.msg
  -- Up-to-date: C:/Users/PLASMINFORGE/Documents/MATLAB_Thesis/geometry2-ros2/matlab_msg_gen/win64/install/share/driverless_msgs/msg/Cone.msg
  -- Up-to-date: C:/Users/PLASMINFORGE/Documents/MATLAB_Thesis/geometry2-ros2/matlab_msg_gen/win64/install/share/driverless_msgs/msg/ConeDetectionStamped.msg
  -- Up-to-date: C:/Users/PLASMINFORGE/Documents/MATLAB_Thesis/geometry2-ros2/matlab_msg_gen/win64/install/share/driverless_msgs/msg/ConeWithCovariance.msg
  -- Up-to-date: C:/Users/PLASMINFORGE/Documents/MATLAB_Thesis/geometry2-ros2/matlab_msg_gen/win64/install/share/driverless_msgs/msg/MPCCenterline.msg
  -- Up-to-date: C:/Users/PLASMINFORGE/Documents/MATLAB_Thesis/geometry2-ros2/matlab_msg_gen/win64/install/share/driverless_msgs/msg/MPCPathPoint.msg
  -- Up-to-date: C:/Users/PLASMINFORGE/Documents/MATLAB_Thesis/geometry2-ros2/matlab_msg_gen/win64/install/share/driverless_msgs/msg/MPCState.msg
  -- Up-to-date: C:/Users/PLASMINFORGE/Documents/MATLAB_Thesis/geometry2-ros2/matlab_msg_gen/win64/install/share/driverless_msgs/msg/PathPoint.msg
  -- Up-to-date: C:/Users/PLASMINFORGE/Documents/MATLAB_Thesis/geometry2-ros2/matlab_msg_gen/win64/install/share/driverless_msgs/msg/PathStamped.msg
  -- Up-to-date: C:/Users/PLASMINFORGE/Documents/MATLAB_Thesis/geometry2-ros2/matlab_msg_gen/win64/install/share/driverless_msgs/msg/RES.msg
  -- Up-to-date: C:/Users/PLASMINFORGE/Documents/MATLAB_Thesis/geometry2-ros2/matlab_msg_gen/win64/install/share/driverless_msgs/msg/Reset.msg
  -- Up-to-date: C:/Users/PLASMINFORGE/Documents/MATLAB_Thesis/geometry2-ros2/matlab_msg_gen/win64/install/share/driverless_msgs/msg/TrackDetectionStamped.msg
  -- Up-to-date: C:/Users/PLASMINFORGE/Documents/MATLAB_Thesis/geometry2-ros2/matlab_msg_gen/win64/install/share/driverless_msgs/srv/SelectMission.srv
  -- Up-to-date: C:/Users/PLASMINFORGE/Documents/MATLAB_Thesis/geometry2-ros2/matlab_msg_gen/win64/install/share/driverless_msgs/srv/SelectMission_Request.msg
  -- Up-to-date: C:/Users/PLASMINFORGE/Documents/MATLAB_Thesis/geometry2-ros2/matlab_msg_gen/win64/install/share/driverless_msgs/srv/SelectMission_Response.msg
  -- Up-to-date: C:/Users/PLASMINFORGE/Documents/MATLAB_Thesis/geometry2-ros2/matlab_msg_gen/win64/install/include
  -- Up-to-date: C:/Users/PLASMINFORGE/Documents/MATLAB_Thesis/geometry2-ros2/matlab_msg_gen/win64/install/include/driverless_msgs
  -- Up-to-date: C:/Users/PLASMINFORGE/Documents/MATLAB_Thesis/geometry2-ros2/matlab_msg_gen/win64/install/include/driverless_msgs/visibility_control.h
  -- Up-to-date: C:/Users/PLASMINFORGE/Documents/MATLAB_Thesis/geometry2-ros2/matlab_msg_gen/win64/install/lib/driverless_msgs_matlab.lib
  -- Up-to-date: C:/Users/PLASMINFORGE/Documents/MATLAB_Thesis/geometry2-ros2/matlab_msg_gen/win64/install/bin/driverless_msgs_matlab.dll
  -- Up-to-date: C:/Users/PLASMINFORGE/Documents/MATLAB_Thesis/geometry2-ros2/matlab_msg_gen/win64/install/m/
  -- Up-to-date: C:/Users/PLASMINFORGE/Documents/MATLAB_Thesis/geometry2-ros2/matlab_msg_gen/win64/install/m//+ros
  -- Up-to-date: C:/Users/PLASMINFORGE/Documents/MATLAB_Thesis/geometry2-ros2/matlab_msg_gen/win64/install/m//+ros/+internal
  -- Up-to-date: C:/Users/PLASMINFORGE/Documents/MATLAB_Thesis/geometry2-ros2/matlab_msg_gen/win64/install/m//+ros/+internal/+ros2
  -- Up-to-date: C:/Users/PLASMINFORGE/Documents/MATLAB_Thesis/geometry2-ros2/matlab_msg_gen/win64/install/m//+ros/+internal/+ros2/+custommessages
  -- Up-to-date: C:/Users/PLASMINFORGE/Documents/MATLAB_Thesis/geometry2-ros2/matlab_msg_gen/win64/install/m//+ros/+internal/+ros2/+custommessages/+driverless_msgs
  -- Up-to-date: C:/Users/PLASMINFORGE/Documents/MATLAB_Thesis/geometry2-ros2/matlab_msg_gen/win64/install/m//+ros/+internal/+ros2/+custommessages/+driverless_msgs/can.m
  -- Up-to-date: C:/Users/PLASMINFORGE/Documents/MATLAB_Thesis/geometry2-ros2/matlab_msg_gen/win64/install/m//+ros/+internal/+ros2/+custommessages/+driverless_msgs/cone.m
  -- Up-to-date: C:/Users/PLASMINFORGE/Documents/MATLAB_Thesis/geometry2-ros2/matlab_msg_gen/win64/install/m//+ros/+internal/+ros2/+custommessages/+driverless_msgs/coneDetectionStamped.m
  -- Up-to-date: C:/Users/PLASMINFORGE/Documents/MATLAB_Thesis/geometry2-ros2/matlab_msg_gen/win64/install/m//+ros/+internal/+ros2/+custommessages/+driverless_msgs/coneWithCovariance.m
  -- Up-to-date: C:/Users/PLASMINFORGE/Documents/MATLAB_Thesis/geometry2-ros2/matlab_msg_gen/win64/install/m//+ros/+internal/+ros2/+custommessages/+driverless_msgs/driverless_msgs_msg_Can_1To2_Converter.m
  -- Up-to-date: C:/Users/PLASMINFORGE/Documents/MATLAB_Thesis/geometry2-ros2/matlab_msg_gen/win64/install/m//+ros/+internal/+ros2/+custommessages/+driverless_msgs/driverless_msgs_msg_Can_2To1_Converter.m
  -- Up-to-date: C:/Users/PLASMINFORGE/Documents/MATLAB_Thesis/geometry2-ros2/matlab_msg_gen/win64/install/m//+ros/+internal/+ros2/+custommessages/+driverless_msgs/driverless_msgs_msg_ConeDetectionStamped_1To2_Converter.m
  -- Up-to-date: C:/Users/PLASMINFORGE/Documents/MATLAB_Thesis/geometry2-ros2/matlab_msg_gen/win64/install/m//+ros/+internal/+ros2/+custommessages/+driverless_msgs/driverless_msgs_msg_ConeDetectionStamped_2To1_Converter.m
  -- Up-to-date: C:/Users/PLASMINFORGE/Documents/MATLAB_Thesis/geometry2-ros2/matlab_msg_gen/win64/install/m//+ros/+internal/+ros2/+custommessages/+driverless_msgs/driverless_msgs_msg_ConeWithCovariance_1To2_Converter.m
  -- Up-to-date: C:/Users/PLASMINFORGE/Documents/MATLAB_Thesis/geometry2-ros2/matlab_msg_gen/win64/install/m//+ros/+internal/+ros2/+custommessages/+driverless_msgs/driverless_msgs_msg_ConeWithCovariance_2To1_Converter.m
  -- Up-to-date: C:/Users/PLASMINFORGE/Documents/MATLAB_Thesis/geometry2-ros2/matlab_msg_gen/win64/install/m//+ros/+internal/+ros2/+custommessages/+driverless_msgs/driverless_msgs_msg_Cone_1To2_Converter.m
  -- Up-to-date: C:/Users/PLASMINFORGE/Documents/MATLAB_Thesis/geometry2-ros2/matlab_msg_gen/win64/install/m//+ros/+internal/+ros2/+custommessages/+driverless_msgs/driverless_msgs_msg_Cone_2To1_Converter.m
  -- Up-to-date: C:/Users/PLASMINFORGE/Documents/MATLAB_Thesis/geometry2-ros2/matlab_msg_gen/win64/install/m//+ros/+internal/+ros2/+custommessages/+driverless_msgs/driverless_msgs_msg_MPCCenterline_1To2_Converter.m
  -- Up-to-date: C:/Users/PLASMINFORGE/Documents/MATLAB_Thesis/geometry2-ros2/matlab_msg_gen/win64/install/m//+ros/+internal/+ros2/+custommessages/+driverless_msgs/driverless_msgs_msg_MPCCenterline_2To1_Converter.m
  -- Up-to-date: C:/Users/PLASMINFORGE/Documents/MATLAB_Thesis/geometry2-ros2/matlab_msg_gen/win64/install/m//+ros/+internal/+ros2/+custommessages/+driverless_msgs/driverless_msgs_msg_MPCPathPoint_1To2_Converter.m
  -- Up-to-date: C:/Users/PLASMINFORGE/Documents/MATLAB_Thesis/geometry2-ros2/matlab_msg_gen/win64/install/m//+ros/+internal/+ros2/+custommessages/+driverless_msgs/driverless_msgs_msg_MPCPathPoint_2To1_Converter.m
  -- Up-to-date: C:/Users/PLASMINFORGE/Documents/MATLAB_Thesis/geometry2-ros2/matlab_msg_gen/win64/install/m//+ros/+internal/+ros2/+custommessages/+driverless_msgs/driverless_msgs_msg_MPCState_1To2_Converter.m
  -- Up-to-date: C:/Users/PLASMINFORGE/Documents/MATLAB_Thesis/geometry2-ros2/matlab_msg_gen/win64/install/m//+ros/+internal/+ros2/+custommessages/+driverless_msgs/driverless_msgs_msg_MPCState_2To1_Converter.m
  -- Up-to-date: C:/Users/PLASMINFORGE/Documents/MATLAB_Thesis/geometry2-ros2/matlab_msg_gen/win64/install/m//+ros/+internal/+ros2/+custommessages/+driverless_msgs/driverless_msgs_msg_PathPoint_1To2_Converter.m
  -- Up-to-date: C:/Users/PLASMINFORGE/Documents/MATLAB_Thesis/geometry2-ros2/matlab_msg_gen/win64/install/m//+ros/+internal/+ros2/+custommessages/+driverless_msgs/driverless_msgs_msg_PathPoint_2To1_Converter.m
  -- Up-to-date: C:/Users/PLASMINFORGE/Documents/MATLAB_Thesis/geometry2-ros2/matlab_msg_gen/win64/install/m//+ros/+internal/+ros2/+custommessages/+driverless_msgs/driverless_msgs_msg_PathStamped_1To2_Converter.m
  -- Up-to-date: C:/Users/PLASMINFORGE/Documents/MATLAB_Thesis/geometry2-ros2/matlab_msg_gen/win64/install/m//+ros/+internal/+ros2/+custommessages/+driverless_msgs/driverless_msgs_msg_PathStamped_2To1_Converter.m
  -- Up-to-date: C:/Users/PLASMINFORGE/Documents/MATLAB_Thesis/geometry2-ros2/matlab_msg_gen/win64/install/m//+ros/+internal/+ros2/+custommessages/+driverless_msgs/driverless_msgs_msg_Reset_1To2_Converter.m
  -- Up-to-date: C:/Users/PLASMINFORGE/Documents/MATLAB_Thesis/geometry2-ros2/matlab_msg_gen/win64/install/m//+ros/+internal/+ros2/+custommessages/+driverless_msgs/driverless_msgs_msg_Reset_2To1_Converter.m
  -- Up-to-date: C:/Users/PLASMINFORGE/Documents/MATLAB_Thesis/geometry2-ros2/matlab_msg_gen/win64/install/m//+ros/+internal/+ros2/+custommessages/+driverless_msgs/driverless_msgs_msg_RES_1To2_Converter.m
  -- Up-to-date: C:/Users/PLASMINFORGE/Documents/MATLAB_Thesis/geometry2-ros2/matlab_msg_gen/win64/install/m//+ros/+internal/+ros2/+custommessages/+driverless_msgs/driverless_msgs_msg_RES_2To1_Converter.m
  -- Up-to-date: C:/Users/PLASMINFORGE/Documents/MATLAB_Thesis/geometry2-ros2/matlab_msg_gen/win64/install/m//+ros/+internal/+ros2/+custommessages/+driverless_msgs/driverless_msgs_msg_TrackDetectionStamped_1To2_Converter.m
  -- Up-to-date: C:/Users/PLASMINFORGE/Documents/MATLAB_Thesis/geometry2-ros2/matlab_msg_gen/win64/install/m//+ros/+internal/+ros2/+custommessages/+driverless_msgs/driverless_msgs_msg_TrackDetectionStamped_2To1_Converter.m
  -- Up-to-date: C:/Users/PLASMINFORGE/Documents/MATLAB_Thesis/geometry2-ros2/matlab_msg_gen/win64/install/m//+ros/+internal/+ros2/+custommessages/+driverless_msgs/mPCCenterline.m
  -- Up-to-date: C:/Users/PLASMINFORGE/Documents/MATLAB_Thesis/geometry2-ros2/matlab_msg_gen/win64/install/m//+ros/+internal/+ros2/+custommessages/+driverless_msgs/mPCPathPoint.m
  -- Up-to-date: C:/Users/PLASMINFORGE/Documents/MATLAB_Thesis/geometry2-ros2/matlab_msg_gen/win64/install/m//+ros/+internal/+ros2/+custommessages/+driverless_msgs/mPCState.m
  -- Up-to-date: C:/Users/PLASMINFORGE/Documents/MATLAB_Thesis/geometry2-ros2/matlab_msg_gen/win64/install/m//+ros/+internal/+ros2/+custommessages/+driverless_msgs/pathPoint.m
  -- Up-to-date: C:/Users/PLASMINFORGE/Documents/MATLAB_Thesis/geometry2-ros2/matlab_msg_gen/win64/install/m//+ros/+internal/+ros2/+custommessages/+driverless_msgs/pathStamped.m
  -- Up-to-date: C:/Users/PLASMINFORGE/Documents/MATLAB_Thesis/geometry2-ros2/matlab_msg_gen/win64/install/m//+ros/+internal/+ros2/+custommessages/+driverless_msgs/rES.m
  -- Up-to-date: C:/Users/PLASMINFORGE/Documents/MATLAB_Thesis/geometry2-ros2/matlab_msg_gen/win64/install/m//+ros/+internal/+ros2/+custommessages/+driverless_msgs/reset.m
  -- Up-to-date: C:/Users/PLASMINFORGE/Documents/MATLAB_Thesis/geometry2-ros2/matlab_msg_gen/win64/install/m//+ros/+internal/+ros2/+custommessages/+driverless_msgs/selectMissionRequest.m
  -- Up-to-date: C:/Users/PLASMINFORGE/Documents/MATLAB_Thesis/geometry2-ros2/matlab_msg_gen/win64/install/m//+ros/+internal/+ros2/+custommessages/+driverless_msgs/selectMissionResponse.m
  -- Up-to-date: C:/Users/PLASMINFORGE/Documents/MATLAB_Thesis/geometry2-ros2/matlab_msg_gen/win64/install/m//+ros/+internal/+ros2/+custommessages/+driverless_msgs/trackDetectionStamped.m
  -- Up-to-date: C:/Users/PLASMINFORGE/Documents/MATLAB_Thesis/geometry2-ros2/matlab_msg_gen/win64/install/share/ament_index/resource_index/package_run_dependencies/driverless_msgs
  -- Up-to-date: C:/Users/PLASMINFORGE/Documents/MATLAB_Thesis/geometry2-ros2/matlab_msg_gen/win64/install/share/ament_index/resource_index/parent_prefix_path/driverless_msgs
  -- Up-to-date: C:/Users/PLASMINFORGE/Documents/MATLAB_Thesis/geometry2-ros2/matlab_msg_gen/win64/install/share/driverless_msgs/environment/ament_prefix_path.bat
  -- Up-to-date: C:/Users/PLASMINFORGE/Documents/MATLAB_Thesis/geometry2-ros2/matlab_msg_gen/win64/install/share/driverless_msgs/environment/path.bat
  -- Up-to-date: C:/Users/PLASMINFORGE/Documents/MATLAB_Thesis/geometry2-ros2/matlab_msg_gen/win64/install/share/driverless_msgs/local_setup.bat
  -- Up-to-date: C:/Users/PLASMINFORGE/Documents/MATLAB_Thesis/geometry2-ros2/matlab_msg_gen/win64/install/share/ament_index/resource_index/packages/driverless_msgs
  -- Up-to-date: C:/Users/PLASMINFORGE/Documents/MATLAB_Thesis/geometry2-ros2/matlab_msg_gen/win64/install/share/driverless_msgs/cmake/rosidl_cmake-extras.cmake
  -- Up-to-date: C:/Users/PLASMINFORGE/Documents/MATLAB_Thesis/geometry2-ros2/matlab_msg_gen/win64/install/share/driverless_msgs/cmake/ament_cmake_export_dependencies-extras.cmake
  -- Up-to-date: C:/Users/PLASMINFORGE/Documents/MATLAB_Thesis/geometry2-ros2/matlab_msg_gen/win64/install/share/driverless_msgs/cmake/ament_cmake_export_libraries-extras.cmake
  -- Up-to-date: C:/Users/PLASMINFORGE/Documents/MATLAB_Thesis/geometry2-ros2/matlab_msg_gen/win64/install/share/driverless_msgs/cmake/ament_cmake_export_include_directories-extras.cmake
  -- Up-to-date: C:/Users/PLASMINFORGE/Documents/MATLAB_Thesis/geometry2-ros2/matlab_msg_gen/win64/install/share/driverless_msgs/cmake/driverless_msgsConfig.cmake
  -- Up-to-date: C:/Users/PLASMINFORGE/Documents/MATLAB_Thesis/geometry2-ros2/matlab_msg_gen/win64/install/share/driverless_msgs/cmake/driverless_msgsConfig-version.cmake
  -- Installing: C:/Users/PLASMINFORGE/Documents/MATLAB_Thesis/geometry2-ros2/matlab_msg_gen/win64/install/share/driverless_msgs/package.xml
FinalizeBuildStatus:
  Deleting file "x64\Release\INSTALL\INSTALL.tlog\unsuccessfulbuild".
  Touching "x64\Release\INSTALL\INSTALL.tlog\INSTALL.lastbuildstate".
Done Building Project "C:\Users\PLASMINFORGE\Documents\MATLAB_Thesis\geometry2-ros2\matlab_msg_gen\win64\build\driverless_msgs\INSTALL.vcxproj" (default targets).

Build succeeded.
    0 Warning(s)
    0 Error(s)

Time Elapsed 00:00:04.67
Invoked command in 'None' returned '0': CommonProgramFiles=%CommonProgramFiles%
CommonProgramFiles(x86)=C:\Program Files (x86)\Common Files ProgramFiles=%ProgramFiles%
ProgramFiles(x86)=C:\Program Files (x86) C:\Program Files (x86)\Microsoft Visual Studio\2019\Community\\MSBuild\Current\Bin\msbuild.EXE /p:Configuration=Release C:\Users\PLASMINFORGE\Documents\MATLAB_Thesis\geometry2-ros2\matlab_msg_gen\win64\build\driverless_msgs\INSTALL.vcxproj
