[1.164s] [34mcolcon[0m [30mDEBUG[0m [32mCommand line arguments: ['C:\\Users\\PLASMINFORGE\\AppData\\Roaming\\MathWorks\\MATLAB\\R2021b\\ros2\\win64\\venv\\Scripts\\colcon', 'build', '--merge-install', '--cmake-args', '-G', 'Ninja', '--cmake-args', '-DCMAKE_BUILD_TYPE=Release', '-DBUILD_TESTING=OFF', '-DCMAKE_CXX_COMPILER=cl.exe', '-DCMAKE_C_COMPILER=cl.exe', '-DCMAKE_LINKER=link.exe', '-DMSVC_TOOLSET_VERSION=141', '-DCMAKE_CXX_FLAGS_RELEASE=/MD /Od /Ob2 /DNDEBUG'][0m
[1.164s] [34mcolcon[0m [30mDEBUG[0m [32mParsed command line arguments: Namespace(ament_cmake_args=None, base_paths='.', build_base='build', catkin_cmake_args=None, catkin_skip_building_tests=False, cmake_args=['-DCMAKE_BUILD_TYPE=Release', '-DBUILD_TESTING=OFF', '-DCMAKE_CXX_COMPILER=cl.exe', '-DCMAKE_C_COMPILER=cl.exe', '-DCMAKE_LINKER=link.exe', '-DMSVC_TOOLSET_VERSION=141', '-DCMAKE_CXX_FLAGS_RELEASE=/MD /Od /Ob2 /DNDEBUG'], cmake_clean_cache=False, cmake_clean_first=False, cmake_force_configure=False, cmake_target=None, cmake_target_skip_unavailable=False, continue_on_error=False, event_handlers=None, executor='parallel', ignore_user_meta=False, install_base='install', log_base='log', log_level=None, main=<bound method BuildVerb.main of <colcon_core.verb.build.BuildVerb object at 0x00000254E9F68D08>>, merge_install=True, metas='./colcon.meta', packages_above=None, packages_above_depth=None, packages_end=None, packages_ignore=None, packages_ignore_regex=None, packages_select=None, packages_select_build_failed=False, packages_select_by_dep=None, packages_select_regex=None, packages_select_test_failures=False, packages_skip=None, packages_skip_build_finished=False, packages_skip_by_dep=None, packages_skip_regex=None, packages_skip_test_passed=False, packages_skip_up_to=None, packages_start=None, packages_up_to=None, parallel_workers=8, paths=None, symlink_install=False, test_result_base=None, verb_extension=<colcon_core.verb.build.BuildVerb object at 0x00000254E9F68D08>, verb_name='build', verb_parser=<colcon_defaults.argument_parser.defaults.DefaultArgumentsDecorator object at 0x00000254E9F6C308>)[0m
[1.336s] [34mcolcon.colcon_core.package_discovery[0m [30mLevel 1[0m discover_packages(colcon_meta) check parameters
[1.337s] [34mcolcon.colcon_core.package_discovery[0m [30mLevel 1[0m discover_packages(recursive) check parameters
[1.337s] [34mcolcon.colcon_core.package_discovery[0m [30mLevel 1[0m discover_packages(ignore) check parameters
[1.337s] [34mcolcon.colcon_core.package_discovery[0m [30mLevel 1[0m discover_packages(path) check parameters
[1.337s] [34mcolcon.colcon_core.package_discovery[0m [30mLevel 1[0m discover_packages(recursive) discover
[1.337s] [34mcolcon.colcon_core.package_discovery[0m [30mINFO[0m Crawling recursively for packages in 'C:\Users\PLASMINFORGE\Documents\Spacial-MPC\geometry2-ros2\matlab_msg_gen\win64'
[1.338s] [34mcolcon.colcon_core.package_identification[0m [30mLevel 1[0m _identify(C:\Users\PLASMINFORGE\Documents\Spacial-MPC\geometry2-ros2\matlab_msg_gen\win64) by extensions ['ignore', 'ignore_ament_install']
[1.338s] [34mcolcon.colcon_core.package_identification[0m [30mLevel 1[0m _identify(C:\Users\PLASMINFORGE\Documents\Spacial-MPC\geometry2-ros2\matlab_msg_gen\win64) by extension 'ignore'
[1.338s] [34mcolcon.colcon_core.package_identification[0m [30mLevel 1[0m _identify(C:\Users\PLASMINFORGE\Documents\Spacial-MPC\geometry2-ros2\matlab_msg_gen\win64) by extension 'ignore_ament_install'
[1.338s] [34mcolcon.colcon_core.package_identification[0m [30mLevel 1[0m _identify(C:\Users\PLASMINFORGE\Documents\Spacial-MPC\geometry2-ros2\matlab_msg_gen\win64) by extensions ['colcon_pkg']
[1.339s] [34mcolcon.colcon_core.package_identification[0m [30mLevel 1[0m _identify(C:\Users\PLASMINFORGE\Documents\Spacial-MPC\geometry2-ros2\matlab_msg_gen\win64) by extension 'colcon_pkg'
[1.339s] [34mcolcon.colcon_core.package_identification[0m [30mLevel 1[0m _identify(C:\Users\PLASMINFORGE\Documents\Spacial-MPC\geometry2-ros2\matlab_msg_gen\win64) by extensions ['colcon_meta']
[1.339s] [34mcolcon.colcon_core.package_identification[0m [30mLevel 1[0m _identify(C:\Users\PLASMINFORGE\Documents\Spacial-MPC\geometry2-ros2\matlab_msg_gen\win64) by extension 'colcon_meta'
[1.339s] [34mcolcon.colcon_core.package_identification[0m [30mLevel 1[0m _identify(C:\Users\PLASMINFORGE\Documents\Spacial-MPC\geometry2-ros2\matlab_msg_gen\win64) by extensions ['ros']
[1.339s] [34mcolcon.colcon_core.package_identification[0m [30mLevel 1[0m _identify(C:\Users\PLASMINFORGE\Documents\Spacial-MPC\geometry2-ros2\matlab_msg_gen\win64) by extension 'ros'
[1.361s] [34mcolcon.colcon_core.package_identification[0m [30mLevel 1[0m _identify(C:\Users\PLASMINFORGE\Documents\Spacial-MPC\geometry2-ros2\matlab_msg_gen\win64) by extensions ['cmake', 'python']
[1.361s] [34mcolcon.colcon_core.package_identification[0m [30mLevel 1[0m _identify(C:\Users\PLASMINFORGE\Documents\Spacial-MPC\geometry2-ros2\matlab_msg_gen\win64) by extension 'cmake'
[1.361s] [34mcolcon.colcon_core.package_identification[0m [30mLevel 1[0m _identify(C:\Users\PLASMINFORGE\Documents\Spacial-MPC\geometry2-ros2\matlab_msg_gen\win64) by extension 'python'
[1.361s] [34mcolcon.colcon_core.package_identification[0m [30mLevel 1[0m _identify(C:\Users\PLASMINFORGE\Documents\Spacial-MPC\geometry2-ros2\matlab_msg_gen\win64) by extensions ['python_setup_py']
[1.361s] [34mcolcon.colcon_core.package_identification[0m [30mLevel 1[0m _identify(C:\Users\PLASMINFORGE\Documents\Spacial-MPC\geometry2-ros2\matlab_msg_gen\win64) by extension 'python_setup_py'
[1.362s] [34mcolcon.colcon_core.package_identification[0m [30mLevel 1[0m _identify(C:\Users\PLASMINFORGE\Documents\Spacial-MPC\geometry2-ros2\matlab_msg_gen\win64\build) by extensions ['ignore', 'ignore_ament_install']
[1.362s] [34mcolcon.colcon_core.package_identification[0m [30mLevel 1[0m _identify(C:\Users\PLASMINFORGE\Documents\Spacial-MPC\geometry2-ros2\matlab_msg_gen\win64\build) by extension 'ignore'
[1.362s] [34mcolcon.colcon_core.package_identification[0m [30mLevel 1[0m _identify(C:\Users\PLASMINFORGE\Documents\Spacial-MPC\geometry2-ros2\matlab_msg_gen\win64\build) ignored
[1.362s] [34mcolcon.colcon_core.package_identification[0m [30mLevel 1[0m _identify(C:\Users\PLASMINFORGE\Documents\Spacial-MPC\geometry2-ros2\matlab_msg_gen\win64\install) by extensions ['ignore', 'ignore_ament_install']
[1.362s] [34mcolcon.colcon_core.package_identification[0m [30mLevel 1[0m _identify(C:\Users\PLASMINFORGE\Documents\Spacial-MPC\geometry2-ros2\matlab_msg_gen\win64\install) by extension 'ignore'
[1.362s] [34mcolcon.colcon_core.package_identification[0m [30mLevel 1[0m _identify(C:\Users\PLASMINFORGE\Documents\Spacial-MPC\geometry2-ros2\matlab_msg_gen\win64\install) ignored
[1.362s] [34mcolcon.colcon_core.package_identification[0m [30mLevel 1[0m _identify(C:\Users\PLASMINFORGE\Documents\Spacial-MPC\geometry2-ros2\matlab_msg_gen\win64\log) by extensions ['ignore', 'ignore_ament_install']
[1.363s] [34mcolcon.colcon_core.package_identification[0m [30mLevel 1[0m _identify(C:\Users\PLASMINFORGE\Documents\Spacial-MPC\geometry2-ros2\matlab_msg_gen\win64\log) by extension 'ignore'
[1.363s] [34mcolcon.colcon_core.package_identification[0m [30mLevel 1[0m _identify(C:\Users\PLASMINFORGE\Documents\Spacial-MPC\geometry2-ros2\matlab_msg_gen\win64\log) ignored
[1.363s] [34mcolcon.colcon_core.package_identification[0m [30mLevel 1[0m _identify(C:\Users\PLASMINFORGE\Documents\Spacial-MPC\geometry2-ros2\matlab_msg_gen\win64\src) by extensions ['ignore', 'ignore_ament_install']
[1.363s] [34mcolcon.colcon_core.package_identification[0m [30mLevel 1[0m _identify(C:\Users\PLASMINFORGE\Documents\Spacial-MPC\geometry2-ros2\matlab_msg_gen\win64\src) by extension 'ignore'
[1.363s] [34mcolcon.colcon_core.package_identification[0m [30mLevel 1[0m _identify(C:\Users\PLASMINFORGE\Documents\Spacial-MPC\geometry2-ros2\matlab_msg_gen\win64\src) by extension 'ignore_ament_install'
[1.363s] [34mcolcon.colcon_core.package_identification[0m [30mLevel 1[0m _identify(C:\Users\PLASMINFORGE\Documents\Spacial-MPC\geometry2-ros2\matlab_msg_gen\win64\src) by extensions ['colcon_pkg']
[1.364s] [34mcolcon.colcon_core.package_identification[0m [30mLevel 1[0m _identify(C:\Users\PLASMINFORGE\Documents\Spacial-MPC\geometry2-ros2\matlab_msg_gen\win64\src) by extension 'colcon_pkg'
[1.364s] [34mcolcon.colcon_core.package_identification[0m [30mLevel 1[0m _identify(C:\Users\PLASMINFORGE\Documents\Spacial-MPC\geometry2-ros2\matlab_msg_gen\win64\src) by extensions ['colcon_meta']
[1.364s] [34mcolcon.colcon_core.package_identification[0m [30mLevel 1[0m _identify(C:\Users\PLASMINFORGE\Documents\Spacial-MPC\geometry2-ros2\matlab_msg_gen\win64\src) by extension 'colcon_meta'
[1.364s] [34mcolcon.colcon_core.package_identification[0m [30mLevel 1[0m _identify(C:\Users\PLASMINFORGE\Documents\Spacial-MPC\geometry2-ros2\matlab_msg_gen\win64\src) by extensions ['ros']
[1.364s] [34mcolcon.colcon_core.package_identification[0m [30mLevel 1[0m _identify(C:\Users\PLASMINFORGE\Documents\Spacial-MPC\geometry2-ros2\matlab_msg_gen\win64\src) by extension 'ros'
[1.364s] [34mcolcon.colcon_core.package_identification[0m [30mLevel 1[0m _identify(C:\Users\PLASMINFORGE\Documents\Spacial-MPC\geometry2-ros2\matlab_msg_gen\win64\src) by extensions ['cmake', 'python']
[1.364s] [34mcolcon.colcon_core.package_identification[0m [30mLevel 1[0m _identify(C:\Users\PLASMINFORGE\Documents\Spacial-MPC\geometry2-ros2\matlab_msg_gen\win64\src) by extension 'cmake'
[1.364s] [34mcolcon.colcon_core.package_identification[0m [30mLevel 1[0m _identify(C:\Users\PLASMINFORGE\Documents\Spacial-MPC\geometry2-ros2\matlab_msg_gen\win64\src) by extension 'python'
[1.365s] [34mcolcon.colcon_core.package_identification[0m [30mLevel 1[0m _identify(C:\Users\PLASMINFORGE\Documents\Spacial-MPC\geometry2-ros2\matlab_msg_gen\win64\src) by extensions ['python_setup_py']
[1.365s] [34mcolcon.colcon_core.package_identification[0m [30mLevel 1[0m _identify(C:\Users\PLASMINFORGE\Documents\Spacial-MPC\geometry2-ros2\matlab_msg_gen\win64\src) by extension 'python_setup_py'
[1.365s] [34mcolcon.colcon_core.package_identification[0m [30mLevel 1[0m _identify(C:\Users\PLASMINFORGE\Documents\Spacial-MPC\geometry2-ros2\matlab_msg_gen\win64\src\ackermann_msgs) by extensions ['ignore', 'ignore_ament_install']
[1.366s] [34mcolcon.colcon_core.package_identification[0m [30mLevel 1[0m _identify(C:\Users\PLASMINFORGE\Documents\Spacial-MPC\geometry2-ros2\matlab_msg_gen\win64\src\ackermann_msgs) by extension 'ignore'
[1.366s] [34mcolcon.colcon_core.package_identification[0m [30mLevel 1[0m _identify(C:\Users\PLASMINFORGE\Documents\Spacial-MPC\geometry2-ros2\matlab_msg_gen\win64\src\ackermann_msgs) by extension 'ignore_ament_install'
[1.366s] [34mcolcon.colcon_core.package_identification[0m [30mLevel 1[0m _identify(C:\Users\PLASMINFORGE\Documents\Spacial-MPC\geometry2-ros2\matlab_msg_gen\win64\src\ackermann_msgs) by extensions ['colcon_pkg']
[1.366s] [34mcolcon.colcon_core.package_identification[0m [30mLevel 1[0m _identify(C:\Users\PLASMINFORGE\Documents\Spacial-MPC\geometry2-ros2\matlab_msg_gen\win64\src\ackermann_msgs) by extension 'colcon_pkg'
[1.366s] [34mcolcon.colcon_core.package_identification[0m [30mLevel 1[0m _identify(C:\Users\PLASMINFORGE\Documents\Spacial-MPC\geometry2-ros2\matlab_msg_gen\win64\src\ackermann_msgs) by extensions ['colcon_meta']
[1.367s] [34mcolcon.colcon_core.package_identification[0m [30mLevel 1[0m _identify(C:\Users\PLASMINFORGE\Documents\Spacial-MPC\geometry2-ros2\matlab_msg_gen\win64\src\ackermann_msgs) by extension 'colcon_meta'
[1.367s] [34mcolcon.colcon_core.package_identification[0m [30mLevel 1[0m _identify(C:\Users\PLASMINFORGE\Documents\Spacial-MPC\geometry2-ros2\matlab_msg_gen\win64\src\ackermann_msgs) by extensions ['ros']
[1.367s] [34mcolcon.colcon_core.package_identification[0m [30mLevel 1[0m _identify(C:\Users\PLASMINFORGE\Documents\Spacial-MPC\geometry2-ros2\matlab_msg_gen\win64\src\ackermann_msgs) by extension 'ros'
[1.373s] [34mcolcon.colcon_core.package_identification[0m [30mDEBUG[0m [32mPackage 'C:\Users\PLASMINFORGE\Documents\Spacial-MPC\geometry2-ros2\matlab_msg_gen\win64\src\ackermann_msgs' with type 'ros.ament_cmake' and name 'ackermann_msgs'[0m
[1.373s] [34mcolcon.colcon_core.package_identification[0m [30mLevel 1[0m _identify(C:\Users\PLASMINFORGE\Documents\Spacial-MPC\geometry2-ros2\matlab_msg_gen\win64\src\driverless_msgs) by extensions ['ignore', 'ignore_ament_install']
[1.373s] [34mcolcon.colcon_core.package_identification[0m [30mLevel 1[0m _identify(C:\Users\PLASMINFORGE\Documents\Spacial-MPC\geometry2-ros2\matlab_msg_gen\win64\src\driverless_msgs) by extension 'ignore'
[1.373s] [34mcolcon.colcon_core.package_identification[0m [30mLevel 1[0m _identify(C:\Users\PLASMINFORGE\Documents\Spacial-MPC\geometry2-ros2\matlab_msg_gen\win64\src\driverless_msgs) by extension 'ignore_ament_install'
[1.373s] [34mcolcon.colcon_core.package_identification[0m [30mLevel 1[0m _identify(C:\Users\PLASMINFORGE\Documents\Spacial-MPC\geometry2-ros2\matlab_msg_gen\win64\src\driverless_msgs) by extensions ['colcon_pkg']
[1.374s] [34mcolcon.colcon_core.package_identification[0m [30mLevel 1[0m _identify(C:\Users\PLASMINFORGE\Documents\Spacial-MPC\geometry2-ros2\matlab_msg_gen\win64\src\driverless_msgs) by extension 'colcon_pkg'
[1.374s] [34mcolcon.colcon_core.package_identification[0m [30mLevel 1[0m _identify(C:\Users\PLASMINFORGE\Documents\Spacial-MPC\geometry2-ros2\matlab_msg_gen\win64\src\driverless_msgs) by extensions ['colcon_meta']
[1.374s] [34mcolcon.colcon_core.package_identification[0m [30mLevel 1[0m _identify(C:\Users\PLASMINFORGE\Documents\Spacial-MPC\geometry2-ros2\matlab_msg_gen\win64\src\driverless_msgs) by extension 'colcon_meta'
[1.374s] [34mcolcon.colcon_core.package_identification[0m [30mLevel 1[0m _identify(C:\Users\PLASMINFORGE\Documents\Spacial-MPC\geometry2-ros2\matlab_msg_gen\win64\src\driverless_msgs) by extensions ['ros']
[1.374s] [34mcolcon.colcon_core.package_identification[0m [30mLevel 1[0m _identify(C:\Users\PLASMINFORGE\Documents\Spacial-MPC\geometry2-ros2\matlab_msg_gen\win64\src\driverless_msgs) by extension 'ros'
[1.377s] [34mcolcon.colcon_core.package_identification[0m [30mDEBUG[0m [32mPackage 'C:\Users\PLASMINFORGE\Documents\Spacial-MPC\geometry2-ros2\matlab_msg_gen\win64\src\driverless_msgs' with type 'ros.ament_cmake' and name 'driverless_msgs'[0m
[1.377s] [34mcolcon.colcon_core.package_identification[0m [30mLevel 1[0m _identify(C:\Users\PLASMINFORGE\Documents\Spacial-MPC\geometry2-ros2\matlab_msg_gen\win64\src\tf2_msgs) by extensions ['ignore', 'ignore_ament_install']
[1.378s] [34mcolcon.colcon_core.package_identification[0m [30mLevel 1[0m _identify(C:\Users\PLASMINFORGE\Documents\Spacial-MPC\geometry2-ros2\matlab_msg_gen\win64\src\tf2_msgs) by extension 'ignore'
[1.378s] [34mcolcon.colcon_core.package_identification[0m [30mLevel 1[0m _identify(C:\Users\PLASMINFORGE\Documents\Spacial-MPC\geometry2-ros2\matlab_msg_gen\win64\src\tf2_msgs) by extension 'ignore_ament_install'
[1.379s] [34mcolcon.colcon_core.package_identification[0m [30mLevel 1[0m _identify(C:\Users\PLASMINFORGE\Documents\Spacial-MPC\geometry2-ros2\matlab_msg_gen\win64\src\tf2_msgs) by extensions ['colcon_pkg']
[1.379s] [34mcolcon.colcon_core.package_identification[0m [30mLevel 1[0m _identify(C:\Users\PLASMINFORGE\Documents\Spacial-MPC\geometry2-ros2\matlab_msg_gen\win64\src\tf2_msgs) by extension 'colcon_pkg'
[1.379s] [34mcolcon.colcon_core.package_identification[0m [30mLevel 1[0m _identify(C:\Users\PLASMINFORGE\Documents\Spacial-MPC\geometry2-ros2\matlab_msg_gen\win64\src\tf2_msgs) by extensions ['colcon_meta']
[1.379s] [34mcolcon.colcon_core.package_identification[0m [30mLevel 1[0m _identify(C:\Users\PLASMINFORGE\Documents\Spacial-MPC\geometry2-ros2\matlab_msg_gen\win64\src\tf2_msgs) by extension 'colcon_meta'
[1.379s] [34mcolcon.colcon_core.package_identification[0m [30mLevel 1[0m _identify(C:\Users\PLASMINFORGE\Documents\Spacial-MPC\geometry2-ros2\matlab_msg_gen\win64\src\tf2_msgs) by extensions ['ros']
[1.379s] [34mcolcon.colcon_core.package_identification[0m [30mLevel 1[0m _identify(C:\Users\PLASMINFORGE\Documents\Spacial-MPC\geometry2-ros2\matlab_msg_gen\win64\src\tf2_msgs) by extension 'ros'
[1.381s] [34mcolcon.colcon_core.package_identification[0m [30mDEBUG[0m [32mPackage 'C:\Users\PLASMINFORGE\Documents\Spacial-MPC\geometry2-ros2\matlab_msg_gen\win64\src\tf2_msgs' with type 'ros.ament_cmake' and name 'tf2_msgs'[0m
[1.381s] [34mcolcon.colcon_core.package_discovery[0m [30mLevel 1[0m discover_packages(recursive) using defaults
[1.447s] [34mcolcon.colcon_core.verb[0m [30mLevel 5[0m set package 'ackermann_msgs' build argument 'cmake_args' from command line to '['-DCMAKE_BUILD_TYPE=Release', '-DBUILD_TESTING=OFF', '-DCMAKE_CXX_COMPILER=cl.exe', '-DCMAKE_C_COMPILER=cl.exe', '-DCMAKE_LINKER=link.exe', '-DMSVC_TOOLSET_VERSION=141', '-DCMAKE_CXX_FLAGS_RELEASE=/MD /Od /Ob2 /DNDEBUG']'
[1.447s] [34mcolcon.colcon_core.verb[0m [30mLevel 5[0m set package 'ackermann_msgs' build argument 'cmake_target' from command line to 'None'
[1.447s] [34mcolcon.colcon_core.verb[0m [30mLevel 5[0m set package 'ackermann_msgs' build argument 'cmake_target_skip_unavailable' from command line to 'False'
[1.447s] [34mcolcon.colcon_core.verb[0m [30mLevel 5[0m set package 'ackermann_msgs' build argument 'cmake_clean_cache' from command line to 'False'
[1.447s] [34mcolcon.colcon_core.verb[0m [30mLevel 5[0m set package 'ackermann_msgs' build argument 'cmake_clean_first' from command line to 'False'
[1.447s] [34mcolcon.colcon_core.verb[0m [30mLevel 5[0m set package 'ackermann_msgs' build argument 'cmake_force_configure' from command line to 'False'
[1.447s] [34mcolcon.colcon_core.verb[0m [30mLevel 5[0m set package 'ackermann_msgs' build argument 'ament_cmake_args' from command line to 'None'
[1.447s] [34mcolcon.colcon_core.verb[0m [30mLevel 5[0m set package 'ackermann_msgs' build argument 'catkin_cmake_args' from command line to 'None'
[1.447s] [34mcolcon.colcon_core.verb[0m [30mLevel 5[0m set package 'ackermann_msgs' build argument 'catkin_skip_building_tests' from command line to 'False'
[1.447s] [34mcolcon.colcon_core.verb[0m [30mDEBUG[0m [32mBuilding package 'ackermann_msgs' with the following arguments: {'ament_cmake_args': None, 'build_base': 'C:\\Users\\PLASMINFORGE\\Documents\\Spacial-MPC\\geometry2-ros2\\matlab_msg_gen\\win64\\build\\ackermann_msgs', 'catkin_cmake_args': None, 'catkin_skip_building_tests': False, 'cmake_args': ['-DCMAKE_BUILD_TYPE=Release', '-DBUILD_TESTING=OFF', '-DCMAKE_CXX_COMPILER=cl.exe', '-DCMAKE_C_COMPILER=cl.exe', '-DCMAKE_LINKER=link.exe', '-DMSVC_TOOLSET_VERSION=141', '-DCMAKE_CXX_FLAGS_RELEASE=/MD /Od /Ob2 /DNDEBUG'], 'cmake_clean_cache': False, 'cmake_clean_first': False, 'cmake_force_configure': False, 'cmake_target': None, 'cmake_target_skip_unavailable': False, 'install_base': 'C:\\Users\\PLASMINFORGE\\Documents\\Spacial-MPC\\geometry2-ros2\\matlab_msg_gen\\win64\\install', 'merge_install': True, 'path': 'C:\\Users\\PLASMINFORGE\\Documents\\Spacial-MPC\\geometry2-ros2\\matlab_msg_gen\\win64\\src\\ackermann_msgs', 'symlink_install': False, 'test_result_base': None}[0m
[1.462s] [34mcolcon.colcon_core.verb[0m [30mLevel 5[0m set package 'driverless_msgs' build argument 'cmake_args' from command line to '['-DCMAKE_BUILD_TYPE=Release', '-DBUILD_TESTING=OFF', '-DCMAKE_CXX_COMPILER=cl.exe', '-DCMAKE_C_COMPILER=cl.exe', '-DCMAKE_LINKER=link.exe', '-DMSVC_TOOLSET_VERSION=141', '-DCMAKE_CXX_FLAGS_RELEASE=/MD /Od /Ob2 /DNDEBUG']'
[1.462s] [34mcolcon.colcon_core.verb[0m [30mLevel 5[0m set package 'driverless_msgs' build argument 'cmake_target' from command line to 'None'
[1.462s] [34mcolcon.colcon_core.verb[0m [30mLevel 5[0m set package 'driverless_msgs' build argument 'cmake_target_skip_unavailable' from command line to 'False'
[1.462s] [34mcolcon.colcon_core.verb[0m [30mLevel 5[0m set package 'driverless_msgs' build argument 'cmake_clean_cache' from command line to 'False'
[1.462s] [34mcolcon.colcon_core.verb[0m [30mLevel 5[0m set package 'driverless_msgs' build argument 'cmake_clean_first' from command line to 'False'
[1.462s] [34mcolcon.colcon_core.verb[0m [30mLevel 5[0m set package 'driverless_msgs' build argument 'cmake_force_configure' from command line to 'False'
[1.462s] [34mcolcon.colcon_core.verb[0m [30mLevel 5[0m set package 'driverless_msgs' build argument 'ament_cmake_args' from command line to 'None'
[1.462s] [34mcolcon.colcon_core.verb[0m [30mLevel 5[0m set package 'driverless_msgs' build argument 'catkin_cmake_args' from command line to 'None'
[1.462s] [34mcolcon.colcon_core.verb[0m [30mLevel 5[0m set package 'driverless_msgs' build argument 'catkin_skip_building_tests' from command line to 'False'
[1.462s] [34mcolcon.colcon_core.verb[0m [30mDEBUG[0m [32mBuilding package 'driverless_msgs' with the following arguments: {'ament_cmake_args': None, 'build_base': 'C:\\Users\\PLASMINFORGE\\Documents\\Spacial-MPC\\geometry2-ros2\\matlab_msg_gen\\win64\\build\\driverless_msgs', 'catkin_cmake_args': None, 'catkin_skip_building_tests': False, 'cmake_args': ['-DCMAKE_BUILD_TYPE=Release', '-DBUILD_TESTING=OFF', '-DCMAKE_CXX_COMPILER=cl.exe', '-DCMAKE_C_COMPILER=cl.exe', '-DCMAKE_LINKER=link.exe', '-DMSVC_TOOLSET_VERSION=141', '-DCMAKE_CXX_FLAGS_RELEASE=/MD /Od /Ob2 /DNDEBUG'], 'cmake_clean_cache': False, 'cmake_clean_first': False, 'cmake_force_configure': False, 'cmake_target': None, 'cmake_target_skip_unavailable': False, 'install_base': 'C:\\Users\\PLASMINFORGE\\Documents\\Spacial-MPC\\geometry2-ros2\\matlab_msg_gen\\win64\\install', 'merge_install': True, 'path': 'C:\\Users\\PLASMINFORGE\\Documents\\Spacial-MPC\\geometry2-ros2\\matlab_msg_gen\\win64\\src\\driverless_msgs', 'symlink_install': False, 'test_result_base': None}[0m
[1.475s] [34mcolcon.colcon_core.verb[0m [30mLevel 5[0m set package 'tf2_msgs' build argument 'cmake_args' from command line to '['-DCMAKE_BUILD_TYPE=Release', '-DBUILD_TESTING=OFF', '-DCMAKE_CXX_COMPILER=cl.exe', '-DCMAKE_C_COMPILER=cl.exe', '-DCMAKE_LINKER=link.exe', '-DMSVC_TOOLSET_VERSION=141', '-DCMAKE_CXX_FLAGS_RELEASE=/MD /Od /Ob2 /DNDEBUG']'
[1.475s] [34mcolcon.colcon_core.verb[0m [30mLevel 5[0m set package 'tf2_msgs' build argument 'cmake_target' from command line to 'None'
[1.475s] [34mcolcon.colcon_core.verb[0m [30mLevel 5[0m set package 'tf2_msgs' build argument 'cmake_target_skip_unavailable' from command line to 'False'
[1.475s] [34mcolcon.colcon_core.verb[0m [30mLevel 5[0m set package 'tf2_msgs' build argument 'cmake_clean_cache' from command line to 'False'
[1.475s] [34mcolcon.colcon_core.verb[0m [30mLevel 5[0m set package 'tf2_msgs' build argument 'cmake_clean_first' from command line to 'False'
[1.475s] [34mcolcon.colcon_core.verb[0m [30mLevel 5[0m set package 'tf2_msgs' build argument 'cmake_force_configure' from command line to 'False'
[1.475s] [34mcolcon.colcon_core.verb[0m [30mLevel 5[0m set package 'tf2_msgs' build argument 'ament_cmake_args' from command line to 'None'
[1.475s] [34mcolcon.colcon_core.verb[0m [30mLevel 5[0m set package 'tf2_msgs' build argument 'catkin_cmake_args' from command line to 'None'
[1.476s] [34mcolcon.colcon_core.verb[0m [30mLevel 5[0m set package 'tf2_msgs' build argument 'catkin_skip_building_tests' from command line to 'False'
[1.476s] [34mcolcon.colcon_core.verb[0m [30mDEBUG[0m [32mBuilding package 'tf2_msgs' with the following arguments: {'ament_cmake_args': None, 'build_base': 'C:\\Users\\PLASMINFORGE\\Documents\\Spacial-MPC\\geometry2-ros2\\matlab_msg_gen\\win64\\build\\tf2_msgs', 'catkin_cmake_args': None, 'catkin_skip_building_tests': False, 'cmake_args': ['-DCMAKE_BUILD_TYPE=Release', '-DBUILD_TESTING=OFF', '-DCMAKE_CXX_COMPILER=cl.exe', '-DCMAKE_C_COMPILER=cl.exe', '-DCMAKE_LINKER=link.exe', '-DMSVC_TOOLSET_VERSION=141', '-DCMAKE_CXX_FLAGS_RELEASE=/MD /Od /Ob2 /DNDEBUG'], 'cmake_clean_cache': False, 'cmake_clean_first': False, 'cmake_force_configure': False, 'cmake_target': None, 'cmake_target_skip_unavailable': False, 'install_base': 'C:\\Users\\PLASMINFORGE\\Documents\\Spacial-MPC\\geometry2-ros2\\matlab_msg_gen\\win64\\install', 'merge_install': True, 'path': 'C:\\Users\\PLASMINFORGE\\Documents\\Spacial-MPC\\geometry2-ros2\\matlab_msg_gen\\win64\\src\\tf2_msgs', 'symlink_install': False, 'test_result_base': None}[0m
[1.513s] [34mcolcon.colcon_core.executor[0m [30mINFO[0m Executing jobs using 'parallel' executor
[1.524s] [34mcolcon.colcon_parallel_executor.executor.parallel[0m [30mDEBUG[0m [32mrun_until_complete[0m
[1.526s] [34mcolcon.colcon_ros.task.ament_cmake.build[0m [30mINFO[0m Building ROS package in 'C:\Users\PLASMINFORGE\Documents\Spacial-MPC\geometry2-ros2\matlab_msg_gen\win64\src\ackermann_msgs' with build type 'ament_cmake'
[1.537s] [34mcolcon.colcon_core.plugin_system[0m [30mINFO[0m Skipping extension 'colcon_core.shell.sh': Not used on Windows systems
[1.537s] [34mcolcon.colcon_cmake.task.cmake.build[0m [30mINFO[0m Building CMake package in 'C:\Users\PLASMINFORGE\Documents\Spacial-MPC\geometry2-ros2\matlab_msg_gen\win64\src\ackermann_msgs'
[1.542s] [34mcolcon.colcon_core.shell[0m [30mINFO[0m Skip shell extension 'powershell' for command environment: Not usable outside of PowerShell
[1.572s] [34mcolcon.colcon_ros.task.ament_cmake.build[0m [30mINFO[0m Building ROS package in 'C:\Users\PLASMINFORGE\Documents\Spacial-MPC\geometry2-ros2\matlab_msg_gen\win64\src\driverless_msgs' with build type 'ament_cmake'
[1.580s] [34mcolcon.colcon_cmake.task.cmake.build[0m [30mINFO[0m Building CMake package in 'C:\Users\PLASMINFORGE\Documents\Spacial-MPC\geometry2-ros2\matlab_msg_gen\win64\src\driverless_msgs'
[1.587s] [34mcolcon.colcon_core.shell[0m [30mINFO[0m Skip shell extension 'powershell' for command environment: Not usable outside of PowerShell
[1.617s] [34mcolcon.colcon_ros.task.ament_cmake.build[0m [30mINFO[0m Building ROS package in 'C:\Users\PLASMINFORGE\Documents\Spacial-MPC\geometry2-ros2\matlab_msg_gen\win64\src\tf2_msgs' with build type 'ament_cmake'
[1.625s] [34mcolcon.colcon_cmake.task.cmake.build[0m [30mINFO[0m Building CMake package in 'C:\Users\PLASMINFORGE\Documents\Spacial-MPC\geometry2-ros2\matlab_msg_gen\win64\src\tf2_msgs'
[1.631s] [34mcolcon.colcon_core.shell[0m [30mINFO[0m Skip shell extension 'powershell' for command environment: Not usable outside of PowerShell
[1.696s] [34mcolcon.colcon_core.event_handler.log_command[0m [30mDEBUG[0m [32mInvoking command in 'C:\Users\PLASMINFORGE\Documents\Spacial-MPC\geometry2-ros2\matlab_msg_gen\win64\build\driverless_msgs': CommonProgramFiles=%CommonProgramFiles%
CommonProgramFiles(x86)=C:\Program Files (x86)\Common Files ProgramFiles=%ProgramFiles%
ProgramFiles(x86)=C:\Program Files (x86) C:\Program Files\CMake\bin\cmake.EXE C:\Users\PLASMINFORGE\Documents\Spacial-MPC\geometry2-ros2\matlab_msg_gen\win64\src\driverless_msgs -DCMAKE_BUILD_TYPE=Release -DBUILD_TESTING=OFF -DCMAKE_CXX_COMPILER=cl.exe -DCMAKE_C_COMPILER=cl.exe -DCMAKE_LINKER=link.exe -DMSVC_TOOLSET_VERSION=141 -DCMAKE_CXX_FLAGS_RELEASE=/MD /Od /Ob2 /DNDEBUG -DCMAKE_INSTALL_PREFIX=C:\Users\PLASMINFORGE\Documents\Spacial-MPC\geometry2-ros2\matlab_msg_gen\win64\install -G Visual Studio 16 2019[0m
[1.715s] [34mcolcon.colcon_core.event_handler.log_command[0m [30mDEBUG[0m [32mInvoking command in 'C:\Users\PLASMINFORGE\Documents\Spacial-MPC\geometry2-ros2\matlab_msg_gen\win64\build\ackermann_msgs': CommonProgramFiles=%CommonProgramFiles%
CommonProgramFiles(x86)=C:\Program Files (x86)\Common Files ProgramFiles=%ProgramFiles%
ProgramFiles(x86)=C:\Program Files (x86) C:\Program Files\CMake\bin\cmake.EXE C:\Users\PLASMINFORGE\Documents\Spacial-MPC\geometry2-ros2\matlab_msg_gen\win64\src\ackermann_msgs -DCMAKE_BUILD_TYPE=Release -DBUILD_TESTING=OFF -DCMAKE_CXX_COMPILER=cl.exe -DCMAKE_C_COMPILER=cl.exe -DCMAKE_LINKER=link.exe -DMSVC_TOOLSET_VERSION=141 -DCMAKE_CXX_FLAGS_RELEASE=/MD /Od /Ob2 /DNDEBUG -DCMAKE_INSTALL_PREFIX=C:\Users\PLASMINFORGE\Documents\Spacial-MPC\geometry2-ros2\matlab_msg_gen\win64\install -G Visual Studio 16 2019[0m
[1.723s] [34mcolcon.colcon_core.event_handler.log_command[0m [30mDEBUG[0m [32mInvoking command in 'C:\Users\PLASMINFORGE\Documents\Spacial-MPC\geometry2-ros2\matlab_msg_gen\win64\build\tf2_msgs': CommonProgramFiles=%CommonProgramFiles%
CommonProgramFiles(x86)=C:\Program Files (x86)\Common Files ProgramFiles=%ProgramFiles%
ProgramFiles(x86)=C:\Program Files (x86) C:\Program Files\CMake\bin\cmake.EXE C:\Users\PLASMINFORGE\Documents\Spacial-MPC\geometry2-ros2\matlab_msg_gen\win64\src\tf2_msgs -DCMAKE_BUILD_TYPE=Release -DBUILD_TESTING=OFF -DCMAKE_CXX_COMPILER=cl.exe -DCMAKE_C_COMPILER=cl.exe -DCMAKE_LINKER=link.exe -DMSVC_TOOLSET_VERSION=141 -DCMAKE_CXX_FLAGS_RELEASE=/MD /Od /Ob2 /DNDEBUG -DCMAKE_INSTALL_PREFIX=C:\Users\PLASMINFORGE\Documents\Spacial-MPC\geometry2-ros2\matlab_msg_gen\win64\install -G Visual Studio 16 2019[0m
[28.569s] [34mcolcon.colcon_core.event_handler.log_command[0m [30mDEBUG[0m [32mInvoked command in 'C:\Users\PLASMINFORGE\Documents\Spacial-MPC\geometry2-ros2\matlab_msg_gen\win64\build\ackermann_msgs' returned '0': CommonProgramFiles=%CommonProgramFiles%
CommonProgramFiles(x86)=C:\Program Files (x86)\Common Files ProgramFiles=%ProgramFiles%
ProgramFiles(x86)=C:\Program Files (x86) C:\Program Files\CMake\bin\cmake.EXE C:\Users\PLASMINFORGE\Documents\Spacial-MPC\geometry2-ros2\matlab_msg_gen\win64\src\ackermann_msgs -DCMAKE_BUILD_TYPE=Release -DBUILD_TESTING=OFF -DCMAKE_CXX_COMPILER=cl.exe -DCMAKE_C_COMPILER=cl.exe -DCMAKE_LINKER=link.exe -DMSVC_TOOLSET_VERSION=141 -DCMAKE_CXX_FLAGS_RELEASE=/MD /Od /Ob2 /DNDEBUG -DCMAKE_INSTALL_PREFIX=C:\Users\PLASMINFORGE\Documents\Spacial-MPC\geometry2-ros2\matlab_msg_gen\win64\install -G Visual Studio 16 2019[0m
[28.572s] [34mcolcon.colcon_core.event_handler.log_command[0m [30mDEBUG[0m [32mInvoking command in 'C:\Users\PLASMINFORGE\Documents\Spacial-MPC\geometry2-ros2\matlab_msg_gen\win64\build\ackermann_msgs': CL=/MP CommonProgramFiles=%CommonProgramFiles%
CommonProgramFiles(x86)=C:\Program Files (x86)\Common Files ProgramFiles=%ProgramFiles%
ProgramFiles(x86)=C:\Program Files (x86) C:\Program Files\CMake\bin\cmake.EXE --build C:\Users\PLASMINFORGE\Documents\Spacial-MPC\geometry2-ros2\matlab_msg_gen\win64\build\ackermann_msgs --config Release[0m
[30.332s] [34mcolcon.colcon_core.event_handler.log_command[0m [30mDEBUG[0m [32mInvoked command in 'C:\Users\PLASMINFORGE\Documents\Spacial-MPC\geometry2-ros2\matlab_msg_gen\win64\build\tf2_msgs' returned '0': CommonProgramFiles=%CommonProgramFiles%
CommonProgramFiles(x86)=C:\Program Files (x86)\Common Files ProgramFiles=%ProgramFiles%
ProgramFiles(x86)=C:\Program Files (x86) C:\Program Files\CMake\bin\cmake.EXE C:\Users\PLASMINFORGE\Documents\Spacial-MPC\geometry2-ros2\matlab_msg_gen\win64\src\tf2_msgs -DCMAKE_BUILD_TYPE=Release -DBUILD_TESTING=OFF -DCMAKE_CXX_COMPILER=cl.exe -DCMAKE_C_COMPILER=cl.exe -DCMAKE_LINKER=link.exe -DMSVC_TOOLSET_VERSION=141 -DCMAKE_CXX_FLAGS_RELEASE=/MD /Od /Ob2 /DNDEBUG -DCMAKE_INSTALL_PREFIX=C:\Users\PLASMINFORGE\Documents\Spacial-MPC\geometry2-ros2\matlab_msg_gen\win64\install -G Visual Studio 16 2019[0m
[30.338s] [34mcolcon.colcon_core.event_handler.log_command[0m [30mDEBUG[0m [32mInvoking command in 'C:\Users\PLASMINFORGE\Documents\Spacial-MPC\geometry2-ros2\matlab_msg_gen\win64\build\tf2_msgs': CL=/MP CommonProgramFiles=%CommonProgramFiles%
CommonProgramFiles(x86)=C:\Program Files (x86)\Common Files ProgramFiles=%ProgramFiles%
ProgramFiles(x86)=C:\Program Files (x86) C:\Program Files\CMake\bin\cmake.EXE --build C:\Users\PLASMINFORGE\Documents\Spacial-MPC\geometry2-ros2\matlab_msg_gen\win64\build\tf2_msgs --config Release[0m
[30.727s] [34mcolcon.colcon_core.event_handler.log_command[0m [30mDEBUG[0m [32mInvoked command in 'C:\Users\PLASMINFORGE\Documents\Spacial-MPC\geometry2-ros2\matlab_msg_gen\win64\build\driverless_msgs' returned '0': CommonProgramFiles=%CommonProgramFiles%
CommonProgramFiles(x86)=C:\Program Files (x86)\Common Files ProgramFiles=%ProgramFiles%
ProgramFiles(x86)=C:\Program Files (x86) C:\Program Files\CMake\bin\cmake.EXE C:\Users\PLASMINFORGE\Documents\Spacial-MPC\geometry2-ros2\matlab_msg_gen\win64\src\driverless_msgs -DCMAKE_BUILD_TYPE=Release -DBUILD_TESTING=OFF -DCMAKE_CXX_COMPILER=cl.exe -DCMAKE_C_COMPILER=cl.exe -DCMAKE_LINKER=link.exe -DMSVC_TOOLSET_VERSION=141 -DCMAKE_CXX_FLAGS_RELEASE=/MD /Od /Ob2 /DNDEBUG -DCMAKE_INSTALL_PREFIX=C:\Users\PLASMINFORGE\Documents\Spacial-MPC\geometry2-ros2\matlab_msg_gen\win64\install -G Visual Studio 16 2019[0m
[30.732s] [34mcolcon.colcon_core.event_handler.log_command[0m [30mDEBUG[0m [32mInvoking command in 'C:\Users\PLASMINFORGE\Documents\Spacial-MPC\geometry2-ros2\matlab_msg_gen\win64\build\driverless_msgs': CL=/MP CommonProgramFiles=%CommonProgramFiles%
CommonProgramFiles(x86)=C:\Program Files (x86)\Common Files ProgramFiles=%ProgramFiles%
ProgramFiles(x86)=C:\Program Files (x86) C:\Program Files\CMake\bin\cmake.EXE --build C:\Users\PLASMINFORGE\Documents\Spacial-MPC\geometry2-ros2\matlab_msg_gen\win64\build\driverless_msgs --config Release[0m
[74.912s] [34mcolcon.colcon_core.event_handler.log_command[0m [30mDEBUG[0m [32mInvoked command in 'C:\Users\PLASMINFORGE\Documents\Spacial-MPC\geometry2-ros2\matlab_msg_gen\win64\build\ackermann_msgs' returned '0': CL=/MP CommonProgramFiles=%CommonProgramFiles%
CommonProgramFiles(x86)=C:\Program Files (x86)\Common Files ProgramFiles=%ProgramFiles%
ProgramFiles(x86)=C:\Program Files (x86) C:\Program Files\CMake\bin\cmake.EXE --build C:\Users\PLASMINFORGE\Documents\Spacial-MPC\geometry2-ros2\matlab_msg_gen\win64\build\ackermann_msgs --config Release[0m
[74.925s] [34mcolcon.colcon_core.event_handler.log_command[0m [30mDEBUG[0m [32mInvoking command in 'None': CommonProgramFiles=%CommonProgramFiles%
CommonProgramFiles(x86)=C:\Program Files (x86)\Common Files ProgramFiles=%ProgramFiles%
ProgramFiles(x86)=C:\Program Files (x86) C:\Program Files (x86)\Microsoft Visual Studio\2019\Community\\MSBuild\Current\Bin\msbuild.EXE /p:Configuration=Release C:\Users\PLASMINFORGE\Documents\Spacial-MPC\geometry2-ros2\matlab_msg_gen\win64\build\ackermann_msgs\INSTALL.vcxproj[0m
[80.521s] [34mcolcon.colcon_core.event_handler.log_command[0m [30mDEBUG[0m [32mInvoked command in 'C:\Users\PLASMINFORGE\Documents\Spacial-MPC\geometry2-ros2\matlab_msg_gen\win64\build\tf2_msgs' returned '0': CL=/MP CommonProgramFiles=%CommonProgramFiles%
CommonProgramFiles(x86)=C:\Program Files (x86)\Common Files ProgramFiles=%ProgramFiles%
ProgramFiles(x86)=C:\Program Files (x86) C:\Program Files\CMake\bin\cmake.EXE --build C:\Users\PLASMINFORGE\Documents\Spacial-MPC\geometry2-ros2\matlab_msg_gen\win64\build\tf2_msgs --config Release[0m
[80.525s] [34mcolcon.colcon_core.event_handler.log_command[0m [30mDEBUG[0m [32mInvoking command in 'None': CommonProgramFiles=%CommonProgramFiles%
CommonProgramFiles(x86)=C:\Program Files (x86)\Common Files ProgramFiles=%ProgramFiles%
ProgramFiles(x86)=C:\Program Files (x86) C:\Program Files (x86)\Microsoft Visual Studio\2019\Community\\MSBuild\Current\Bin\msbuild.EXE /p:Configuration=Release C:\Users\PLASMINFORGE\Documents\Spacial-MPC\geometry2-ros2\matlab_msg_gen\win64\build\tf2_msgs\INSTALL.vcxproj[0m
[82.001s] [34mcolcon.colcon_core.environment[0m [30mLevel 1[0m create_environment_scripts_only(ackermann_msgs)
[82.005s] [34mcolcon.colcon_core.event_handler.log_command[0m [30mDEBUG[0m [32mInvoked command in 'None' returned '0': CommonProgramFiles=%CommonProgramFiles%
CommonProgramFiles(x86)=C:\Program Files (x86)\Common Files ProgramFiles=%ProgramFiles%
ProgramFiles(x86)=C:\Program Files (x86) C:\Program Files (x86)\Microsoft Visual Studio\2019\Community\\MSBuild\Current\Bin\msbuild.EXE /p:Configuration=Release C:\Users\PLASMINFORGE\Documents\Spacial-MPC\geometry2-ros2\matlab_msg_gen\win64\build\ackermann_msgs\INSTALL.vcxproj[0m
[82.038s] [34mcolcon.colcon_core.environment[0m [30mLevel 1[0m checking 'C:\Users\PLASMINFORGE\Documents\Spacial-MPC\geometry2-ros2\matlab_msg_gen\win64\install' for CMake module files
[82.042s] [34mcolcon.colcon_core.environment[0m [30mLevel 1[0m checking 'C:\Users\PLASMINFORGE\Documents\Spacial-MPC\geometry2-ros2\matlab_msg_gen\win64\install' for CMake config files
[82.046s] [34mcolcon.colcon_core.shell[0m [30mLevel 1[0m create_environment_hook('ackermann_msgs', 'cmake_prefix_path')
[82.053s] [34mcolcon.colcon_core.shell[0m [30mINFO[0m Creating environment hook 'C:\Users\PLASMINFORGE\Documents\Spacial-MPC\geometry2-ros2\matlab_msg_gen\win64\install\share\ackermann_msgs\hook\cmake_prefix_path.ps1'
[82.103s] [34mcolcon.colcon_core.shell[0m [30mINFO[0m Creating environment hook 'C:\Users\PLASMINFORGE\Documents\Spacial-MPC\geometry2-ros2\matlab_msg_gen\win64\install\share\ackermann_msgs\hook\cmake_prefix_path.bat'
[82.127s] [34mcolcon.colcon_core.environment[0m [30mLevel 1[0m checking 'C:\Users\PLASMINFORGE\Documents\Spacial-MPC\geometry2-ros2\matlab_msg_gen\win64\install\bin'
[82.128s] [34mcolcon.colcon_core.shell[0m [30mLevel 1[0m create_environment_hook('ackermann_msgs', 'path_dll')
[82.133s] [34mcolcon.colcon_core.shell[0m [30mINFO[0m Creating environment hook 'C:\Users\PLASMINFORGE\Documents\Spacial-MPC\geometry2-ros2\matlab_msg_gen\win64\install\share\ackermann_msgs\hook\path_dll.ps1'
[82.135s] [34mcolcon.colcon_core.shell[0m [30mINFO[0m Creating environment hook 'C:\Users\PLASMINFORGE\Documents\Spacial-MPC\geometry2-ros2\matlab_msg_gen\win64\install\share\ackermann_msgs\hook\path_dll.bat'
[82.136s] [34mcolcon.colcon_core.environment[0m [30mLevel 1[0m checking 'C:\Users\PLASMINFORGE\Documents\Spacial-MPC\geometry2-ros2\matlab_msg_gen\win64\install\bin'
[82.137s] [34mcolcon.colcon_core.shell[0m [30mLevel 1[0m create_environment_hook('ackermann_msgs', 'path')
[82.143s] [34mcolcon.colcon_core.shell[0m [30mINFO[0m Creating environment hook 'C:\Users\PLASMINFORGE\Documents\Spacial-MPC\geometry2-ros2\matlab_msg_gen\win64\install\share\ackermann_msgs\hook\path.ps1'
[82.144s] [34mcolcon.colcon_core.shell[0m [30mINFO[0m Creating environment hook 'C:\Users\PLASMINFORGE\Documents\Spacial-MPC\geometry2-ros2\matlab_msg_gen\win64\install\share\ackermann_msgs\hook\path.bat'
[82.146s] [34mcolcon.colcon_core.environment[0m [30mLevel 1[0m checking 'C:\Users\PLASMINFORGE\Documents\Spacial-MPC\geometry2-ros2\matlab_msg_gen\win64\install\Scripts'
[82.146s] [34mcolcon.colcon_core.environment[0m [30mLevel 1[0m checking 'C:\Users\PLASMINFORGE\Documents\Spacial-MPC\geometry2-ros2\matlab_msg_gen\win64\install\lib\pkgconfig\ackermann_msgs.pc'
[82.147s] [34mcolcon.colcon_core.environment[0m [30mLevel 1[0m checking 'C:\Users\PLASMINFORGE\Documents\Spacial-MPC\geometry2-ros2\matlab_msg_gen\win64\install\Lib\site-packages'
[82.147s] [34mcolcon.colcon_core.shell[0m [30mLevel 1[0m create_environment_hook('ackermann_msgs', 'pythonpath')
[82.156s] [34mcolcon.colcon_core.shell[0m [30mINFO[0m Creating environment hook 'C:\Users\PLASMINFORGE\Documents\Spacial-MPC\geometry2-ros2\matlab_msg_gen\win64\install\share\ackermann_msgs\hook\pythonpath.ps1'
[82.158s] [34mcolcon.colcon_core.shell[0m [30mINFO[0m Creating environment hook 'C:\Users\PLASMINFORGE\Documents\Spacial-MPC\geometry2-ros2\matlab_msg_gen\win64\install\share\ackermann_msgs\hook\pythonpath.bat'
[82.165s] [34mcolcon.colcon_core.shell[0m [30mINFO[0m Creating package script 'C:\Users\PLASMINFORGE\Documents\Spacial-MPC\geometry2-ros2\matlab_msg_gen\win64\install\share\ackermann_msgs\package.ps1'
[82.178s] [34mcolcon.colcon_core.shell[0m [30mINFO[0m Creating package script 'C:\Users\PLASMINFORGE\Documents\Spacial-MPC\geometry2-ros2\matlab_msg_gen\win64\install\share\ackermann_msgs\package.bat'
[82.189s] [34mcolcon.colcon_core.environment[0m [30mLevel 1[0m create_file_with_runtime_dependencies(C:\Users\PLASMINFORGE\Documents\Spacial-MPC\geometry2-ros2\matlab_msg_gen\win64\install\share\colcon-core\packages\ackermann_msgs)
[87.079s] [34mcolcon.colcon_core.environment[0m [30mLevel 1[0m create_environment_scripts_only(tf2_msgs)
[87.094s] [34mcolcon.colcon_core.environment[0m [30mLevel 1[0m checking 'C:\Users\PLASMINFORGE\Documents\Spacial-MPC\geometry2-ros2\matlab_msg_gen\win64\install' for CMake module files
[87.100s] [34mcolcon.colcon_core.event_handler.log_command[0m [30mDEBUG[0m [32mInvoked command in 'None' returned '0': CommonProgramFiles=%CommonProgramFiles%
CommonProgramFiles(x86)=C:\Program Files (x86)\Common Files ProgramFiles=%ProgramFiles%
ProgramFiles(x86)=C:\Program Files (x86) C:\Program Files (x86)\Microsoft Visual Studio\2019\Community\\MSBuild\Current\Bin\msbuild.EXE /p:Configuration=Release C:\Users\PLASMINFORGE\Documents\Spacial-MPC\geometry2-ros2\matlab_msg_gen\win64\build\tf2_msgs\INSTALL.vcxproj[0m
[87.102s] [34mcolcon.colcon_core.environment[0m [30mLevel 1[0m checking 'C:\Users\PLASMINFORGE\Documents\Spacial-MPC\geometry2-ros2\matlab_msg_gen\win64\install' for CMake config files
[87.110s] [34mcolcon.colcon_core.shell[0m [30mLevel 1[0m create_environment_hook('tf2_msgs', 'cmake_prefix_path')
[87.118s] [34mcolcon.colcon_core.shell[0m [30mINFO[0m Creating environment hook 'C:\Users\PLASMINFORGE\Documents\Spacial-MPC\geometry2-ros2\matlab_msg_gen\win64\install\share\tf2_msgs\hook\cmake_prefix_path.ps1'
[87.121s] [34mcolcon.colcon_core.shell[0m [30mINFO[0m Creating environment hook 'C:\Users\PLASMINFORGE\Documents\Spacial-MPC\geometry2-ros2\matlab_msg_gen\win64\install\share\tf2_msgs\hook\cmake_prefix_path.bat'
[87.123s] [34mcolcon.colcon_core.environment[0m [30mLevel 1[0m checking 'C:\Users\PLASMINFORGE\Documents\Spacial-MPC\geometry2-ros2\matlab_msg_gen\win64\install\bin'
[87.124s] [34mcolcon.colcon_core.shell[0m [30mLevel 1[0m create_environment_hook('tf2_msgs', 'path_dll')
[87.129s] [34mcolcon.colcon_core.shell[0m [30mINFO[0m Creating environment hook 'C:\Users\PLASMINFORGE\Documents\Spacial-MPC\geometry2-ros2\matlab_msg_gen\win64\install\share\tf2_msgs\hook\path_dll.ps1'
[87.131s] [34mcolcon.colcon_core.shell[0m [30mINFO[0m Creating environment hook 'C:\Users\PLASMINFORGE\Documents\Spacial-MPC\geometry2-ros2\matlab_msg_gen\win64\install\share\tf2_msgs\hook\path_dll.bat'
[87.132s] [34mcolcon.colcon_core.environment[0m [30mLevel 1[0m checking 'C:\Users\PLASMINFORGE\Documents\Spacial-MPC\geometry2-ros2\matlab_msg_gen\win64\install\bin'
[87.132s] [34mcolcon.colcon_core.shell[0m [30mLevel 1[0m create_environment_hook('tf2_msgs', 'path')
[87.142s] [34mcolcon.colcon_core.shell[0m [30mINFO[0m Creating environment hook 'C:\Users\PLASMINFORGE\Documents\Spacial-MPC\geometry2-ros2\matlab_msg_gen\win64\install\share\tf2_msgs\hook\path.ps1'
[87.164s] [34mcolcon.colcon_core.shell[0m [30mINFO[0m Creating environment hook 'C:\Users\PLASMINFORGE\Documents\Spacial-MPC\geometry2-ros2\matlab_msg_gen\win64\install\share\tf2_msgs\hook\path.bat'
[87.171s] [34mcolcon.colcon_core.environment[0m [30mLevel 1[0m checking 'C:\Users\PLASMINFORGE\Documents\Spacial-MPC\geometry2-ros2\matlab_msg_gen\win64\install\Scripts'
[87.172s] [34mcolcon.colcon_core.environment[0m [30mLevel 1[0m checking 'C:\Users\PLASMINFORGE\Documents\Spacial-MPC\geometry2-ros2\matlab_msg_gen\win64\install\lib\pkgconfig\tf2_msgs.pc'
[87.172s] [34mcolcon.colcon_core.environment[0m [30mLevel 1[0m checking 'C:\Users\PLASMINFORGE\Documents\Spacial-MPC\geometry2-ros2\matlab_msg_gen\win64\install\Lib\site-packages'
[87.172s] [34mcolcon.colcon_core.shell[0m [30mLevel 1[0m create_environment_hook('tf2_msgs', 'pythonpath')
[87.183s] [34mcolcon.colcon_core.shell[0m [30mINFO[0m Creating environment hook 'C:\Users\PLASMINFORGE\Documents\Spacial-MPC\geometry2-ros2\matlab_msg_gen\win64\install\share\tf2_msgs\hook\pythonpath.ps1'
[87.185s] [34mcolcon.colcon_core.shell[0m [30mINFO[0m Creating environment hook 'C:\Users\PLASMINFORGE\Documents\Spacial-MPC\geometry2-ros2\matlab_msg_gen\win64\install\share\tf2_msgs\hook\pythonpath.bat'
[87.195s] [34mcolcon.colcon_core.shell[0m [30mINFO[0m Creating package script 'C:\Users\PLASMINFORGE\Documents\Spacial-MPC\geometry2-ros2\matlab_msg_gen\win64\install\share\tf2_msgs\package.ps1'
[87.197s] [34mcolcon.colcon_core.shell[0m [30mINFO[0m Creating package script 'C:\Users\PLASMINFORGE\Documents\Spacial-MPC\geometry2-ros2\matlab_msg_gen\win64\install\share\tf2_msgs\package.bat'
[87.199s] [34mcolcon.colcon_core.environment[0m [30mLevel 1[0m create_file_with_runtime_dependencies(C:\Users\PLASMINFORGE\Documents\Spacial-MPC\geometry2-ros2\matlab_msg_gen\win64\install\share\colcon-core\packages\tf2_msgs)
[99.761s] [34mcolcon.colcon_core.event_handler.log_command[0m [30mDEBUG[0m [32mInvoked command in 'C:\Users\PLASMINFORGE\Documents\Spacial-MPC\geometry2-ros2\matlab_msg_gen\win64\build\driverless_msgs' returned '0': CL=/MP CommonProgramFiles=%CommonProgramFiles%
CommonProgramFiles(x86)=C:\Program Files (x86)\Common Files ProgramFiles=%ProgramFiles%
ProgramFiles(x86)=C:\Program Files (x86) C:\Program Files\CMake\bin\cmake.EXE --build C:\Users\PLASMINFORGE\Documents\Spacial-MPC\geometry2-ros2\matlab_msg_gen\win64\build\driverless_msgs --config Release[0m
[99.763s] [34mcolcon.colcon_core.event_handler.log_command[0m [30mDEBUG[0m [32mInvoking command in 'None': CommonProgramFiles=%CommonProgramFiles%
CommonProgramFiles(x86)=C:\Program Files (x86)\Common Files ProgramFiles=%ProgramFiles%
ProgramFiles(x86)=C:\Program Files (x86) C:\Program Files (x86)\Microsoft Visual Studio\2019\Community\\MSBuild\Current\Bin\msbuild.EXE /p:Configuration=Release C:\Users\PLASMINFORGE\Documents\Spacial-MPC\geometry2-ros2\matlab_msg_gen\win64\build\driverless_msgs\INSTALL.vcxproj[0m
[103.646s] [34mcolcon.colcon_core.environment[0m [30mLevel 1[0m create_environment_scripts_only(driverless_msgs)
[103.654s] [34mcolcon.colcon_core.environment[0m [30mLevel 1[0m checking 'C:\Users\PLASMINFORGE\Documents\Spacial-MPC\geometry2-ros2\matlab_msg_gen\win64\install' for CMake module files
[103.655s] [34mcolcon.colcon_core.event_handler.log_command[0m [30mDEBUG[0m [32mInvoked command in 'None' returned '0': CommonProgramFiles=%CommonProgramFiles%
CommonProgramFiles(x86)=C:\Program Files (x86)\Common Files ProgramFiles=%ProgramFiles%
ProgramFiles(x86)=C:\Program Files (x86) C:\Program Files (x86)\Microsoft Visual Studio\2019\Community\\MSBuild\Current\Bin\msbuild.EXE /p:Configuration=Release C:\Users\PLASMINFORGE\Documents\Spacial-MPC\geometry2-ros2\matlab_msg_gen\win64\build\driverless_msgs\INSTALL.vcxproj[0m
[103.656s] [34mcolcon.colcon_core.environment[0m [30mLevel 1[0m checking 'C:\Users\PLASMINFORGE\Documents\Spacial-MPC\geometry2-ros2\matlab_msg_gen\win64\install' for CMake config files
[103.661s] [34mcolcon.colcon_core.shell[0m [30mLevel 1[0m create_environment_hook('driverless_msgs', 'cmake_prefix_path')
[103.664s] [34mcolcon.colcon_core.shell[0m [30mINFO[0m Creating environment hook 'C:\Users\PLASMINFORGE\Documents\Spacial-MPC\geometry2-ros2\matlab_msg_gen\win64\install\share\driverless_msgs\hook\cmake_prefix_path.ps1'
[103.665s] [34mcolcon.colcon_core.shell[0m [30mINFO[0m Creating environment hook 'C:\Users\PLASMINFORGE\Documents\Spacial-MPC\geometry2-ros2\matlab_msg_gen\win64\install\share\driverless_msgs\hook\cmake_prefix_path.bat'
[103.667s] [34mcolcon.colcon_core.environment[0m [30mLevel 1[0m checking 'C:\Users\PLASMINFORGE\Documents\Spacial-MPC\geometry2-ros2\matlab_msg_gen\win64\install\bin'
[103.667s] [34mcolcon.colcon_core.shell[0m [30mLevel 1[0m create_environment_hook('driverless_msgs', 'path_dll')
[103.670s] [34mcolcon.colcon_core.shell[0m [30mINFO[0m Creating environment hook 'C:\Users\PLASMINFORGE\Documents\Spacial-MPC\geometry2-ros2\matlab_msg_gen\win64\install\share\driverless_msgs\hook\path_dll.ps1'
[103.671s] [34mcolcon.colcon_core.shell[0m [30mINFO[0m Creating environment hook 'C:\Users\PLASMINFORGE\Documents\Spacial-MPC\geometry2-ros2\matlab_msg_gen\win64\install\share\driverless_msgs\hook\path_dll.bat'
[103.673s] [34mcolcon.colcon_core.environment[0m [30mLevel 1[0m checking 'C:\Users\PLASMINFORGE\Documents\Spacial-MPC\geometry2-ros2\matlab_msg_gen\win64\install\bin'
[103.673s] [34mcolcon.colcon_core.shell[0m [30mLevel 1[0m create_environment_hook('driverless_msgs', 'path')
[103.677s] [34mcolcon.colcon_core.shell[0m [30mINFO[0m Creating environment hook 'C:\Users\PLASMINFORGE\Documents\Spacial-MPC\geometry2-ros2\matlab_msg_gen\win64\install\share\driverless_msgs\hook\path.ps1'
[103.677s] [34mcolcon.colcon_core.shell[0m [30mINFO[0m Creating environment hook 'C:\Users\PLASMINFORGE\Documents\Spacial-MPC\geometry2-ros2\matlab_msg_gen\win64\install\share\driverless_msgs\hook\path.bat'
[103.678s] [34mcolcon.colcon_core.environment[0m [30mLevel 1[0m checking 'C:\Users\PLASMINFORGE\Documents\Spacial-MPC\geometry2-ros2\matlab_msg_gen\win64\install\Scripts'
[103.678s] [34mcolcon.colcon_core.environment[0m [30mLevel 1[0m checking 'C:\Users\PLASMINFORGE\Documents\Spacial-MPC\geometry2-ros2\matlab_msg_gen\win64\install\lib\pkgconfig\driverless_msgs.pc'
[103.679s] [34mcolcon.colcon_core.environment[0m [30mLevel 1[0m checking 'C:\Users\PLASMINFORGE\Documents\Spacial-MPC\geometry2-ros2\matlab_msg_gen\win64\install\Lib\site-packages'
[103.679s] [34mcolcon.colcon_core.shell[0m [30mLevel 1[0m create_environment_hook('driverless_msgs', 'pythonpath')
[103.682s] [34mcolcon.colcon_core.shell[0m [30mINFO[0m Creating environment hook 'C:\Users\PLASMINFORGE\Documents\Spacial-MPC\geometry2-ros2\matlab_msg_gen\win64\install\share\driverless_msgs\hook\pythonpath.ps1'
[103.683s] [34mcolcon.colcon_core.shell[0m [30mINFO[0m Creating environment hook 'C:\Users\PLASMINFORGE\Documents\Spacial-MPC\geometry2-ros2\matlab_msg_gen\win64\install\share\driverless_msgs\hook\pythonpath.bat'
[103.688s] [34mcolcon.colcon_core.shell[0m [30mINFO[0m Creating package script 'C:\Users\PLASMINFORGE\Documents\Spacial-MPC\geometry2-ros2\matlab_msg_gen\win64\install\share\driverless_msgs\package.ps1'
[103.689s] [34mcolcon.colcon_core.shell[0m [30mINFO[0m Creating package script 'C:\Users\PLASMINFORGE\Documents\Spacial-MPC\geometry2-ros2\matlab_msg_gen\win64\install\share\driverless_msgs\package.bat'
[103.690s] [34mcolcon.colcon_core.environment[0m [30mLevel 1[0m create_file_with_runtime_dependencies(C:\Users\PLASMINFORGE\Documents\Spacial-MPC\geometry2-ros2\matlab_msg_gen\win64\install\share\colcon-core\packages\driverless_msgs)
[103.691s] [34mcolcon.colcon_parallel_executor.executor.parallel[0m [30mDEBUG[0m [32mrun_until_complete finished with '0'[0m
[103.691s] [34mcolcon.colcon_core.event_reactor[0m [30mDEBUG[0m [32mjoining thread[0m
[103.701s] [34mcolcon.colcon_core.plugin_system[0m [30mINFO[0m Skipping extension 'colcon_notification.desktop_notification.notify2': 'notify2' not found
[103.701s] [34mcolcon.colcon_core.plugin_system[0m [30mINFO[0m Skipping extension 'colcon_notification.desktop_notification.notify_send': Not used on non-Linux systems
[103.701s] [34mcolcon.colcon_core.plugin_system[0m [30mINFO[0m Skipping extension 'colcon_notification.desktop_notification.terminal_notifier': Not used on non-Darwin systems
[103.701s] [34mcolcon.colcon_notification.desktop_notification[0m [30mINFO[0m Sending desktop notification using 'win32'
[108.796s] [34mcolcon.colcon_core.event_reactor[0m [30mDEBUG[0m [32mjoined thread[0m
[108.800s] [34mcolcon.colcon_core.shell[0m [30mINFO[0m Creating prefix script 'C:\Users\PLASMINFORGE\Documents\Spacial-MPC\geometry2-ros2\matlab_msg_gen\win64\install\local_setup.ps1'
[108.802s] [34mcolcon.colcon_core.shell[0m [30mINFO[0m Creating prefix chain script 'C:\Users\PLASMINFORGE\Documents\Spacial-MPC\geometry2-ros2\matlab_msg_gen\win64\install\setup.ps1'
[108.810s] [34mcolcon.colcon_core.shell[0m [30mINFO[0m Creating prefix script 'C:\Users\PLASMINFORGE\Documents\Spacial-MPC\geometry2-ros2\matlab_msg_gen\win64\install\local_setup.bat'
[108.812s] [34mcolcon.colcon_core.shell[0m [30mINFO[0m Creating prefix chain script 'C:\Users\PLASMINFORGE\Documents\Spacial-MPC\geometry2-ros2\matlab_msg_gen\win64\install\setup.bat'
