[2.751s] [34mcolcon[0m [30mDEBUG[0m [32mCommand line arguments: ['C:\\Users\\PLASMINFORGE\\AppData\\Roaming\\MathWorks\\MATLAB\\R2021b\\ros2\\win64\\venv\\Scripts\\colcon', 'build', '--merge-install', '--cmake-args', '-G', 'Ninja', '--cmake-args', '-DCMAKE_BUILD_TYPE=Release', '-DBUILD_TESTING=OFF', '-DCMAKE_CXX_COMPILER=cl.exe', '-DCMAKE_C_COMPILER=cl.exe', '-DCMAKE_LINKER=link.exe', '-DMSVC_TOOLSET_VERSION=141', '-DCMAKE_CXX_FLAGS_RELEASE=/MD /Od /Ob2 /DNDEBUG'][0m
[2.751s] [34mcolcon[0m [30mDEBUG[0m [32mParsed command line arguments: Namespace(ament_cmake_args=None, base_paths='.', build_base='build', catkin_cmake_args=None, catkin_skip_building_tests=False, cmake_args=['-DCMAKE_BUILD_TYPE=Release', '-DBUILD_TESTING=OFF', '-DCMAKE_CXX_COMPILER=cl.exe', '-DCMAKE_C_COMPILER=cl.exe', '-DCMAKE_LINKER=link.exe', '-DMSVC_TOOLSET_VERSION=141', '-DCMAKE_CXX_FLAGS_RELEASE=/MD /Od /Ob2 /DNDEBUG'], cmake_clean_cache=False, cmake_clean_first=False, cmake_force_configure=False, cmake_target=None, cmake_target_skip_unavailable=False, continue_on_error=False, event_handlers=None, executor='parallel', ignore_user_meta=False, install_base='install', log_base='log', log_level=None, main=<bound method BuildVerb.main of <colcon_core.verb.build.BuildVerb object at 0x000001812CD34388>>, merge_install=True, metas='./colcon.meta', packages_above=None, packages_above_depth=None, packages_end=None, packages_ignore=None, packages_ignore_regex=None, packages_select=None, packages_select_build_failed=False, packages_select_by_dep=None, packages_select_regex=None, packages_select_test_failures=False, packages_skip=None, packages_skip_build_finished=False, packages_skip_by_dep=None, packages_skip_regex=None, packages_skip_test_passed=False, packages_skip_up_to=None, packages_start=None, packages_up_to=None, parallel_workers=8, paths=None, symlink_install=False, test_result_base=None, verb_extension=<colcon_core.verb.build.BuildVerb object at 0x000001812CD34388>, verb_name='build', verb_parser=<colcon_defaults.argument_parser.defaults.DefaultArgumentsDecorator object at 0x000001812CD34988>)[0m
[2.866s] [34mcolcon.colcon_core.package_discovery[0m [30mLevel 1[0m discover_packages(colcon_meta) check parameters
[2.866s] [34mcolcon.colcon_core.package_discovery[0m [30mLevel 1[0m discover_packages(recursive) check parameters
[2.866s] [34mcolcon.colcon_core.package_discovery[0m [30mLevel 1[0m discover_packages(ignore) check parameters
[2.866s] [34mcolcon.colcon_core.package_discovery[0m [30mLevel 1[0m discover_packages(path) check parameters
[2.866s] [34mcolcon.colcon_core.package_discovery[0m [30mLevel 1[0m discover_packages(recursive) discover
[2.867s] [34mcolcon.colcon_core.package_discovery[0m [30mINFO[0m Crawling recursively for packages in 'C:\Users\PLASMINFORGE\Documents\MATLAB_Thesis\geometry2-ros2\matlab_msg_gen\win64'
[2.867s] [34mcolcon.colcon_core.package_identification[0m [30mLevel 1[0m _identify(C:\Users\PLASMINFORGE\Documents\MATLAB_Thesis\geometry2-ros2\matlab_msg_gen\win64) by extensions ['ignore', 'ignore_ament_install']
[2.867s] [34mcolcon.colcon_core.package_identification[0m [30mLevel 1[0m _identify(C:\Users\PLASMINFORGE\Documents\MATLAB_Thesis\geometry2-ros2\matlab_msg_gen\win64) by extension 'ignore'
[2.867s] [34mcolcon.colcon_core.package_identification[0m [30mLevel 1[0m _identify(C:\Users\PLASMINFORGE\Documents\MATLAB_Thesis\geometry2-ros2\matlab_msg_gen\win64) by extension 'ignore_ament_install'
[2.867s] [34mcolcon.colcon_core.package_identification[0m [30mLevel 1[0m _identify(C:\Users\PLASMINFORGE\Documents\MATLAB_Thesis\geometry2-ros2\matlab_msg_gen\win64) by extensions ['colcon_pkg']
[2.867s] [34mcolcon.colcon_core.package_identification[0m [30mLevel 1[0m _identify(C:\Users\PLASMINFORGE\Documents\MATLAB_Thesis\geometry2-ros2\matlab_msg_gen\win64) by extension 'colcon_pkg'
[2.867s] [34mcolcon.colcon_core.package_identification[0m [30mLevel 1[0m _identify(C:\Users\PLASMINFORGE\Documents\MATLAB_Thesis\geometry2-ros2\matlab_msg_gen\win64) by extensions ['colcon_meta']
[2.867s] [34mcolcon.colcon_core.package_identification[0m [30mLevel 1[0m _identify(C:\Users\PLASMINFORGE\Documents\MATLAB_Thesis\geometry2-ros2\matlab_msg_gen\win64) by extension 'colcon_meta'
[2.868s] [34mcolcon.colcon_core.package_identification[0m [30mLevel 1[0m _identify(C:\Users\PLASMINFORGE\Documents\MATLAB_Thesis\geometry2-ros2\matlab_msg_gen\win64) by extensions ['ros']
[2.868s] [34mcolcon.colcon_core.package_identification[0m [30mLevel 1[0m _identify(C:\Users\PLASMINFORGE\Documents\MATLAB_Thesis\geometry2-ros2\matlab_msg_gen\win64) by extension 'ros'
[2.957s] [34mcolcon.colcon_core.package_identification[0m [30mLevel 1[0m _identify(C:\Users\PLASMINFORGE\Documents\MATLAB_Thesis\geometry2-ros2\matlab_msg_gen\win64) by extensions ['cmake', 'python']
[2.957s] [34mcolcon.colcon_core.package_identification[0m [30mLevel 1[0m _identify(C:\Users\PLASMINFORGE\Documents\MATLAB_Thesis\geometry2-ros2\matlab_msg_gen\win64) by extension 'cmake'
[2.957s] [34mcolcon.colcon_core.package_identification[0m [30mLevel 1[0m _identify(C:\Users\PLASMINFORGE\Documents\MATLAB_Thesis\geometry2-ros2\matlab_msg_gen\win64) by extension 'python'
[2.957s] [34mcolcon.colcon_core.package_identification[0m [30mLevel 1[0m _identify(C:\Users\PLASMINFORGE\Documents\MATLAB_Thesis\geometry2-ros2\matlab_msg_gen\win64) by extensions ['python_setup_py']
[2.957s] [34mcolcon.colcon_core.package_identification[0m [30mLevel 1[0m _identify(C:\Users\PLASMINFORGE\Documents\MATLAB_Thesis\geometry2-ros2\matlab_msg_gen\win64) by extension 'python_setup_py'
[2.958s] [34mcolcon.colcon_core.package_identification[0m [30mLevel 1[0m _identify(C:\Users\PLASMINFORGE\Documents\MATLAB_Thesis\geometry2-ros2\matlab_msg_gen\win64\build) by extensions ['ignore', 'ignore_ament_install']
[2.958s] [34mcolcon.colcon_core.package_identification[0m [30mLevel 1[0m _identify(C:\Users\PLASMINFORGE\Documents\MATLAB_Thesis\geometry2-ros2\matlab_msg_gen\win64\build) by extension 'ignore'
[2.958s] [34mcolcon.colcon_core.package_identification[0m [30mLevel 1[0m _identify(C:\Users\PLASMINFORGE\Documents\MATLAB_Thesis\geometry2-ros2\matlab_msg_gen\win64\build) ignored
[2.958s] [34mcolcon.colcon_core.package_identification[0m [30mLevel 1[0m _identify(C:\Users\PLASMINFORGE\Documents\MATLAB_Thesis\geometry2-ros2\matlab_msg_gen\win64\install) by extensions ['ignore', 'ignore_ament_install']
[2.958s] [34mcolcon.colcon_core.package_identification[0m [30mLevel 1[0m _identify(C:\Users\PLASMINFORGE\Documents\MATLAB_Thesis\geometry2-ros2\matlab_msg_gen\win64\install) by extension 'ignore'
[2.958s] [34mcolcon.colcon_core.package_identification[0m [30mLevel 1[0m _identify(C:\Users\PLASMINFORGE\Documents\MATLAB_Thesis\geometry2-ros2\matlab_msg_gen\win64\install) ignored
[2.959s] [34mcolcon.colcon_core.package_identification[0m [30mLevel 1[0m _identify(C:\Users\PLASMINFORGE\Documents\MATLAB_Thesis\geometry2-ros2\matlab_msg_gen\win64\log) by extensions ['ignore', 'ignore_ament_install']
[2.959s] [34mcolcon.colcon_core.package_identification[0m [30mLevel 1[0m _identify(C:\Users\PLASMINFORGE\Documents\MATLAB_Thesis\geometry2-ros2\matlab_msg_gen\win64\log) by extension 'ignore'
[2.959s] [34mcolcon.colcon_core.package_identification[0m [30mLevel 1[0m _identify(C:\Users\PLASMINFORGE\Documents\MATLAB_Thesis\geometry2-ros2\matlab_msg_gen\win64\log) ignored
[2.959s] [34mcolcon.colcon_core.package_identification[0m [30mLevel 1[0m _identify(C:\Users\PLASMINFORGE\Documents\MATLAB_Thesis\geometry2-ros2\matlab_msg_gen\win64\src) by extensions ['ignore', 'ignore_ament_install']
[2.959s] [34mcolcon.colcon_core.package_identification[0m [30mLevel 1[0m _identify(C:\Users\PLASMINFORGE\Documents\MATLAB_Thesis\geometry2-ros2\matlab_msg_gen\win64\src) by extension 'ignore'
[2.959s] [34mcolcon.colcon_core.package_identification[0m [30mLevel 1[0m _identify(C:\Users\PLASMINFORGE\Documents\MATLAB_Thesis\geometry2-ros2\matlab_msg_gen\win64\src) by extension 'ignore_ament_install'
[2.959s] [34mcolcon.colcon_core.package_identification[0m [30mLevel 1[0m _identify(C:\Users\PLASMINFORGE\Documents\MATLAB_Thesis\geometry2-ros2\matlab_msg_gen\win64\src) by extensions ['colcon_pkg']
[2.960s] [34mcolcon.colcon_core.package_identification[0m [30mLevel 1[0m _identify(C:\Users\PLASMINFORGE\Documents\MATLAB_Thesis\geometry2-ros2\matlab_msg_gen\win64\src) by extension 'colcon_pkg'
[2.960s] [34mcolcon.colcon_core.package_identification[0m [30mLevel 1[0m _identify(C:\Users\PLASMINFORGE\Documents\MATLAB_Thesis\geometry2-ros2\matlab_msg_gen\win64\src) by extensions ['colcon_meta']
[2.960s] [34mcolcon.colcon_core.package_identification[0m [30mLevel 1[0m _identify(C:\Users\PLASMINFORGE\Documents\MATLAB_Thesis\geometry2-ros2\matlab_msg_gen\win64\src) by extension 'colcon_meta'
[2.960s] [34mcolcon.colcon_core.package_identification[0m [30mLevel 1[0m _identify(C:\Users\PLASMINFORGE\Documents\MATLAB_Thesis\geometry2-ros2\matlab_msg_gen\win64\src) by extensions ['ros']
[2.960s] [34mcolcon.colcon_core.package_identification[0m [30mLevel 1[0m _identify(C:\Users\PLASMINFORGE\Documents\MATLAB_Thesis\geometry2-ros2\matlab_msg_gen\win64\src) by extension 'ros'
[2.960s] [34mcolcon.colcon_core.package_identification[0m [30mLevel 1[0m _identify(C:\Users\PLASMINFORGE\Documents\MATLAB_Thesis\geometry2-ros2\matlab_msg_gen\win64\src) by extensions ['cmake', 'python']
[2.960s] [34mcolcon.colcon_core.package_identification[0m [30mLevel 1[0m _identify(C:\Users\PLASMINFORGE\Documents\MATLAB_Thesis\geometry2-ros2\matlab_msg_gen\win64\src) by extension 'cmake'
[2.961s] [34mcolcon.colcon_core.package_identification[0m [30mLevel 1[0m _identify(C:\Users\PLASMINFORGE\Documents\MATLAB_Thesis\geometry2-ros2\matlab_msg_gen\win64\src) by extension 'python'
[2.961s] [34mcolcon.colcon_core.package_identification[0m [30mLevel 1[0m _identify(C:\Users\PLASMINFORGE\Documents\MATLAB_Thesis\geometry2-ros2\matlab_msg_gen\win64\src) by extensions ['python_setup_py']
[2.961s] [34mcolcon.colcon_core.package_identification[0m [30mLevel 1[0m _identify(C:\Users\PLASMINFORGE\Documents\MATLAB_Thesis\geometry2-ros2\matlab_msg_gen\win64\src) by extension 'python_setup_py'
[2.961s] [34mcolcon.colcon_core.package_identification[0m [30mLevel 1[0m _identify(C:\Users\PLASMINFORGE\Documents\MATLAB_Thesis\geometry2-ros2\matlab_msg_gen\win64\src\tf2_msgs) by extensions ['ignore', 'ignore_ament_install']
[2.961s] [34mcolcon.colcon_core.package_identification[0m [30mLevel 1[0m _identify(C:\Users\PLASMINFORGE\Documents\MATLAB_Thesis\geometry2-ros2\matlab_msg_gen\win64\src\tf2_msgs) by extension 'ignore'
[2.961s] [34mcolcon.colcon_core.package_identification[0m [30mLevel 1[0m _identify(C:\Users\PLASMINFORGE\Documents\MATLAB_Thesis\geometry2-ros2\matlab_msg_gen\win64\src\tf2_msgs) by extension 'ignore_ament_install'
[2.962s] [34mcolcon.colcon_core.package_identification[0m [30mLevel 1[0m _identify(C:\Users\PLASMINFORGE\Documents\MATLAB_Thesis\geometry2-ros2\matlab_msg_gen\win64\src\tf2_msgs) by extensions ['colcon_pkg']
[2.962s] [34mcolcon.colcon_core.package_identification[0m [30mLevel 1[0m _identify(C:\Users\PLASMINFORGE\Documents\MATLAB_Thesis\geometry2-ros2\matlab_msg_gen\win64\src\tf2_msgs) by extension 'colcon_pkg'
[2.962s] [34mcolcon.colcon_core.package_identification[0m [30mLevel 1[0m _identify(C:\Users\PLASMINFORGE\Documents\MATLAB_Thesis\geometry2-ros2\matlab_msg_gen\win64\src\tf2_msgs) by extensions ['colcon_meta']
[2.962s] [34mcolcon.colcon_core.package_identification[0m [30mLevel 1[0m _identify(C:\Users\PLASMINFORGE\Documents\MATLAB_Thesis\geometry2-ros2\matlab_msg_gen\win64\src\tf2_msgs) by extension 'colcon_meta'
[2.962s] [34mcolcon.colcon_core.package_identification[0m [30mLevel 1[0m _identify(C:\Users\PLASMINFORGE\Documents\MATLAB_Thesis\geometry2-ros2\matlab_msg_gen\win64\src\tf2_msgs) by extensions ['ros']
[2.962s] [34mcolcon.colcon_core.package_identification[0m [30mLevel 1[0m _identify(C:\Users\PLASMINFORGE\Documents\MATLAB_Thesis\geometry2-ros2\matlab_msg_gen\win64\src\tf2_msgs) by extension 'ros'
[2.978s] [34mcolcon.colcon_core.package_identification[0m [30mDEBUG[0m [32mPackage 'C:\Users\PLASMINFORGE\Documents\MATLAB_Thesis\geometry2-ros2\matlab_msg_gen\win64\src\tf2_msgs' with type 'ros.ament_cmake' and name 'tf2_msgs'[0m
[2.978s] [34mcolcon.colcon_core.package_discovery[0m [30mLevel 1[0m discover_packages(recursive) using defaults
[3.003s] [34mcolcon.colcon_core.verb[0m [30mLevel 5[0m set package 'tf2_msgs' build argument 'cmake_args' from command line to '['-DCMAKE_BUILD_TYPE=Release', '-DBUILD_TESTING=OFF', '-DCMAKE_CXX_COMPILER=cl.exe', '-DCMAKE_C_COMPILER=cl.exe', '-DCMAKE_LINKER=link.exe', '-DMSVC_TOOLSET_VERSION=141', '-DCMAKE_CXX_FLAGS_RELEASE=/MD /Od /Ob2 /DNDEBUG']'
[3.003s] [34mcolcon.colcon_core.verb[0m [30mLevel 5[0m set package 'tf2_msgs' build argument 'cmake_target' from command line to 'None'
[3.003s] [34mcolcon.colcon_core.verb[0m [30mLevel 5[0m set package 'tf2_msgs' build argument 'cmake_target_skip_unavailable' from command line to 'False'
[3.003s] [34mcolcon.colcon_core.verb[0m [30mLevel 5[0m set package 'tf2_msgs' build argument 'cmake_clean_cache' from command line to 'False'
[3.003s] [34mcolcon.colcon_core.verb[0m [30mLevel 5[0m set package 'tf2_msgs' build argument 'cmake_clean_first' from command line to 'False'
[3.003s] [34mcolcon.colcon_core.verb[0m [30mLevel 5[0m set package 'tf2_msgs' build argument 'cmake_force_configure' from command line to 'False'
[3.003s] [34mcolcon.colcon_core.verb[0m [30mLevel 5[0m set package 'tf2_msgs' build argument 'ament_cmake_args' from command line to 'None'
[3.003s] [34mcolcon.colcon_core.verb[0m [30mLevel 5[0m set package 'tf2_msgs' build argument 'catkin_cmake_args' from command line to 'None'
[3.003s] [34mcolcon.colcon_core.verb[0m [30mLevel 5[0m set package 'tf2_msgs' build argument 'catkin_skip_building_tests' from command line to 'False'
[3.003s] [34mcolcon.colcon_core.verb[0m [30mDEBUG[0m [32mBuilding package 'tf2_msgs' with the following arguments: {'ament_cmake_args': None, 'build_base': 'C:\\Users\\PLASMINFORGE\\Documents\\MATLAB_Thesis\\geometry2-ros2\\matlab_msg_gen\\win64\\build\\tf2_msgs', 'catkin_cmake_args': None, 'catkin_skip_building_tests': False, 'cmake_args': ['-DCMAKE_BUILD_TYPE=Release', '-DBUILD_TESTING=OFF', '-DCMAKE_CXX_COMPILER=cl.exe', '-DCMAKE_C_COMPILER=cl.exe', '-DCMAKE_LINKER=link.exe', '-DMSVC_TOOLSET_VERSION=141', '-DCMAKE_CXX_FLAGS_RELEASE=/MD /Od /Ob2 /DNDEBUG'], 'cmake_clean_cache': False, 'cmake_clean_first': False, 'cmake_force_configure': False, 'cmake_target': None, 'cmake_target_skip_unavailable': False, 'install_base': 'C:\\Users\\PLASMINFORGE\\Documents\\MATLAB_Thesis\\geometry2-ros2\\matlab_msg_gen\\win64\\install', 'merge_install': True, 'path': 'C:\\Users\\PLASMINFORGE\\Documents\\MATLAB_Thesis\\geometry2-ros2\\matlab_msg_gen\\win64\\src\\tf2_msgs', 'symlink_install': False, 'test_result_base': None}[0m
[3.023s] [34mcolcon.colcon_core.executor[0m [30mINFO[0m Executing jobs using 'parallel' executor
[3.025s] [34mcolcon.colcon_parallel_executor.executor.parallel[0m [30mDEBUG[0m [32mrun_until_complete[0m
[3.025s] [34mcolcon.colcon_ros.task.ament_cmake.build[0m [30mINFO[0m Building ROS package in 'C:\Users\PLASMINFORGE\Documents\MATLAB_Thesis\geometry2-ros2\matlab_msg_gen\win64\src\tf2_msgs' with build type 'ament_cmake'
[3.033s] [34mcolcon.colcon_core.plugin_system[0m [30mINFO[0m Skipping extension 'colcon_core.shell.sh': Not used on Windows systems
[3.033s] [34mcolcon.colcon_cmake.task.cmake.build[0m [30mINFO[0m Building CMake package in 'C:\Users\PLASMINFORGE\Documents\MATLAB_Thesis\geometry2-ros2\matlab_msg_gen\win64\src\tf2_msgs'
[3.036s] [34mcolcon.colcon_core.shell[0m [30mINFO[0m Skip shell extension 'powershell' for command environment: Not usable outside of PowerShell
[3.106s] [34mcolcon.colcon_core.event_handler.log_command[0m [30mDEBUG[0m [32mInvoking command in 'C:\Users\PLASMINFORGE\Documents\MATLAB_Thesis\geometry2-ros2\matlab_msg_gen\win64\build\tf2_msgs': CommonProgramFiles=%CommonProgramFiles%
CommonProgramFiles(x86)=C:\Program Files (x86)\Common Files ProgramFiles=%ProgramFiles%
ProgramFiles(x86)=C:\Program Files (x86) C:\Program Files\CMake\bin\cmake.EXE C:\Users\PLASMINFORGE\Documents\MATLAB_Thesis\geometry2-ros2\matlab_msg_gen\win64\src\tf2_msgs -DCMAKE_BUILD_TYPE=Release -DBUILD_TESTING=OFF -DCMAKE_CXX_COMPILER=cl.exe -DCMAKE_C_COMPILER=cl.exe -DCMAKE_LINKER=link.exe -DMSVC_TOOLSET_VERSION=141 -DCMAKE_CXX_FLAGS_RELEASE=/MD /Od /Ob2 /DNDEBUG -DCMAKE_INSTALL_PREFIX=C:\Users\PLASMINFORGE\Documents\MATLAB_Thesis\geometry2-ros2\matlab_msg_gen\win64\install -G Visual Studio 16 2019[0m
[25.479s] [34mcolcon.colcon_core.event_handler.log_command[0m [30mDEBUG[0m [32mInvoked command in 'C:\Users\PLASMINFORGE\Documents\MATLAB_Thesis\geometry2-ros2\matlab_msg_gen\win64\build\tf2_msgs' returned '0': CommonProgramFiles=%CommonProgramFiles%
CommonProgramFiles(x86)=C:\Program Files (x86)\Common Files ProgramFiles=%ProgramFiles%
ProgramFiles(x86)=C:\Program Files (x86) C:\Program Files\CMake\bin\cmake.EXE C:\Users\PLASMINFORGE\Documents\MATLAB_Thesis\geometry2-ros2\matlab_msg_gen\win64\src\tf2_msgs -DCMAKE_BUILD_TYPE=Release -DBUILD_TESTING=OFF -DCMAKE_CXX_COMPILER=cl.exe -DCMAKE_C_COMPILER=cl.exe -DCMAKE_LINKER=link.exe -DMSVC_TOOLSET_VERSION=141 -DCMAKE_CXX_FLAGS_RELEASE=/MD /Od /Ob2 /DNDEBUG -DCMAKE_INSTALL_PREFIX=C:\Users\PLASMINFORGE\Documents\MATLAB_Thesis\geometry2-ros2\matlab_msg_gen\win64\install -G Visual Studio 16 2019[0m
[25.481s] [34mcolcon.colcon_core.event_handler.log_command[0m [30mDEBUG[0m [32mInvoking command in 'C:\Users\PLASMINFORGE\Documents\MATLAB_Thesis\geometry2-ros2\matlab_msg_gen\win64\build\tf2_msgs': CL=/MP CommonProgramFiles=%CommonProgramFiles%
CommonProgramFiles(x86)=C:\Program Files (x86)\Common Files ProgramFiles=%ProgramFiles%
ProgramFiles(x86)=C:\Program Files (x86) C:\Program Files\CMake\bin\cmake.EXE --build C:\Users\PLASMINFORGE\Documents\MATLAB_Thesis\geometry2-ros2\matlab_msg_gen\win64\build\tf2_msgs --config Release[0m
[49.781s] [34mcolcon.colcon_core.event_handler.log_command[0m [30mDEBUG[0m [32mInvoked command in 'C:\Users\PLASMINFORGE\Documents\MATLAB_Thesis\geometry2-ros2\matlab_msg_gen\win64\build\tf2_msgs' returned '0': CL=/MP CommonProgramFiles=%CommonProgramFiles%
CommonProgramFiles(x86)=C:\Program Files (x86)\Common Files ProgramFiles=%ProgramFiles%
ProgramFiles(x86)=C:\Program Files (x86) C:\Program Files\CMake\bin\cmake.EXE --build C:\Users\PLASMINFORGE\Documents\MATLAB_Thesis\geometry2-ros2\matlab_msg_gen\win64\build\tf2_msgs --config Release[0m
[49.783s] [34mcolcon.colcon_core.event_handler.log_command[0m [30mDEBUG[0m [32mInvoking command in 'None': CommonProgramFiles=%CommonProgramFiles%
CommonProgramFiles(x86)=C:\Program Files (x86)\Common Files ProgramFiles=%ProgramFiles%
ProgramFiles(x86)=C:\Program Files (x86) C:\Program Files (x86)\Microsoft Visual Studio\2019\Community\\MSBuild\Current\Bin\msbuild.EXE /p:Configuration=Release C:\Users\PLASMINFORGE\Documents\MATLAB_Thesis\geometry2-ros2\matlab_msg_gen\win64\build\tf2_msgs\INSTALL.vcxproj[0m
[54.469s] [34mcolcon.colcon_core.environment[0m [30mLevel 1[0m create_environment_scripts_only(tf2_msgs)
[54.475s] [34mcolcon.colcon_core.event_handler.log_command[0m [30mDEBUG[0m [32mInvoked command in 'None' returned '0': CommonProgramFiles=%CommonProgramFiles%
CommonProgramFiles(x86)=C:\Program Files (x86)\Common Files ProgramFiles=%ProgramFiles%
ProgramFiles(x86)=C:\Program Files (x86) C:\Program Files (x86)\Microsoft Visual Studio\2019\Community\\MSBuild\Current\Bin\msbuild.EXE /p:Configuration=Release C:\Users\PLASMINFORGE\Documents\MATLAB_Thesis\geometry2-ros2\matlab_msg_gen\win64\build\tf2_msgs\INSTALL.vcxproj[0m
[54.500s] [34mcolcon.colcon_core.environment[0m [30mLevel 1[0m checking 'C:\Users\PLASMINFORGE\Documents\MATLAB_Thesis\geometry2-ros2\matlab_msg_gen\win64\install' for CMake module files
[54.503s] [34mcolcon.colcon_core.environment[0m [30mLevel 1[0m checking 'C:\Users\PLASMINFORGE\Documents\MATLAB_Thesis\geometry2-ros2\matlab_msg_gen\win64\install' for CMake config files
[54.506s] [34mcolcon.colcon_core.shell[0m [30mLevel 1[0m create_environment_hook('tf2_msgs', 'cmake_prefix_path')
[54.510s] [34mcolcon.colcon_core.shell[0m [30mINFO[0m Creating environment hook 'C:\Users\PLASMINFORGE\Documents\MATLAB_Thesis\geometry2-ros2\matlab_msg_gen\win64\install\share\tf2_msgs\hook\cmake_prefix_path.ps1'
[54.518s] [34mcolcon.colcon_core.shell[0m [30mINFO[0m Creating environment hook 'C:\Users\PLASMINFORGE\Documents\MATLAB_Thesis\geometry2-ros2\matlab_msg_gen\win64\install\share\tf2_msgs\hook\cmake_prefix_path.bat'
[54.533s] [34mcolcon.colcon_core.environment[0m [30mLevel 1[0m checking 'C:\Users\PLASMINFORGE\Documents\MATLAB_Thesis\geometry2-ros2\matlab_msg_gen\win64\install\bin'
[54.534s] [34mcolcon.colcon_core.shell[0m [30mLevel 1[0m create_environment_hook('tf2_msgs', 'path_dll')
[54.540s] [34mcolcon.colcon_core.shell[0m [30mINFO[0m Creating environment hook 'C:\Users\PLASMINFORGE\Documents\MATLAB_Thesis\geometry2-ros2\matlab_msg_gen\win64\install\share\tf2_msgs\hook\path_dll.ps1'
[54.541s] [34mcolcon.colcon_core.shell[0m [30mINFO[0m Creating environment hook 'C:\Users\PLASMINFORGE\Documents\MATLAB_Thesis\geometry2-ros2\matlab_msg_gen\win64\install\share\tf2_msgs\hook\path_dll.bat'
[54.543s] [34mcolcon.colcon_core.environment[0m [30mLevel 1[0m checking 'C:\Users\PLASMINFORGE\Documents\MATLAB_Thesis\geometry2-ros2\matlab_msg_gen\win64\install\bin'
[54.543s] [34mcolcon.colcon_core.shell[0m [30mLevel 1[0m create_environment_hook('tf2_msgs', 'path')
[54.549s] [34mcolcon.colcon_core.shell[0m [30mINFO[0m Creating environment hook 'C:\Users\PLASMINFORGE\Documents\MATLAB_Thesis\geometry2-ros2\matlab_msg_gen\win64\install\share\tf2_msgs\hook\path.ps1'
[54.551s] [34mcolcon.colcon_core.shell[0m [30mINFO[0m Creating environment hook 'C:\Users\PLASMINFORGE\Documents\MATLAB_Thesis\geometry2-ros2\matlab_msg_gen\win64\install\share\tf2_msgs\hook\path.bat'
[54.552s] [34mcolcon.colcon_core.environment[0m [30mLevel 1[0m checking 'C:\Users\PLASMINFORGE\Documents\MATLAB_Thesis\geometry2-ros2\matlab_msg_gen\win64\install\Scripts'
[54.552s] [34mcolcon.colcon_core.environment[0m [30mLevel 1[0m checking 'C:\Users\PLASMINFORGE\Documents\MATLAB_Thesis\geometry2-ros2\matlab_msg_gen\win64\install\lib\pkgconfig\tf2_msgs.pc'
[54.553s] [34mcolcon.colcon_core.environment[0m [30mLevel 1[0m checking 'C:\Users\PLASMINFORGE\Documents\MATLAB_Thesis\geometry2-ros2\matlab_msg_gen\win64\install\Lib\site-packages'
[54.553s] [34mcolcon.colcon_core.shell[0m [30mLevel 1[0m create_environment_hook('tf2_msgs', 'pythonpath')
[54.557s] [34mcolcon.colcon_core.shell[0m [30mINFO[0m Creating environment hook 'C:\Users\PLASMINFORGE\Documents\MATLAB_Thesis\geometry2-ros2\matlab_msg_gen\win64\install\share\tf2_msgs\hook\pythonpath.ps1'
[54.558s] [34mcolcon.colcon_core.shell[0m [30mINFO[0m Creating environment hook 'C:\Users\PLASMINFORGE\Documents\MATLAB_Thesis\geometry2-ros2\matlab_msg_gen\win64\install\share\tf2_msgs\hook\pythonpath.bat'
[54.568s] [34mcolcon.colcon_core.shell[0m [30mINFO[0m Creating package script 'C:\Users\PLASMINFORGE\Documents\MATLAB_Thesis\geometry2-ros2\matlab_msg_gen\win64\install\share\tf2_msgs\package.ps1'
[54.581s] [34mcolcon.colcon_core.shell[0m [30mINFO[0m Creating package script 'C:\Users\PLASMINFORGE\Documents\MATLAB_Thesis\geometry2-ros2\matlab_msg_gen\win64\install\share\tf2_msgs\package.bat'
[54.591s] [34mcolcon.colcon_core.environment[0m [30mLevel 1[0m create_file_with_runtime_dependencies(C:\Users\PLASMINFORGE\Documents\MATLAB_Thesis\geometry2-ros2\matlab_msg_gen\win64\install\share\colcon-core\packages\tf2_msgs)
[54.592s] [34mcolcon.colcon_parallel_executor.executor.parallel[0m [30mDEBUG[0m [32mrun_until_complete finished with '0'[0m
[54.592s] [34mcolcon.colcon_core.event_reactor[0m [30mDEBUG[0m [32mjoining thread[0m
[54.608s] [34mcolcon.colcon_core.plugin_system[0m [30mINFO[0m Skipping extension 'colcon_notification.desktop_notification.notify2': 'notify2' not found
[54.608s] [34mcolcon.colcon_core.plugin_system[0m [30mINFO[0m Skipping extension 'colcon_notification.desktop_notification.notify_send': Not used on non-Linux systems
[54.608s] [34mcolcon.colcon_core.plugin_system[0m [30mINFO[0m Skipping extension 'colcon_notification.desktop_notification.terminal_notifier': Not used on non-Darwin systems
[54.608s] [34mcolcon.colcon_notification.desktop_notification[0m [30mINFO[0m Sending desktop notification using 'win32'
[59.709s] [34mcolcon.colcon_core.event_reactor[0m [30mDEBUG[0m [32mjoined thread[0m
[59.714s] [34mcolcon.colcon_core.shell[0m [30mINFO[0m Creating prefix script 'C:\Users\PLASMINFORGE\Documents\MATLAB_Thesis\geometry2-ros2\matlab_msg_gen\win64\install\local_setup.ps1'
[59.731s] [34mcolcon.colcon_core.shell[0m [30mINFO[0m Creating prefix chain script 'C:\Users\PLASMINFORGE\Documents\MATLAB_Thesis\geometry2-ros2\matlab_msg_gen\win64\install\setup.ps1'
[59.751s] [34mcolcon.colcon_core.shell[0m [30mINFO[0m Creating prefix script 'C:\Users\PLASMINFORGE\Documents\MATLAB_Thesis\geometry2-ros2\matlab_msg_gen\win64\install\local_setup.bat'
[59.763s] [34mcolcon.colcon_core.shell[0m [30mINFO[0m Creating prefix chain script 'C:\Users\PLASMINFORGE\Documents\MATLAB_Thesis\geometry2-ros2\matlab_msg_gen\win64\install\setup.bat'
