Invoking command in 'C:\Users\PLASMINFORGE\Documents\Spacial-MPC\geometry2-ros2\matlab_msg_gen\win64\build\tf2_msgs': CommonProgramFiles=%CommonProgramFiles%
CommonProgramFiles(x86)=C:\Program Files (x86)\Common Files ProgramFiles=%ProgramFiles%
ProgramFiles(x86)=C:\Program Files (x86) C:\Program Files\CMake\bin\cmake.EXE C:\Users\PLASMINFORGE\Documents\Spacial-MPC\geometry2-ros2\matlab_msg_gen\win64\src\tf2_msgs -DCMAKE_BUILD_TYPE=Release -DBUILD_TESTING=OFF -DCMAKE_CXX_COMPILER=cl.exe -DCMAKE_C_COMPILER=cl.exe -DCMAKE_LINKER=link.exe -DMSVC_TOOLSET_VERSION=141 -DCMAKE_CXX_FLAGS_RELEASE=/MD /Od /Ob2 /DNDEBUG -DCMAKE_INSTALL_PREFIX=C:\Users\PLASMINFORGE\Documents\Spacial-MPC\geometry2-ros2\matlab_msg_gen\win64\install -G Visual Studio 16 2019
-- Selecting Windows SDK version 10.0.19041.0 to target Windows 10.0.19044.
-- The C compiler identification is MSVC 19.29.30146.0
-- The CXX compiler identification is MSVC 19.29.30146.0
-- Detecting C compiler ABI info
-- Detecting C compiler ABI info - done
-- Check for working C compiler: C:/Program Files (x86)/Microsoft Visual Studio/2019/Community/VC/Tools/MSVC/14.29.30133/bin/Hostx64/x64/cl.exe - skipped
-- Detecting C compile features
-- Detecting C compile features - done
-- Detecting CXX compiler ABI info
-- Detecting CXX compiler ABI info - done
-- Check for working CXX compiler: C:/Program Files (x86)/Microsoft Visual Studio/2019/Community/VC/Tools/MSVC/14.29.30133/bin/Hostx64/x64/cl.exe - skipped
-- Detecting CXX compile features
-- Detecting CXX compile features - done
-- Found ament_cmake: 0.7.3 (C:/Program Files/MATLAB/R2021b/sys/ros2/win64/ros2/share/ament_cmake/cmake)
-- Found PythonInterp: C:/Users/PLASMINFORGE/AppData/Roaming/MathWorks/MATLAB/R2021b/ros2/win64/venv/Scripts/python.exe (found suitable version "3.7.9", minimum required is "3") 
-- Using PYTHON_EXECUTABLE: C:/Users/PLASMINFORGE/AppData/Roaming/MathWorks/MATLAB/R2021b/ros2/win64/venv/Scripts/python.exe
-- Found ament_cmake_ros: 0.7.0 (C:/Program Files/MATLAB/R2021b/sys/ros2/win64/ros2/share/ament_cmake_ros/cmake)
-- Found rosidl_typesupport_c: 0.7.1 (C:/Program Files/MATLAB/R2021b/sys/ros2/win64/ros2/share/rosidl_typesupport_c/cmake)
-- Found rosidl_typesupport_cpp: 0.7.1 (C:/Program Files/MATLAB/R2021b/sys/ros2/win64/ros2/share/rosidl_typesupport_cpp/cmake)
-- Found rosidl_default_generators: 0.7.0 (C:/Program Files/MATLAB/R2021b/sys/ros2/win64/ros2/share/rosidl_default_generators/cmake)
-- Found FastRTPS: C:/Program Files/MATLAB/R2021b/sys/ros2/win64/ros2/include  
-- Found rosidl_adapter: 0.7.4 (C:/Program Files/MATLAB/R2021b/sys/ros2/win64/ros2/share/rosidl_adapter/cmake)
-- Found class_loader: 1.3.1 (C:/Program Files/MATLAB/R2021b/sys/ros2/win64/ros2/share/class_loader/cmake)
-- Found poco_vendor:  (C:/Program Files/MATLAB/R2021b/sys/ros2/win64/ros2/share/poco_vendor/cmake)
-- Found geometry_msgs: 0.7.0 (C:/Program Files/MATLAB/R2021b/sys/ros2/win64/ros2/share/geometry_msgs/cmake)
-- Found rclcpp: 0.7.6 (C:/Program Files/MATLAB/R2021b/sys/ros2/win64/ros2/share/rclcpp/cmake)
-- Found rmw_implementation_cmake: 0.7.2 (C:/Program Files/MATLAB/R2021b/sys/ros2/win64/ros2/share/rmw_implementation_cmake/cmake)
-- Performing Test CMAKE_HAVE_LIBC_PTHREAD
-- Performing Test CMAKE_HAVE_LIBC_PTHREAD - Failed
-- Looking for pthread_create in pthreads
-- Looking for pthread_create in pthreads - not found
-- Looking for pthread_create in pthread
-- Looking for pthread_create in pthread - not found
-- Found Threads: TRUE  
-- Found PythonInterp: C:/Users/PLASMINFORGE/AppData/Roaming/MathWorks/MATLAB/R2021b/ros2/win64/venv/Scripts/python.exe (found version "3.7.9") 
-- Using all available rosidl_typesupport_c: rosidl_typesupport_fastrtps_c;rosidl_typesupport_introspection_c
-- Using all available rosidl_typesupport_cpp: rosidl_typesupport_fastrtps_cpp;rosidl_typesupport_introspection_cpp
-- Found PythonInterp: C:/Users/PLASMINFORGE/AppData/Roaming/MathWorks/MATLAB/R2021b/ros2/win64/venv/Scripts/python.exe (found suitable version "3.7.9", minimum required is "3.5") 
-- Found python_cmake_module: 0.7.7 (C:/Program Files/MATLAB/R2021b/sys/ros2/win64/ros2/share/python_cmake_module/cmake)
-- Found PythonLibs: C:/Users/PLASMINFORGE/AppData/Roaming/MathWorks/MATLAB/R2021b/ros2/win64/venv/Scripts/libs/python37.lib (found suitable version "3.7.9", minimum required is "3.5") 
-- Using PYTHON_EXECUTABLE: C:/Users/PLASMINFORGE/AppData/Roaming/MathWorks/MATLAB/R2021b/ros2/win64/venv/Scripts/python.exe
-- Using PYTHON_INCLUDE_DIRS: C:/Users/PLASMINFORGE/AppData/Roaming/MathWorks/MATLAB/R2021b/ros2/win64/venv/Scripts/include
-- Using PYTHON_LIBRARIES: C:/Users/PLASMINFORGE/AppData/Roaming/MathWorks/MATLAB/R2021b/ros2/win64/venv/Scripts/libs/python37.lib
-- Found PythonExtra: .pyd  
-- Configuring done
-- Generating done
-- Build files have been written to: C:/Users/PLASMINFORGE/Documents/Spacial-MPC/geometry2-ros2/matlab_msg_gen/win64/build/tf2_msgs
Invoked command in 'C:\Users\PLASMINFORGE\Documents\Spacial-MPC\geometry2-ros2\matlab_msg_gen\win64\build\tf2_msgs' returned '0': CommonProgramFiles=%CommonProgramFiles%
CommonProgramFiles(x86)=C:\Program Files (x86)\Common Files ProgramFiles=%ProgramFiles%
ProgramFiles(x86)=C:\Program Files (x86) C:\Program Files\CMake\bin\cmake.EXE C:\Users\PLASMINFORGE\Documents\Spacial-MPC\geometry2-ros2\matlab_msg_gen\win64\src\tf2_msgs -DCMAKE_BUILD_TYPE=Release -DBUILD_TESTING=OFF -DCMAKE_CXX_COMPILER=cl.exe -DCMAKE_C_COMPILER=cl.exe -DCMAKE_LINKER=link.exe -DMSVC_TOOLSET_VERSION=141 -DCMAKE_CXX_FLAGS_RELEASE=/MD /Od /Ob2 /DNDEBUG -DCMAKE_INSTALL_PREFIX=C:\Users\PLASMINFORGE\Documents\Spacial-MPC\geometry2-ros2\matlab_msg_gen\win64\install -G Visual Studio 16 2019
Invoking command in 'C:\Users\PLASMINFORGE\Documents\Spacial-MPC\geometry2-ros2\matlab_msg_gen\win64\build\tf2_msgs': CL=/MP CommonProgramFiles=%CommonProgramFiles%
CommonProgramFiles(x86)=C:\Program Files (x86)\Common Files ProgramFiles=%ProgramFiles%
ProgramFiles(x86)=C:\Program Files (x86) C:\Program Files\CMake\bin\cmake.EXE --build C:\Users\PLASMINFORGE\Documents\Spacial-MPC\geometry2-ros2\matlab_msg_gen\win64\build\tf2_msgs --config Release
Microsoft (R) Build Engine version 16.11.2+f32259642 for .NET Framework
Copyright (C) Microsoft Corporation. All rights reserved.

  Checking Build System
  Generating C++ code for ROS interfaces
  Building Custom Rule C:/Users/PLASMINFORGE/Documents/Spacial-MPC/geometry2-ros2/matlab_msg_gen/win64/src/tf2_msgs/CMakeLists.txt
  Generating C code for ROS interfaces
  Building Custom Rule C:/Users/PLASMINFORGE/Documents/Spacial-MPC/geometry2-ros2/matlab_msg_gen/win64/src/tf2_msgs/CMakeLists.txt
  tf2_error__functions.c
  tf_message__functions.c
  frame_graph__functions.c
     Creating library C:/Users/PLASMINFORGE/Documents/Spacial-MPC/geometry2-ros2/matlab_msg_gen/win64/build/tf2_msgs/Release/tf2_msgs__rosidl_generator_c.lib and object C:/Users/PLASMINFORGE/Documents/Spacial-MPC/geometry2-ros2/matlab_msg_gen/win64/build/tf2_msgs/Release/tf2_msgs__rosidl_generator_c.exp
  tf2_msgs__rosidl_generator_c.vcxproj -> C:\Users\PLASMINFORGE\Documents\Spacial-MPC\geometry2-ros2\matlab_msg_gen\win64\build\tf2_msgs\Release\tf2_msgs__rosidl_generator_c.dll
  Generating C type support dispatch for ROS interfaces
  Building Custom Rule C:/Users/PLASMINFORGE/Documents/Spacial-MPC/geometry2-ros2/matlab_msg_gen/win64/src/tf2_msgs/CMakeLists.txt
  tf2_error__type_support.cpp
  tf_message__type_support.cpp
  frame_graph__type_support.cpp
     Creating library C:/Users/PLASMINFORGE/Documents/Spacial-MPC/geometry2-ros2/matlab_msg_gen/win64/build/tf2_msgs/Release/tf2_msgs__rosidl_typesupport_c.lib and object C:/Users/PLASMINFORGE/Documents/Spacial-MPC/geometry2-ros2/matlab_msg_gen/win64/build/tf2_msgs/Release/tf2_msgs__rosidl_typesupport_c.exp
  tf2_msgs__rosidl_typesupport_c.vcxproj -> C:\Users\PLASMINFORGE\Documents\Spacial-MPC\geometry2-ros2\matlab_msg_gen\win64\build\tf2_msgs\Release\tf2_msgs__rosidl_typesupport_c.dll
  Generating C++ type support dispatch for ROS interfaces
  Building Custom Rule C:/Users/PLASMINFORGE/Documents/Spacial-MPC/geometry2-ros2/matlab_msg_gen/win64/src/tf2_msgs/CMakeLists.txt
  tf2_error__type_support.cpp
  tf_message__type_support.cpp
  frame_graph__type_support.cpp
     Creating library C:/Users/PLASMINFORGE/Documents/Spacial-MPC/geometry2-ros2/matlab_msg_gen/win64/build/tf2_msgs/Release/tf2_msgs__rosidl_typesupport_cpp.lib and object C:/Users/PLASMINFORGE/Documents/Spacial-MPC/geometry2-ros2/matlab_msg_gen/win64/build/tf2_msgs/Release/tf2_msgs__rosidl_typesupport_cpp.exp
  tf2_msgs__rosidl_typesupport_cpp.vcxproj -> C:\Users\PLASMINFORGE\Documents\Spacial-MPC\geometry2-ros2\matlab_msg_gen\win64\build\tf2_msgs\Release\tf2_msgs__rosidl_typesupport_cpp.dll
  Generating C++ type support for eProsima Fast-RTPS
  Building Custom Rule C:/Users/PLASMINFORGE/Documents/Spacial-MPC/geometry2-ros2/matlab_msg_gen/win64/src/tf2_msgs/CMakeLists.txt
  tf2_error__type_support.cpp
  tf_message__type_support.cpp
  frame_graph__type_support.cpp
     Creating library C:/Users/PLASMINFORGE/Documents/Spacial-MPC/geometry2-ros2/matlab_msg_gen/win64/build/tf2_msgs/Release/tf2_msgs__rosidl_typesupport_fastrtps_cpp.lib and object C:/Users/PLASMINFORGE/Documents/Spacial-MPC/geometry2-ros2/matlab_msg_gen/win64/build/tf2_msgs/Release/tf2_msgs__rosidl_typesupport_fastrtps_cpp.exp
  tf2_msgs__rosidl_typesupport_fastrtps_cpp.vcxproj -> C:\Users\PLASMINFORGE\Documents\Spacial-MPC\geometry2-ros2\matlab_msg_gen\win64\build\tf2_msgs\Release\tf2_msgs__rosidl_typesupport_fastrtps_cpp.dll
  Generating C type support for eProsima Fast-RTPS
  Building Custom Rule C:/Users/PLASMINFORGE/Documents/Spacial-MPC/geometry2-ros2/matlab_msg_gen/win64/src/tf2_msgs/CMakeLists.txt
  tf2_error__type_support_c.cpp
  tf_message__type_support_c.cpp
  frame_graph__type_support_c.cpp
     Creating library C:/Users/PLASMINFORGE/Documents/Spacial-MPC/geometry2-ros2/matlab_msg_gen/win64/build/tf2_msgs/Release/tf2_msgs__rosidl_typesupport_fastrtps_c.lib and object C:/Users/PLASMINFORGE/Documents/Spacial-MPC/geometry2-ros2/matlab_msg_gen/win64/build/tf2_msgs/Release/tf2_msgs__rosidl_typesupport_fastrtps_c.exp
  tf2_msgs__rosidl_typesupport_fastrtps_c.vcxproj -> C:\Users\PLASMINFORGE\Documents\Spacial-MPC\geometry2-ros2\matlab_msg_gen\win64\build\tf2_msgs\Release\tf2_msgs__rosidl_typesupport_fastrtps_c.dll
  Generating C introspection for ROS interfaces
  Building Custom Rule C:/Users/PLASMINFORGE/Documents/Spacial-MPC/geometry2-ros2/matlab_msg_gen/win64/src/tf2_msgs/CMakeLists.txt
  tf2_error__type_support.c
  tf_message__type_support.c
  frame_graph__type_support.c
     Creating library C:/Users/PLASMINFORGE/Documents/Spacial-MPC/geometry2-ros2/matlab_msg_gen/win64/build/tf2_msgs/Release/tf2_msgs__rosidl_typesupport_introspection_c.lib and object C:/Users/PLASMINFORGE/Documents/Spacial-MPC/geometry2-ros2/matlab_msg_gen/win64/build/tf2_msgs/Release/tf2_msgs__rosidl_typesupport_introspection_c.exp
  tf2_msgs__rosidl_typesupport_introspection_c.vcxproj -> C:\Users\PLASMINFORGE\Documents\Spacial-MPC\geometry2-ros2\matlab_msg_gen\win64\build\tf2_msgs\Release\tf2_msgs__rosidl_typesupport_introspection_c.dll
  Generating C++ introspection for ROS interfaces
  Building Custom Rule C:/Users/PLASMINFORGE/Documents/Spacial-MPC/geometry2-ros2/matlab_msg_gen/win64/src/tf2_msgs/CMakeLists.txt
  tf2_error__type_support.cpp
  tf_message__type_support.cpp
  frame_graph__type_support.cpp
     Creating library C:/Users/PLASMINFORGE/Documents/Spacial-MPC/geometry2-ros2/matlab_msg_gen/win64/build/tf2_msgs/Release/tf2_msgs__rosidl_typesupport_introspection_cpp.lib and object C:/Users/PLASMINFORGE/Documents/Spacial-MPC/geometry2-ros2/matlab_msg_gen/win64/build/tf2_msgs/Release/tf2_msgs__rosidl_typesupport_introspection_cpp.exp
  tf2_msgs__rosidl_typesupport_introspection_cpp.vcxproj -> C:\Users\PLASMINFORGE\Documents\Spacial-MPC\geometry2-ros2\matlab_msg_gen\win64\build\tf2_msgs\Release\tf2_msgs__rosidl_typesupport_introspection_cpp.dll
  Building Custom Rule C:/Users/PLASMINFORGE/Documents/Spacial-MPC/geometry2-ros2/matlab_msg_gen/win64/src/tf2_msgs/CMakeLists.txt
  Generating Python code for ROS interfaces
  Building Custom Rule C:/Users/PLASMINFORGE/Documents/Spacial-MPC/geometry2-ros2/matlab_msg_gen/win64/build/tf2_msgs/tf2_msgs__py/CMakeLists.txt
  Building Custom Rule C:/Users/PLASMINFORGE/Documents/Spacial-MPC/geometry2-ros2/matlab_msg_gen/win64/src/tf2_msgs/CMakeLists.txt
  _tf2_error_s.c
  _tf_message_s.c
  _frame_graph_s.c
     Creating library C:/Users/PLASMINFORGE/Documents/Spacial-MPC/geometry2-ros2/matlab_msg_gen/win64/build/tf2_msgs/Release/tf2_msgs__python.lib and object C:/Users/PLASMINFORGE/Documents/Spacial-MPC/geometry2-ros2/matlab_msg_gen/win64/build/tf2_msgs/Release/tf2_msgs__python.exp
  tf2_msgs__python.vcxproj -> C:\Users\PLASMINFORGE\Documents\Spacial-MPC\geometry2-ros2\matlab_msg_gen\win64\build\tf2_msgs\rosidl_generator_py\tf2_msgs\tf2_msgs__python.dll
  Building Custom Rule C:/Users/PLASMINFORGE/Documents/Spacial-MPC/geometry2-ros2/matlab_msg_gen/win64/src/tf2_msgs/CMakeLists.txt
  _tf2_msgs_s.ep.rosidl_typesupport_c.c
     Creating library C:/Users/PLASMINFORGE/Documents/Spacial-MPC/geometry2-ros2/matlab_msg_gen/win64/build/tf2_msgs/Release/tf2_msgs_s__rosidl_typesupport_c.lib and object C:/Users/PLASMINFORGE/Documents/Spacial-MPC/geometry2-ros2/matlab_msg_gen/win64/build/tf2_msgs/Release/tf2_msgs_s__rosidl_typesupport_c.exp
  tf2_msgs__rosidl_typesupport_c__pyext.vcxproj -> C:\Users\PLASMINFORGE\Documents\Spacial-MPC\geometry2-ros2\matlab_msg_gen\win64\build\tf2_msgs\rosidl_generator_py\tf2_msgs\tf2_msgs_s__rosidl_typesupport_c.pyd
  Building Custom Rule C:/Users/PLASMINFORGE/Documents/Spacial-MPC/geometry2-ros2/matlab_msg_gen/win64/src/tf2_msgs/CMakeLists.txt
  _tf2_msgs_s.ep.rosidl_typesupport_fastrtps_c.c
     Creating library C:/Users/PLASMINFORGE/Documents/Spacial-MPC/geometry2-ros2/matlab_msg_gen/win64/build/tf2_msgs/Release/tf2_msgs_s__rosidl_typesupport_fastrtps_c.lib and object C:/Users/PLASMINFORGE/Documents/Spacial-MPC/geometry2-ros2/matlab_msg_gen/win64/build/tf2_msgs/Release/tf2_msgs_s__rosidl_typesupport_fastrtps_c.exp
  tf2_msgs__rosidl_typesupport_fastrtps_c__pyext.vcxproj -> C:\Users\PLASMINFORGE\Documents\Spacial-MPC\geometry2-ros2\matlab_msg_gen\win64\build\tf2_msgs\rosidl_generator_py\tf2_msgs\tf2_msgs_s__rosidl_typesupport_fastrtps_c.pyd
  Building Custom Rule C:/Users/PLASMINFORGE/Documents/Spacial-MPC/geometry2-ros2/matlab_msg_gen/win64/src/tf2_msgs/CMakeLists.txt
  _tf2_msgs_s.ep.rosidl_typesupport_introspection_c.c
     Creating library C:/Users/PLASMINFORGE/Documents/Spacial-MPC/geometry2-ros2/matlab_msg_gen/win64/build/tf2_msgs/Release/tf2_msgs_s__rosidl_typesupport_introspection_c.lib and object C:/Users/PLASMINFORGE/Documents/Spacial-MPC/geometry2-ros2/matlab_msg_gen/win64/build/tf2_msgs/Release/tf2_msgs_s__rosidl_typesupport_introspection_c.exp
  tf2_msgs__rosidl_typesupport_introspection_c__pyext.vcxproj -> C:\Users\PLASMINFORGE\Documents\Spacial-MPC\geometry2-ros2\matlab_msg_gen\win64\build\tf2_msgs\rosidl_generator_py\tf2_msgs\tf2_msgs_s__rosidl_typesupport_introspection_c.pyd
  Building Custom Rule C:/Users/PLASMINFORGE/Documents/Spacial-MPC/geometry2-ros2/matlab_msg_gen/win64/src/tf2_msgs/CMakeLists.txt
  tf2_msgs_TF2Error_message.cpp
  tf2_msgs_TFMessage_message.cpp
  tf2_msgs_FrameGraph_service.cpp
C:\Users\PLASMINFORGE\Documents\Spacial-MPC\geometry2-ros2\matlab_msg_gen\win64\src\tf2_msgs\src\tf2_msgs_TF2Error_message.cpp(27,109): warning C4275: non dll-interface class 'MATLABROS2MsgInterfaceBase' used as base for dll-interface class 'MATLABROS2MsgInterface<tf2_msgs::msg::TF2Error>' [C:\Users\PLASMINFORGE\Documents\Spacial-MPC\geometry2-ros2\matlab_msg_gen\win64\build\tf2_msgs\tf2_msgs_matlab.vcxproj]
C:\Program Files\MATLAB\R2021b\toolbox\ros\include\ros2\MATLABROS2MsgInterface.hpp(58): message : see declaration of 'MATLABROS2MsgInterfaceBase' [C:\Users\PLASMINFORGE\Documents\Spacial-MPC\geometry2-ros2\matlab_msg_gen\win64\build\tf2_msgs\tf2_msgs_matlab.vcxproj]
C:\Users\PLASMINFORGE\Documents\Spacial-MPC\geometry2-ros2\matlab_msg_gen\win64\src\tf2_msgs\src\tf2_msgs_TF2Error_message.cpp(27): message : see declaration of 'MATLABROS2MsgInterface<tf2_msgs::msg::TF2Error>' [C:\Users\PLASMINFORGE\Documents\Spacial-MPC\geometry2-ros2\matlab_msg_gen\win64\build\tf2_msgs\tf2_msgs_matlab.vcxproj]
C:\Users\PLASMINFORGE\Documents\Spacial-MPC\geometry2-ros2\matlab_msg_gen\win64\src\tf2_msgs\src\tf2_msgs_TFMessage_message.cpp(27,111): warning C4275: non dll-interface class 'MATLABROS2MsgInterfaceBase' used as base for dll-interface class 'MATLABROS2MsgInterface<tf2_msgs::msg::TFMessage>' [C:\Users\PLASMINFORGE\Documents\Spacial-MPC\geometry2-ros2\matlab_msg_gen\win64\build\tf2_msgs\tf2_msgs_matlab.vcxproj]
C:\Program Files\MATLAB\R2021b\toolbox\ros\include\ros2\MATLABROS2MsgInterface.hpp(58): message : see declaration of 'MATLABROS2MsgInterfaceBase' [C:\Users\PLASMINFORGE\Documents\Spacial-MPC\geometry2-ros2\matlab_msg_gen\win64\build\tf2_msgs\tf2_msgs_matlab.vcxproj]
C:\Users\PLASMINFORGE\Documents\Spacial-MPC\geometry2-ros2\matlab_msg_gen\win64\src\tf2_msgs\src\tf2_msgs_TFMessage_message.cpp(27): message : see declaration of 'MATLABROS2MsgInterface<tf2_msgs::msg::TFMessage>' [C:\Users\PLASMINFORGE\Documents\Spacial-MPC\geometry2-ros2\matlab_msg_gen\win64\build\tf2_msgs\tf2_msgs_matlab.vcxproj]
C:\Users\PLASMINFORGE\Documents\Spacial-MPC\geometry2-ros2\matlab_msg_gen\win64\src\tf2_msgs\src\tf2_msgs_TF2Error_message.cpp(91,89): warning C4275: non dll-interface class 'ROS2MsgElementInterfaceFactory' used as base for dll-interface class 'tf2_msgs_TF2Error_message' [C:\Users\PLASMINFORGE\Documents\Spacial-MPC\geometry2-ros2\matlab_msg_gen\win64\build\tf2_msgs\tf2_msgs_matlab.vcxproj]
C:\Program Files\MATLAB\R2021b\toolbox\ros\include\ros2\MATLABROS2MsgInterface.hpp(43): message : see declaration of 'ROS2MsgElementInterfaceFactory' [C:\Users\PLASMINFORGE\Documents\Spacial-MPC\geometry2-ros2\matlab_msg_gen\win64\build\tf2_msgs\tf2_msgs_matlab.vcxproj]
C:\Users\PLASMINFORGE\Documents\Spacial-MPC\geometry2-ros2\matlab_msg_gen\win64\src\tf2_msgs\src\tf2_msgs_TF2Error_message.cpp(91): message : see declaration of 'tf2_msgs_TF2Error_message' [C:\Users\PLASMINFORGE\Documents\Spacial-MPC\geometry2-ros2\matlab_msg_gen\win64\build\tf2_msgs\tf2_msgs_matlab.vcxproj]
C:\Users\PLASMINFORGE\Documents\Spacial-MPC\geometry2-ros2\matlab_msg_gen\win64\src\tf2_msgs\src\tf2_msgs_TFMessage_message.cpp(64,90): warning C4275: non dll-interface class 'ROS2MsgElementInterfaceFactory' used as base for dll-interface class 'tf2_msgs_TFMessage_message' [C:\Users\PLASMINFORGE\Documents\Spacial-MPC\geometry2-ros2\matlab_msg_gen\win64\build\tf2_msgs\tf2_msgs_matlab.vcxproj]
C:\Program Files\MATLAB\R2021b\toolbox\ros\include\ros2\MATLABROS2MsgInterface.hpp(43): message : see declaration of 'ROS2MsgElementInterfaceFactory' [C:\Users\PLASMINFORGE\Documents\Spacial-MPC\geometry2-ros2\matlab_msg_gen\win64\build\tf2_msgs\tf2_msgs_matlab.vcxproj]
C:\Users\PLASMINFORGE\Documents\Spacial-MPC\geometry2-ros2\matlab_msg_gen\win64\src\tf2_msgs\src\tf2_msgs_TFMessage_message.cpp(64): message : see declaration of 'tf2_msgs_TFMessage_message' [C:\Users\PLASMINFORGE\Documents\Spacial-MPC\geometry2-ros2\matlab_msg_gen\win64\build\tf2_msgs\tf2_msgs_matlab.vcxproj]
C:\Users\PLASMINFORGE\Documents\Spacial-MPC\geometry2-ros2\matlab_msg_gen\win64\src\tf2_msgs\src\tf2_msgs_FrameGraph_service.cpp(36,129): warning C4275: non dll-interface class 'MATLABROS2MsgInterfaceBase' used as base for dll-interface class 'MATLABROS2MsgInterface<tf2_msgs::srv::FrameGraph::Request>' [C:\Users\PLASMINFORGE\Documents\Spacial-MPC\geometry2-ros2\matlab_msg_gen\win64\build\tf2_msgs\tf2_msgs_matlab.vcxproj]
C:\Program Files\MATLAB\R2021b\toolbox\ros\include\ros2\MATLABSvcClientInterface.hpp(47): message : see declaration of 'MATLABROS2MsgInterfaceBase' [C:\Users\PLASMINFORGE\Documents\Spacial-MPC\geometry2-ros2\matlab_msg_gen\win64\build\tf2_msgs\tf2_msgs_matlab.vcxproj]
C:\Users\PLASMINFORGE\Documents\Spacial-MPC\geometry2-ros2\matlab_msg_gen\win64\src\tf2_msgs\src\tf2_msgs_FrameGraph_service.cpp(36): message : see declaration of 'MATLABROS2MsgInterface<tf2_msgs::srv::FrameGraph::Request>' [C:\Users\PLASMINFORGE\Documents\Spacial-MPC\geometry2-ros2\matlab_msg_gen\win64\build\tf2_msgs\tf2_msgs_matlab.vcxproj]
C:\Users\PLASMINFORGE\Documents\Spacial-MPC\geometry2-ros2\matlab_msg_gen\win64\src\tf2_msgs\src\tf2_msgs_FrameGraph_service.cpp(54,131): warning C4275: non dll-interface class 'MATLABROS2MsgInterfaceBase' used as base for dll-interface class 'MATLABROS2MsgInterface<tf2_msgs::srv::FrameGraph::Response>' [C:\Users\PLASMINFORGE\Documents\Spacial-MPC\geometry2-ros2\matlab_msg_gen\win64\build\tf2_msgs\tf2_msgs_matlab.vcxproj]
C:\Program Files\MATLAB\R2021b\toolbox\ros\include\ros2\MATLABSvcClientInterface.hpp(47): message : see declaration of 'MATLABROS2MsgInterfaceBase' [C:\Users\PLASMINFORGE\Documents\Spacial-MPC\geometry2-ros2\matlab_msg_gen\win64\build\tf2_msgs\tf2_msgs_matlab.vcxproj]
C:\Users\PLASMINFORGE\Documents\Spacial-MPC\geometry2-ros2\matlab_msg_gen\win64\src\tf2_msgs\src\tf2_msgs_FrameGraph_service.cpp(54): message : see declaration of 'MATLABROS2MsgInterface<tf2_msgs::srv::FrameGraph::Response>' [C:\Users\PLASMINFORGE\Documents\Spacial-MPC\geometry2-ros2\matlab_msg_gen\win64\build\tf2_msgs\tf2_msgs_matlab.vcxproj]
C:\Users\PLASMINFORGE\Documents\Spacial-MPC\geometry2-ros2\matlab_msg_gen\win64\src\tf2_msgs\src\tf2_msgs_FrameGraph_service.cpp(84,91): warning C4275: non dll-interface class 'ROS2MsgElementInterfaceFactory' used as base for dll-interface class 'tf2_msgs_FrameGraph_service' [C:\Users\PLASMINFORGE\Documents\Spacial-MPC\geometry2-ros2\matlab_msg_gen\win64\build\tf2_msgs\tf2_msgs_matlab.vcxproj]
C:\Program Files\MATLAB\R2021b\toolbox\ros\include\ros2\MATLABROS2MsgInterface.hpp(43): message : see declaration of 'ROS2MsgElementInterfaceFactory' [C:\Users\PLASMINFORGE\Documents\Spacial-MPC\geometry2-ros2\matlab_msg_gen\win64\build\tf2_msgs\tf2_msgs_matlab.vcxproj]
C:\Users\PLASMINFORGE\Documents\Spacial-MPC\geometry2-ros2\matlab_msg_gen\win64\src\tf2_msgs\src\tf2_msgs_FrameGraph_service.cpp(84): message : see declaration of 'tf2_msgs_FrameGraph_service' [C:\Users\PLASMINFORGE\Documents\Spacial-MPC\geometry2-ros2\matlab_msg_gen\win64\build\tf2_msgs\tf2_msgs_matlab.vcxproj]
     Creating library C:/Users/PLASMINFORGE/Documents/Spacial-MPC/geometry2-ros2/matlab_msg_gen/win64/build/tf2_msgs/Release/tf2_msgs_matlab.lib and object C:/Users/PLASMINFORGE/Documents/Spacial-MPC/geometry2-ros2/matlab_msg_gen/win64/build/tf2_msgs/Release/tf2_msgs_matlab.exp
  tf2_msgs_matlab.vcxproj -> C:\Users\PLASMINFORGE\Documents\Spacial-MPC\geometry2-ros2\matlab_msg_gen\win64\build\tf2_msgs\Release\tf2_msgs_matlab.dll
  Building Custom Rule C:/Users/PLASMINFORGE/Documents/Spacial-MPC/geometry2-ros2/matlab_msg_gen/win64/src/tf2_msgs/CMakeLists.txt
Invoked command in 'C:\Users\PLASMINFORGE\Documents\Spacial-MPC\geometry2-ros2\matlab_msg_gen\win64\build\tf2_msgs' returned '0': CL=/MP CommonProgramFiles=%CommonProgramFiles%
CommonProgramFiles(x86)=C:\Program Files (x86)\Common Files ProgramFiles=%ProgramFiles%
ProgramFiles(x86)=C:\Program Files (x86) C:\Program Files\CMake\bin\cmake.EXE --build C:\Users\PLASMINFORGE\Documents\Spacial-MPC\geometry2-ros2\matlab_msg_gen\win64\build\tf2_msgs --config Release
Invoking command in 'None': CommonProgramFiles=%CommonProgramFiles%
CommonProgramFiles(x86)=C:\Program Files (x86)\Common Files ProgramFiles=%ProgramFiles%
ProgramFiles(x86)=C:\Program Files (x86) C:\Program Files (x86)\Microsoft Visual Studio\2019\Community\\MSBuild\Current\Bin\msbuild.EXE /p:Configuration=Release C:\Users\PLASMINFORGE\Documents\Spacial-MPC\geometry2-ros2\matlab_msg_gen\win64\build\tf2_msgs\INSTALL.vcxproj
Microsoft (R) Build Engine version 16.11.2+f32259642 for .NET Framework
Copyright (C) Microsoft Corporation. All rights reserved.

Build started 5/10/2022 4:11:53 PM.
Project "C:\Users\PLASMINFORGE\Documents\Spacial-MPC\geometry2-ros2\matlab_msg_gen\win64\build\tf2_msgs\INSTALL.vcxproj" on node 1 (default targets).
Project "C:\Users\PLASMINFORGE\Documents\Spacial-MPC\geometry2-ros2\matlab_msg_gen\win64\build\tf2_msgs\INSTALL.vcxproj" (1) is building "C:\Users\PLASMINFORGE\Documents\Spacial-MPC\geometry2-ros2\matlab_msg_gen\win64\build\tf2_msgs\ZERO_CHECK.vcxproj" (2) on node 1 (default targets).
InitializeBuildStatus:
  Creating "x64\Release\ZERO_CHECK\ZERO_CHECK.tlog\unsuccessfulbuild" because "AlwaysCreate" was specified.
CustomBuild:
  All outputs are up-to-date.
FinalizeBuildStatus:
  Deleting file "x64\Release\ZERO_CHECK\ZERO_CHECK.tlog\unsuccessfulbuild".
  Touching "x64\Release\ZERO_CHECK\ZERO_CHECK.tlog\ZERO_CHECK.lastbuildstate".
Done Building Project "C:\Users\PLASMINFORGE\Documents\Spacial-MPC\geometry2-ros2\matlab_msg_gen\win64\build\tf2_msgs\ZERO_CHECK.vcxproj" (default targets).
Project "C:\Users\PLASMINFORGE\Documents\Spacial-MPC\geometry2-ros2\matlab_msg_gen\win64\build\tf2_msgs\INSTALL.vcxproj" (1) is building "C:\Users\PLASMINFORGE\Documents\Spacial-MPC\geometry2-ros2\matlab_msg_gen\win64\build\tf2_msgs\ALL_BUILD.vcxproj" (3) on node 1 (default targets).
Project "C:\Users\PLASMINFORGE\Documents\Spacial-MPC\geometry2-ros2\matlab_msg_gen\win64\build\tf2_msgs\ALL_BUILD.vcxproj" (3) is building "C:\Users\PLASMINFORGE\Documents\Spacial-MPC\geometry2-ros2\matlab_msg_gen\win64\build\tf2_msgs\tf2_msgs.vcxproj" (4) on node 1 (default targets).
Project "C:\Users\PLASMINFORGE\Documents\Spacial-MPC\geometry2-ros2\matlab_msg_gen\win64\build\tf2_msgs\tf2_msgs.vcxproj" (4) is building "C:\Users\PLASMINFORGE\Documents\Spacial-MPC\geometry2-ros2\matlab_msg_gen\win64\build\tf2_msgs\tf2_msgs__cpp.vcxproj" (5) on node 1 (default targets).
InitializeBuildStatus:
  Creating "x64\Release\tf2_msgs__cpp\tf2_msgs__cpp.tlog\unsuccessfulbuild" because "AlwaysCreate" was specified.
FinalizeBuildStatus:
  Deleting file "x64\Release\tf2_msgs__cpp\tf2_msgs__cpp.tlog\unsuccessfulbuild".
  Touching "x64\Release\tf2_msgs__cpp\tf2_msgs__cpp.tlog\tf2_msgs__cpp.lastbuildstate".
Done Building Project "C:\Users\PLASMINFORGE\Documents\Spacial-MPC\geometry2-ros2\matlab_msg_gen\win64\build\tf2_msgs\tf2_msgs__cpp.vcxproj" (default targets).
Project "C:\Users\PLASMINFORGE\Documents\Spacial-MPC\geometry2-ros2\matlab_msg_gen\win64\build\tf2_msgs\tf2_msgs.vcxproj" (4) is building "C:\Users\PLASMINFORGE\Documents\Spacial-MPC\geometry2-ros2\matlab_msg_gen\win64\build\tf2_msgs\tf2_msgs__rosidl_generator_c.vcxproj" (6) on node 1 (default targets).
InitializeBuildStatus:
  Creating "tf2_msgs__rosidl_generator_c.dir\Release\tf2_msgs.4B93386B.tlog\unsuccessfulbuild" because "AlwaysCreate" was specified.
CustomBuild:
  All outputs are up-to-date.
ClCompile:
  All outputs are up-to-date.
Link:
  All outputs are up-to-date.
  tf2_msgs__rosidl_generator_c.vcxproj -> C:\Users\PLASMINFORGE\Documents\Spacial-MPC\geometry2-ros2\matlab_msg_gen\win64\build\tf2_msgs\Release\tf2_msgs__rosidl_generator_c.dll
FinalizeBuildStatus:
  Deleting file "tf2_msgs__rosidl_generator_c.dir\Release\tf2_msgs.4B93386B.tlog\unsuccessfulbuild".
  Touching "tf2_msgs__rosidl_generator_c.dir\Release\tf2_msgs.4B93386B.tlog\tf2_msgs__rosidl_generator_c.lastbuildstate".
Done Building Project "C:\Users\PLASMINFORGE\Documents\Spacial-MPC\geometry2-ros2\matlab_msg_gen\win64\build\tf2_msgs\tf2_msgs__rosidl_generator_c.vcxproj" (default targets).
Project "C:\Users\PLASMINFORGE\Documents\Spacial-MPC\geometry2-ros2\matlab_msg_gen\win64\build\tf2_msgs\tf2_msgs.vcxproj" (4) is building "C:\Users\PLASMINFORGE\Documents\Spacial-MPC\geometry2-ros2\matlab_msg_gen\win64\build\tf2_msgs\tf2_msgs__rosidl_typesupport_c.vcxproj" (7) on node 1 (default targets).
InitializeBuildStatus:
  Creating "tf2_msgs__rosidl_typesupport_c.dir\Release\tf2_msgs.12C8F56B.tlog\unsuccessfulbuild" because "AlwaysCreate" was specified.
CustomBuild:
  All outputs are up-to-date.
ClCompile:
  All outputs are up-to-date.
Link:
  All outputs are up-to-date.
  tf2_msgs__rosidl_typesupport_c.vcxproj -> C:\Users\PLASMINFORGE\Documents\Spacial-MPC\geometry2-ros2\matlab_msg_gen\win64\build\tf2_msgs\Release\tf2_msgs__rosidl_typesupport_c.dll
FinalizeBuildStatus:
  Deleting file "tf2_msgs__rosidl_typesupport_c.dir\Release\tf2_msgs.12C8F56B.tlog\unsuccessfulbuild".
  Touching "tf2_msgs__rosidl_typesupport_c.dir\Release\tf2_msgs.12C8F56B.tlog\tf2_msgs__rosidl_typesupport_c.lastbuildstate".
Done Building Project "C:\Users\PLASMINFORGE\Documents\Spacial-MPC\geometry2-ros2\matlab_msg_gen\win64\build\tf2_msgs\tf2_msgs__rosidl_typesupport_c.vcxproj" (default targets).
Project "C:\Users\PLASMINFORGE\Documents\Spacial-MPC\geometry2-ros2\matlab_msg_gen\win64\build\tf2_msgs\tf2_msgs.vcxproj" (4) is building "C:\Users\PLASMINFORGE\Documents\Spacial-MPC\geometry2-ros2\matlab_msg_gen\win64\build\tf2_msgs\tf2_msgs__rosidl_typesupport_cpp.vcxproj" (8) on node 1 (default targets).
InitializeBuildStatus:
  Creating "tf2_msgs__rosidl_typesupport_cpp.dir\Release\tf2_msgs.CDA4C436.tlog\unsuccessfulbuild" because "AlwaysCreate" was specified.
CustomBuild:
  All outputs are up-to-date.
ClCompile:
  All outputs are up-to-date.
Link:
  All outputs are up-to-date.
  tf2_msgs__rosidl_typesupport_cpp.vcxproj -> C:\Users\PLASMINFORGE\Documents\Spacial-MPC\geometry2-ros2\matlab_msg_gen\win64\build\tf2_msgs\Release\tf2_msgs__rosidl_typesupport_cpp.dll
FinalizeBuildStatus:
  Deleting file "tf2_msgs__rosidl_typesupport_cpp.dir\Release\tf2_msgs.CDA4C436.tlog\unsuccessfulbuild".
  Touching "tf2_msgs__rosidl_typesupport_cpp.dir\Release\tf2_msgs.CDA4C436.tlog\tf2_msgs__rosidl_typesupport_cpp.lastbuildstate".
Done Building Project "C:\Users\PLASMINFORGE\Documents\Spacial-MPC\geometry2-ros2\matlab_msg_gen\win64\build\tf2_msgs\tf2_msgs__rosidl_typesupport_cpp.vcxproj" (default targets).
Project "C:\Users\PLASMINFORGE\Documents\Spacial-MPC\geometry2-ros2\matlab_msg_gen\win64\build\tf2_msgs\tf2_msgs.vcxproj" (4) is building "C:\Users\PLASMINFORGE\Documents\Spacial-MPC\geometry2-ros2\matlab_msg_gen\win64\build\tf2_msgs\tf2_msgs__rosidl_typesupport_fastrtps_c.vcxproj" (9) on node 1 (default targets).
Project "C:\Users\PLASMINFORGE\Documents\Spacial-MPC\geometry2-ros2\matlab_msg_gen\win64\build\tf2_msgs\tf2_msgs__rosidl_typesupport_fastrtps_c.vcxproj" (9) is building "C:\Users\PLASMINFORGE\Documents\Spacial-MPC\geometry2-ros2\matlab_msg_gen\win64\build\tf2_msgs\tf2_msgs__rosidl_typesupport_fastrtps_cpp.vcxproj" (10) on node 1 (default targets).
InitializeBuildStatus:
  Creating "tf2_msgs__rosidl_typesupport_fastrtps_cpp.dir\Release\tf2_msgs.10B5338F.tlog\unsuccessfulbuild" because "AlwaysCreate" was specified.
CustomBuild:
  All outputs are up-to-date.
ClCompile:
  All outputs are up-to-date.
Link:
  All outputs are up-to-date.
  tf2_msgs__rosidl_typesupport_fastrtps_cpp.vcxproj -> C:\Users\PLASMINFORGE\Documents\Spacial-MPC\geometry2-ros2\matlab_msg_gen\win64\build\tf2_msgs\Release\tf2_msgs__rosidl_typesupport_fastrtps_cpp.dll
FinalizeBuildStatus:
  Deleting file "tf2_msgs__rosidl_typesupport_fastrtps_cpp.dir\Release\tf2_msgs.10B5338F.tlog\unsuccessfulbuild".
  Touching "tf2_msgs__rosidl_typesupport_fastrtps_cpp.dir\Release\tf2_msgs.10B5338F.tlog\tf2_msgs__rosidl_typesupport_fastrtps_cpp.lastbuildstate".
Done Building Project "C:\Users\PLASMINFORGE\Documents\Spacial-MPC\geometry2-ros2\matlab_msg_gen\win64\build\tf2_msgs\tf2_msgs__rosidl_typesupport_fastrtps_cpp.vcxproj" (default targets).
InitializeBuildStatus:
  Creating "tf2_msgs__rosidl_typesupport_fastrtps_c.dir\Release\tf2_msgs.53F1A78E.tlog\unsuccessfulbuild" because "AlwaysCreate" was specified.
CustomBuild:
  All outputs are up-to-date.
ClCompile:
  All outputs are up-to-date.
Link:
  All outputs are up-to-date.
  tf2_msgs__rosidl_typesupport_fastrtps_c.vcxproj -> C:\Users\PLASMINFORGE\Documents\Spacial-MPC\geometry2-ros2\matlab_msg_gen\win64\build\tf2_msgs\Release\tf2_msgs__rosidl_typesupport_fastrtps_c.dll
FinalizeBuildStatus:
  Deleting file "tf2_msgs__rosidl_typesupport_fastrtps_c.dir\Release\tf2_msgs.53F1A78E.tlog\unsuccessfulbuild".
  Touching "tf2_msgs__rosidl_typesupport_fastrtps_c.dir\Release\tf2_msgs.53F1A78E.tlog\tf2_msgs__rosidl_typesupport_fastrtps_c.lastbuildstate".
Done Building Project "C:\Users\PLASMINFORGE\Documents\Spacial-MPC\geometry2-ros2\matlab_msg_gen\win64\build\tf2_msgs\tf2_msgs__rosidl_typesupport_fastrtps_c.vcxproj" (default targets).
Project "C:\Users\PLASMINFORGE\Documents\Spacial-MPC\geometry2-ros2\matlab_msg_gen\win64\build\tf2_msgs\tf2_msgs.vcxproj" (4) is building "C:\Users\PLASMINFORGE\Documents\Spacial-MPC\geometry2-ros2\matlab_msg_gen\win64\build\tf2_msgs\tf2_msgs__rosidl_typesupport_introspection_c.vcxproj" (11) on node 1 (default targets).
InitializeBuildStatus:
  Creating "tf2_msgs__rosidl_typesupport_introspection_c.dir\Release\tf2_msgs.0F68D108.tlog\unsuccessfulbuild" because "AlwaysCreate" was specified.
CustomBuild:
  All outputs are up-to-date.
ClCompile:
  All outputs are up-to-date.
Link:
  All outputs are up-to-date.
  tf2_msgs__rosidl_typesupport_introspection_c.vcxproj -> C:\Users\PLASMINFORGE\Documents\Spacial-MPC\geometry2-ros2\matlab_msg_gen\win64\build\tf2_msgs\Release\tf2_msgs__rosidl_typesupport_introspection_c.dll
FinalizeBuildStatus:
  Deleting file "tf2_msgs__rosidl_typesupport_introspection_c.dir\Release\tf2_msgs.0F68D108.tlog\unsuccessfulbuild".
  Touching "tf2_msgs__rosidl_typesupport_introspection_c.dir\Release\tf2_msgs.0F68D108.tlog\tf2_msgs__rosidl_typesupport_introspection_c.lastbuildstate".
Done Building Project "C:\Users\PLASMINFORGE\Documents\Spacial-MPC\geometry2-ros2\matlab_msg_gen\win64\build\tf2_msgs\tf2_msgs__rosidl_typesupport_introspection_c.vcxproj" (default targets).
Project "C:\Users\PLASMINFORGE\Documents\Spacial-MPC\geometry2-ros2\matlab_msg_gen\win64\build\tf2_msgs\tf2_msgs.vcxproj" (4) is building "C:\Users\PLASMINFORGE\Documents\Spacial-MPC\geometry2-ros2\matlab_msg_gen\win64\build\tf2_msgs\tf2_msgs__rosidl_typesupport_introspection_cpp.vcxproj" (12) on node 1 (default targets).
InitializeBuildStatus:
  Creating "tf2_msgs__rosidl_typesupport_introspection_cpp.dir\Release\tf2_msgs.7EB841B7.tlog\unsuccessfulbuild" because "AlwaysCreate" was specified.
CustomBuild:
  All outputs are up-to-date.
ClCompile:
  All outputs are up-to-date.
Link:
  All outputs are up-to-date.
  tf2_msgs__rosidl_typesupport_introspection_cpp.vcxproj -> C:\Users\PLASMINFORGE\Documents\Spacial-MPC\geometry2-ros2\matlab_msg_gen\win64\build\tf2_msgs\Release\tf2_msgs__rosidl_typesupport_introspection_cpp.dll
FinalizeBuildStatus:
  Deleting file "tf2_msgs__rosidl_typesupport_introspection_cpp.dir\Release\tf2_msgs.7EB841B7.tlog\unsuccessfulbuild".
  Touching "tf2_msgs__rosidl_typesupport_introspection_cpp.dir\Release\tf2_msgs.7EB841B7.tlog\tf2_msgs__rosidl_typesupport_introspection_cpp.lastbuildstate".
Done Building Project "C:\Users\PLASMINFORGE\Documents\Spacial-MPC\geometry2-ros2\matlab_msg_gen\win64\build\tf2_msgs\tf2_msgs__rosidl_typesupport_introspection_cpp.vcxproj" (default targets).
InitializeBuildStatus:
  Creating "x64\Release\tf2_msgs\tf2_msgs.tlog\unsuccessfulbuild" because "AlwaysCreate" was specified.
FinalizeBuildStatus:
  Deleting file "x64\Release\tf2_msgs\tf2_msgs.tlog\unsuccessfulbuild".
  Touching "x64\Release\tf2_msgs\tf2_msgs.tlog\tf2_msgs.lastbuildstate".
Done Building Project "C:\Users\PLASMINFORGE\Documents\Spacial-MPC\geometry2-ros2\matlab_msg_gen\win64\build\tf2_msgs\tf2_msgs.vcxproj" (default targets).
Project "C:\Users\PLASMINFORGE\Documents\Spacial-MPC\geometry2-ros2\matlab_msg_gen\win64\build\tf2_msgs\ALL_BUILD.vcxproj" (3) is building "C:\Users\PLASMINFORGE\Documents\Spacial-MPC\geometry2-ros2\matlab_msg_gen\win64\build\tf2_msgs\tf2_msgs__python.vcxproj" (13) on node 1 (default targets).
Project "C:\Users\PLASMINFORGE\Documents\Spacial-MPC\geometry2-ros2\matlab_msg_gen\win64\build\tf2_msgs\tf2_msgs__python.vcxproj" (13) is building "C:\Users\PLASMINFORGE\Documents\Spacial-MPC\geometry2-ros2\matlab_msg_gen\win64\build\tf2_msgs\tf2_msgs__py\tf2_msgs__py.vcxproj" (14) on node 1 (default targets).
InitializeBuildStatus:
  Creating "x64\Release\tf2_msgs__py\tf2_msgs__py.tlog\unsuccessfulbuild" because "AlwaysCreate" was specified.
FinalizeBuildStatus:
  Deleting file "x64\Release\tf2_msgs__py\tf2_msgs__py.tlog\unsuccessfulbuild".
  Touching "x64\Release\tf2_msgs__py\tf2_msgs__py.tlog\tf2_msgs__py.lastbuildstate".
Done Building Project "C:\Users\PLASMINFORGE\Documents\Spacial-MPC\geometry2-ros2\matlab_msg_gen\win64\build\tf2_msgs\tf2_msgs__py\tf2_msgs__py.vcxproj" (default targets).
InitializeBuildStatus:
  Creating "tf2_msgs__python.dir\Release\tf2_msgs__python.tlog\unsuccessfulbuild" because "AlwaysCreate" was specified.
CustomBuild:
  All outputs are up-to-date.
ClCompile:
  All outputs are up-to-date.
Link:
  All outputs are up-to-date.
  tf2_msgs__python.vcxproj -> C:\Users\PLASMINFORGE\Documents\Spacial-MPC\geometry2-ros2\matlab_msg_gen\win64\build\tf2_msgs\rosidl_generator_py\tf2_msgs\tf2_msgs__python.dll
FinalizeBuildStatus:
  Deleting file "tf2_msgs__python.dir\Release\tf2_msgs__python.tlog\unsuccessfulbuild".
  Touching "tf2_msgs__python.dir\Release\tf2_msgs__python.tlog\tf2_msgs__python.lastbuildstate".
Done Building Project "C:\Users\PLASMINFORGE\Documents\Spacial-MPC\geometry2-ros2\matlab_msg_gen\win64\build\tf2_msgs\tf2_msgs__python.vcxproj" (default targets).
Project "C:\Users\PLASMINFORGE\Documents\Spacial-MPC\geometry2-ros2\matlab_msg_gen\win64\build\tf2_msgs\ALL_BUILD.vcxproj" (3) is building "C:\Users\PLASMINFORGE\Documents\Spacial-MPC\geometry2-ros2\matlab_msg_gen\win64\build\tf2_msgs\tf2_msgs__rosidl_typesupport_c__pyext.vcxproj" (15) on node 1 (default targets).
InitializeBuildStatus:
  Creating "tf2_msgs__rosidl_typesupport_c__pyext.dir\Release\tf2_msgs.25F16E9B.tlog\unsuccessfulbuild" because "AlwaysCreate" was specified.
CustomBuild:
  All outputs are up-to-date.
ClCompile:
  All outputs are up-to-date.
Link:
  All outputs are up-to-date.
  tf2_msgs__rosidl_typesupport_c__pyext.vcxproj -> C:\Users\PLASMINFORGE\Documents\Spacial-MPC\geometry2-ros2\matlab_msg_gen\win64\build\tf2_msgs\rosidl_generator_py\tf2_msgs\tf2_msgs_s__rosidl_typesupport_c.pyd
FinalizeBuildStatus:
  Deleting file "tf2_msgs__rosidl_typesupport_c__pyext.dir\Release\tf2_msgs.25F16E9B.tlog\unsuccessfulbuild".
  Touching "tf2_msgs__rosidl_typesupport_c__pyext.dir\Release\tf2_msgs.25F16E9B.tlog\tf2_msgs__rosidl_typesupport_c__pyext.lastbuildstate".
Done Building Project "C:\Users\PLASMINFORGE\Documents\Spacial-MPC\geometry2-ros2\matlab_msg_gen\win64\build\tf2_msgs\tf2_msgs__rosidl_typesupport_c__pyext.vcxproj" (default targets).
Project "C:\Users\PLASMINFORGE\Documents\Spacial-MPC\geometry2-ros2\matlab_msg_gen\win64\build\tf2_msgs\ALL_BUILD.vcxproj" (3) is building "C:\Users\PLASMINFORGE\Documents\Spacial-MPC\geometry2-ros2\matlab_msg_gen\win64\build\tf2_msgs\tf2_msgs__rosidl_typesupport_fastrtps_c__pyext.vcxproj" (16) on node 1 (default targets).
InitializeBuildStatus:
  Creating "tf2_msgs__rosidl_typesupport_fastrtps_c__pyext.dir\Release\tf2_msgs.0304F96F.tlog\unsuccessfulbuild" because "AlwaysCreate" was specified.
CustomBuild:
  All outputs are up-to-date.
ClCompile:
  All outputs are up-to-date.
Link:
  All outputs are up-to-date.
  tf2_msgs__rosidl_typesupport_fastrtps_c__pyext.vcxproj -> C:\Users\PLASMINFORGE\Documents\Spacial-MPC\geometry2-ros2\matlab_msg_gen\win64\build\tf2_msgs\rosidl_generator_py\tf2_msgs\tf2_msgs_s__rosidl_typesupport_fastrtps_c.pyd
FinalizeBuildStatus:
  Deleting file "tf2_msgs__rosidl_typesupport_fastrtps_c__pyext.dir\Release\tf2_msgs.0304F96F.tlog\unsuccessfulbuild".
  Touching "tf2_msgs__rosidl_typesupport_fastrtps_c__pyext.dir\Release\tf2_msgs.0304F96F.tlog\tf2_msgs__rosidl_typesupport_fastrtps_c__pyext.lastbuildstate".
Done Building Project "C:\Users\PLASMINFORGE\Documents\Spacial-MPC\geometry2-ros2\matlab_msg_gen\win64\build\tf2_msgs\tf2_msgs__rosidl_typesupport_fastrtps_c__pyext.vcxproj" (default targets).
Project "C:\Users\PLASMINFORGE\Documents\Spacial-MPC\geometry2-ros2\matlab_msg_gen\win64\build\tf2_msgs\ALL_BUILD.vcxproj" (3) is building "C:\Users\PLASMINFORGE\Documents\Spacial-MPC\geometry2-ros2\matlab_msg_gen\win64\build\tf2_msgs\tf2_msgs__rosidl_typesupport_introspection_c__pyext.vcxproj" (17) on node 1 (default targets).
InitializeBuildStatus:
  Creating "tf2_msgs__rosidl_typesupport_introspection_c__pyext.dir\Release\tf2_msgs.F755E88C.tlog\unsuccessfulbuild" because "AlwaysCreate" was specified.
CustomBuild:
  All outputs are up-to-date.
ClCompile:
  All outputs are up-to-date.
Link:
  All outputs are up-to-date.
  tf2_msgs__rosidl_typesupport_introspection_c__pyext.vcxproj -> C:\Users\PLASMINFORGE\Documents\Spacial-MPC\geometry2-ros2\matlab_msg_gen\win64\build\tf2_msgs\rosidl_generator_py\tf2_msgs\tf2_msgs_s__rosidl_typesupport_introspection_c.pyd
FinalizeBuildStatus:
  Deleting file "tf2_msgs__rosidl_typesupport_introspection_c__pyext.dir\Release\tf2_msgs.F755E88C.tlog\unsuccessfulbuild".
  Touching "tf2_msgs__rosidl_typesupport_introspection_c__pyext.dir\Release\tf2_msgs.F755E88C.tlog\tf2_msgs__rosidl_typesupport_introspection_c__pyext.lastbuildstate".
Done Building Project "C:\Users\PLASMINFORGE\Documents\Spacial-MPC\geometry2-ros2\matlab_msg_gen\win64\build\tf2_msgs\tf2_msgs__rosidl_typesupport_introspection_c__pyext.vcxproj" (default targets).
Project "C:\Users\PLASMINFORGE\Documents\Spacial-MPC\geometry2-ros2\matlab_msg_gen\win64\build\tf2_msgs\ALL_BUILD.vcxproj" (3) is building "C:\Users\PLASMINFORGE\Documents\Spacial-MPC\geometry2-ros2\matlab_msg_gen\win64\build\tf2_msgs\tf2_msgs_matlab.vcxproj" (18) on node 1 (default targets).
InitializeBuildStatus:
  Creating "tf2_msgs_matlab.dir\Release\tf2_msgs_matlab.tlog\unsuccessfulbuild" because "AlwaysCreate" was specified.
CustomBuild:
  All outputs are up-to-date.
ClCompile:
  All outputs are up-to-date.
Link:
  All outputs are up-to-date.
  tf2_msgs_matlab.vcxproj -> C:\Users\PLASMINFORGE\Documents\Spacial-MPC\geometry2-ros2\matlab_msg_gen\win64\build\tf2_msgs\Release\tf2_msgs_matlab.dll
FinalizeBuildStatus:
  Deleting file "tf2_msgs_matlab.dir\Release\tf2_msgs_matlab.tlog\unsuccessfulbuild".
  Touching "tf2_msgs_matlab.dir\Release\tf2_msgs_matlab.tlog\tf2_msgs_matlab.lastbuildstate".
Done Building Project "C:\Users\PLASMINFORGE\Documents\Spacial-MPC\geometry2-ros2\matlab_msg_gen\win64\build\tf2_msgs\tf2_msgs_matlab.vcxproj" (default targets).
InitializeBuildStatus:
  Creating "x64\Release\ALL_BUILD\ALL_BUILD.tlog\unsuccessfulbuild" because "AlwaysCreate" was specified.
CustomBuild:
  All outputs are up-to-date.
FinalizeBuildStatus:
  Deleting file "x64\Release\ALL_BUILD\ALL_BUILD.tlog\unsuccessfulbuild".
  Touching "x64\Release\ALL_BUILD\ALL_BUILD.tlog\ALL_BUILD.lastbuildstate".
Done Building Project "C:\Users\PLASMINFORGE\Documents\Spacial-MPC\geometry2-ros2\matlab_msg_gen\win64\build\tf2_msgs\ALL_BUILD.vcxproj" (default targets).
PrepareForBuild:
  Creating directory "x64\Release\INSTALL\".
  Creating directory "x64\Release\INSTALL\INSTALL.tlog\".
InitializeBuildStatus:
  Creating "x64\Release\INSTALL\INSTALL.tlog\unsuccessfulbuild" because "AlwaysCreate" was specified.
PostBuildEvent:
  setlocal
  "C:\Program Files\CMake\bin\cmake.exe" -DBUILD_TYPE=Release -P cmake_install.cmake
  if %errorlevel% neq 0 goto :cmEnd
  :cmEnd
  endlocal & call :cmErrorLevel %errorlevel% & goto :cmDone
  :cmErrorLevel
  exit /b %1
  :cmDone
  if %errorlevel% neq 0 goto :VCEnd
  :VCEnd
  -- Install configuration: "Release"
  -- Installing: C:/Users/PLASMINFORGE/Documents/Spacial-MPC/geometry2-ros2/matlab_msg_gen/win64/install/share/ament_index/resource_index/rosidl_interfaces/tf2_msgs
  -- Installing: C:/Users/PLASMINFORGE/Documents/Spacial-MPC/geometry2-ros2/matlab_msg_gen/win64/install/lib/tf2_msgs__rosidl_typesupport_c.lib
  -- Installing: C:/Users/PLASMINFORGE/Documents/Spacial-MPC/geometry2-ros2/matlab_msg_gen/win64/install/bin/tf2_msgs__rosidl_typesupport_c.dll
  -- Installing: C:/Users/PLASMINFORGE/Documents/Spacial-MPC/geometry2-ros2/matlab_msg_gen/win64/install/lib/tf2_msgs__rosidl_typesupport_cpp.lib
  -- Installing: C:/Users/PLASMINFORGE/Documents/Spacial-MPC/geometry2-ros2/matlab_msg_gen/win64/install/bin/tf2_msgs__rosidl_typesupport_cpp.dll
  -- Installing: C:/Users/PLASMINFORGE/Documents/Spacial-MPC/geometry2-ros2/matlab_msg_gen/win64/install/include/tf2_msgs
  -- Installing: C:/Users/PLASMINFORGE/Documents/Spacial-MPC/geometry2-ros2/matlab_msg_gen/win64/install/include/tf2_msgs/msg
  -- Installing: C:/Users/PLASMINFORGE/Documents/Spacial-MPC/geometry2-ros2/matlab_msg_gen/win64/install/include/tf2_msgs/msg/rosidl_typesupport_fastrtps_c__visibility_control.h
  -- Installing: C:/Users/PLASMINFORGE/Documents/Spacial-MPC/geometry2-ros2/matlab_msg_gen/win64/install/include/tf2_msgs/msg/tf2_error__rosidl_typesupport_fastrtps_c.h
  -- Installing: C:/Users/PLASMINFORGE/Documents/Spacial-MPC/geometry2-ros2/matlab_msg_gen/win64/install/include/tf2_msgs/msg/tf_message__rosidl_typesupport_fastrtps_c.h
  -- Installing: C:/Users/PLASMINFORGE/Documents/Spacial-MPC/geometry2-ros2/matlab_msg_gen/win64/install/include/tf2_msgs/srv
  -- Installing: C:/Users/PLASMINFORGE/Documents/Spacial-MPC/geometry2-ros2/matlab_msg_gen/win64/install/include/tf2_msgs/srv/frame_graph__rosidl_typesupport_fastrtps_c.h
  -- Installing: C:/Users/PLASMINFORGE/Documents/Spacial-MPC/geometry2-ros2/matlab_msg_gen/win64/install/lib/tf2_msgs__rosidl_typesupport_fastrtps_c.lib
  -- Installing: C:/Users/PLASMINFORGE/Documents/Spacial-MPC/geometry2-ros2/matlab_msg_gen/win64/install/bin/tf2_msgs__rosidl_typesupport_fastrtps_c.dll
  -- Up-to-date: C:/Users/PLASMINFORGE/Documents/Spacial-MPC/geometry2-ros2/matlab_msg_gen/win64/install/include/tf2_msgs
  -- Up-to-date: C:/Users/PLASMINFORGE/Documents/Spacial-MPC/geometry2-ros2/matlab_msg_gen/win64/install/include/tf2_msgs/msg
  -- Installing: C:/Users/PLASMINFORGE/Documents/Spacial-MPC/geometry2-ros2/matlab_msg_gen/win64/install/include/tf2_msgs/msg/rosidl_generator_c__visibility_control.h
  -- Installing: C:/Users/PLASMINFORGE/Documents/Spacial-MPC/geometry2-ros2/matlab_msg_gen/win64/install/include/tf2_msgs/msg/tf2_error.h
  -- Installing: C:/Users/PLASMINFORGE/Documents/Spacial-MPC/geometry2-ros2/matlab_msg_gen/win64/install/include/tf2_msgs/msg/tf2_error__functions.c
  -- Installing: C:/Users/PLASMINFORGE/Documents/Spacial-MPC/geometry2-ros2/matlab_msg_gen/win64/install/include/tf2_msgs/msg/tf2_error__functions.h
  -- Installing: C:/Users/PLASMINFORGE/Documents/Spacial-MPC/geometry2-ros2/matlab_msg_gen/win64/install/include/tf2_msgs/msg/tf2_error__struct.h
  -- Installing: C:/Users/PLASMINFORGE/Documents/Spacial-MPC/geometry2-ros2/matlab_msg_gen/win64/install/include/tf2_msgs/msg/tf2_error__type_support.h
  -- Installing: C:/Users/PLASMINFORGE/Documents/Spacial-MPC/geometry2-ros2/matlab_msg_gen/win64/install/include/tf2_msgs/msg/tf_message.h
  -- Installing: C:/Users/PLASMINFORGE/Documents/Spacial-MPC/geometry2-ros2/matlab_msg_gen/win64/install/include/tf2_msgs/msg/tf_message__functions.c
  -- Installing: C:/Users/PLASMINFORGE/Documents/Spacial-MPC/geometry2-ros2/matlab_msg_gen/win64/install/include/tf2_msgs/msg/tf_message__functions.h
  -- Installing: C:/Users/PLASMINFORGE/Documents/Spacial-MPC/geometry2-ros2/matlab_msg_gen/win64/install/include/tf2_msgs/msg/tf_message__struct.h
  -- Installing: C:/Users/PLASMINFORGE/Documents/Spacial-MPC/geometry2-ros2/matlab_msg_gen/win64/install/include/tf2_msgs/msg/tf_message__type_support.h
  -- Up-to-date: C:/Users/PLASMINFORGE/Documents/Spacial-MPC/geometry2-ros2/matlab_msg_gen/win64/install/include/tf2_msgs/srv
  -- Installing: C:/Users/PLASMINFORGE/Documents/Spacial-MPC/geometry2-ros2/matlab_msg_gen/win64/install/include/tf2_msgs/srv/frame_graph.h
  -- Installing: C:/Users/PLASMINFORGE/Documents/Spacial-MPC/geometry2-ros2/matlab_msg_gen/win64/install/include/tf2_msgs/srv/frame_graph__functions.c
  -- Installing: C:/Users/PLASMINFORGE/Documents/Spacial-MPC/geometry2-ros2/matlab_msg_gen/win64/install/include/tf2_msgs/srv/frame_graph__functions.h
  -- Installing: C:/Users/PLASMINFORGE/Documents/Spacial-MPC/geometry2-ros2/matlab_msg_gen/win64/install/include/tf2_msgs/srv/frame_graph__struct.h
  -- Installing: C:/Users/PLASMINFORGE/Documents/Spacial-MPC/geometry2-ros2/matlab_msg_gen/win64/install/include/tf2_msgs/srv/frame_graph__type_support.h
  -- Installing: C:/Users/PLASMINFORGE/Documents/Spacial-MPC/geometry2-ros2/matlab_msg_gen/win64/install/lib/tf2_msgs__rosidl_generator_c.lib
  -- Installing: C:/Users/PLASMINFORGE/Documents/Spacial-MPC/geometry2-ros2/matlab_msg_gen/win64/install/bin/tf2_msgs__rosidl_generator_c.dll
  -- Up-to-date: C:/Users/PLASMINFORGE/Documents/Spacial-MPC/geometry2-ros2/matlab_msg_gen/win64/install/include/tf2_msgs
  -- Up-to-date: C:/Users/PLASMINFORGE/Documents/Spacial-MPC/geometry2-ros2/matlab_msg_gen/win64/install/include/tf2_msgs/msg
  -- Installing: C:/Users/PLASMINFORGE/Documents/Spacial-MPC/geometry2-ros2/matlab_msg_gen/win64/install/include/tf2_msgs/msg/dds_fastrtps
  -- Installing: C:/Users/PLASMINFORGE/Documents/Spacial-MPC/geometry2-ros2/matlab_msg_gen/win64/install/include/tf2_msgs/msg/rosidl_typesupport_fastrtps_cpp__visibility_control.h
  -- Installing: C:/Users/PLASMINFORGE/Documents/Spacial-MPC/geometry2-ros2/matlab_msg_gen/win64/install/include/tf2_msgs/msg/tf2_error__rosidl_typesupport_fastrtps_cpp.hpp
  -- Installing: C:/Users/PLASMINFORGE/Documents/Spacial-MPC/geometry2-ros2/matlab_msg_gen/win64/install/include/tf2_msgs/msg/tf_message__rosidl_typesupport_fastrtps_cpp.hpp
  -- Up-to-date: C:/Users/PLASMINFORGE/Documents/Spacial-MPC/geometry2-ros2/matlab_msg_gen/win64/install/include/tf2_msgs/srv
  -- Installing: C:/Users/PLASMINFORGE/Documents/Spacial-MPC/geometry2-ros2/matlab_msg_gen/win64/install/include/tf2_msgs/srv/dds_fastrtps
  -- Installing: C:/Users/PLASMINFORGE/Documents/Spacial-MPC/geometry2-ros2/matlab_msg_gen/win64/install/include/tf2_msgs/srv/frame_graph__rosidl_typesupport_fastrtps_cpp.hpp
  -- Installing: C:/Users/PLASMINFORGE/Documents/Spacial-MPC/geometry2-ros2/matlab_msg_gen/win64/install/lib/tf2_msgs__rosidl_typesupport_fastrtps_cpp.lib
  -- Installing: C:/Users/PLASMINFORGE/Documents/Spacial-MPC/geometry2-ros2/matlab_msg_gen/win64/install/bin/tf2_msgs__rosidl_typesupport_fastrtps_cpp.dll
  -- Up-to-date: C:/Users/PLASMINFORGE/Documents/Spacial-MPC/geometry2-ros2/matlab_msg_gen/win64/install/include/tf2_msgs
  -- Up-to-date: C:/Users/PLASMINFORGE/Documents/Spacial-MPC/geometry2-ros2/matlab_msg_gen/win64/install/include/tf2_msgs/msg
  -- Installing: C:/Users/PLASMINFORGE/Documents/Spacial-MPC/geometry2-ros2/matlab_msg_gen/win64/install/include/tf2_msgs/msg/tf2_error.hpp
  -- Installing: C:/Users/PLASMINFORGE/Documents/Spacial-MPC/geometry2-ros2/matlab_msg_gen/win64/install/include/tf2_msgs/msg/tf2_error__struct.hpp
  -- Installing: C:/Users/PLASMINFORGE/Documents/Spacial-MPC/geometry2-ros2/matlab_msg_gen/win64/install/include/tf2_msgs/msg/tf2_error__traits.hpp
  -- Installing: C:/Users/PLASMINFORGE/Documents/Spacial-MPC/geometry2-ros2/matlab_msg_gen/win64/install/include/tf2_msgs/msg/tf_message.hpp
  -- Installing: C:/Users/PLASMINFORGE/Documents/Spacial-MPC/geometry2-ros2/matlab_msg_gen/win64/install/include/tf2_msgs/msg/tf_message__struct.hpp
  -- Installing: C:/Users/PLASMINFORGE/Documents/Spacial-MPC/geometry2-ros2/matlab_msg_gen/win64/install/include/tf2_msgs/msg/tf_message__traits.hpp
  -- Up-to-date: C:/Users/PLASMINFORGE/Documents/Spacial-MPC/geometry2-ros2/matlab_msg_gen/win64/install/include/tf2_msgs/srv
  -- Installing: C:/Users/PLASMINFORGE/Documents/Spacial-MPC/geometry2-ros2/matlab_msg_gen/win64/install/include/tf2_msgs/srv/frame_graph.hpp
  -- Installing: C:/Users/PLASMINFORGE/Documents/Spacial-MPC/geometry2-ros2/matlab_msg_gen/win64/install/include/tf2_msgs/srv/frame_graph__struct.hpp
  -- Installing: C:/Users/PLASMINFORGE/Documents/Spacial-MPC/geometry2-ros2/matlab_msg_gen/win64/install/include/tf2_msgs/srv/frame_graph__traits.hpp
  -- Up-to-date: C:/Users/PLASMINFORGE/Documents/Spacial-MPC/geometry2-ros2/matlab_msg_gen/win64/install/include/tf2_msgs
  -- Up-to-date: C:/Users/PLASMINFORGE/Documents/Spacial-MPC/geometry2-ros2/matlab_msg_gen/win64/install/include/tf2_msgs/msg
  -- Installing: C:/Users/PLASMINFORGE/Documents/Spacial-MPC/geometry2-ros2/matlab_msg_gen/win64/install/include/tf2_msgs/msg/rosidl_typesupport_introspection_c__visibility_control.h
  -- Installing: C:/Users/PLASMINFORGE/Documents/Spacial-MPC/geometry2-ros2/matlab_msg_gen/win64/install/include/tf2_msgs/msg/tf2_error__rosidl_typesupport_introspection_c.h
  -- Installing: C:/Users/PLASMINFORGE/Documents/Spacial-MPC/geometry2-ros2/matlab_msg_gen/win64/install/include/tf2_msgs/msg/tf2_error__type_support.c
  -- Installing: C:/Users/PLASMINFORGE/Documents/Spacial-MPC/geometry2-ros2/matlab_msg_gen/win64/install/include/tf2_msgs/msg/tf_message__rosidl_typesupport_introspection_c.h
  -- Installing: C:/Users/PLASMINFORGE/Documents/Spacial-MPC/geometry2-ros2/matlab_msg_gen/win64/install/include/tf2_msgs/msg/tf_message__type_support.c
  -- Up-to-date: C:/Users/PLASMINFORGE/Documents/Spacial-MPC/geometry2-ros2/matlab_msg_gen/win64/install/include/tf2_msgs/srv
  -- Installing: C:/Users/PLASMINFORGE/Documents/Spacial-MPC/geometry2-ros2/matlab_msg_gen/win64/install/include/tf2_msgs/srv/frame_graph__rosidl_typesupport_introspection_c.h
  -- Installing: C:/Users/PLASMINFORGE/Documents/Spacial-MPC/geometry2-ros2/matlab_msg_gen/win64/install/include/tf2_msgs/srv/frame_graph__type_support.c
  -- Installing: C:/Users/PLASMINFORGE/Documents/Spacial-MPC/geometry2-ros2/matlab_msg_gen/win64/install/lib/tf2_msgs__rosidl_typesupport_introspection_c.lib
  -- Installing: C:/Users/PLASMINFORGE/Documents/Spacial-MPC/geometry2-ros2/matlab_msg_gen/win64/install/bin/tf2_msgs__rosidl_typesupport_introspection_c.dll
  -- Up-to-date: C:/Users/PLASMINFORGE/Documents/Spacial-MPC/geometry2-ros2/matlab_msg_gen/win64/install/include/tf2_msgs
  -- Up-to-date: C:/Users/PLASMINFORGE/Documents/Spacial-MPC/geometry2-ros2/matlab_msg_gen/win64/install/include/tf2_msgs/msg
  -- Installing: C:/Users/PLASMINFORGE/Documents/Spacial-MPC/geometry2-ros2/matlab_msg_gen/win64/install/include/tf2_msgs/msg/tf2_error__rosidl_typesupport_introspection_cpp.hpp
  -- Installing: C:/Users/PLASMINFORGE/Documents/Spacial-MPC/geometry2-ros2/matlab_msg_gen/win64/install/include/tf2_msgs/msg/tf2_error__type_support.cpp
  -- Installing: C:/Users/PLASMINFORGE/Documents/Spacial-MPC/geometry2-ros2/matlab_msg_gen/win64/install/include/tf2_msgs/msg/tf_message__rosidl_typesupport_introspection_cpp.hpp
  -- Installing: C:/Users/PLASMINFORGE/Documents/Spacial-MPC/geometry2-ros2/matlab_msg_gen/win64/install/include/tf2_msgs/msg/tf_message__type_support.cpp
  -- Up-to-date: C:/Users/PLASMINFORGE/Documents/Spacial-MPC/geometry2-ros2/matlab_msg_gen/win64/install/include/tf2_msgs/srv
  -- Installing: C:/Users/PLASMINFORGE/Documents/Spacial-MPC/geometry2-ros2/matlab_msg_gen/win64/install/include/tf2_msgs/srv/frame_graph__rosidl_typesupport_introspection_cpp.hpp
  -- Installing: C:/Users/PLASMINFORGE/Documents/Spacial-MPC/geometry2-ros2/matlab_msg_gen/win64/install/include/tf2_msgs/srv/frame_graph__type_support.cpp
  -- Installing: C:/Users/PLASMINFORGE/Documents/Spacial-MPC/geometry2-ros2/matlab_msg_gen/win64/install/lib/tf2_msgs__rosidl_typesupport_introspection_cpp.lib
  -- Installing: C:/Users/PLASMINFORGE/Documents/Spacial-MPC/geometry2-ros2/matlab_msg_gen/win64/install/bin/tf2_msgs__rosidl_typesupport_introspection_cpp.dll
  -- Installing: C:/Users/PLASMINFORGE/Documents/Spacial-MPC/geometry2-ros2/matlab_msg_gen/win64/install/share/tf2_msgs/environment/pythonpath.bat
  -- Installing: C:/Users/PLASMINFORGE/Documents/Spacial-MPC/geometry2-ros2/matlab_msg_gen/win64/install/Lib/site-packages/tf2_msgs/__init__.py
  Compiling 'C:/Users/PLASMINFORGE/Documents/Spacial-MPC/geometry2-ros2/matlab_msg_gen/win64/install/Lib/site-packages/tf2_msgs/__init__.py'...
  -- Installing: C:/Users/PLASMINFORGE/Documents/Spacial-MPC/geometry2-ros2/matlab_msg_gen/win64/install/Lib/site-packages/tf2_msgs/msg
  -- Installing: C:/Users/PLASMINFORGE/Documents/Spacial-MPC/geometry2-ros2/matlab_msg_gen/win64/install/Lib/site-packages/tf2_msgs/msg/_tf2_error.py
  -- Installing: C:/Users/PLASMINFORGE/Documents/Spacial-MPC/geometry2-ros2/matlab_msg_gen/win64/install/Lib/site-packages/tf2_msgs/msg/_tf2_error_s.c
  -- Installing: C:/Users/PLASMINFORGE/Documents/Spacial-MPC/geometry2-ros2/matlab_msg_gen/win64/install/Lib/site-packages/tf2_msgs/msg/_tf_message.py
  -- Installing: C:/Users/PLASMINFORGE/Documents/Spacial-MPC/geometry2-ros2/matlab_msg_gen/win64/install/Lib/site-packages/tf2_msgs/msg/_tf_message_s.c
  -- Installing: C:/Users/PLASMINFORGE/Documents/Spacial-MPC/geometry2-ros2/matlab_msg_gen/win64/install/Lib/site-packages/tf2_msgs/msg/__init__.py
  -- Installing: C:/Users/PLASMINFORGE/Documents/Spacial-MPC/geometry2-ros2/matlab_msg_gen/win64/install/Lib/site-packages/tf2_msgs/srv
  -- Installing: C:/Users/PLASMINFORGE/Documents/Spacial-MPC/geometry2-ros2/matlab_msg_gen/win64/install/Lib/site-packages/tf2_msgs/srv/_frame_graph.py
  -- Installing: C:/Users/PLASMINFORGE/Documents/Spacial-MPC/geometry2-ros2/matlab_msg_gen/win64/install/Lib/site-packages/tf2_msgs/srv/_frame_graph_s.c
  -- Installing: C:/Users/PLASMINFORGE/Documents/Spacial-MPC/geometry2-ros2/matlab_msg_gen/win64/install/Lib/site-packages/tf2_msgs/srv/__init__.py
  -- Installing: C:/Users/PLASMINFORGE/Documents/Spacial-MPC/geometry2-ros2/matlab_msg_gen/win64/install/Lib/site-packages/tf2_msgs/tf2_msgs_s__rosidl_typesupport_c.lib
  -- Installing: C:/Users/PLASMINFORGE/Documents/Spacial-MPC/geometry2-ros2/matlab_msg_gen/win64/install/Lib/site-packages/tf2_msgs/tf2_msgs_s__rosidl_typesupport_c.pyd
  -- Installing: C:/Users/PLASMINFORGE/Documents/Spacial-MPC/geometry2-ros2/matlab_msg_gen/win64/install/Lib/site-packages/tf2_msgs/tf2_msgs_s__rosidl_typesupport_fastrtps_c.lib
  -- Installing: C:/Users/PLASMINFORGE/Documents/Spacial-MPC/geometry2-ros2/matlab_msg_gen/win64/install/Lib/site-packages/tf2_msgs/tf2_msgs_s__rosidl_typesupport_fastrtps_c.pyd
  -- Installing: C:/Users/PLASMINFORGE/Documents/Spacial-MPC/geometry2-ros2/matlab_msg_gen/win64/install/Lib/site-packages/tf2_msgs/tf2_msgs_s__rosidl_typesupport_introspection_c.lib
  -- Installing: C:/Users/PLASMINFORGE/Documents/Spacial-MPC/geometry2-ros2/matlab_msg_gen/win64/install/Lib/site-packages/tf2_msgs/tf2_msgs_s__rosidl_typesupport_introspection_c.pyd
  -- Installing: C:/Users/PLASMINFORGE/Documents/Spacial-MPC/geometry2-ros2/matlab_msg_gen/win64/install/lib/tf2_msgs__python.lib
  -- Installing: C:/Users/PLASMINFORGE/Documents/Spacial-MPC/geometry2-ros2/matlab_msg_gen/win64/install/bin/tf2_msgs__python.dll
  -- Installing: C:/Users/PLASMINFORGE/Documents/Spacial-MPC/geometry2-ros2/matlab_msg_gen/win64/install/share/tf2_msgs/msg/TF2Error.idl
  -- Installing: C:/Users/PLASMINFORGE/Documents/Spacial-MPC/geometry2-ros2/matlab_msg_gen/win64/install/share/tf2_msgs/msg/TFMessage.idl
  -- Installing: C:/Users/PLASMINFORGE/Documents/Spacial-MPC/geometry2-ros2/matlab_msg_gen/win64/install/share/tf2_msgs/srv/FrameGraph.idl
  -- Installing: C:/Users/PLASMINFORGE/Documents/Spacial-MPC/geometry2-ros2/matlab_msg_gen/win64/install/share/tf2_msgs/msg/TF2Error.msg
  -- Installing: C:/Users/PLASMINFORGE/Documents/Spacial-MPC/geometry2-ros2/matlab_msg_gen/win64/install/share/tf2_msgs/msg/TFMessage.msg
  -- Installing: C:/Users/PLASMINFORGE/Documents/Spacial-MPC/geometry2-ros2/matlab_msg_gen/win64/install/share/tf2_msgs/srv/FrameGraph.srv
  -- Installing: C:/Users/PLASMINFORGE/Documents/Spacial-MPC/geometry2-ros2/matlab_msg_gen/win64/install/share/tf2_msgs/srv/FrameGraph_Request.msg
  -- Installing: C:/Users/PLASMINFORGE/Documents/Spacial-MPC/geometry2-ros2/matlab_msg_gen/win64/install/share/tf2_msgs/srv/FrameGraph_Response.msg
  -- Up-to-date: C:/Users/PLASMINFORGE/Documents/Spacial-MPC/geometry2-ros2/matlab_msg_gen/win64/install/include
  -- Up-to-date: C:/Users/PLASMINFORGE/Documents/Spacial-MPC/geometry2-ros2/matlab_msg_gen/win64/install/include/tf2_msgs
  -- Installing: C:/Users/PLASMINFORGE/Documents/Spacial-MPC/geometry2-ros2/matlab_msg_gen/win64/install/include/tf2_msgs/visibility_control.h
  -- Installing: C:/Users/PLASMINFORGE/Documents/Spacial-MPC/geometry2-ros2/matlab_msg_gen/win64/install/lib/tf2_msgs_matlab.lib
  -- Installing: C:/Users/PLASMINFORGE/Documents/Spacial-MPC/geometry2-ros2/matlab_msg_gen/win64/install/bin/tf2_msgs_matlab.dll
  -- Up-to-date: C:/Users/PLASMINFORGE/Documents/Spacial-MPC/geometry2-ros2/matlab_msg_gen/win64/install/m/
  -- Up-to-date: C:/Users/PLASMINFORGE/Documents/Spacial-MPC/geometry2-ros2/matlab_msg_gen/win64/install/m//+ros
  -- Up-to-date: C:/Users/PLASMINFORGE/Documents/Spacial-MPC/geometry2-ros2/matlab_msg_gen/win64/install/m//+ros/+internal
  -- Up-to-date: C:/Users/PLASMINFORGE/Documents/Spacial-MPC/geometry2-ros2/matlab_msg_gen/win64/install/m//+ros/+internal/+ros2
  -- Up-to-date: C:/Users/PLASMINFORGE/Documents/Spacial-MPC/geometry2-ros2/matlab_msg_gen/win64/install/m//+ros/+internal/+ros2/+custommessages
  -- Installing: C:/Users/PLASMINFORGE/Documents/Spacial-MPC/geometry2-ros2/matlab_msg_gen/win64/install/m//+ros/+internal/+ros2/+custommessages/+tf2_msgs
  -- Installing: C:/Users/PLASMINFORGE/Documents/Spacial-MPC/geometry2-ros2/matlab_msg_gen/win64/install/m//+ros/+internal/+ros2/+custommessages/+tf2_msgs/frameGraphRequest.m
  -- Installing: C:/Users/PLASMINFORGE/Documents/Spacial-MPC/geometry2-ros2/matlab_msg_gen/win64/install/m//+ros/+internal/+ros2/+custommessages/+tf2_msgs/frameGraphResponse.m
  -- Installing: C:/Users/PLASMINFORGE/Documents/Spacial-MPC/geometry2-ros2/matlab_msg_gen/win64/install/m//+ros/+internal/+ros2/+custommessages/+tf2_msgs/tF2Error.m
  -- Installing: C:/Users/PLASMINFORGE/Documents/Spacial-MPC/geometry2-ros2/matlab_msg_gen/win64/install/m//+ros/+internal/+ros2/+custommessages/+tf2_msgs/tf2_msgs_msg_TF2Error_1To2_Converter.m
  -- Installing: C:/Users/PLASMINFORGE/Documents/Spacial-MPC/geometry2-ros2/matlab_msg_gen/win64/install/m//+ros/+internal/+ros2/+custommessages/+tf2_msgs/tf2_msgs_msg_TF2Error_2To1_Converter.m
  -- Installing: C:/Users/PLASMINFORGE/Documents/Spacial-MPC/geometry2-ros2/matlab_msg_gen/win64/install/m//+ros/+internal/+ros2/+custommessages/+tf2_msgs/tf2_msgs_msg_TFMessage_1To2_Converter.m
  -- Installing: C:/Users/PLASMINFORGE/Documents/Spacial-MPC/geometry2-ros2/matlab_msg_gen/win64/install/m//+ros/+internal/+ros2/+custommessages/+tf2_msgs/tf2_msgs_msg_TFMessage_2To1_Converter.m
  -- Installing: C:/Users/PLASMINFORGE/Documents/Spacial-MPC/geometry2-ros2/matlab_msg_gen/win64/install/m//+ros/+internal/+ros2/+custommessages/+tf2_msgs/tFMessage.m
  -- Installing: C:/Users/PLASMINFORGE/Documents/Spacial-MPC/geometry2-ros2/matlab_msg_gen/win64/install/share/ament_index/resource_index/package_run_dependencies/tf2_msgs
  -- Installing: C:/Users/PLASMINFORGE/Documents/Spacial-MPC/geometry2-ros2/matlab_msg_gen/win64/install/share/ament_index/resource_index/parent_prefix_path/tf2_msgs
  -- Installing: C:/Users/PLASMINFORGE/Documents/Spacial-MPC/geometry2-ros2/matlab_msg_gen/win64/install/share/tf2_msgs/environment/ament_prefix_path.bat
  -- Installing: C:/Users/PLASMINFORGE/Documents/Spacial-MPC/geometry2-ros2/matlab_msg_gen/win64/install/share/tf2_msgs/environment/path.bat
  -- Installing: C:/Users/PLASMINFORGE/Documents/Spacial-MPC/geometry2-ros2/matlab_msg_gen/win64/install/share/tf2_msgs/local_setup.bat
  -- Installing: C:/Users/PLASMINFORGE/Documents/Spacial-MPC/geometry2-ros2/matlab_msg_gen/win64/install/share/ament_index/resource_index/packages/tf2_msgs
  -- Installing: C:/Users/PLASMINFORGE/Documents/Spacial-MPC/geometry2-ros2/matlab_msg_gen/win64/install/share/tf2_msgs/cmake/rosidl_cmake-extras.cmake
  -- Installing: C:/Users/PLASMINFORGE/Documents/Spacial-MPC/geometry2-ros2/matlab_msg_gen/win64/install/share/tf2_msgs/cmake/ament_cmake_export_dependencies-extras.cmake
  -- Installing: C:/Users/PLASMINFORGE/Documents/Spacial-MPC/geometry2-ros2/matlab_msg_gen/win64/install/share/tf2_msgs/cmake/ament_cmake_export_libraries-extras.cmake
  -- Installing: C:/Users/PLASMINFORGE/Documents/Spacial-MPC/geometry2-ros2/matlab_msg_gen/win64/install/share/tf2_msgs/cmake/ament_cmake_export_include_directories-extras.cmake
  -- Installing: C:/Users/PLASMINFORGE/Documents/Spacial-MPC/geometry2-ros2/matlab_msg_gen/win64/install/share/tf2_msgs/cmake/tf2_msgsConfig.cmake
  -- Installing: C:/Users/PLASMINFORGE/Documents/Spacial-MPC/geometry2-ros2/matlab_msg_gen/win64/install/share/tf2_msgs/cmake/tf2_msgsConfig-version.cmake
  -- Installing: C:/Users/PLASMINFORGE/Documents/Spacial-MPC/geometry2-ros2/matlab_msg_gen/win64/install/share/tf2_msgs/package.xml
FinalizeBuildStatus:
  Deleting file "x64\Release\INSTALL\INSTALL.tlog\unsuccessfulbuild".
  Touching "x64\Release\INSTALL\INSTALL.tlog\INSTALL.lastbuildstate".
Done Building Project "C:\Users\PLASMINFORGE\Documents\Spacial-MPC\geometry2-ros2\matlab_msg_gen\win64\build\tf2_msgs\INSTALL.vcxproj" (default targets).

Build succeeded.
    0 Warning(s)
    0 Error(s)

Time Elapsed 00:00:06.22
Invoked command in 'None' returned '0': CommonProgramFiles=%CommonProgramFiles%
CommonProgramFiles(x86)=C:\Program Files (x86)\Common Files ProgramFiles=%ProgramFiles%
ProgramFiles(x86)=C:\Program Files (x86) C:\Program Files (x86)\Microsoft Visual Studio\2019\Community\\MSBuild\Current\Bin\msbuild.EXE /p:Configuration=Release C:\Users\PLASMINFORGE\Documents\Spacial-MPC\geometry2-ros2\matlab_msg_gen\win64\build\tf2_msgs\INSTALL.vcxproj
