-- Selecting Windows SDK version 10.0.19041.0 to target Windows 10.0.19044.
-- The C compiler identification is MSVC 19.29.30146.0
-- The CXX compiler identification is MSVC 19.29.30146.0
-- Detecting C compiler ABI info
-- Detecting C compiler ABI info - done
-- Check for working C compiler: C:/Program Files (x86)/Microsoft Visual Studio/2019/Community/VC/Tools/MSVC/14.29.30133/bin/Hostx64/x64/cl.exe - skipped
-- Detecting C compile features
-- Detecting C compile features - done
-- Detecting CXX compiler ABI info
-- Detecting CXX compiler ABI info - done
-- Check for working CXX compiler: C:/Program Files (x86)/Microsoft Visual Studio/2019/Community/VC/Tools/MSVC/14.29.30133/bin/Hostx64/x64/cl.exe - skipped
-- Detecting CXX compile features
-- Detecting CXX compile features - done
-- Found ament_cmake: 0.7.3 (C:/Program Files/MATLAB/R2021b/sys/ros2/win64/ros2/share/ament_cmake/cmake)
-- Found PythonInterp: C:/Users/PLASMINFORGE/AppData/Roaming/MathWorks/MATLAB/R2021b/ros2/win64/venv/Scripts/python.exe (found suitable version "3.7.9", minimum required is "3") 
-- Using PYTHON_EXECUTABLE: C:/Users/PLASMINFORGE/AppData/Roaming/MathWorks/MATLAB/R2021b/ros2/win64/venv/Scripts/python.exe
-- Found ament_cmake_ros: 0.7.0 (C:/Program Files/MATLAB/R2021b/sys/ros2/win64/ros2/share/ament_cmake_ros/cmake)
-- Found rosidl_typesupport_c: 0.7.1 (C:/Program Files/MATLAB/R2021b/sys/ros2/win64/ros2/share/rosidl_typesupport_c/cmake)
-- Found rosidl_typesupport_cpp: 0.7.1 (C:/Program Files/MATLAB/R2021b/sys/ros2/win64/ros2/share/rosidl_typesupport_cpp/cmake)
-- Found rosidl_default_generators: 0.7.0 (C:/Program Files/MATLAB/R2021b/sys/ros2/win64/ros2/share/rosidl_default_generators/cmake)
-- Found FastRTPS: C:/Program Files/MATLAB/R2021b/sys/ros2/win64/ros2/include  
-- Found rosidl_adapter: 0.7.4 (C:/Program Files/MATLAB/R2021b/sys/ros2/win64/ros2/share/rosidl_adapter/cmake)
-- Found class_loader: 1.3.1 (C:/Program Files/MATLAB/R2021b/sys/ros2/win64/ros2/share/class_loader/cmake)
-- Found poco_vendor:  (C:/Program Files/MATLAB/R2021b/sys/ros2/win64/ros2/share/poco_vendor/cmake)
-- Found rclcpp: 0.7.6 (C:/Program Files/MATLAB/R2021b/sys/ros2/win64/ros2/share/rclcpp/cmake)
-- Found rmw_implementation_cmake: 0.7.2 (C:/Program Files/MATLAB/R2021b/sys/ros2/win64/ros2/share/rmw_implementation_cmake/cmake)
-- Performing Test CMAKE_HAVE_LIBC_PTHREAD
-- Performing Test CMAKE_HAVE_LIBC_PTHREAD - Failed
-- Looking for pthread_create in pthreads
-- Looking for pthread_create in pthreads - not found
-- Looking for pthread_create in pthread
-- Looking for pthread_create in pthread - not found
-- Found Threads: TRUE  
-- Found PythonInterp: C:/Users/PLASMINFORGE/AppData/Roaming/MathWorks/MATLAB/R2021b/ros2/win64/venv/Scripts/python.exe (found version "3.7.9") 
-- Using all available rosidl_typesupport_c: rosidl_typesupport_fastrtps_c;rosidl_typesupport_introspection_c
-- Using all available rosidl_typesupport_cpp: rosidl_typesupport_fastrtps_cpp;rosidl_typesupport_introspection_cpp
-- Found PythonInterp: C:/Users/PLASMINFORGE/AppData/Roaming/MathWorks/MATLAB/R2021b/ros2/win64/venv/Scripts/python.exe (found suitable version "3.7.9", minimum required is "3.5") 
-- Found python_cmake_module: 0.7.7 (C:/Program Files/MATLAB/R2021b/sys/ros2/win64/ros2/share/python_cmake_module/cmake)
-- Found PythonLibs: C:/Users/PLASMINFORGE/AppData/Roaming/MathWorks/MATLAB/R2021b/ros2/win64/venv/Scripts/libs/python37.lib (found suitable version "3.7.9", minimum required is "3.5") 
-- Using PYTHON_EXECUTABLE: C:/Users/PLASMINFORGE/AppData/Roaming/MathWorks/MATLAB/R2021b/ros2/win64/venv/Scripts/python.exe
-- Using PYTHON_INCLUDE_DIRS: C:/Users/PLASMINFORGE/AppData/Roaming/MathWorks/MATLAB/R2021b/ros2/win64/venv/Scripts/include
-- Using PYTHON_LIBRARIES: C:/Users/PLASMINFORGE/AppData/Roaming/MathWorks/MATLAB/R2021b/ros2/win64/venv/Scripts/libs/python37.lib
-- Found PythonExtra: .pyd  
-- Configuring done
-- Generating done
-- Build files have been written to: C:/Users/PLASMINFORGE/Documents/MATLAB_Thesis/geometry2-ros2/matlab_msg_gen/win64/build/ackermann_msgs
Microsoft (R) Build Engine version 16.11.2+f32259642 for .NET Framework
Copyright (C) Microsoft Corporation. All rights reserved.

  Checking Build System
  Generating C++ code for ROS interfaces
  Building Custom Rule C:/Users/PLASMINFORGE/Documents/MATLAB_Thesis/geometry2-ros2/matlab_msg_gen/win64/src/ackermann_msgs/CMakeLists.txt
  Generating C code for ROS interfaces
  Building Custom Rule C:/Users/PLASMINFORGE/Documents/MATLAB_Thesis/geometry2-ros2/matlab_msg_gen/win64/src/ackermann_msgs/CMakeLists.txt
  ackermann_drive__functions.c
     Creating library C:/Users/PLASMINFORGE/Documents/MATLAB_Thesis/geometry2-ros2/matlab_msg_gen/win64/build/ackermann_msgs/Release/ackermann_msgs__rosidl_generator_c.lib and object C:/Users/PLASMINFORGE/Documents/MATLAB_Thesis/geometry2-ros2/matlab_msg_gen/win64/build/ackermann_msgs/Release/ackermann_msgs__rosidl_generator_c.exp
  ackermann_msgs__rosidl_generator_c.vcxproj -> C:\Users\PLASMINFORGE\Documents\MATLAB_Thesis\geometry2-ros2\matlab_msg_gen\win64\build\ackermann_msgs\Release\ackermann_msgs__rosidl_generator_c.dll
  Generating C type support dispatch for ROS interfaces
  Building Custom Rule C:/Users/PLASMINFORGE/Documents/MATLAB_Thesis/geometry2-ros2/matlab_msg_gen/win64/src/ackermann_msgs/CMakeLists.txt
  ackermann_drive__type_support.cpp
     Creating library C:/Users/PLASMINFORGE/Documents/MATLAB_Thesis/geometry2-ros2/matlab_msg_gen/win64/build/ackermann_msgs/Release/ackermann_msgs__rosidl_typesupport_c.lib and object C:/Users/PLASMINFORGE/Documents/MATLAB_Thesis/geometry2-ros2/matlab_msg_gen/win64/build/ackermann_msgs/Release/ackermann_msgs__rosidl_typesupport_c.exp
  ackermann_msgs__rosidl_typesupport_c.vcxproj -> C:\Users\PLASMINFORGE\Documents\MATLAB_Thesis\geometry2-ros2\matlab_msg_gen\win64\build\ackermann_msgs\Release\ackermann_msgs__rosidl_typesupport_c.dll
  Generating C++ type support dispatch for ROS interfaces
  Building Custom Rule C:/Users/PLASMINFORGE/Documents/MATLAB_Thesis/geometry2-ros2/matlab_msg_gen/win64/src/ackermann_msgs/CMakeLists.txt
  ackermann_drive__type_support.cpp
     Creating library C:/Users/PLASMINFORGE/Documents/MATLAB_Thesis/geometry2-ros2/matlab_msg_gen/win64/build/ackermann_msgs/Release/ackermann_msgs__rosidl_typesupport_cpp.lib and object C:/Users/PLASMINFORGE/Documents/MATLAB_Thesis/geometry2-ros2/matlab_msg_gen/win64/build/ackermann_msgs/Release/ackermann_msgs__rosidl_typesupport_cpp.exp
  ackermann_msgs__rosidl_typesupport_cpp.vcxproj -> C:\Users\PLASMINFORGE\Documents\MATLAB_Thesis\geometry2-ros2\matlab_msg_gen\win64\build\ackermann_msgs\Release\ackermann_msgs__rosidl_typesupport_cpp.dll
  Generating C++ type support for eProsima Fast-RTPS
  Building Custom Rule C:/Users/PLASMINFORGE/Documents/MATLAB_Thesis/geometry2-ros2/matlab_msg_gen/win64/src/ackermann_msgs/CMakeLists.txt
  ackermann_drive__type_support.cpp
     Creating library C:/Users/PLASMINFORGE/Documents/MATLAB_Thesis/geometry2-ros2/matlab_msg_gen/win64/build/ackermann_msgs/Release/ackermann_msgs__rosidl_typesupport_fastrtps_cpp.lib and object C:/Users/PLASMINFORGE/Documents/MATLAB_Thesis/geometry2-ros2/matlab_msg_gen/win64/build/ackermann_msgs/Release/ackermann_msgs__rosidl_typesupport_fastrtps_cpp.exp
  ackermann_msgs__rosidl_typesupport_fastrtps_cpp.vcxproj -> C:\Users\PLASMINFORGE\Documents\MATLAB_Thesis\geometry2-ros2\matlab_msg_gen\win64\build\ackermann_msgs\Release\ackermann_msgs__rosidl_typesupport_fastrtps_cpp.dll
  Generating C type support for eProsima Fast-RTPS
  Building Custom Rule C:/Users/PLASMINFORGE/Documents/MATLAB_Thesis/geometry2-ros2/matlab_msg_gen/win64/src/ackermann_msgs/CMakeLists.txt
  ackermann_drive__type_support_c.cpp
     Creating library C:/Users/PLASMINFORGE/Documents/MATLAB_Thesis/geometry2-ros2/matlab_msg_gen/win64/build/ackermann_msgs/Release/ackermann_msgs__rosidl_typesupport_fastrtps_c.lib and object C:/Users/PLASMINFORGE/Documents/MATLAB_Thesis/geometry2-ros2/matlab_msg_gen/win64/build/ackermann_msgs/Release/ackermann_msgs__rosidl_typesupport_fastrtps_c.exp
  ackermann_msgs__rosidl_typesupport_fastrtps_c.vcxproj -> C:\Users\PLASMINFORGE\Documents\MATLAB_Thesis\geometry2-ros2\matlab_msg_gen\win64\build\ackermann_msgs\Release\ackermann_msgs__rosidl_typesupport_fastrtps_c.dll
  Generating C introspection for ROS interfaces
  Building Custom Rule C:/Users/PLASMINFORGE/Documents/MATLAB_Thesis/geometry2-ros2/matlab_msg_gen/win64/src/ackermann_msgs/CMakeLists.txt
  ackermann_drive__type_support.c
     Creating library C:/Users/PLASMINFORGE/Documents/MATLAB_Thesis/geometry2-ros2/matlab_msg_gen/win64/build/ackermann_msgs/Release/ackermann_msgs__rosidl_typesupport_introspection_c.lib and object C:/Users/PLASMINFORGE/Documents/MATLAB_Thesis/geometry2-ros2/matlab_msg_gen/win64/build/ackermann_msgs/Release/ackermann_msgs__rosidl_typesupport_introspection_c.exp
  ackermann_msgs__rosidl_typesupport_introspection_c.vcxproj -> C:\Users\PLASMINFORGE\Documents\MATLAB_Thesis\geometry2-ros2\matlab_msg_gen\win64\build\ackermann_msgs\Release\ackermann_msgs__rosidl_typesupport_introspection_c.dll
  Generating C++ introspection for ROS interfaces
  Building Custom Rule C:/Users/PLASMINFORGE/Documents/MATLAB_Thesis/geometry2-ros2/matlab_msg_gen/win64/src/ackermann_msgs/CMakeLists.txt
  ackermann_drive__type_support.cpp
     Creating library C:/Users/PLASMINFORGE/Documents/MATLAB_Thesis/geometry2-ros2/matlab_msg_gen/win64/build/ackermann_msgs/Release/ackermann_msgs__rosidl_typesupport_introspection_cpp.lib and object C:/Users/PLASMINFORGE/Documents/MATLAB_Thesis/geometry2-ros2/matlab_msg_gen/win64/build/ackermann_msgs/Release/ackermann_msgs__rosidl_typesupport_introspection_cpp.exp
  ackermann_msgs__rosidl_typesupport_introspection_cpp.vcxproj -> C:\Users\PLASMINFORGE\Documents\MATLAB_Thesis\geometry2-ros2\matlab_msg_gen\win64\build\ackermann_msgs\Release\ackermann_msgs__rosidl_typesupport_introspection_cpp.dll
  Building Custom Rule C:/Users/PLASMINFORGE/Documents/MATLAB_Thesis/geometry2-ros2/matlab_msg_gen/win64/src/ackermann_msgs/CMakeLists.txt
  Generating Python code for ROS interfaces
  Building Custom Rule C:/Users/PLASMINFORGE/Documents/MATLAB_Thesis/geometry2-ros2/matlab_msg_gen/win64/build/ackermann_msgs/ackermann_msgs__py/CMakeLists.txt
  Building Custom Rule C:/Users/PLASMINFORGE/Documents/MATLAB_Thesis/geometry2-ros2/matlab_msg_gen/win64/src/ackermann_msgs/CMakeLists.txt
  _ackermann_drive_s.c
     Creating library C:/Users/PLASMINFORGE/Documents/MATLAB_Thesis/geometry2-ros2/matlab_msg_gen/win64/build/ackermann_msgs/Release/ackermann_msgs__python.lib and object C:/Users/PLASMINFORGE/Documents/MATLAB_Thesis/geometry2-ros2/matlab_msg_gen/win64/build/ackermann_msgs/Release/ackermann_msgs__python.exp
  ackermann_msgs__python.vcxproj -> C:\Users\PLASMINFORGE\Documents\MATLAB_Thesis\geometry2-ros2\matlab_msg_gen\win64\build\ackermann_msgs\rosidl_generator_py\ackermann_msgs\ackermann_msgs__python.dll
  Building Custom Rule C:/Users/PLASMINFORGE/Documents/MATLAB_Thesis/geometry2-ros2/matlab_msg_gen/win64/src/ackermann_msgs/CMakeLists.txt
  _ackermann_msgs_s.ep.rosidl_typesupport_c.c
     Creating library C:/Users/PLASMINFORGE/Documents/MATLAB_Thesis/geometry2-ros2/matlab_msg_gen/win64/build/ackermann_msgs/Release/ackermann_msgs_s__rosidl_typesupport_c.lib and object C:/Users/PLASMINFORGE/Documents/MATLAB_Thesis/geometry2-ros2/matlab_msg_gen/win64/build/ackermann_msgs/Release/ackermann_msgs_s__rosidl_typesupport_c.exp
  ackermann_msgs__rosidl_typesupport_c__pyext.vcxproj -> C:\Users\PLASMINFORGE\Documents\MATLAB_Thesis\geometry2-ros2\matlab_msg_gen\win64\build\ackermann_msgs\rosidl_generator_py\ackermann_msgs\ackermann_msgs_s__rosidl_typesupport_c.pyd
  Building Custom Rule C:/Users/PLASMINFORGE/Documents/MATLAB_Thesis/geometry2-ros2/matlab_msg_gen/win64/src/ackermann_msgs/CMakeLists.txt
  _ackermann_msgs_s.ep.rosidl_typesupport_fastrtps_c.c
     Creating library C:/Users/PLASMINFORGE/Documents/MATLAB_Thesis/geometry2-ros2/matlab_msg_gen/win64/build/ackermann_msgs/Release/ackermann_msgs_s__rosidl_typesupport_fastrtps_c.lib and object C:/Users/PLASMINFORGE/Documents/MATLAB_Thesis/geometry2-ros2/matlab_msg_gen/win64/build/ackermann_msgs/Release/ackermann_msgs_s__rosidl_typesupport_fastrtps_c.exp
  ackermann_msgs__rosidl_typesupport_fastrtps_c__pyext.vcxproj -> C:\Users\PLASMINFORGE\Documents\MATLAB_Thesis\geometry2-ros2\matlab_msg_gen\win64\build\ackermann_msgs\rosidl_generator_py\ackermann_msgs\ackermann_msgs_s__rosidl_typesupport_fastrtps_c.pyd
  Building Custom Rule C:/Users/PLASMINFORGE/Documents/MATLAB_Thesis/geometry2-ros2/matlab_msg_gen/win64/src/ackermann_msgs/CMakeLists.txt
  _ackermann_msgs_s.ep.rosidl_typesupport_introspection_c.c
     Creating library C:/Users/PLASMINFORGE/Documents/MATLAB_Thesis/geometry2-ros2/matlab_msg_gen/win64/build/ackermann_msgs/Release/ackermann_msgs_s__rosidl_typesupport_introspection_c.lib and object C:/Users/PLASMINFORGE/Documents/MATLAB_Thesis/geometry2-ros2/matlab_msg_gen/win64/build/ackermann_msgs/Release/ackermann_msgs_s__rosidl_typesupport_introspection_c.exp
  ackermann_msgs__rosidl_typesupport_introspection_c__pyext.vcxproj -> C:\Users\PLASMINFORGE\Documents\MATLAB_Thesis\geometry2-ros2\matlab_msg_gen\win64\build\ackermann_msgs\rosidl_generator_py\ackermann_msgs\ackermann_msgs_s__rosidl_typesupport_introspection_c.pyd
  Building Custom Rule C:/Users/PLASMINFORGE/Documents/MATLAB_Thesis/geometry2-ros2/matlab_msg_gen/win64/src/ackermann_msgs/CMakeLists.txt
  ackermann_msgs_AckermannDrive_message.cpp
C:\Users\PLASMINFORGE\Documents\MATLAB_Thesis\geometry2-ros2\matlab_msg_gen\win64\src\ackermann_msgs\src\ackermann_msgs_AckermannDrive_message.cpp(27,139): warning C4275: non dll-interface class 'MATLABROS2MsgInterfaceBase' used as base for dll-interface class 'MATLABROS2MsgInterface<ackermann_msgs::msg::AckermannDrive>' [C:\Users\PLASMINFORGE\Documents\MATLAB_Thesis\geometry2-ros2\matlab_msg_gen\win64\build\ackermann_msgs\ackermann_msgs_matlab.vcxproj]
C:\Program Files\MATLAB\R2021b\toolbox\ros\include\ros2\MATLABROS2MsgInterface.hpp(58): message : see declaration of 'MATLABROS2MsgInterfaceBase' [C:\Users\PLASMINFORGE\Documents\MATLAB_Thesis\geometry2-ros2\matlab_msg_gen\win64\build\ackermann_msgs\ackermann_msgs_matlab.vcxproj]
C:\Users\PLASMINFORGE\Documents\MATLAB_Thesis\geometry2-ros2\matlab_msg_gen\win64\src\ackermann_msgs\src\ackermann_msgs_AckermannDrive_message.cpp(27): message : see declaration of 'MATLABROS2MsgInterface<ackermann_msgs::msg::AckermannDrive>' [C:\Users\PLASMINFORGE\Documents\MATLAB_Thesis\geometry2-ros2\matlab_msg_gen\win64\build\ackermann_msgs\ackermann_msgs_matlab.vcxproj]
C:\Users\PLASMINFORGE\Documents\MATLAB_Thesis\geometry2-ros2\matlab_msg_gen\win64\src\ackermann_msgs\src\ackermann_msgs_AckermannDrive_message.cpp(106,107): warning C4275: non dll-interface class 'ROS2MsgElementInterfaceFactory' used as base for dll-interface class 'ackermann_msgs_AckermannDrive_message' [C:\Users\PLASMINFORGE\Documents\MATLAB_Thesis\geometry2-ros2\matlab_msg_gen\win64\build\ackermann_msgs\ackermann_msgs_matlab.vcxproj]
C:\Program Files\MATLAB\R2021b\toolbox\ros\include\ros2\MATLABROS2MsgInterface.hpp(43): message : see declaration of 'ROS2MsgElementInterfaceFactory' [C:\Users\PLASMINFORGE\Documents\MATLAB_Thesis\geometry2-ros2\matlab_msg_gen\win64\build\ackermann_msgs\ackermann_msgs_matlab.vcxproj]
C:\Users\PLASMINFORGE\Documents\MATLAB_Thesis\geometry2-ros2\matlab_msg_gen\win64\src\ackermann_msgs\src\ackermann_msgs_AckermannDrive_message.cpp(106): message : see declaration of 'ackermann_msgs_AckermannDrive_message' [C:\Users\PLASMINFORGE\Documents\MATLAB_Thesis\geometry2-ros2\matlab_msg_gen\win64\build\ackermann_msgs\ackermann_msgs_matlab.vcxproj]
     Creating library C:/Users/PLASMINFORGE/Documents/MATLAB_Thesis/geometry2-ros2/matlab_msg_gen/win64/build/ackermann_msgs/Release/ackermann_msgs_matlab.lib and object C:/Users/PLASMINFORGE/Documents/MATLAB_Thesis/geometry2-ros2/matlab_msg_gen/win64/build/ackermann_msgs/Release/ackermann_msgs_matlab.exp
  ackermann_msgs_matlab.vcxproj -> C:\Users\PLASMINFORGE\Documents\MATLAB_Thesis\geometry2-ros2\matlab_msg_gen\win64\build\ackermann_msgs\Release\ackermann_msgs_matlab.dll
  Building Custom Rule C:/Users/PLASMINFORGE/Documents/MATLAB_Thesis/geometry2-ros2/matlab_msg_gen/win64/src/ackermann_msgs/CMakeLists.txt
Microsoft (R) Build Engine version 16.11.2+f32259642 for .NET Framework
Copyright (C) Microsoft Corporation. All rights reserved.

Build started 16/09/2022 11:04:36 AM.
Project "C:\Users\PLASMINFORGE\Documents\MATLAB_Thesis\geometry2-ros2\matlab_msg_gen\win64\build\ackermann_msgs\INSTALL.vcxproj" on node 1 (default targets).
Project "C:\Users\PLASMINFORGE\Documents\MATLAB_Thesis\geometry2-ros2\matlab_msg_gen\win64\build\ackermann_msgs\INSTALL.vcxproj" (1) is building "C:\Users\PLASMINFORGE\Documents\MATLAB_Thesis\geometry2-ros2\matlab_msg_gen\win64\build\ackermann_msgs\ZERO_CHECK.vcxproj" (2) on node 1 (default targets).
InitializeBuildStatus:
  Creating "x64\Release\ZERO_CHECK\ZERO_CHECK.tlog\unsuccessfulbuild" because "AlwaysCreate" was specified.
CustomBuild:
  All outputs are up-to-date.
FinalizeBuildStatus:
  Deleting file "x64\Release\ZERO_CHECK\ZERO_CHECK.tlog\unsuccessfulbuild".
  Touching "x64\Release\ZERO_CHECK\ZERO_CHECK.tlog\ZERO_CHECK.lastbuildstate".
Done Building Project "C:\Users\PLASMINFORGE\Documents\MATLAB_Thesis\geometry2-ros2\matlab_msg_gen\win64\build\ackermann_msgs\ZERO_CHECK.vcxproj" (default targets).
Project "C:\Users\PLASMINFORGE\Documents\MATLAB_Thesis\geometry2-ros2\matlab_msg_gen\win64\build\ackermann_msgs\INSTALL.vcxproj" (1) is building "C:\Users\PLASMINFORGE\Documents\MATLAB_Thesis\geometry2-ros2\matlab_msg_gen\win64\build\ackermann_msgs\ALL_BUILD.vcxproj" (3) on node 1 (default targets).
Project "C:\Users\PLASMINFORGE\Documents\MATLAB_Thesis\geometry2-ros2\matlab_msg_gen\win64\build\ackermann_msgs\ALL_BUILD.vcxproj" (3) is building "C:\Users\PLASMINFORGE\Documents\MATLAB_Thesis\geometry2-ros2\matlab_msg_gen\win64\build\ackermann_msgs\ackermann_msgs.vcxproj" (4) on node 1 (default targets).
Project "C:\Users\PLASMINFORGE\Documents\MATLAB_Thesis\geometry2-ros2\matlab_msg_gen\win64\build\ackermann_msgs\ackermann_msgs.vcxproj" (4) is building "C:\Users\PLASMINFORGE\Documents\MATLAB_Thesis\geometry2-ros2\matlab_msg_gen\win64\build\ackermann_msgs\ackermann_msgs__cpp.vcxproj" (5) on node 1 (default targets).
InitializeBuildStatus:
  Creating "x64\Release\ackermann_msgs__cpp\ackerman.AEAAF88C.tlog\unsuccessfulbuild" because "AlwaysCreate" was specified.
FinalizeBuildStatus:
  Deleting file "x64\Release\ackermann_msgs__cpp\ackerman.AEAAF88C.tlog\unsuccessfulbuild".
  Touching "x64\Release\ackermann_msgs__cpp\ackerman.AEAAF88C.tlog\ackermann_msgs__cpp.lastbuildstate".
Done Building Project "C:\Users\PLASMINFORGE\Documents\MATLAB_Thesis\geometry2-ros2\matlab_msg_gen\win64\build\ackermann_msgs\ackermann_msgs__cpp.vcxproj" (default targets).
Project "C:\Users\PLASMINFORGE\Documents\MATLAB_Thesis\geometry2-ros2\matlab_msg_gen\win64\build\ackermann_msgs\ackermann_msgs.vcxproj" (4) is building "C:\Users\PLASMINFORGE\Documents\MATLAB_Thesis\geometry2-ros2\matlab_msg_gen\win64\build\ackermann_msgs\ackermann_msgs__rosidl_generator_c.vcxproj" (6) on node 1 (default targets).
InitializeBuildStatus:
  Creating "ackermann_msgs__rosidl_generator_c.dir\Release\ackerman.C75A15B5.tlog\unsuccessfulbuild" because "AlwaysCreate" was specified.
CustomBuild:
  All outputs are up-to-date.
ClCompile:
  All outputs are up-to-date.
Link:
  All outputs are up-to-date.
  ackermann_msgs__rosidl_generator_c.vcxproj -> C:\Users\PLASMINFORGE\Documents\MATLAB_Thesis\geometry2-ros2\matlab_msg_gen\win64\build\ackermann_msgs\Release\ackermann_msgs__rosidl_generator_c.dll
FinalizeBuildStatus:
  Deleting file "ackermann_msgs__rosidl_generator_c.dir\Release\ackerman.C75A15B5.tlog\unsuccessfulbuild".
  Touching "ackermann_msgs__rosidl_generator_c.dir\Release\ackerman.C75A15B5.tlog\ackermann_msgs__rosidl_generator_c.lastbuildstate".
Done Building Project "C:\Users\PLASMINFORGE\Documents\MATLAB_Thesis\geometry2-ros2\matlab_msg_gen\win64\build\ackermann_msgs\ackermann_msgs__rosidl_generator_c.vcxproj" (default targets).
Project "C:\Users\PLASMINFORGE\Documents\MATLAB_Thesis\geometry2-ros2\matlab_msg_gen\win64\build\ackermann_msgs\ackermann_msgs.vcxproj" (4) is building "C:\Users\PLASMINFORGE\Documents\MATLAB_Thesis\geometry2-ros2\matlab_msg_gen\win64\build\ackermann_msgs\ackermann_msgs__rosidl_typesupport_c.vcxproj" (7) on node 1 (default targets).
InitializeBuildStatus:
  Creating "ackermann_msgs__rosidl_typesupport_c.dir\Release\ackerman.306B0394.tlog\unsuccessfulbuild" because "AlwaysCreate" was specified.
CustomBuild:
  All outputs are up-to-date.
ClCompile:
  All outputs are up-to-date.
Link:
  All outputs are up-to-date.
  ackermann_msgs__rosidl_typesupport_c.vcxproj -> C:\Users\PLASMINFORGE\Documents\MATLAB_Thesis\geometry2-ros2\matlab_msg_gen\win64\build\ackermann_msgs\Release\ackermann_msgs__rosidl_typesupport_c.dll
FinalizeBuildStatus:
  Deleting file "ackermann_msgs__rosidl_typesupport_c.dir\Release\ackerman.306B0394.tlog\unsuccessfulbuild".
  Touching "ackermann_msgs__rosidl_typesupport_c.dir\Release\ackerman.306B0394.tlog\ackermann_msgs__rosidl_typesupport_c.lastbuildstate".
Done Building Project "C:\Users\PLASMINFORGE\Documents\MATLAB_Thesis\geometry2-ros2\matlab_msg_gen\win64\build\ackermann_msgs\ackermann_msgs__rosidl_typesupport_c.vcxproj" (default targets).
Project "C:\Users\PLASMINFORGE\Documents\MATLAB_Thesis\geometry2-ros2\matlab_msg_gen\win64\build\ackermann_msgs\ackermann_msgs.vcxproj" (4) is building "C:\Users\PLASMINFORGE\Documents\MATLAB_Thesis\geometry2-ros2\matlab_msg_gen\win64\build\ackermann_msgs\ackermann_msgs__rosidl_typesupport_cpp.vcxproj" (8) on node 1 (default targets).
InitializeBuildStatus:
  Creating "ackermann_msgs__rosidl_typesupport_cpp.dir\Release\ackerman.4E6C067F.tlog\unsuccessfulbuild" because "AlwaysCreate" was specified.
CustomBuild:
  All outputs are up-to-date.
ClCompile:
  All outputs are up-to-date.
Link:
  All outputs are up-to-date.
  ackermann_msgs__rosidl_typesupport_cpp.vcxproj -> C:\Users\PLASMINFORGE\Documents\MATLAB_Thesis\geometry2-ros2\matlab_msg_gen\win64\build\ackermann_msgs\Release\ackermann_msgs__rosidl_typesupport_cpp.dll
FinalizeBuildStatus:
  Deleting file "ackermann_msgs__rosidl_typesupport_cpp.dir\Release\ackerman.4E6C067F.tlog\unsuccessfulbuild".
  Touching "ackermann_msgs__rosidl_typesupport_cpp.dir\Release\ackerman.4E6C067F.tlog\ackermann_msgs__rosidl_typesupport_cpp.lastbuildstate".
Done Building Project "C:\Users\PLASMINFORGE\Documents\MATLAB_Thesis\geometry2-ros2\matlab_msg_gen\win64\build\ackermann_msgs\ackermann_msgs__rosidl_typesupport_cpp.vcxproj" (default targets).
Project "C:\Users\PLASMINFORGE\Documents\MATLAB_Thesis\geometry2-ros2\matlab_msg_gen\win64\build\ackermann_msgs\ackermann_msgs.vcxproj" (4) is building "C:\Users\PLASMINFORGE\Documents\MATLAB_Thesis\geometry2-ros2\matlab_msg_gen\win64\build\ackermann_msgs\ackermann_msgs__rosidl_typesupport_fastrtps_c.vcxproj" (9) on node 1 (default targets).
Project "C:\Users\PLASMINFORGE\Documents\MATLAB_Thesis\geometry2-ros2\matlab_msg_gen\win64\build\ackermann_msgs\ackermann_msgs__rosidl_typesupport_fastrtps_c.vcxproj" (9) is building "C:\Users\PLASMINFORGE\Documents\MATLAB_Thesis\geometry2-ros2\matlab_msg_gen\win64\build\ackermann_msgs\ackermann_msgs__rosidl_typesupport_fastrtps_cpp.vcxproj" (10) on node 1 (default targets).
InitializeBuildStatus:
  Creating "ackermann_msgs__rosidl_typesupport_fastrtps_cpp.dir\Release\ackerman.09193E3A.tlog\unsuccessfulbuild" because "AlwaysCreate" was specified.
CustomBuild:
  All outputs are up-to-date.
ClCompile:
  All outputs are up-to-date.
Link:
  All outputs are up-to-date.
  ackermann_msgs__rosidl_typesupport_fastrtps_cpp.vcxproj -> C:\Users\PLASMINFORGE\Documents\MATLAB_Thesis\geometry2-ros2\matlab_msg_gen\win64\build\ackermann_msgs\Release\ackermann_msgs__rosidl_typesupport_fastrtps_cpp.dll
FinalizeBuildStatus:
  Deleting file "ackermann_msgs__rosidl_typesupport_fastrtps_cpp.dir\Release\ackerman.09193E3A.tlog\unsuccessfulbuild".
  Touching "ackermann_msgs__rosidl_typesupport_fastrtps_cpp.dir\Release\ackerman.09193E3A.tlog\ackermann_msgs__rosidl_typesupport_fastrtps_cpp.lastbuildstate".
Done Building Project "C:\Users\PLASMINFORGE\Documents\MATLAB_Thesis\geometry2-ros2\matlab_msg_gen\win64\build\ackermann_msgs\ackermann_msgs__rosidl_typesupport_fastrtps_cpp.vcxproj" (default targets).
InitializeBuildStatus:
  Creating "ackermann_msgs__rosidl_typesupport_fastrtps_c.dir\Release\ackerman.5D3F326C.tlog\unsuccessfulbuild" because "AlwaysCreate" was specified.
CustomBuild:
  All outputs are up-to-date.
ClCompile:
  All outputs are up-to-date.
Link:
  All outputs are up-to-date.
  ackermann_msgs__rosidl_typesupport_fastrtps_c.vcxproj -> C:\Users\PLASMINFORGE\Documents\MATLAB_Thesis\geometry2-ros2\matlab_msg_gen\win64\build\ackermann_msgs\Release\ackermann_msgs__rosidl_typesupport_fastrtps_c.dll
FinalizeBuildStatus:
  Deleting file "ackermann_msgs__rosidl_typesupport_fastrtps_c.dir\Release\ackerman.5D3F326C.tlog\unsuccessfulbuild".
  Touching "ackermann_msgs__rosidl_typesupport_fastrtps_c.dir\Release\ackerman.5D3F326C.tlog\ackermann_msgs__rosidl_typesupport_fastrtps_c.lastbuildstate".
Done Building Project "C:\Users\PLASMINFORGE\Documents\MATLAB_Thesis\geometry2-ros2\matlab_msg_gen\win64\build\ackermann_msgs\ackermann_msgs__rosidl_typesupport_fastrtps_c.vcxproj" (default targets).
Project "C:\Users\PLASMINFORGE\Documents\MATLAB_Thesis\geometry2-ros2\matlab_msg_gen\win64\build\ackermann_msgs\ackermann_msgs.vcxproj" (4) is building "C:\Users\PLASMINFORGE\Documents\MATLAB_Thesis\geometry2-ros2\matlab_msg_gen\win64\build\ackermann_msgs\ackermann_msgs__rosidl_typesupport_introspection_c.vcxproj" (11) on node 1 (default targets).
InitializeBuildStatus:
  Creating "ackermann_msgs__rosidl_typesupport_introspection_c.dir\Release\ackerman.B98FF908.tlog\unsuccessfulbuild" because "AlwaysCreate" was specified.
CustomBuild:
  All outputs are up-to-date.
ClCompile:
  All outputs are up-to-date.
Link:
  All outputs are up-to-date.
  ackermann_msgs__rosidl_typesupport_introspection_c.vcxproj -> C:\Users\PLASMINFORGE\Documents\MATLAB_Thesis\geometry2-ros2\matlab_msg_gen\win64\build\ackermann_msgs\Release\ackermann_msgs__rosidl_typesupport_introspection_c.dll
FinalizeBuildStatus:
  Deleting file "ackermann_msgs__rosidl_typesupport_introspection_c.dir\Release\ackerman.B98FF908.tlog\unsuccessfulbuild".
  Touching "ackermann_msgs__rosidl_typesupport_introspection_c.dir\Release\ackerman.B98FF908.tlog\ackermann_msgs__rosidl_typesupport_introspection_c.lastbuildstate".
Done Building Project "C:\Users\PLASMINFORGE\Documents\MATLAB_Thesis\geometry2-ros2\matlab_msg_gen\win64\build\ackermann_msgs\ackermann_msgs__rosidl_typesupport_introspection_c.vcxproj" (default targets).
Project "C:\Users\PLASMINFORGE\Documents\MATLAB_Thesis\geometry2-ros2\matlab_msg_gen\win64\build\ackermann_msgs\ackermann_msgs.vcxproj" (4) is building "C:\Users\PLASMINFORGE\Documents\MATLAB_Thesis\geometry2-ros2\matlab_msg_gen\win64\build\ackermann_msgs\ackermann_msgs__rosidl_typesupport_introspection_cpp.vcxproj" (12) on node 1 (default targets).
InitializeBuildStatus:
  Creating "ackermann_msgs__rosidl_typesupport_introspection_cpp.dir\Release\ackerman.0BCEA694.tlog\unsuccessfulbuild" because "AlwaysCreate" was specified.
CustomBuild:
  All outputs are up-to-date.
ClCompile:
  All outputs are up-to-date.
Link:
  All outputs are up-to-date.
  ackermann_msgs__rosidl_typesupport_introspection_cpp.vcxproj -> C:\Users\PLASMINFORGE\Documents\MATLAB_Thesis\geometry2-ros2\matlab_msg_gen\win64\build\ackermann_msgs\Release\ackermann_msgs__rosidl_typesupport_introspection_cpp.dll
FinalizeBuildStatus:
  Deleting file "ackermann_msgs__rosidl_typesupport_introspection_cpp.dir\Release\ackerman.0BCEA694.tlog\unsuccessfulbuild".
  Touching "ackermann_msgs__rosidl_typesupport_introspection_cpp.dir\Release\ackerman.0BCEA694.tlog\ackermann_msgs__rosidl_typesupport_introspection_cpp.lastbuildstate".
Done Building Project "C:\Users\PLASMINFORGE\Documents\MATLAB_Thesis\geometry2-ros2\matlab_msg_gen\win64\build\ackermann_msgs\ackermann_msgs__rosidl_typesupport_introspection_cpp.vcxproj" (default targets).
InitializeBuildStatus:
  Creating "x64\Release\ackermann_msgs\ackermann_msgs.tlog\unsuccessfulbuild" because "AlwaysCreate" was specified.
FinalizeBuildStatus:
  Deleting file "x64\Release\ackermann_msgs\ackermann_msgs.tlog\unsuccessfulbuild".
  Touching "x64\Release\ackermann_msgs\ackermann_msgs.tlog\ackermann_msgs.lastbuildstate".
Done Building Project "C:\Users\PLASMINFORGE\Documents\MATLAB_Thesis\geometry2-ros2\matlab_msg_gen\win64\build\ackermann_msgs\ackermann_msgs.vcxproj" (default targets).
Project "C:\Users\PLASMINFORGE\Documents\MATLAB_Thesis\geometry2-ros2\matlab_msg_gen\win64\build\ackermann_msgs\ALL_BUILD.vcxproj" (3) is building "C:\Users\PLASMINFORGE\Documents\MATLAB_Thesis\geometry2-ros2\matlab_msg_gen\win64\build\ackermann_msgs\ackermann_msgs__python.vcxproj" (13) on node 1 (default targets).
Project "C:\Users\PLASMINFORGE\Documents\MATLAB_Thesis\geometry2-ros2\matlab_msg_gen\win64\build\ackermann_msgs\ackermann_msgs__python.vcxproj" (13) is building "C:\Users\PLASMINFORGE\Documents\MATLAB_Thesis\geometry2-ros2\matlab_msg_gen\win64\build\ackermann_msgs\ackermann_msgs__py\ackermann_msgs__py.vcxproj" (14) on node 1 (default targets).
InitializeBuildStatus:
  Creating "x64\Release\ackermann_msgs__py\ackerman.87B6EE28.tlog\unsuccessfulbuild" because "AlwaysCreate" was specified.
FinalizeBuildStatus:
  Deleting file "x64\Release\ackermann_msgs__py\ackerman.87B6EE28.tlog\unsuccessfulbuild".
  Touching "x64\Release\ackermann_msgs__py\ackerman.87B6EE28.tlog\ackermann_msgs__py.lastbuildstate".
Done Building Project "C:\Users\PLASMINFORGE\Documents\MATLAB_Thesis\geometry2-ros2\matlab_msg_gen\win64\build\ackermann_msgs\ackermann_msgs__py\ackermann_msgs__py.vcxproj" (default targets).
InitializeBuildStatus:
  Creating "ackermann_msgs__python.dir\Release\ackerman.AFFDF78C.tlog\unsuccessfulbuild" because "AlwaysCreate" was specified.
CustomBuild:
  All outputs are up-to-date.
ClCompile:
  All outputs are up-to-date.
Link:
  All outputs are up-to-date.
  ackermann_msgs__python.vcxproj -> C:\Users\PLASMINFORGE\Documents\MATLAB_Thesis\geometry2-ros2\matlab_msg_gen\win64\build\ackermann_msgs\rosidl_generator_py\ackermann_msgs\ackermann_msgs__python.dll
FinalizeBuildStatus:
  Deleting file "ackermann_msgs__python.dir\Release\ackerman.AFFDF78C.tlog\unsuccessfulbuild".
  Touching "ackermann_msgs__python.dir\Release\ackerman.AFFDF78C.tlog\ackermann_msgs__python.lastbuildstate".
Done Building Project "C:\Users\PLASMINFORGE\Documents\MATLAB_Thesis\geometry2-ros2\matlab_msg_gen\win64\build\ackermann_msgs\ackermann_msgs__python.vcxproj" (default targets).
Project "C:\Users\PLASMINFORGE\Documents\MATLAB_Thesis\geometry2-ros2\matlab_msg_gen\win64\build\ackermann_msgs\ALL_BUILD.vcxproj" (3) is building "C:\Users\PLASMINFORGE\Documents\MATLAB_Thesis\geometry2-ros2\matlab_msg_gen\win64\build\ackermann_msgs\ackermann_msgs__rosidl_typesupport_c__pyext.vcxproj" (15) on node 1 (default targets).
InitializeBuildStatus:
  Creating "ackermann_msgs__rosidl_typesupport_c__pyext.dir\Release\ackerman.548B215F.tlog\unsuccessfulbuild" because "AlwaysCreate" was specified.
CustomBuild:
  All outputs are up-to-date.
ClCompile:
  All outputs are up-to-date.
Link:
  All outputs are up-to-date.
  ackermann_msgs__rosidl_typesupport_c__pyext.vcxproj -> C:\Users\PLASMINFORGE\Documents\MATLAB_Thesis\geometry2-ros2\matlab_msg_gen\win64\build\ackermann_msgs\rosidl_generator_py\ackermann_msgs\ackermann_msgs_s__rosidl_typesupport_c.pyd
FinalizeBuildStatus:
  Deleting file "ackermann_msgs__rosidl_typesupport_c__pyext.dir\Release\ackerman.548B215F.tlog\unsuccessfulbuild".
  Touching "ackermann_msgs__rosidl_typesupport_c__pyext.dir\Release\ackerman.548B215F.tlog\ackermann_msgs__rosidl_typesupport_c__pyext.lastbuildstate".
Done Building Project "C:\Users\PLASMINFORGE\Documents\MATLAB_Thesis\geometry2-ros2\matlab_msg_gen\win64\build\ackermann_msgs\ackermann_msgs__rosidl_typesupport_c__pyext.vcxproj" (default targets).
Project "C:\Users\PLASMINFORGE\Documents\MATLAB_Thesis\geometry2-ros2\matlab_msg_gen\win64\build\ackermann_msgs\ALL_BUILD.vcxproj" (3) is building "C:\Users\PLASMINFORGE\Documents\MATLAB_Thesis\geometry2-ros2\matlab_msg_gen\win64\build\ackermann_msgs\ackermann_msgs__rosidl_typesupport_fastrtps_c__pyext.vcxproj" (16) on node 1 (default targets).
InitializeBuildStatus:
  Creating "ackermann_msgs__rosidl_typesupport_fastrtps_c__pyext.dir\Release\ackerman.201B4ECE.tlog\unsuccessfulbuild" because "AlwaysCreate" was specified.
CustomBuild:
  All outputs are up-to-date.
ClCompile:
  All outputs are up-to-date.
Link:
  All outputs are up-to-date.
  ackermann_msgs__rosidl_typesupport_fastrtps_c__pyext.vcxproj -> C:\Users\PLASMINFORGE\Documents\MATLAB_Thesis\geometry2-ros2\matlab_msg_gen\win64\build\ackermann_msgs\rosidl_generator_py\ackermann_msgs\ackermann_msgs_s__rosidl_typesupport_fastrtps_c.pyd
FinalizeBuildStatus:
  Deleting file "ackermann_msgs__rosidl_typesupport_fastrtps_c__pyext.dir\Release\ackerman.201B4ECE.tlog\unsuccessfulbuild".
  Touching "ackermann_msgs__rosidl_typesupport_fastrtps_c__pyext.dir\Release\ackerman.201B4ECE.tlog\ackermann_msgs__rosidl_typesupport_fastrtps_c__pyext.lastbuildstate".
Done Building Project "C:\Users\PLASMINFORGE\Documents\MATLAB_Thesis\geometry2-ros2\matlab_msg_gen\win64\build\ackermann_msgs\ackermann_msgs__rosidl_typesupport_fastrtps_c__pyext.vcxproj" (default targets).
Project "C:\Users\PLASMINFORGE\Documents\MATLAB_Thesis\geometry2-ros2\matlab_msg_gen\win64\build\ackermann_msgs\ALL_BUILD.vcxproj" (3) is building "C:\Users\PLASMINFORGE\Documents\MATLAB_Thesis\geometry2-ros2\matlab_msg_gen\win64\build\ackermann_msgs\ackermann_msgs__rosidl_typesupport_introspection_c__pyext.vcxproj" (17) on node 1 (default targets).
InitializeBuildStatus:
  Creating "ackermann_msgs__rosidl_typesupport_introspection_c__pyext.dir\Release\ackerman.D3EE4936.tlog\unsuccessfulbuild" because "AlwaysCreate" was specified.
CustomBuild:
  All outputs are up-to-date.
ClCompile:
  All outputs are up-to-date.
Link:
  All outputs are up-to-date.
  ackermann_msgs__rosidl_typesupport_introspection_c__pyext.vcxproj -> C:\Users\PLASMINFORGE\Documents\MATLAB_Thesis\geometry2-ros2\matlab_msg_gen\win64\build\ackermann_msgs\rosidl_generator_py\ackermann_msgs\ackermann_msgs_s__rosidl_typesupport_introspection_c.pyd
FinalizeBuildStatus:
  Deleting file "ackermann_msgs__rosidl_typesupport_introspection_c__pyext.dir\Release\ackerman.D3EE4936.tlog\unsuccessfulbuild".
  Touching "ackermann_msgs__rosidl_typesupport_introspection_c__pyext.dir\Release\ackerman.D3EE4936.tlog\ackermann_msgs__rosidl_typesupport_introspection_c__pyext.lastbuildstate".
Done Building Project "C:\Users\PLASMINFORGE\Documents\MATLAB_Thesis\geometry2-ros2\matlab_msg_gen\win64\build\ackermann_msgs\ackermann_msgs__rosidl_typesupport_introspection_c__pyext.vcxproj" (default targets).
Project "C:\Users\PLASMINFORGE\Documents\MATLAB_Thesis\geometry2-ros2\matlab_msg_gen\win64\build\ackermann_msgs\ALL_BUILD.vcxproj" (3) is building "C:\Users\PLASMINFORGE\Documents\MATLAB_Thesis\geometry2-ros2\matlab_msg_gen\win64\build\ackermann_msgs\ackermann_msgs_matlab.vcxproj" (18) on node 1 (default targets).
InitializeBuildStatus:
  Creating "ackermann_msgs_matlab.dir\Release\ackerman.01AC37D1.tlog\unsuccessfulbuild" because "AlwaysCreate" was specified.
CustomBuild:
  All outputs are up-to-date.
ClCompile:
  All outputs are up-to-date.
Link:
  All outputs are up-to-date.
  ackermann_msgs_matlab.vcxproj -> C:\Users\PLASMINFORGE\Documents\MATLAB_Thesis\geometry2-ros2\matlab_msg_gen\win64\build\ackermann_msgs\Release\ackermann_msgs_matlab.dll
FinalizeBuildStatus:
  Deleting file "ackermann_msgs_matlab.dir\Release\ackerman.01AC37D1.tlog\unsuccessfulbuild".
  Touching "ackermann_msgs_matlab.dir\Release\ackerman.01AC37D1.tlog\ackermann_msgs_matlab.lastbuildstate".
Done Building Project "C:\Users\PLASMINFORGE\Documents\MATLAB_Thesis\geometry2-ros2\matlab_msg_gen\win64\build\ackermann_msgs\ackermann_msgs_matlab.vcxproj" (default targets).
InitializeBuildStatus:
  Creating "x64\Release\ALL_BUILD\ALL_BUILD.tlog\unsuccessfulbuild" because "AlwaysCreate" was specified.
CustomBuild:
  All outputs are up-to-date.
FinalizeBuildStatus:
  Deleting file "x64\Release\ALL_BUILD\ALL_BUILD.tlog\unsuccessfulbuild".
  Touching "x64\Release\ALL_BUILD\ALL_BUILD.tlog\ALL_BUILD.lastbuildstate".
Done Building Project "C:\Users\PLASMINFORGE\Documents\MATLAB_Thesis\geometry2-ros2\matlab_msg_gen\win64\build\ackermann_msgs\ALL_BUILD.vcxproj" (default targets).
PrepareForBuild:
  Creating directory "x64\Release\INSTALL\".
  Creating directory "x64\Release\INSTALL\INSTALL.tlog\".
InitializeBuildStatus:
  Creating "x64\Release\INSTALL\INSTALL.tlog\unsuccessfulbuild" because "AlwaysCreate" was specified.
PostBuildEvent:
  setlocal
  "C:\Program Files\CMake\bin\cmake.exe" -DBUILD_TYPE=Release -P cmake_install.cmake
  if %errorlevel% neq 0 goto :cmEnd
  :cmEnd
  endlocal & call :cmErrorLevel %errorlevel% & goto :cmDone
  :cmErrorLevel
  exit /b %1
  :cmDone
  if %errorlevel% neq 0 goto :VCEnd
  :VCEnd
  -- Install configuration: "Release"
  -- Installing: C:/Users/PLASMINFORGE/Documents/MATLAB_Thesis/geometry2-ros2/matlab_msg_gen/win64/install/share/ament_index/resource_index/rosidl_interfaces/ackermann_msgs
  -- Installing: C:/Users/PLASMINFORGE/Documents/MATLAB_Thesis/geometry2-ros2/matlab_msg_gen/win64/install/lib/ackermann_msgs__rosidl_typesupport_c.lib
  -- Installing: C:/Users/PLASMINFORGE/Documents/MATLAB_Thesis/geometry2-ros2/matlab_msg_gen/win64/install/bin/ackermann_msgs__rosidl_typesupport_c.dll
  -- Installing: C:/Users/PLASMINFORGE/Documents/MATLAB_Thesis/geometry2-ros2/matlab_msg_gen/win64/install/lib/ackermann_msgs__rosidl_typesupport_cpp.lib
  -- Installing: C:/Users/PLASMINFORGE/Documents/MATLAB_Thesis/geometry2-ros2/matlab_msg_gen/win64/install/bin/ackermann_msgs__rosidl_typesupport_cpp.dll
  -- Installing: C:/Users/PLASMINFORGE/Documents/MATLAB_Thesis/geometry2-ros2/matlab_msg_gen/win64/install/include/ackermann_msgs
  -- Installing: C:/Users/PLASMINFORGE/Documents/MATLAB_Thesis/geometry2-ros2/matlab_msg_gen/win64/install/include/ackermann_msgs/msg
  -- Installing: C:/Users/PLASMINFORGE/Documents/MATLAB_Thesis/geometry2-ros2/matlab_msg_gen/win64/install/include/ackermann_msgs/msg/ackermann_drive__rosidl_typesupport_fastrtps_c.h
  -- Installing: C:/Users/PLASMINFORGE/Documents/MATLAB_Thesis/geometry2-ros2/matlab_msg_gen/win64/install/include/ackermann_msgs/msg/rosidl_typesupport_fastrtps_c__visibility_control.h
  -- Installing: C:/Users/PLASMINFORGE/Documents/MATLAB_Thesis/geometry2-ros2/matlab_msg_gen/win64/install/lib/ackermann_msgs__rosidl_typesupport_fastrtps_c.lib
  -- Installing: C:/Users/PLASMINFORGE/Documents/MATLAB_Thesis/geometry2-ros2/matlab_msg_gen/win64/install/bin/ackermann_msgs__rosidl_typesupport_fastrtps_c.dll
  -- Up-to-date: C:/Users/PLASMINFORGE/Documents/MATLAB_Thesis/geometry2-ros2/matlab_msg_gen/win64/install/include/ackermann_msgs
  -- Up-to-date: C:/Users/PLASMINFORGE/Documents/MATLAB_Thesis/geometry2-ros2/matlab_msg_gen/win64/install/include/ackermann_msgs/msg
  -- Installing: C:/Users/PLASMINFORGE/Documents/MATLAB_Thesis/geometry2-ros2/matlab_msg_gen/win64/install/include/ackermann_msgs/msg/ackermann_drive.h
  -- Installing: C:/Users/PLASMINFORGE/Documents/MATLAB_Thesis/geometry2-ros2/matlab_msg_gen/win64/install/include/ackermann_msgs/msg/ackermann_drive__functions.c
  -- Installing: C:/Users/PLASMINFORGE/Documents/MATLAB_Thesis/geometry2-ros2/matlab_msg_gen/win64/install/include/ackermann_msgs/msg/ackermann_drive__functions.h
  -- Installing: C:/Users/PLASMINFORGE/Documents/MATLAB_Thesis/geometry2-ros2/matlab_msg_gen/win64/install/include/ackermann_msgs/msg/ackermann_drive__struct.h
  -- Installing: C:/Users/PLASMINFORGE/Documents/MATLAB_Thesis/geometry2-ros2/matlab_msg_gen/win64/install/include/ackermann_msgs/msg/ackermann_drive__type_support.h
  -- Installing: C:/Users/PLASMINFORGE/Documents/MATLAB_Thesis/geometry2-ros2/matlab_msg_gen/win64/install/include/ackermann_msgs/msg/rosidl_generator_c__visibility_control.h
  -- Installing: C:/Users/PLASMINFORGE/Documents/MATLAB_Thesis/geometry2-ros2/matlab_msg_gen/win64/install/lib/ackermann_msgs__rosidl_generator_c.lib
  -- Installing: C:/Users/PLASMINFORGE/Documents/MATLAB_Thesis/geometry2-ros2/matlab_msg_gen/win64/install/bin/ackermann_msgs__rosidl_generator_c.dll
  -- Up-to-date: C:/Users/PLASMINFORGE/Documents/MATLAB_Thesis/geometry2-ros2/matlab_msg_gen/win64/install/include/ackermann_msgs
  -- Up-to-date: C:/Users/PLASMINFORGE/Documents/MATLAB_Thesis/geometry2-ros2/matlab_msg_gen/win64/install/include/ackermann_msgs/msg
  -- Installing: C:/Users/PLASMINFORGE/Documents/MATLAB_Thesis/geometry2-ros2/matlab_msg_gen/win64/install/include/ackermann_msgs/msg/ackermann_drive__rosidl_typesupport_fastrtps_cpp.hpp
  -- Installing: C:/Users/PLASMINFORGE/Documents/MATLAB_Thesis/geometry2-ros2/matlab_msg_gen/win64/install/include/ackermann_msgs/msg/dds_fastrtps
  -- Installing: C:/Users/PLASMINFORGE/Documents/MATLAB_Thesis/geometry2-ros2/matlab_msg_gen/win64/install/include/ackermann_msgs/msg/rosidl_typesupport_fastrtps_cpp__visibility_control.h
  -- Installing: C:/Users/PLASMINFORGE/Documents/MATLAB_Thesis/geometry2-ros2/matlab_msg_gen/win64/install/lib/ackermann_msgs__rosidl_typesupport_fastrtps_cpp.lib
  -- Installing: C:/Users/PLASMINFORGE/Documents/MATLAB_Thesis/geometry2-ros2/matlab_msg_gen/win64/install/bin/ackermann_msgs__rosidl_typesupport_fastrtps_cpp.dll
  -- Up-to-date: C:/Users/PLASMINFORGE/Documents/MATLAB_Thesis/geometry2-ros2/matlab_msg_gen/win64/install/include/ackermann_msgs
  -- Up-to-date: C:/Users/PLASMINFORGE/Documents/MATLAB_Thesis/geometry2-ros2/matlab_msg_gen/win64/install/include/ackermann_msgs/msg
  -- Installing: C:/Users/PLASMINFORGE/Documents/MATLAB_Thesis/geometry2-ros2/matlab_msg_gen/win64/install/include/ackermann_msgs/msg/ackermann_drive.hpp
  -- Installing: C:/Users/PLASMINFORGE/Documents/MATLAB_Thesis/geometry2-ros2/matlab_msg_gen/win64/install/include/ackermann_msgs/msg/ackermann_drive__struct.hpp
  -- Installing: C:/Users/PLASMINFORGE/Documents/MATLAB_Thesis/geometry2-ros2/matlab_msg_gen/win64/install/include/ackermann_msgs/msg/ackermann_drive__traits.hpp
  -- Up-to-date: C:/Users/PLASMINFORGE/Documents/MATLAB_Thesis/geometry2-ros2/matlab_msg_gen/win64/install/include/ackermann_msgs
  -- Up-to-date: C:/Users/PLASMINFORGE/Documents/MATLAB_Thesis/geometry2-ros2/matlab_msg_gen/win64/install/include/ackermann_msgs/msg
  -- Installing: C:/Users/PLASMINFORGE/Documents/MATLAB_Thesis/geometry2-ros2/matlab_msg_gen/win64/install/include/ackermann_msgs/msg/ackermann_drive__rosidl_typesupport_introspection_c.h
  -- Installing: C:/Users/PLASMINFORGE/Documents/MATLAB_Thesis/geometry2-ros2/matlab_msg_gen/win64/install/include/ackermann_msgs/msg/ackermann_drive__type_support.c
  -- Installing: C:/Users/PLASMINFORGE/Documents/MATLAB_Thesis/geometry2-ros2/matlab_msg_gen/win64/install/include/ackermann_msgs/msg/rosidl_typesupport_introspection_c__visibility_control.h
  -- Installing: C:/Users/PLASMINFORGE/Documents/MATLAB_Thesis/geometry2-ros2/matlab_msg_gen/win64/install/lib/ackermann_msgs__rosidl_typesupport_introspection_c.lib
  -- Installing: C:/Users/PLASMINFORGE/Documents/MATLAB_Thesis/geometry2-ros2/matlab_msg_gen/win64/install/bin/ackermann_msgs__rosidl_typesupport_introspection_c.dll
  -- Up-to-date: C:/Users/PLASMINFORGE/Documents/MATLAB_Thesis/geometry2-ros2/matlab_msg_gen/win64/install/include/ackermann_msgs
  -- Up-to-date: C:/Users/PLASMINFORGE/Documents/MATLAB_Thesis/geometry2-ros2/matlab_msg_gen/win64/install/include/ackermann_msgs/msg
  -- Installing: C:/Users/PLASMINFORGE/Documents/MATLAB_Thesis/geometry2-ros2/matlab_msg_gen/win64/install/include/ackermann_msgs/msg/ackermann_drive__rosidl_typesupport_introspection_cpp.hpp
  -- Installing: C:/Users/PLASMINFORGE/Documents/MATLAB_Thesis/geometry2-ros2/matlab_msg_gen/win64/install/include/ackermann_msgs/msg/ackermann_drive__type_support.cpp
  -- Installing: C:/Users/PLASMINFORGE/Documents/MATLAB_Thesis/geometry2-ros2/matlab_msg_gen/win64/install/lib/ackermann_msgs__rosidl_typesupport_introspection_cpp.lib
  -- Installing: C:/Users/PLASMINFORGE/Documents/MATLAB_Thesis/geometry2-ros2/matlab_msg_gen/win64/install/bin/ackermann_msgs__rosidl_typesupport_introspection_cpp.dll
  -- Installing: C:/Users/PLASMINFORGE/Documents/MATLAB_Thesis/geometry2-ros2/matlab_msg_gen/win64/install/share/ackermann_msgs/environment/pythonpath.bat
  -- Installing: C:/Users/PLASMINFORGE/Documents/MATLAB_Thesis/geometry2-ros2/matlab_msg_gen/win64/install/Lib/site-packages/ackermann_msgs/__init__.py
  Compiling 'C:/Users/PLASMINFORGE/Documents/MATLAB_Thesis/geometry2-ros2/matlab_msg_gen/win64/install/Lib/site-packages/ackermann_msgs/__init__.py'...
  -- Installing: C:/Users/PLASMINFORGE/Documents/MATLAB_Thesis/geometry2-ros2/matlab_msg_gen/win64/install/Lib/site-packages/ackermann_msgs/msg
  -- Installing: C:/Users/PLASMINFORGE/Documents/MATLAB_Thesis/geometry2-ros2/matlab_msg_gen/win64/install/Lib/site-packages/ackermann_msgs/msg/_ackermann_drive.py
  -- Installing: C:/Users/PLASMINFORGE/Documents/MATLAB_Thesis/geometry2-ros2/matlab_msg_gen/win64/install/Lib/site-packages/ackermann_msgs/msg/_ackermann_drive_s.c
  -- Installing: C:/Users/PLASMINFORGE/Documents/MATLAB_Thesis/geometry2-ros2/matlab_msg_gen/win64/install/Lib/site-packages/ackermann_msgs/msg/__init__.py
  -- Installing: C:/Users/PLASMINFORGE/Documents/MATLAB_Thesis/geometry2-ros2/matlab_msg_gen/win64/install/Lib/site-packages/ackermann_msgs/ackermann_msgs_s__rosidl_typesupport_c.lib
  -- Installing: C:/Users/PLASMINFORGE/Documents/MATLAB_Thesis/geometry2-ros2/matlab_msg_gen/win64/install/Lib/site-packages/ackermann_msgs/ackermann_msgs_s__rosidl_typesupport_c.pyd
  -- Installing: C:/Users/PLASMINFORGE/Documents/MATLAB_Thesis/geometry2-ros2/matlab_msg_gen/win64/install/Lib/site-packages/ackermann_msgs/ackermann_msgs_s__rosidl_typesupport_fastrtps_c.lib
  -- Installing: C:/Users/PLASMINFORGE/Documents/MATLAB_Thesis/geometry2-ros2/matlab_msg_gen/win64/install/Lib/site-packages/ackermann_msgs/ackermann_msgs_s__rosidl_typesupport_fastrtps_c.pyd
  -- Installing: C:/Users/PLASMINFORGE/Documents/MATLAB_Thesis/geometry2-ros2/matlab_msg_gen/win64/install/Lib/site-packages/ackermann_msgs/ackermann_msgs_s__rosidl_typesupport_introspection_c.lib
  -- Installing: C:/Users/PLASMINFORGE/Documents/MATLAB_Thesis/geometry2-ros2/matlab_msg_gen/win64/install/Lib/site-packages/ackermann_msgs/ackermann_msgs_s__rosidl_typesupport_introspection_c.pyd
  -- Installing: C:/Users/PLASMINFORGE/Documents/MATLAB_Thesis/geometry2-ros2/matlab_msg_gen/win64/install/lib/ackermann_msgs__python.lib
  -- Installing: C:/Users/PLASMINFORGE/Documents/MATLAB_Thesis/geometry2-ros2/matlab_msg_gen/win64/install/bin/ackermann_msgs__python.dll
  -- Installing: C:/Users/PLASMINFORGE/Documents/MATLAB_Thesis/geometry2-ros2/matlab_msg_gen/win64/install/share/ackermann_msgs/msg/AckermannDrive.idl
  -- Installing: C:/Users/PLASMINFORGE/Documents/MATLAB_Thesis/geometry2-ros2/matlab_msg_gen/win64/install/share/ackermann_msgs/msg/AckermannDrive.msg
  -- Up-to-date: C:/Users/PLASMINFORGE/Documents/MATLAB_Thesis/geometry2-ros2/matlab_msg_gen/win64/install/include
  -- Up-to-date: C:/Users/PLASMINFORGE/Documents/MATLAB_Thesis/geometry2-ros2/matlab_msg_gen/win64/install/include/ackermann_msgs
  -- Installing: C:/Users/PLASMINFORGE/Documents/MATLAB_Thesis/geometry2-ros2/matlab_msg_gen/win64/install/include/ackermann_msgs/visibility_control.h
  -- Installing: C:/Users/PLASMINFORGE/Documents/MATLAB_Thesis/geometry2-ros2/matlab_msg_gen/win64/install/lib/ackermann_msgs_matlab.lib
  -- Installing: C:/Users/PLASMINFORGE/Documents/MATLAB_Thesis/geometry2-ros2/matlab_msg_gen/win64/install/bin/ackermann_msgs_matlab.dll
  -- Up-to-date: C:/Users/PLASMINFORGE/Documents/MATLAB_Thesis/geometry2-ros2/matlab_msg_gen/win64/install/m/
  -- Up-to-date: C:/Users/PLASMINFORGE/Documents/MATLAB_Thesis/geometry2-ros2/matlab_msg_gen/win64/install/m//+ros
  -- Up-to-date: C:/Users/PLASMINFORGE/Documents/MATLAB_Thesis/geometry2-ros2/matlab_msg_gen/win64/install/m//+ros/+internal
  -- Up-to-date: C:/Users/PLASMINFORGE/Documents/MATLAB_Thesis/geometry2-ros2/matlab_msg_gen/win64/install/m//+ros/+internal/+ros2
  -- Up-to-date: C:/Users/PLASMINFORGE/Documents/MATLAB_Thesis/geometry2-ros2/matlab_msg_gen/win64/install/m//+ros/+internal/+ros2/+custommessages
  -- Installing: C:/Users/PLASMINFORGE/Documents/MATLAB_Thesis/geometry2-ros2/matlab_msg_gen/win64/install/m//+ros/+internal/+ros2/+custommessages/+ackermann_msgs
  -- Installing: C:/Users/PLASMINFORGE/Documents/MATLAB_Thesis/geometry2-ros2/matlab_msg_gen/win64/install/m//+ros/+internal/+ros2/+custommessages/+ackermann_msgs/ackermannDrive.m
  -- Installing: C:/Users/PLASMINFORGE/Documents/MATLAB_Thesis/geometry2-ros2/matlab_msg_gen/win64/install/m//+ros/+internal/+ros2/+custommessages/+ackermann_msgs/ackermann_msgs_msg_AckermannDrive_1To2_Converter.m
  -- Installing: C:/Users/PLASMINFORGE/Documents/MATLAB_Thesis/geometry2-ros2/matlab_msg_gen/win64/install/m//+ros/+internal/+ros2/+custommessages/+ackermann_msgs/ackermann_msgs_msg_AckermannDrive_2To1_Converter.m
  -- Installing: C:/Users/PLASMINFORGE/Documents/MATLAB_Thesis/geometry2-ros2/matlab_msg_gen/win64/install/share/ament_index/resource_index/package_run_dependencies/ackermann_msgs
  -- Installing: C:/Users/PLASMINFORGE/Documents/MATLAB_Thesis/geometry2-ros2/matlab_msg_gen/win64/install/share/ament_index/resource_index/parent_prefix_path/ackermann_msgs
  -- Installing: C:/Users/PLASMINFORGE/Documents/MATLAB_Thesis/geometry2-ros2/matlab_msg_gen/win64/install/share/ackermann_msgs/environment/ament_prefix_path.bat
  -- Installing: C:/Users/PLASMINFORGE/Documents/MATLAB_Thesis/geometry2-ros2/matlab_msg_gen/win64/install/share/ackermann_msgs/environment/path.bat
  -- Installing: C:/Users/PLASMINFORGE/Documents/MATLAB_Thesis/geometry2-ros2/matlab_msg_gen/win64/install/share/ackermann_msgs/local_setup.bat
  -- Installing: C:/Users/PLASMINFORGE/Documents/MATLAB_Thesis/geometry2-ros2/matlab_msg_gen/win64/install/share/ament_index/resource_index/packages/ackermann_msgs
  -- Installing: C:/Users/PLASMINFORGE/Documents/MATLAB_Thesis/geometry2-ros2/matlab_msg_gen/win64/install/share/ackermann_msgs/cmake/rosidl_cmake-extras.cmake
  -- Installing: C:/Users/PLASMINFORGE/Documents/MATLAB_Thesis/geometry2-ros2/matlab_msg_gen/win64/install/share/ackermann_msgs/cmake/ament_cmake_export_libraries-extras.cmake
  -- Installing: C:/Users/PLASMINFORGE/Documents/MATLAB_Thesis/geometry2-ros2/matlab_msg_gen/win64/install/share/ackermann_msgs/cmake/ament_cmake_export_include_directories-extras.cmake
  -- Installing: C:/Users/PLASMINFORGE/Documents/MATLAB_Thesis/geometry2-ros2/matlab_msg_gen/win64/install/share/ackermann_msgs/cmake/ackermann_msgsConfig.cmake
  -- Installing: C:/Users/PLASMINFORGE/Documents/MATLAB_Thesis/geometry2-ros2/matlab_msg_gen/win64/install/share/ackermann_msgs/cmake/ackermann_msgsConfig-version.cmake
  -- Installing: C:/Users/PLASMINFORGE/Documents/MATLAB_Thesis/geometry2-ros2/matlab_msg_gen/win64/install/share/ackermann_msgs/package.xml
FinalizeBuildStatus:
  Deleting file "x64\Release\INSTALL\INSTALL.tlog\unsuccessfulbuild".
  Touching "x64\Release\INSTALL\INSTALL.tlog\INSTALL.lastbuildstate".
Done Building Project "C:\Users\PLASMINFORGE\Documents\MATLAB_Thesis\geometry2-ros2\matlab_msg_gen\win64\build\ackermann_msgs\INSTALL.vcxproj" (default targets).

Build succeeded.
    0 Warning(s)
    0 Error(s)

Time Elapsed 00:00:02.27
