[2.030s] [34mcolcon[0m [30mDEBUG[0m [32mCommand line arguments: ['C:\\Users\\PLASMINFORGE\\AppData\\Roaming\\MathWorks\\MATLAB\\R2021b\\ros2\\win64\\venv\\Scripts\\colcon', 'build', '--merge-install', '--cmake-args', '-G', 'Ninja', '--cmake-args', '-DCMAKE_BUILD_TYPE=Release', '-DBUILD_TESTING=OFF', '-DCMAKE_CXX_COMPILER=cl.exe', '-DCMAKE_C_COMPILER=cl.exe', '-DCMAKE_LINKER=link.exe', '-DMSVC_TOOLSET_VERSION=141', '-DCMAKE_CXX_FLAGS_RELEASE=/MD /Od /Ob2 /DNDEBUG'][0m
[2.030s] [34mcolcon[0m [30mDEBUG[0m [32mParsed command line arguments: Namespace(ament_cmake_args=None, base_paths='.', build_base='build', catkin_cmake_args=None, catkin_skip_building_tests=False, cmake_args=['-DCMAKE_BUILD_TYPE=Release', '-DBUILD_TESTING=OFF', '-DCMAKE_CXX_COMPILER=cl.exe', '-DCMAKE_C_COMPILER=cl.exe', '-DCMAKE_LINKER=link.exe', '-DMSVC_TOOLSET_VERSION=141', '-DCMAKE_CXX_FLAGS_RELEASE=/MD /Od /Ob2 /DNDEBUG'], cmake_clean_cache=False, cmake_clean_first=False, cmake_force_configure=False, cmake_target=None, cmake_target_skip_unavailable=False, continue_on_error=False, event_handlers=None, executor='parallel', ignore_user_meta=False, install_base='install', log_base='log', log_level=None, main=<bound method BuildVerb.main of <colcon_core.verb.build.BuildVerb object at 0x0000021E8C36B848>>, merge_install=True, metas='./colcon.meta', packages_above=None, packages_above_depth=None, packages_end=None, packages_ignore=None, packages_ignore_regex=None, packages_select=None, packages_select_build_failed=False, packages_select_by_dep=None, packages_select_regex=None, packages_select_test_failures=False, packages_skip=None, packages_skip_build_finished=False, packages_skip_by_dep=None, packages_skip_regex=None, packages_skip_test_passed=False, packages_skip_up_to=None, packages_start=None, packages_up_to=None, parallel_workers=8, paths=None, symlink_install=False, test_result_base=None, verb_extension=<colcon_core.verb.build.BuildVerb object at 0x0000021E8C36B848>, verb_name='build', verb_parser=<colcon_defaults.argument_parser.defaults.DefaultArgumentsDecorator object at 0x0000021E8C36BE48>)[0m
[2.150s] [34mcolcon.colcon_core.package_discovery[0m [30mLevel 1[0m discover_packages(colcon_meta) check parameters
[2.151s] [34mcolcon.colcon_core.package_discovery[0m [30mLevel 1[0m discover_packages(recursive) check parameters
[2.151s] [34mcolcon.colcon_core.package_discovery[0m [30mLevel 1[0m discover_packages(ignore) check parameters
[2.151s] [34mcolcon.colcon_core.package_discovery[0m [30mLevel 1[0m discover_packages(path) check parameters
[2.151s] [34mcolcon.colcon_core.package_discovery[0m [30mLevel 1[0m discover_packages(recursive) discover
[2.151s] [34mcolcon.colcon_core.package_discovery[0m [30mINFO[0m Crawling recursively for packages in 'C:\Users\PLASMINFORGE\Documents\MATLAB_Thesis\geometry2-ros2\matlab_msg_gen\win64'
[2.152s] [34mcolcon.colcon_core.package_identification[0m [30mLevel 1[0m _identify(C:\Users\PLASMINFORGE\Documents\MATLAB_Thesis\geometry2-ros2\matlab_msg_gen\win64) by extensions ['ignore', 'ignore_ament_install']
[2.152s] [34mcolcon.colcon_core.package_identification[0m [30mLevel 1[0m _identify(C:\Users\PLASMINFORGE\Documents\MATLAB_Thesis\geometry2-ros2\matlab_msg_gen\win64) by extension 'ignore'
[2.152s] [34mcolcon.colcon_core.package_identification[0m [30mLevel 1[0m _identify(C:\Users\PLASMINFORGE\Documents\MATLAB_Thesis\geometry2-ros2\matlab_msg_gen\win64) by extension 'ignore_ament_install'
[2.152s] [34mcolcon.colcon_core.package_identification[0m [30mLevel 1[0m _identify(C:\Users\PLASMINFORGE\Documents\MATLAB_Thesis\geometry2-ros2\matlab_msg_gen\win64) by extensions ['colcon_pkg']
[2.152s] [34mcolcon.colcon_core.package_identification[0m [30mLevel 1[0m _identify(C:\Users\PLASMINFORGE\Documents\MATLAB_Thesis\geometry2-ros2\matlab_msg_gen\win64) by extension 'colcon_pkg'
[2.152s] [34mcolcon.colcon_core.package_identification[0m [30mLevel 1[0m _identify(C:\Users\PLASMINFORGE\Documents\MATLAB_Thesis\geometry2-ros2\matlab_msg_gen\win64) by extensions ['colcon_meta']
[2.152s] [34mcolcon.colcon_core.package_identification[0m [30mLevel 1[0m _identify(C:\Users\PLASMINFORGE\Documents\MATLAB_Thesis\geometry2-ros2\matlab_msg_gen\win64) by extension 'colcon_meta'
[2.152s] [34mcolcon.colcon_core.package_identification[0m [30mLevel 1[0m _identify(C:\Users\PLASMINFORGE\Documents\MATLAB_Thesis\geometry2-ros2\matlab_msg_gen\win64) by extensions ['ros']
[2.153s] [34mcolcon.colcon_core.package_identification[0m [30mLevel 1[0m _identify(C:\Users\PLASMINFORGE\Documents\MATLAB_Thesis\geometry2-ros2\matlab_msg_gen\win64) by extension 'ros'
[2.185s] [34mcolcon.colcon_core.package_identification[0m [30mLevel 1[0m _identify(C:\Users\PLASMINFORGE\Documents\MATLAB_Thesis\geometry2-ros2\matlab_msg_gen\win64) by extensions ['cmake', 'python']
[2.185s] [34mcolcon.colcon_core.package_identification[0m [30mLevel 1[0m _identify(C:\Users\PLASMINFORGE\Documents\MATLAB_Thesis\geometry2-ros2\matlab_msg_gen\win64) by extension 'cmake'
[2.185s] [34mcolcon.colcon_core.package_identification[0m [30mLevel 1[0m _identify(C:\Users\PLASMINFORGE\Documents\MATLAB_Thesis\geometry2-ros2\matlab_msg_gen\win64) by extension 'python'
[2.185s] [34mcolcon.colcon_core.package_identification[0m [30mLevel 1[0m _identify(C:\Users\PLASMINFORGE\Documents\MATLAB_Thesis\geometry2-ros2\matlab_msg_gen\win64) by extensions ['python_setup_py']
[2.186s] [34mcolcon.colcon_core.package_identification[0m [30mLevel 1[0m _identify(C:\Users\PLASMINFORGE\Documents\MATLAB_Thesis\geometry2-ros2\matlab_msg_gen\win64) by extension 'python_setup_py'
[2.186s] [34mcolcon.colcon_core.package_identification[0m [30mLevel 1[0m _identify(C:\Users\PLASMINFORGE\Documents\MATLAB_Thesis\geometry2-ros2\matlab_msg_gen\win64\build) by extensions ['ignore', 'ignore_ament_install']
[2.186s] [34mcolcon.colcon_core.package_identification[0m [30mLevel 1[0m _identify(C:\Users\PLASMINFORGE\Documents\MATLAB_Thesis\geometry2-ros2\matlab_msg_gen\win64\build) by extension 'ignore'
[2.186s] [34mcolcon.colcon_core.package_identification[0m [30mLevel 1[0m _identify(C:\Users\PLASMINFORGE\Documents\MATLAB_Thesis\geometry2-ros2\matlab_msg_gen\win64\build) ignored
[2.186s] [34mcolcon.colcon_core.package_identification[0m [30mLevel 1[0m _identify(C:\Users\PLASMINFORGE\Documents\MATLAB_Thesis\geometry2-ros2\matlab_msg_gen\win64\install) by extensions ['ignore', 'ignore_ament_install']
[2.186s] [34mcolcon.colcon_core.package_identification[0m [30mLevel 1[0m _identify(C:\Users\PLASMINFORGE\Documents\MATLAB_Thesis\geometry2-ros2\matlab_msg_gen\win64\install) by extension 'ignore'
[2.186s] [34mcolcon.colcon_core.package_identification[0m [30mLevel 1[0m _identify(C:\Users\PLASMINFORGE\Documents\MATLAB_Thesis\geometry2-ros2\matlab_msg_gen\win64\install) ignored
[2.187s] [34mcolcon.colcon_core.package_identification[0m [30mLevel 1[0m _identify(C:\Users\PLASMINFORGE\Documents\MATLAB_Thesis\geometry2-ros2\matlab_msg_gen\win64\log) by extensions ['ignore', 'ignore_ament_install']
[2.187s] [34mcolcon.colcon_core.package_identification[0m [30mLevel 1[0m _identify(C:\Users\PLASMINFORGE\Documents\MATLAB_Thesis\geometry2-ros2\matlab_msg_gen\win64\log) by extension 'ignore'
[2.187s] [34mcolcon.colcon_core.package_identification[0m [30mLevel 1[0m _identify(C:\Users\PLASMINFORGE\Documents\MATLAB_Thesis\geometry2-ros2\matlab_msg_gen\win64\log) ignored
[2.187s] [34mcolcon.colcon_core.package_identification[0m [30mLevel 1[0m _identify(C:\Users\PLASMINFORGE\Documents\MATLAB_Thesis\geometry2-ros2\matlab_msg_gen\win64\src) by extensions ['ignore', 'ignore_ament_install']
[2.187s] [34mcolcon.colcon_core.package_identification[0m [30mLevel 1[0m _identify(C:\Users\PLASMINFORGE\Documents\MATLAB_Thesis\geometry2-ros2\matlab_msg_gen\win64\src) by extension 'ignore'
[2.188s] [34mcolcon.colcon_core.package_identification[0m [30mLevel 1[0m _identify(C:\Users\PLASMINFORGE\Documents\MATLAB_Thesis\geometry2-ros2\matlab_msg_gen\win64\src) by extension 'ignore_ament_install'
[2.188s] [34mcolcon.colcon_core.package_identification[0m [30mLevel 1[0m _identify(C:\Users\PLASMINFORGE\Documents\MATLAB_Thesis\geometry2-ros2\matlab_msg_gen\win64\src) by extensions ['colcon_pkg']
[2.188s] [34mcolcon.colcon_core.package_identification[0m [30mLevel 1[0m _identify(C:\Users\PLASMINFORGE\Documents\MATLAB_Thesis\geometry2-ros2\matlab_msg_gen\win64\src) by extension 'colcon_pkg'
[2.188s] [34mcolcon.colcon_core.package_identification[0m [30mLevel 1[0m _identify(C:\Users\PLASMINFORGE\Documents\MATLAB_Thesis\geometry2-ros2\matlab_msg_gen\win64\src) by extensions ['colcon_meta']
[2.188s] [34mcolcon.colcon_core.package_identification[0m [30mLevel 1[0m _identify(C:\Users\PLASMINFORGE\Documents\MATLAB_Thesis\geometry2-ros2\matlab_msg_gen\win64\src) by extension 'colcon_meta'
[2.188s] [34mcolcon.colcon_core.package_identification[0m [30mLevel 1[0m _identify(C:\Users\PLASMINFORGE\Documents\MATLAB_Thesis\geometry2-ros2\matlab_msg_gen\win64\src) by extensions ['ros']
[2.189s] [34mcolcon.colcon_core.package_identification[0m [30mLevel 1[0m _identify(C:\Users\PLASMINFORGE\Documents\MATLAB_Thesis\geometry2-ros2\matlab_msg_gen\win64\src) by extension 'ros'
[2.189s] [34mcolcon.colcon_core.package_identification[0m [30mLevel 1[0m _identify(C:\Users\PLASMINFORGE\Documents\MATLAB_Thesis\geometry2-ros2\matlab_msg_gen\win64\src) by extensions ['cmake', 'python']
[2.189s] [34mcolcon.colcon_core.package_identification[0m [30mLevel 1[0m _identify(C:\Users\PLASMINFORGE\Documents\MATLAB_Thesis\geometry2-ros2\matlab_msg_gen\win64\src) by extension 'cmake'
[2.189s] [34mcolcon.colcon_core.package_identification[0m [30mLevel 1[0m _identify(C:\Users\PLASMINFORGE\Documents\MATLAB_Thesis\geometry2-ros2\matlab_msg_gen\win64\src) by extension 'python'
[2.189s] [34mcolcon.colcon_core.package_identification[0m [30mLevel 1[0m _identify(C:\Users\PLASMINFORGE\Documents\MATLAB_Thesis\geometry2-ros2\matlab_msg_gen\win64\src) by extensions ['python_setup_py']
[2.189s] [34mcolcon.colcon_core.package_identification[0m [30mLevel 1[0m _identify(C:\Users\PLASMINFORGE\Documents\MATLAB_Thesis\geometry2-ros2\matlab_msg_gen\win64\src) by extension 'python_setup_py'
[2.190s] [34mcolcon.colcon_core.package_identification[0m [30mLevel 1[0m _identify(C:\Users\PLASMINFORGE\Documents\MATLAB_Thesis\geometry2-ros2\matlab_msg_gen\win64\src\ackermann_msgs) by extensions ['ignore', 'ignore_ament_install']
[2.190s] [34mcolcon.colcon_core.package_identification[0m [30mLevel 1[0m _identify(C:\Users\PLASMINFORGE\Documents\MATLAB_Thesis\geometry2-ros2\matlab_msg_gen\win64\src\ackermann_msgs) by extension 'ignore'
[2.190s] [34mcolcon.colcon_core.package_identification[0m [30mLevel 1[0m _identify(C:\Users\PLASMINFORGE\Documents\MATLAB_Thesis\geometry2-ros2\matlab_msg_gen\win64\src\ackermann_msgs) by extension 'ignore_ament_install'
[2.190s] [34mcolcon.colcon_core.package_identification[0m [30mLevel 1[0m _identify(C:\Users\PLASMINFORGE\Documents\MATLAB_Thesis\geometry2-ros2\matlab_msg_gen\win64\src\ackermann_msgs) by extensions ['colcon_pkg']
[2.190s] [34mcolcon.colcon_core.package_identification[0m [30mLevel 1[0m _identify(C:\Users\PLASMINFORGE\Documents\MATLAB_Thesis\geometry2-ros2\matlab_msg_gen\win64\src\ackermann_msgs) by extension 'colcon_pkg'
[2.190s] [34mcolcon.colcon_core.package_identification[0m [30mLevel 1[0m _identify(C:\Users\PLASMINFORGE\Documents\MATLAB_Thesis\geometry2-ros2\matlab_msg_gen\win64\src\ackermann_msgs) by extensions ['colcon_meta']
[2.191s] [34mcolcon.colcon_core.package_identification[0m [30mLevel 1[0m _identify(C:\Users\PLASMINFORGE\Documents\MATLAB_Thesis\geometry2-ros2\matlab_msg_gen\win64\src\ackermann_msgs) by extension 'colcon_meta'
[2.191s] [34mcolcon.colcon_core.package_identification[0m [30mLevel 1[0m _identify(C:\Users\PLASMINFORGE\Documents\MATLAB_Thesis\geometry2-ros2\matlab_msg_gen\win64\src\ackermann_msgs) by extensions ['ros']
[2.191s] [34mcolcon.colcon_core.package_identification[0m [30mLevel 1[0m _identify(C:\Users\PLASMINFORGE\Documents\MATLAB_Thesis\geometry2-ros2\matlab_msg_gen\win64\src\ackermann_msgs) by extension 'ros'
[2.191s] [34mcolcon.colcon_core.package_identification[0m [30mLevel 1[0m _identify(C:\Users\PLASMINFORGE\Documents\MATLAB_Thesis\geometry2-ros2\matlab_msg_gen\win64\src\ackermann_msgs) by extensions ['cmake', 'python']
[2.191s] [34mcolcon.colcon_core.package_identification[0m [30mLevel 1[0m _identify(C:\Users\PLASMINFORGE\Documents\MATLAB_Thesis\geometry2-ros2\matlab_msg_gen\win64\src\ackermann_msgs) by extension 'cmake'
[2.191s] [34mcolcon.colcon_core.package_identification[0m [30mLevel 1[0m _identify(C:\Users\PLASMINFORGE\Documents\MATLAB_Thesis\geometry2-ros2\matlab_msg_gen\win64\src\ackermann_msgs) by extension 'python'
[2.191s] [34mcolcon.colcon_core.package_identification[0m [30mLevel 1[0m _identify(C:\Users\PLASMINFORGE\Documents\MATLAB_Thesis\geometry2-ros2\matlab_msg_gen\win64\src\ackermann_msgs) by extensions ['python_setup_py']
[2.191s] [34mcolcon.colcon_core.package_identification[0m [30mLevel 1[0m _identify(C:\Users\PLASMINFORGE\Documents\MATLAB_Thesis\geometry2-ros2\matlab_msg_gen\win64\src\ackermann_msgs) by extension 'python_setup_py'
[2.192s] [34mcolcon.colcon_core.package_identification[0m [30mLevel 1[0m _identify(C:\Users\PLASMINFORGE\Documents\MATLAB_Thesis\geometry2-ros2\matlab_msg_gen\win64\src\ackermann_msgs\action) by extensions ['ignore', 'ignore_ament_install']
[2.192s] [34mcolcon.colcon_core.package_identification[0m [30mLevel 1[0m _identify(C:\Users\PLASMINFORGE\Documents\MATLAB_Thesis\geometry2-ros2\matlab_msg_gen\win64\src\ackermann_msgs\action) by extension 'ignore'
[2.192s] [34mcolcon.colcon_core.package_identification[0m [30mLevel 1[0m _identify(C:\Users\PLASMINFORGE\Documents\MATLAB_Thesis\geometry2-ros2\matlab_msg_gen\win64\src\ackermann_msgs\action) by extension 'ignore_ament_install'
[2.192s] [34mcolcon.colcon_core.package_identification[0m [30mLevel 1[0m _identify(C:\Users\PLASMINFORGE\Documents\MATLAB_Thesis\geometry2-ros2\matlab_msg_gen\win64\src\ackermann_msgs\action) by extensions ['colcon_pkg']
[2.192s] [34mcolcon.colcon_core.package_identification[0m [30mLevel 1[0m _identify(C:\Users\PLASMINFORGE\Documents\MATLAB_Thesis\geometry2-ros2\matlab_msg_gen\win64\src\ackermann_msgs\action) by extension 'colcon_pkg'
[2.192s] [34mcolcon.colcon_core.package_identification[0m [30mLevel 1[0m _identify(C:\Users\PLASMINFORGE\Documents\MATLAB_Thesis\geometry2-ros2\matlab_msg_gen\win64\src\ackermann_msgs\action) by extensions ['colcon_meta']
[2.192s] [34mcolcon.colcon_core.package_identification[0m [30mLevel 1[0m _identify(C:\Users\PLASMINFORGE\Documents\MATLAB_Thesis\geometry2-ros2\matlab_msg_gen\win64\src\ackermann_msgs\action) by extension 'colcon_meta'
[2.192s] [34mcolcon.colcon_core.package_identification[0m [30mLevel 1[0m _identify(C:\Users\PLASMINFORGE\Documents\MATLAB_Thesis\geometry2-ros2\matlab_msg_gen\win64\src\ackermann_msgs\action) by extensions ['ros']
[2.193s] [34mcolcon.colcon_core.package_identification[0m [30mLevel 1[0m _identify(C:\Users\PLASMINFORGE\Documents\MATLAB_Thesis\geometry2-ros2\matlab_msg_gen\win64\src\ackermann_msgs\action) by extension 'ros'
[2.193s] [34mcolcon.colcon_core.package_identification[0m [30mLevel 1[0m _identify(C:\Users\PLASMINFORGE\Documents\MATLAB_Thesis\geometry2-ros2\matlab_msg_gen\win64\src\ackermann_msgs\action) by extensions ['cmake', 'python']
[2.193s] [34mcolcon.colcon_core.package_identification[0m [30mLevel 1[0m _identify(C:\Users\PLASMINFORGE\Documents\MATLAB_Thesis\geometry2-ros2\matlab_msg_gen\win64\src\ackermann_msgs\action) by extension 'cmake'
[2.193s] [34mcolcon.colcon_core.package_identification[0m [30mLevel 1[0m _identify(C:\Users\PLASMINFORGE\Documents\MATLAB_Thesis\geometry2-ros2\matlab_msg_gen\win64\src\ackermann_msgs\action) by extension 'python'
[2.193s] [34mcolcon.colcon_core.package_identification[0m [30mLevel 1[0m _identify(C:\Users\PLASMINFORGE\Documents\MATLAB_Thesis\geometry2-ros2\matlab_msg_gen\win64\src\ackermann_msgs\action) by extensions ['python_setup_py']
[2.193s] [34mcolcon.colcon_core.package_identification[0m [30mLevel 1[0m _identify(C:\Users\PLASMINFORGE\Documents\MATLAB_Thesis\geometry2-ros2\matlab_msg_gen\win64\src\ackermann_msgs\action) by extension 'python_setup_py'
[2.194s] [34mcolcon.colcon_core.package_identification[0m [30mLevel 1[0m _identify(C:\Users\PLASMINFORGE\Documents\MATLAB_Thesis\geometry2-ros2\matlab_msg_gen\win64\src\ackermann_msgs\include) by extensions ['ignore', 'ignore_ament_install']
[2.194s] [34mcolcon.colcon_core.package_identification[0m [30mLevel 1[0m _identify(C:\Users\PLASMINFORGE\Documents\MATLAB_Thesis\geometry2-ros2\matlab_msg_gen\win64\src\ackermann_msgs\include) by extension 'ignore'
[2.194s] [34mcolcon.colcon_core.package_identification[0m [30mLevel 1[0m _identify(C:\Users\PLASMINFORGE\Documents\MATLAB_Thesis\geometry2-ros2\matlab_msg_gen\win64\src\ackermann_msgs\include) by extension 'ignore_ament_install'
[2.194s] [34mcolcon.colcon_core.package_identification[0m [30mLevel 1[0m _identify(C:\Users\PLASMINFORGE\Documents\MATLAB_Thesis\geometry2-ros2\matlab_msg_gen\win64\src\ackermann_msgs\include) by extensions ['colcon_pkg']
[2.194s] [34mcolcon.colcon_core.package_identification[0m [30mLevel 1[0m _identify(C:\Users\PLASMINFORGE\Documents\MATLAB_Thesis\geometry2-ros2\matlab_msg_gen\win64\src\ackermann_msgs\include) by extension 'colcon_pkg'
[2.194s] [34mcolcon.colcon_core.package_identification[0m [30mLevel 1[0m _identify(C:\Users\PLASMINFORGE\Documents\MATLAB_Thesis\geometry2-ros2\matlab_msg_gen\win64\src\ackermann_msgs\include) by extensions ['colcon_meta']
[2.194s] [34mcolcon.colcon_core.package_identification[0m [30mLevel 1[0m _identify(C:\Users\PLASMINFORGE\Documents\MATLAB_Thesis\geometry2-ros2\matlab_msg_gen\win64\src\ackermann_msgs\include) by extension 'colcon_meta'
[2.194s] [34mcolcon.colcon_core.package_identification[0m [30mLevel 1[0m _identify(C:\Users\PLASMINFORGE\Documents\MATLAB_Thesis\geometry2-ros2\matlab_msg_gen\win64\src\ackermann_msgs\include) by extensions ['ros']
[2.195s] [34mcolcon.colcon_core.package_identification[0m [30mLevel 1[0m _identify(C:\Users\PLASMINFORGE\Documents\MATLAB_Thesis\geometry2-ros2\matlab_msg_gen\win64\src\ackermann_msgs\include) by extension 'ros'
[2.195s] [34mcolcon.colcon_core.package_identification[0m [30mLevel 1[0m _identify(C:\Users\PLASMINFORGE\Documents\MATLAB_Thesis\geometry2-ros2\matlab_msg_gen\win64\src\ackermann_msgs\include) by extensions ['cmake', 'python']
[2.195s] [34mcolcon.colcon_core.package_identification[0m [30mLevel 1[0m _identify(C:\Users\PLASMINFORGE\Documents\MATLAB_Thesis\geometry2-ros2\matlab_msg_gen\win64\src\ackermann_msgs\include) by extension 'cmake'
[2.195s] [34mcolcon.colcon_core.package_identification[0m [30mLevel 1[0m _identify(C:\Users\PLASMINFORGE\Documents\MATLAB_Thesis\geometry2-ros2\matlab_msg_gen\win64\src\ackermann_msgs\include) by extension 'python'
[2.195s] [34mcolcon.colcon_core.package_identification[0m [30mLevel 1[0m _identify(C:\Users\PLASMINFORGE\Documents\MATLAB_Thesis\geometry2-ros2\matlab_msg_gen\win64\src\ackermann_msgs\include) by extensions ['python_setup_py']
[2.195s] [34mcolcon.colcon_core.package_identification[0m [30mLevel 1[0m _identify(C:\Users\PLASMINFORGE\Documents\MATLAB_Thesis\geometry2-ros2\matlab_msg_gen\win64\src\ackermann_msgs\include) by extension 'python_setup_py'
[2.196s] [34mcolcon.colcon_core.package_identification[0m [30mLevel 1[0m _identify(C:\Users\PLASMINFORGE\Documents\MATLAB_Thesis\geometry2-ros2\matlab_msg_gen\win64\src\ackermann_msgs\include\ackermann_msgs) by extensions ['ignore', 'ignore_ament_install']
[2.196s] [34mcolcon.colcon_core.package_identification[0m [30mLevel 1[0m _identify(C:\Users\PLASMINFORGE\Documents\MATLAB_Thesis\geometry2-ros2\matlab_msg_gen\win64\src\ackermann_msgs\include\ackermann_msgs) by extension 'ignore'
[2.196s] [34mcolcon.colcon_core.package_identification[0m [30mLevel 1[0m _identify(C:\Users\PLASMINFORGE\Documents\MATLAB_Thesis\geometry2-ros2\matlab_msg_gen\win64\src\ackermann_msgs\include\ackermann_msgs) by extension 'ignore_ament_install'
[2.196s] [34mcolcon.colcon_core.package_identification[0m [30mLevel 1[0m _identify(C:\Users\PLASMINFORGE\Documents\MATLAB_Thesis\geometry2-ros2\matlab_msg_gen\win64\src\ackermann_msgs\include\ackermann_msgs) by extensions ['colcon_pkg']
[2.196s] [34mcolcon.colcon_core.package_identification[0m [30mLevel 1[0m _identify(C:\Users\PLASMINFORGE\Documents\MATLAB_Thesis\geometry2-ros2\matlab_msg_gen\win64\src\ackermann_msgs\include\ackermann_msgs) by extension 'colcon_pkg'
[2.196s] [34mcolcon.colcon_core.package_identification[0m [30mLevel 1[0m _identify(C:\Users\PLASMINFORGE\Documents\MATLAB_Thesis\geometry2-ros2\matlab_msg_gen\win64\src\ackermann_msgs\include\ackermann_msgs) by extensions ['colcon_meta']
[2.196s] [34mcolcon.colcon_core.package_identification[0m [30mLevel 1[0m _identify(C:\Users\PLASMINFORGE\Documents\MATLAB_Thesis\geometry2-ros2\matlab_msg_gen\win64\src\ackermann_msgs\include\ackermann_msgs) by extension 'colcon_meta'
[2.197s] [34mcolcon.colcon_core.package_identification[0m [30mLevel 1[0m _identify(C:\Users\PLASMINFORGE\Documents\MATLAB_Thesis\geometry2-ros2\matlab_msg_gen\win64\src\ackermann_msgs\include\ackermann_msgs) by extensions ['ros']
[2.197s] [34mcolcon.colcon_core.package_identification[0m [30mLevel 1[0m _identify(C:\Users\PLASMINFORGE\Documents\MATLAB_Thesis\geometry2-ros2\matlab_msg_gen\win64\src\ackermann_msgs\include\ackermann_msgs) by extension 'ros'
[2.197s] [34mcolcon.colcon_core.package_identification[0m [30mLevel 1[0m _identify(C:\Users\PLASMINFORGE\Documents\MATLAB_Thesis\geometry2-ros2\matlab_msg_gen\win64\src\ackermann_msgs\include\ackermann_msgs) by extensions ['cmake', 'python']
[2.197s] [34mcolcon.colcon_core.package_identification[0m [30mLevel 1[0m _identify(C:\Users\PLASMINFORGE\Documents\MATLAB_Thesis\geometry2-ros2\matlab_msg_gen\win64\src\ackermann_msgs\include\ackermann_msgs) by extension 'cmake'
[2.197s] [34mcolcon.colcon_core.package_identification[0m [30mLevel 1[0m _identify(C:\Users\PLASMINFORGE\Documents\MATLAB_Thesis\geometry2-ros2\matlab_msg_gen\win64\src\ackermann_msgs\include\ackermann_msgs) by extension 'python'
[2.197s] [34mcolcon.colcon_core.package_identification[0m [30mLevel 1[0m _identify(C:\Users\PLASMINFORGE\Documents\MATLAB_Thesis\geometry2-ros2\matlab_msg_gen\win64\src\ackermann_msgs\include\ackermann_msgs) by extensions ['python_setup_py']
[2.197s] [34mcolcon.colcon_core.package_identification[0m [30mLevel 1[0m _identify(C:\Users\PLASMINFORGE\Documents\MATLAB_Thesis\geometry2-ros2\matlab_msg_gen\win64\src\ackermann_msgs\include\ackermann_msgs) by extension 'python_setup_py'
[2.198s] [34mcolcon.colcon_core.package_identification[0m [30mLevel 1[0m _identify(C:\Users\PLASMINFORGE\Documents\MATLAB_Thesis\geometry2-ros2\matlab_msg_gen\win64\src\ackermann_msgs\m) by extensions ['ignore', 'ignore_ament_install']
[2.198s] [34mcolcon.colcon_core.package_identification[0m [30mLevel 1[0m _identify(C:\Users\PLASMINFORGE\Documents\MATLAB_Thesis\geometry2-ros2\matlab_msg_gen\win64\src\ackermann_msgs\m) by extension 'ignore'
[2.198s] [34mcolcon.colcon_core.package_identification[0m [30mLevel 1[0m _identify(C:\Users\PLASMINFORGE\Documents\MATLAB_Thesis\geometry2-ros2\matlab_msg_gen\win64\src\ackermann_msgs\m) by extension 'ignore_ament_install'
[2.198s] [34mcolcon.colcon_core.package_identification[0m [30mLevel 1[0m _identify(C:\Users\PLASMINFORGE\Documents\MATLAB_Thesis\geometry2-ros2\matlab_msg_gen\win64\src\ackermann_msgs\m) by extensions ['colcon_pkg']
[2.198s] [34mcolcon.colcon_core.package_identification[0m [30mLevel 1[0m _identify(C:\Users\PLASMINFORGE\Documents\MATLAB_Thesis\geometry2-ros2\matlab_msg_gen\win64\src\ackermann_msgs\m) by extension 'colcon_pkg'
[2.198s] [34mcolcon.colcon_core.package_identification[0m [30mLevel 1[0m _identify(C:\Users\PLASMINFORGE\Documents\MATLAB_Thesis\geometry2-ros2\matlab_msg_gen\win64\src\ackermann_msgs\m) by extensions ['colcon_meta']
[2.198s] [34mcolcon.colcon_core.package_identification[0m [30mLevel 1[0m _identify(C:\Users\PLASMINFORGE\Documents\MATLAB_Thesis\geometry2-ros2\matlab_msg_gen\win64\src\ackermann_msgs\m) by extension 'colcon_meta'
[2.198s] [34mcolcon.colcon_core.package_identification[0m [30mLevel 1[0m _identify(C:\Users\PLASMINFORGE\Documents\MATLAB_Thesis\geometry2-ros2\matlab_msg_gen\win64\src\ackermann_msgs\m) by extensions ['ros']
[2.198s] [34mcolcon.colcon_core.package_identification[0m [30mLevel 1[0m _identify(C:\Users\PLASMINFORGE\Documents\MATLAB_Thesis\geometry2-ros2\matlab_msg_gen\win64\src\ackermann_msgs\m) by extension 'ros'
[2.199s] [34mcolcon.colcon_core.package_identification[0m [30mLevel 1[0m _identify(C:\Users\PLASMINFORGE\Documents\MATLAB_Thesis\geometry2-ros2\matlab_msg_gen\win64\src\ackermann_msgs\m) by extensions ['cmake', 'python']
[2.199s] [34mcolcon.colcon_core.package_identification[0m [30mLevel 1[0m _identify(C:\Users\PLASMINFORGE\Documents\MATLAB_Thesis\geometry2-ros2\matlab_msg_gen\win64\src\ackermann_msgs\m) by extension 'cmake'
[2.199s] [34mcolcon.colcon_core.package_identification[0m [30mLevel 1[0m _identify(C:\Users\PLASMINFORGE\Documents\MATLAB_Thesis\geometry2-ros2\matlab_msg_gen\win64\src\ackermann_msgs\m) by extension 'python'
[2.199s] [34mcolcon.colcon_core.package_identification[0m [30mLevel 1[0m _identify(C:\Users\PLASMINFORGE\Documents\MATLAB_Thesis\geometry2-ros2\matlab_msg_gen\win64\src\ackermann_msgs\m) by extensions ['python_setup_py']
[2.199s] [34mcolcon.colcon_core.package_identification[0m [30mLevel 1[0m _identify(C:\Users\PLASMINFORGE\Documents\MATLAB_Thesis\geometry2-ros2\matlab_msg_gen\win64\src\ackermann_msgs\m) by extension 'python_setup_py'
[2.199s] [34mcolcon.colcon_core.package_identification[0m [30mLevel 1[0m _identify(C:\Users\PLASMINFORGE\Documents\MATLAB_Thesis\geometry2-ros2\matlab_msg_gen\win64\src\ackermann_msgs\m\+ros) by extensions ['ignore', 'ignore_ament_install']
[2.200s] [34mcolcon.colcon_core.package_identification[0m [30mLevel 1[0m _identify(C:\Users\PLASMINFORGE\Documents\MATLAB_Thesis\geometry2-ros2\matlab_msg_gen\win64\src\ackermann_msgs\m\+ros) by extension 'ignore'
[2.200s] [34mcolcon.colcon_core.package_identification[0m [30mLevel 1[0m _identify(C:\Users\PLASMINFORGE\Documents\MATLAB_Thesis\geometry2-ros2\matlab_msg_gen\win64\src\ackermann_msgs\m\+ros) by extension 'ignore_ament_install'
[2.200s] [34mcolcon.colcon_core.package_identification[0m [30mLevel 1[0m _identify(C:\Users\PLASMINFORGE\Documents\MATLAB_Thesis\geometry2-ros2\matlab_msg_gen\win64\src\ackermann_msgs\m\+ros) by extensions ['colcon_pkg']
[2.200s] [34mcolcon.colcon_core.package_identification[0m [30mLevel 1[0m _identify(C:\Users\PLASMINFORGE\Documents\MATLAB_Thesis\geometry2-ros2\matlab_msg_gen\win64\src\ackermann_msgs\m\+ros) by extension 'colcon_pkg'
[2.200s] [34mcolcon.colcon_core.package_identification[0m [30mLevel 1[0m _identify(C:\Users\PLASMINFORGE\Documents\MATLAB_Thesis\geometry2-ros2\matlab_msg_gen\win64\src\ackermann_msgs\m\+ros) by extensions ['colcon_meta']
[2.200s] [34mcolcon.colcon_core.package_identification[0m [30mLevel 1[0m _identify(C:\Users\PLASMINFORGE\Documents\MATLAB_Thesis\geometry2-ros2\matlab_msg_gen\win64\src\ackermann_msgs\m\+ros) by extension 'colcon_meta'
[2.200s] [34mcolcon.colcon_core.package_identification[0m [30mLevel 1[0m _identify(C:\Users\PLASMINFORGE\Documents\MATLAB_Thesis\geometry2-ros2\matlab_msg_gen\win64\src\ackermann_msgs\m\+ros) by extensions ['ros']
[2.200s] [34mcolcon.colcon_core.package_identification[0m [30mLevel 1[0m _identify(C:\Users\PLASMINFORGE\Documents\MATLAB_Thesis\geometry2-ros2\matlab_msg_gen\win64\src\ackermann_msgs\m\+ros) by extension 'ros'
[2.201s] [34mcolcon.colcon_core.package_identification[0m [30mLevel 1[0m _identify(C:\Users\PLASMINFORGE\Documents\MATLAB_Thesis\geometry2-ros2\matlab_msg_gen\win64\src\ackermann_msgs\m\+ros) by extensions ['cmake', 'python']
[2.201s] [34mcolcon.colcon_core.package_identification[0m [30mLevel 1[0m _identify(C:\Users\PLASMINFORGE\Documents\MATLAB_Thesis\geometry2-ros2\matlab_msg_gen\win64\src\ackermann_msgs\m\+ros) by extension 'cmake'
[2.201s] [34mcolcon.colcon_core.package_identification[0m [30mLevel 1[0m _identify(C:\Users\PLASMINFORGE\Documents\MATLAB_Thesis\geometry2-ros2\matlab_msg_gen\win64\src\ackermann_msgs\m\+ros) by extension 'python'
[2.201s] [34mcolcon.colcon_core.package_identification[0m [30mLevel 1[0m _identify(C:\Users\PLASMINFORGE\Documents\MATLAB_Thesis\geometry2-ros2\matlab_msg_gen\win64\src\ackermann_msgs\m\+ros) by extensions ['python_setup_py']
[2.201s] [34mcolcon.colcon_core.package_identification[0m [30mLevel 1[0m _identify(C:\Users\PLASMINFORGE\Documents\MATLAB_Thesis\geometry2-ros2\matlab_msg_gen\win64\src\ackermann_msgs\m\+ros) by extension 'python_setup_py'
[2.201s] [34mcolcon.colcon_core.package_identification[0m [30mLevel 1[0m _identify(C:\Users\PLASMINFORGE\Documents\MATLAB_Thesis\geometry2-ros2\matlab_msg_gen\win64\src\ackermann_msgs\m\+ros\+internal) by extensions ['ignore', 'ignore_ament_install']
[2.201s] [34mcolcon.colcon_core.package_identification[0m [30mLevel 1[0m _identify(C:\Users\PLASMINFORGE\Documents\MATLAB_Thesis\geometry2-ros2\matlab_msg_gen\win64\src\ackermann_msgs\m\+ros\+internal) by extension 'ignore'
[2.202s] [34mcolcon.colcon_core.package_identification[0m [30mLevel 1[0m _identify(C:\Users\PLASMINFORGE\Documents\MATLAB_Thesis\geometry2-ros2\matlab_msg_gen\win64\src\ackermann_msgs\m\+ros\+internal) by extension 'ignore_ament_install'
[2.202s] [34mcolcon.colcon_core.package_identification[0m [30mLevel 1[0m _identify(C:\Users\PLASMINFORGE\Documents\MATLAB_Thesis\geometry2-ros2\matlab_msg_gen\win64\src\ackermann_msgs\m\+ros\+internal) by extensions ['colcon_pkg']
[2.202s] [34mcolcon.colcon_core.package_identification[0m [30mLevel 1[0m _identify(C:\Users\PLASMINFORGE\Documents\MATLAB_Thesis\geometry2-ros2\matlab_msg_gen\win64\src\ackermann_msgs\m\+ros\+internal) by extension 'colcon_pkg'
[2.202s] [34mcolcon.colcon_core.package_identification[0m [30mLevel 1[0m _identify(C:\Users\PLASMINFORGE\Documents\MATLAB_Thesis\geometry2-ros2\matlab_msg_gen\win64\src\ackermann_msgs\m\+ros\+internal) by extensions ['colcon_meta']
[2.202s] [34mcolcon.colcon_core.package_identification[0m [30mLevel 1[0m _identify(C:\Users\PLASMINFORGE\Documents\MATLAB_Thesis\geometry2-ros2\matlab_msg_gen\win64\src\ackermann_msgs\m\+ros\+internal) by extension 'colcon_meta'
[2.202s] [34mcolcon.colcon_core.package_identification[0m [30mLevel 1[0m _identify(C:\Users\PLASMINFORGE\Documents\MATLAB_Thesis\geometry2-ros2\matlab_msg_gen\win64\src\ackermann_msgs\m\+ros\+internal) by extensions ['ros']
[2.202s] [34mcolcon.colcon_core.package_identification[0m [30mLevel 1[0m _identify(C:\Users\PLASMINFORGE\Documents\MATLAB_Thesis\geometry2-ros2\matlab_msg_gen\win64\src\ackermann_msgs\m\+ros\+internal) by extension 'ros'
[2.203s] [34mcolcon.colcon_core.package_identification[0m [30mLevel 1[0m _identify(C:\Users\PLASMINFORGE\Documents\MATLAB_Thesis\geometry2-ros2\matlab_msg_gen\win64\src\ackermann_msgs\m\+ros\+internal) by extensions ['cmake', 'python']
[2.203s] [34mcolcon.colcon_core.package_identification[0m [30mLevel 1[0m _identify(C:\Users\PLASMINFORGE\Documents\MATLAB_Thesis\geometry2-ros2\matlab_msg_gen\win64\src\ackermann_msgs\m\+ros\+internal) by extension 'cmake'
[2.203s] [34mcolcon.colcon_core.package_identification[0m [30mLevel 1[0m _identify(C:\Users\PLASMINFORGE\Documents\MATLAB_Thesis\geometry2-ros2\matlab_msg_gen\win64\src\ackermann_msgs\m\+ros\+internal) by extension 'python'
[2.203s] [34mcolcon.colcon_core.package_identification[0m [30mLevel 1[0m _identify(C:\Users\PLASMINFORGE\Documents\MATLAB_Thesis\geometry2-ros2\matlab_msg_gen\win64\src\ackermann_msgs\m\+ros\+internal) by extensions ['python_setup_py']
[2.203s] [34mcolcon.colcon_core.package_identification[0m [30mLevel 1[0m _identify(C:\Users\PLASMINFORGE\Documents\MATLAB_Thesis\geometry2-ros2\matlab_msg_gen\win64\src\ackermann_msgs\m\+ros\+internal) by extension 'python_setup_py'
[2.203s] [34mcolcon.colcon_core.package_identification[0m [30mLevel 1[0m _identify(C:\Users\PLASMINFORGE\Documents\MATLAB_Thesis\geometry2-ros2\matlab_msg_gen\win64\src\ackermann_msgs\m\+ros\+internal\+ros2) by extensions ['ignore', 'ignore_ament_install']
[2.204s] [34mcolcon.colcon_core.package_identification[0m [30mLevel 1[0m _identify(C:\Users\PLASMINFORGE\Documents\MATLAB_Thesis\geometry2-ros2\matlab_msg_gen\win64\src\ackermann_msgs\m\+ros\+internal\+ros2) by extension 'ignore'
[2.204s] [34mcolcon.colcon_core.package_identification[0m [30mLevel 1[0m _identify(C:\Users\PLASMINFORGE\Documents\MATLAB_Thesis\geometry2-ros2\matlab_msg_gen\win64\src\ackermann_msgs\m\+ros\+internal\+ros2) by extension 'ignore_ament_install'
[2.204s] [34mcolcon.colcon_core.package_identification[0m [30mLevel 1[0m _identify(C:\Users\PLASMINFORGE\Documents\MATLAB_Thesis\geometry2-ros2\matlab_msg_gen\win64\src\ackermann_msgs\m\+ros\+internal\+ros2) by extensions ['colcon_pkg']
[2.204s] [34mcolcon.colcon_core.package_identification[0m [30mLevel 1[0m _identify(C:\Users\PLASMINFORGE\Documents\MATLAB_Thesis\geometry2-ros2\matlab_msg_gen\win64\src\ackermann_msgs\m\+ros\+internal\+ros2) by extension 'colcon_pkg'
[2.204s] [34mcolcon.colcon_core.package_identification[0m [30mLevel 1[0m _identify(C:\Users\PLASMINFORGE\Documents\MATLAB_Thesis\geometry2-ros2\matlab_msg_gen\win64\src\ackermann_msgs\m\+ros\+internal\+ros2) by extensions ['colcon_meta']
[2.204s] [34mcolcon.colcon_core.package_identification[0m [30mLevel 1[0m _identify(C:\Users\PLASMINFORGE\Documents\MATLAB_Thesis\geometry2-ros2\matlab_msg_gen\win64\src\ackermann_msgs\m\+ros\+internal\+ros2) by extension 'colcon_meta'
[2.204s] [34mcolcon.colcon_core.package_identification[0m [30mLevel 1[0m _identify(C:\Users\PLASMINFORGE\Documents\MATLAB_Thesis\geometry2-ros2\matlab_msg_gen\win64\src\ackermann_msgs\m\+ros\+internal\+ros2) by extensions ['ros']
[2.204s] [34mcolcon.colcon_core.package_identification[0m [30mLevel 1[0m _identify(C:\Users\PLASMINFORGE\Documents\MATLAB_Thesis\geometry2-ros2\matlab_msg_gen\win64\src\ackermann_msgs\m\+ros\+internal\+ros2) by extension 'ros'
[2.205s] [34mcolcon.colcon_core.package_identification[0m [30mLevel 1[0m _identify(C:\Users\PLASMINFORGE\Documents\MATLAB_Thesis\geometry2-ros2\matlab_msg_gen\win64\src\ackermann_msgs\m\+ros\+internal\+ros2) by extensions ['cmake', 'python']
[2.205s] [34mcolcon.colcon_core.package_identification[0m [30mLevel 1[0m _identify(C:\Users\PLASMINFORGE\Documents\MATLAB_Thesis\geometry2-ros2\matlab_msg_gen\win64\src\ackermann_msgs\m\+ros\+internal\+ros2) by extension 'cmake'
[2.205s] [34mcolcon.colcon_core.package_identification[0m [30mLevel 1[0m _identify(C:\Users\PLASMINFORGE\Documents\MATLAB_Thesis\geometry2-ros2\matlab_msg_gen\win64\src\ackermann_msgs\m\+ros\+internal\+ros2) by extension 'python'
[2.205s] [34mcolcon.colcon_core.package_identification[0m [30mLevel 1[0m _identify(C:\Users\PLASMINFORGE\Documents\MATLAB_Thesis\geometry2-ros2\matlab_msg_gen\win64\src\ackermann_msgs\m\+ros\+internal\+ros2) by extensions ['python_setup_py']
[2.205s] [34mcolcon.colcon_core.package_identification[0m [30mLevel 1[0m _identify(C:\Users\PLASMINFORGE\Documents\MATLAB_Thesis\geometry2-ros2\matlab_msg_gen\win64\src\ackermann_msgs\m\+ros\+internal\+ros2) by extension 'python_setup_py'
[2.205s] [34mcolcon.colcon_core.package_identification[0m [30mLevel 1[0m _identify(C:\Users\PLASMINFORGE\Documents\MATLAB_Thesis\geometry2-ros2\matlab_msg_gen\win64\src\ackermann_msgs\m\+ros\+internal\+ros2\+custommessages) by extensions ['ignore', 'ignore_ament_install']
[2.205s] [34mcolcon.colcon_core.package_identification[0m [30mLevel 1[0m _identify(C:\Users\PLASMINFORGE\Documents\MATLAB_Thesis\geometry2-ros2\matlab_msg_gen\win64\src\ackermann_msgs\m\+ros\+internal\+ros2\+custommessages) by extension 'ignore'
[2.206s] [34mcolcon.colcon_core.package_identification[0m [30mLevel 1[0m _identify(C:\Users\PLASMINFORGE\Documents\MATLAB_Thesis\geometry2-ros2\matlab_msg_gen\win64\src\ackermann_msgs\m\+ros\+internal\+ros2\+custommessages) by extension 'ignore_ament_install'
[2.206s] [34mcolcon.colcon_core.package_identification[0m [30mLevel 1[0m _identify(C:\Users\PLASMINFORGE\Documents\MATLAB_Thesis\geometry2-ros2\matlab_msg_gen\win64\src\ackermann_msgs\m\+ros\+internal\+ros2\+custommessages) by extensions ['colcon_pkg']
[2.206s] [34mcolcon.colcon_core.package_identification[0m [30mLevel 1[0m _identify(C:\Users\PLASMINFORGE\Documents\MATLAB_Thesis\geometry2-ros2\matlab_msg_gen\win64\src\ackermann_msgs\m\+ros\+internal\+ros2\+custommessages) by extension 'colcon_pkg'
[2.206s] [34mcolcon.colcon_core.package_identification[0m [30mLevel 1[0m _identify(C:\Users\PLASMINFORGE\Documents\MATLAB_Thesis\geometry2-ros2\matlab_msg_gen\win64\src\ackermann_msgs\m\+ros\+internal\+ros2\+custommessages) by extensions ['colcon_meta']
[2.206s] [34mcolcon.colcon_core.package_identification[0m [30mLevel 1[0m _identify(C:\Users\PLASMINFORGE\Documents\MATLAB_Thesis\geometry2-ros2\matlab_msg_gen\win64\src\ackermann_msgs\m\+ros\+internal\+ros2\+custommessages) by extension 'colcon_meta'
[2.206s] [34mcolcon.colcon_core.package_identification[0m [30mLevel 1[0m _identify(C:\Users\PLASMINFORGE\Documents\MATLAB_Thesis\geometry2-ros2\matlab_msg_gen\win64\src\ackermann_msgs\m\+ros\+internal\+ros2\+custommessages) by extensions ['ros']
[2.207s] [34mcolcon.colcon_core.package_identification[0m [30mLevel 1[0m _identify(C:\Users\PLASMINFORGE\Documents\MATLAB_Thesis\geometry2-ros2\matlab_msg_gen\win64\src\ackermann_msgs\m\+ros\+internal\+ros2\+custommessages) by extension 'ros'
[2.207s] [34mcolcon.colcon_core.package_identification[0m [30mLevel 1[0m _identify(C:\Users\PLASMINFORGE\Documents\MATLAB_Thesis\geometry2-ros2\matlab_msg_gen\win64\src\ackermann_msgs\m\+ros\+internal\+ros2\+custommessages) by extensions ['cmake', 'python']
[2.207s] [34mcolcon.colcon_core.package_identification[0m [30mLevel 1[0m _identify(C:\Users\PLASMINFORGE\Documents\MATLAB_Thesis\geometry2-ros2\matlab_msg_gen\win64\src\ackermann_msgs\m\+ros\+internal\+ros2\+custommessages) by extension 'cmake'
[2.207s] [34mcolcon.colcon_core.package_identification[0m [30mLevel 1[0m _identify(C:\Users\PLASMINFORGE\Documents\MATLAB_Thesis\geometry2-ros2\matlab_msg_gen\win64\src\ackermann_msgs\m\+ros\+internal\+ros2\+custommessages) by extension 'python'
[2.207s] [34mcolcon.colcon_core.package_identification[0m [30mLevel 1[0m _identify(C:\Users\PLASMINFORGE\Documents\MATLAB_Thesis\geometry2-ros2\matlab_msg_gen\win64\src\ackermann_msgs\m\+ros\+internal\+ros2\+custommessages) by extensions ['python_setup_py']
[2.207s] [34mcolcon.colcon_core.package_identification[0m [30mLevel 1[0m _identify(C:\Users\PLASMINFORGE\Documents\MATLAB_Thesis\geometry2-ros2\matlab_msg_gen\win64\src\ackermann_msgs\m\+ros\+internal\+ros2\+custommessages) by extension 'python_setup_py'
[2.208s] [34mcolcon.colcon_core.package_identification[0m [30mLevel 1[0m _identify(C:\Users\PLASMINFORGE\Documents\MATLAB_Thesis\geometry2-ros2\matlab_msg_gen\win64\src\ackermann_msgs\m\+ros\+internal\+ros2\+custommessages\+ackermann_msgs) by extensions ['ignore', 'ignore_ament_install']
[2.208s] [34mcolcon.colcon_core.package_identification[0m [30mLevel 1[0m _identify(C:\Users\PLASMINFORGE\Documents\MATLAB_Thesis\geometry2-ros2\matlab_msg_gen\win64\src\ackermann_msgs\m\+ros\+internal\+ros2\+custommessages\+ackermann_msgs) by extension 'ignore'
[2.208s] [34mcolcon.colcon_core.package_identification[0m [30mLevel 1[0m _identify(C:\Users\PLASMINFORGE\Documents\MATLAB_Thesis\geometry2-ros2\matlab_msg_gen\win64\src\ackermann_msgs\m\+ros\+internal\+ros2\+custommessages\+ackermann_msgs) by extension 'ignore_ament_install'
[2.208s] [34mcolcon.colcon_core.package_identification[0m [30mLevel 1[0m _identify(C:\Users\PLASMINFORGE\Documents\MATLAB_Thesis\geometry2-ros2\matlab_msg_gen\win64\src\ackermann_msgs\m\+ros\+internal\+ros2\+custommessages\+ackermann_msgs) by extensions ['colcon_pkg']
[2.208s] [34mcolcon.colcon_core.package_identification[0m [30mLevel 1[0m _identify(C:\Users\PLASMINFORGE\Documents\MATLAB_Thesis\geometry2-ros2\matlab_msg_gen\win64\src\ackermann_msgs\m\+ros\+internal\+ros2\+custommessages\+ackermann_msgs) by extension 'colcon_pkg'
[2.208s] [34mcolcon.colcon_core.package_identification[0m [30mLevel 1[0m _identify(C:\Users\PLASMINFORGE\Documents\MATLAB_Thesis\geometry2-ros2\matlab_msg_gen\win64\src\ackermann_msgs\m\+ros\+internal\+ros2\+custommessages\+ackermann_msgs) by extensions ['colcon_meta']
[2.208s] [34mcolcon.colcon_core.package_identification[0m [30mLevel 1[0m _identify(C:\Users\PLASMINFORGE\Documents\MATLAB_Thesis\geometry2-ros2\matlab_msg_gen\win64\src\ackermann_msgs\m\+ros\+internal\+ros2\+custommessages\+ackermann_msgs) by extension 'colcon_meta'
[2.208s] [34mcolcon.colcon_core.package_identification[0m [30mLevel 1[0m _identify(C:\Users\PLASMINFORGE\Documents\MATLAB_Thesis\geometry2-ros2\matlab_msg_gen\win64\src\ackermann_msgs\m\+ros\+internal\+ros2\+custommessages\+ackermann_msgs) by extensions ['ros']
[2.209s] [34mcolcon.colcon_core.package_identification[0m [30mLevel 1[0m _identify(C:\Users\PLASMINFORGE\Documents\MATLAB_Thesis\geometry2-ros2\matlab_msg_gen\win64\src\ackermann_msgs\m\+ros\+internal\+ros2\+custommessages\+ackermann_msgs) by extension 'ros'
[2.209s] [34mcolcon.colcon_core.package_identification[0m [30mLevel 1[0m _identify(C:\Users\PLASMINFORGE\Documents\MATLAB_Thesis\geometry2-ros2\matlab_msg_gen\win64\src\ackermann_msgs\m\+ros\+internal\+ros2\+custommessages\+ackermann_msgs) by extensions ['cmake', 'python']
[2.209s] [34mcolcon.colcon_core.package_identification[0m [30mLevel 1[0m _identify(C:\Users\PLASMINFORGE\Documents\MATLAB_Thesis\geometry2-ros2\matlab_msg_gen\win64\src\ackermann_msgs\m\+ros\+internal\+ros2\+custommessages\+ackermann_msgs) by extension 'cmake'
[2.209s] [34mcolcon.colcon_core.package_identification[0m [30mLevel 1[0m _identify(C:\Users\PLASMINFORGE\Documents\MATLAB_Thesis\geometry2-ros2\matlab_msg_gen\win64\src\ackermann_msgs\m\+ros\+internal\+ros2\+custommessages\+ackermann_msgs) by extension 'python'
[2.209s] [34mcolcon.colcon_core.package_identification[0m [30mLevel 1[0m _identify(C:\Users\PLASMINFORGE\Documents\MATLAB_Thesis\geometry2-ros2\matlab_msg_gen\win64\src\ackermann_msgs\m\+ros\+internal\+ros2\+custommessages\+ackermann_msgs) by extensions ['python_setup_py']
[2.209s] [34mcolcon.colcon_core.package_identification[0m [30mLevel 1[0m _identify(C:\Users\PLASMINFORGE\Documents\MATLAB_Thesis\geometry2-ros2\matlab_msg_gen\win64\src\ackermann_msgs\m\+ros\+internal\+ros2\+custommessages\+ackermann_msgs) by extension 'python_setup_py'
[2.209s] [34mcolcon.colcon_core.package_identification[0m [30mLevel 1[0m _identify(C:\Users\PLASMINFORGE\Documents\MATLAB_Thesis\geometry2-ros2\matlab_msg_gen\win64\src\ackermann_msgs\msg) by extensions ['ignore', 'ignore_ament_install']
[2.210s] [34mcolcon.colcon_core.package_identification[0m [30mLevel 1[0m _identify(C:\Users\PLASMINFORGE\Documents\MATLAB_Thesis\geometry2-ros2\matlab_msg_gen\win64\src\ackermann_msgs\msg) by extension 'ignore'
[2.210s] [34mcolcon.colcon_core.package_identification[0m [30mLevel 1[0m _identify(C:\Users\PLASMINFORGE\Documents\MATLAB_Thesis\geometry2-ros2\matlab_msg_gen\win64\src\ackermann_msgs\msg) by extension 'ignore_ament_install'
[2.210s] [34mcolcon.colcon_core.package_identification[0m [30mLevel 1[0m _identify(C:\Users\PLASMINFORGE\Documents\MATLAB_Thesis\geometry2-ros2\matlab_msg_gen\win64\src\ackermann_msgs\msg) by extensions ['colcon_pkg']
[2.210s] [34mcolcon.colcon_core.package_identification[0m [30mLevel 1[0m _identify(C:\Users\PLASMINFORGE\Documents\MATLAB_Thesis\geometry2-ros2\matlab_msg_gen\win64\src\ackermann_msgs\msg) by extension 'colcon_pkg'
[2.210s] [34mcolcon.colcon_core.package_identification[0m [30mLevel 1[0m _identify(C:\Users\PLASMINFORGE\Documents\MATLAB_Thesis\geometry2-ros2\matlab_msg_gen\win64\src\ackermann_msgs\msg) by extensions ['colcon_meta']
[2.210s] [34mcolcon.colcon_core.package_identification[0m [30mLevel 1[0m _identify(C:\Users\PLASMINFORGE\Documents\MATLAB_Thesis\geometry2-ros2\matlab_msg_gen\win64\src\ackermann_msgs\msg) by extension 'colcon_meta'
[2.210s] [34mcolcon.colcon_core.package_identification[0m [30mLevel 1[0m _identify(C:\Users\PLASMINFORGE\Documents\MATLAB_Thesis\geometry2-ros2\matlab_msg_gen\win64\src\ackermann_msgs\msg) by extensions ['ros']
[2.210s] [34mcolcon.colcon_core.package_identification[0m [30mLevel 1[0m _identify(C:\Users\PLASMINFORGE\Documents\MATLAB_Thesis\geometry2-ros2\matlab_msg_gen\win64\src\ackermann_msgs\msg) by extension 'ros'
[2.211s] [34mcolcon.colcon_core.package_identification[0m [30mLevel 1[0m _identify(C:\Users\PLASMINFORGE\Documents\MATLAB_Thesis\geometry2-ros2\matlab_msg_gen\win64\src\ackermann_msgs\msg) by extensions ['cmake', 'python']
[2.211s] [34mcolcon.colcon_core.package_identification[0m [30mLevel 1[0m _identify(C:\Users\PLASMINFORGE\Documents\MATLAB_Thesis\geometry2-ros2\matlab_msg_gen\win64\src\ackermann_msgs\msg) by extension 'cmake'
[2.211s] [34mcolcon.colcon_core.package_identification[0m [30mLevel 1[0m _identify(C:\Users\PLASMINFORGE\Documents\MATLAB_Thesis\geometry2-ros2\matlab_msg_gen\win64\src\ackermann_msgs\msg) by extension 'python'
[2.211s] [34mcolcon.colcon_core.package_identification[0m [30mLevel 1[0m _identify(C:\Users\PLASMINFORGE\Documents\MATLAB_Thesis\geometry2-ros2\matlab_msg_gen\win64\src\ackermann_msgs\msg) by extensions ['python_setup_py']
[2.211s] [34mcolcon.colcon_core.package_identification[0m [30mLevel 1[0m _identify(C:\Users\PLASMINFORGE\Documents\MATLAB_Thesis\geometry2-ros2\matlab_msg_gen\win64\src\ackermann_msgs\msg) by extension 'python_setup_py'
[2.211s] [34mcolcon.colcon_core.package_identification[0m [30mLevel 1[0m _identify(C:\Users\PLASMINFORGE\Documents\MATLAB_Thesis\geometry2-ros2\matlab_msg_gen\win64\src\ackermann_msgs\src) by extensions ['ignore', 'ignore_ament_install']
[2.212s] [34mcolcon.colcon_core.package_identification[0m [30mLevel 1[0m _identify(C:\Users\PLASMINFORGE\Documents\MATLAB_Thesis\geometry2-ros2\matlab_msg_gen\win64\src\ackermann_msgs\src) by extension 'ignore'
[2.212s] [34mcolcon.colcon_core.package_identification[0m [30mLevel 1[0m _identify(C:\Users\PLASMINFORGE\Documents\MATLAB_Thesis\geometry2-ros2\matlab_msg_gen\win64\src\ackermann_msgs\src) by extension 'ignore_ament_install'
[2.212s] [34mcolcon.colcon_core.package_identification[0m [30mLevel 1[0m _identify(C:\Users\PLASMINFORGE\Documents\MATLAB_Thesis\geometry2-ros2\matlab_msg_gen\win64\src\ackermann_msgs\src) by extensions ['colcon_pkg']
[2.212s] [34mcolcon.colcon_core.package_identification[0m [30mLevel 1[0m _identify(C:\Users\PLASMINFORGE\Documents\MATLAB_Thesis\geometry2-ros2\matlab_msg_gen\win64\src\ackermann_msgs\src) by extension 'colcon_pkg'
[2.212s] [34mcolcon.colcon_core.package_identification[0m [30mLevel 1[0m _identify(C:\Users\PLASMINFORGE\Documents\MATLAB_Thesis\geometry2-ros2\matlab_msg_gen\win64\src\ackermann_msgs\src) by extensions ['colcon_meta']
[2.212s] [34mcolcon.colcon_core.package_identification[0m [30mLevel 1[0m _identify(C:\Users\PLASMINFORGE\Documents\MATLAB_Thesis\geometry2-ros2\matlab_msg_gen\win64\src\ackermann_msgs\src) by extension 'colcon_meta'
[2.212s] [34mcolcon.colcon_core.package_identification[0m [30mLevel 1[0m _identify(C:\Users\PLASMINFORGE\Documents\MATLAB_Thesis\geometry2-ros2\matlab_msg_gen\win64\src\ackermann_msgs\src) by extensions ['ros']
[2.212s] [34mcolcon.colcon_core.package_identification[0m [30mLevel 1[0m _identify(C:\Users\PLASMINFORGE\Documents\MATLAB_Thesis\geometry2-ros2\matlab_msg_gen\win64\src\ackermann_msgs\src) by extension 'ros'
[2.213s] [34mcolcon.colcon_core.package_identification[0m [30mLevel 1[0m _identify(C:\Users\PLASMINFORGE\Documents\MATLAB_Thesis\geometry2-ros2\matlab_msg_gen\win64\src\ackermann_msgs\src) by extensions ['cmake', 'python']
[2.213s] [34mcolcon.colcon_core.package_identification[0m [30mLevel 1[0m _identify(C:\Users\PLASMINFORGE\Documents\MATLAB_Thesis\geometry2-ros2\matlab_msg_gen\win64\src\ackermann_msgs\src) by extension 'cmake'
[2.213s] [34mcolcon.colcon_core.package_identification[0m [30mLevel 1[0m _identify(C:\Users\PLASMINFORGE\Documents\MATLAB_Thesis\geometry2-ros2\matlab_msg_gen\win64\src\ackermann_msgs\src) by extension 'python'
[2.213s] [34mcolcon.colcon_core.package_identification[0m [30mLevel 1[0m _identify(C:\Users\PLASMINFORGE\Documents\MATLAB_Thesis\geometry2-ros2\matlab_msg_gen\win64\src\ackermann_msgs\src) by extensions ['python_setup_py']
[2.213s] [34mcolcon.colcon_core.package_identification[0m [30mLevel 1[0m _identify(C:\Users\PLASMINFORGE\Documents\MATLAB_Thesis\geometry2-ros2\matlab_msg_gen\win64\src\ackermann_msgs\src) by extension 'python_setup_py'
[2.213s] [34mcolcon.colcon_core.package_identification[0m [30mLevel 1[0m _identify(C:\Users\PLASMINFORGE\Documents\MATLAB_Thesis\geometry2-ros2\matlab_msg_gen\win64\src\ackermann_msgs\srv) by extensions ['ignore', 'ignore_ament_install']
[2.214s] [34mcolcon.colcon_core.package_identification[0m [30mLevel 1[0m _identify(C:\Users\PLASMINFORGE\Documents\MATLAB_Thesis\geometry2-ros2\matlab_msg_gen\win64\src\ackermann_msgs\srv) by extension 'ignore'
[2.214s] [34mcolcon.colcon_core.package_identification[0m [30mLevel 1[0m _identify(C:\Users\PLASMINFORGE\Documents\MATLAB_Thesis\geometry2-ros2\matlab_msg_gen\win64\src\ackermann_msgs\srv) by extension 'ignore_ament_install'
[2.214s] [34mcolcon.colcon_core.package_identification[0m [30mLevel 1[0m _identify(C:\Users\PLASMINFORGE\Documents\MATLAB_Thesis\geometry2-ros2\matlab_msg_gen\win64\src\ackermann_msgs\srv) by extensions ['colcon_pkg']
[2.214s] [34mcolcon.colcon_core.package_identification[0m [30mLevel 1[0m _identify(C:\Users\PLASMINFORGE\Documents\MATLAB_Thesis\geometry2-ros2\matlab_msg_gen\win64\src\ackermann_msgs\srv) by extension 'colcon_pkg'
[2.214s] [34mcolcon.colcon_core.package_identification[0m [30mLevel 1[0m _identify(C:\Users\PLASMINFORGE\Documents\MATLAB_Thesis\geometry2-ros2\matlab_msg_gen\win64\src\ackermann_msgs\srv) by extensions ['colcon_meta']
[2.214s] [34mcolcon.colcon_core.package_identification[0m [30mLevel 1[0m _identify(C:\Users\PLASMINFORGE\Documents\MATLAB_Thesis\geometry2-ros2\matlab_msg_gen\win64\src\ackermann_msgs\srv) by extension 'colcon_meta'
[2.214s] [34mcolcon.colcon_core.package_identification[0m [30mLevel 1[0m _identify(C:\Users\PLASMINFORGE\Documents\MATLAB_Thesis\geometry2-ros2\matlab_msg_gen\win64\src\ackermann_msgs\srv) by extensions ['ros']
[2.214s] [34mcolcon.colcon_core.package_identification[0m [30mLevel 1[0m _identify(C:\Users\PLASMINFORGE\Documents\MATLAB_Thesis\geometry2-ros2\matlab_msg_gen\win64\src\ackermann_msgs\srv) by extension 'ros'
[2.214s] [34mcolcon.colcon_core.package_identification[0m [30mLevel 1[0m _identify(C:\Users\PLASMINFORGE\Documents\MATLAB_Thesis\geometry2-ros2\matlab_msg_gen\win64\src\ackermann_msgs\srv) by extensions ['cmake', 'python']
[2.215s] [34mcolcon.colcon_core.package_identification[0m [30mLevel 1[0m _identify(C:\Users\PLASMINFORGE\Documents\MATLAB_Thesis\geometry2-ros2\matlab_msg_gen\win64\src\ackermann_msgs\srv) by extension 'cmake'
[2.215s] [34mcolcon.colcon_core.package_identification[0m [30mLevel 1[0m _identify(C:\Users\PLASMINFORGE\Documents\MATLAB_Thesis\geometry2-ros2\matlab_msg_gen\win64\src\ackermann_msgs\srv) by extension 'python'
[2.215s] [34mcolcon.colcon_core.package_identification[0m [30mLevel 1[0m _identify(C:\Users\PLASMINFORGE\Documents\MATLAB_Thesis\geometry2-ros2\matlab_msg_gen\win64\src\ackermann_msgs\srv) by extensions ['python_setup_py']
[2.215s] [34mcolcon.colcon_core.package_identification[0m [30mLevel 1[0m _identify(C:\Users\PLASMINFORGE\Documents\MATLAB_Thesis\geometry2-ros2\matlab_msg_gen\win64\src\ackermann_msgs\srv) by extension 'python_setup_py'
[2.215s] [34mcolcon.colcon_core.package_identification[0m [30mLevel 1[0m _identify(C:\Users\PLASMINFORGE\Documents\MATLAB_Thesis\geometry2-ros2\matlab_msg_gen\win64\src\driverless_msgs) by extensions ['ignore', 'ignore_ament_install']
[2.215s] [34mcolcon.colcon_core.package_identification[0m [30mLevel 1[0m _identify(C:\Users\PLASMINFORGE\Documents\MATLAB_Thesis\geometry2-ros2\matlab_msg_gen\win64\src\driverless_msgs) by extension 'ignore'
[2.215s] [34mcolcon.colcon_core.package_identification[0m [30mLevel 1[0m _identify(C:\Users\PLASMINFORGE\Documents\MATLAB_Thesis\geometry2-ros2\matlab_msg_gen\win64\src\driverless_msgs) by extension 'ignore_ament_install'
[2.216s] [34mcolcon.colcon_core.package_identification[0m [30mLevel 1[0m _identify(C:\Users\PLASMINFORGE\Documents\MATLAB_Thesis\geometry2-ros2\matlab_msg_gen\win64\src\driverless_msgs) by extensions ['colcon_pkg']
[2.216s] [34mcolcon.colcon_core.package_identification[0m [30mLevel 1[0m _identify(C:\Users\PLASMINFORGE\Documents\MATLAB_Thesis\geometry2-ros2\matlab_msg_gen\win64\src\driverless_msgs) by extension 'colcon_pkg'
[2.216s] [34mcolcon.colcon_core.package_identification[0m [30mLevel 1[0m _identify(C:\Users\PLASMINFORGE\Documents\MATLAB_Thesis\geometry2-ros2\matlab_msg_gen\win64\src\driverless_msgs) by extensions ['colcon_meta']
[2.216s] [34mcolcon.colcon_core.package_identification[0m [30mLevel 1[0m _identify(C:\Users\PLASMINFORGE\Documents\MATLAB_Thesis\geometry2-ros2\matlab_msg_gen\win64\src\driverless_msgs) by extension 'colcon_meta'
[2.216s] [34mcolcon.colcon_core.package_identification[0m [30mLevel 1[0m _identify(C:\Users\PLASMINFORGE\Documents\MATLAB_Thesis\geometry2-ros2\matlab_msg_gen\win64\src\driverless_msgs) by extensions ['ros']
[2.216s] [34mcolcon.colcon_core.package_identification[0m [30mLevel 1[0m _identify(C:\Users\PLASMINFORGE\Documents\MATLAB_Thesis\geometry2-ros2\matlab_msg_gen\win64\src\driverless_msgs) by extension 'ros'
[2.224s] [34mcolcon.colcon_core.package_identification[0m [30mDEBUG[0m [32mPackage 'C:\Users\PLASMINFORGE\Documents\MATLAB_Thesis\geometry2-ros2\matlab_msg_gen\win64\src\driverless_msgs' with type 'ros.ament_cmake' and name 'driverless_msgs'[0m
[2.224s] [34mcolcon.colcon_core.package_identification[0m [30mLevel 1[0m _identify(C:\Users\PLASMINFORGE\Documents\MATLAB_Thesis\geometry2-ros2\matlab_msg_gen\win64\src\tf2_msgs) by extensions ['ignore', 'ignore_ament_install']
[2.224s] [34mcolcon.colcon_core.package_identification[0m [30mLevel 1[0m _identify(C:\Users\PLASMINFORGE\Documents\MATLAB_Thesis\geometry2-ros2\matlab_msg_gen\win64\src\tf2_msgs) by extension 'ignore'
[2.224s] [34mcolcon.colcon_core.package_identification[0m [30mLevel 1[0m _identify(C:\Users\PLASMINFORGE\Documents\MATLAB_Thesis\geometry2-ros2\matlab_msg_gen\win64\src\tf2_msgs) by extension 'ignore_ament_install'
[2.225s] [34mcolcon.colcon_core.package_identification[0m [30mLevel 1[0m _identify(C:\Users\PLASMINFORGE\Documents\MATLAB_Thesis\geometry2-ros2\matlab_msg_gen\win64\src\tf2_msgs) by extensions ['colcon_pkg']
[2.225s] [34mcolcon.colcon_core.package_identification[0m [30mLevel 1[0m _identify(C:\Users\PLASMINFORGE\Documents\MATLAB_Thesis\geometry2-ros2\matlab_msg_gen\win64\src\tf2_msgs) by extension 'colcon_pkg'
[2.225s] [34mcolcon.colcon_core.package_identification[0m [30mLevel 1[0m _identify(C:\Users\PLASMINFORGE\Documents\MATLAB_Thesis\geometry2-ros2\matlab_msg_gen\win64\src\tf2_msgs) by extensions ['colcon_meta']
[2.225s] [34mcolcon.colcon_core.package_identification[0m [30mLevel 1[0m _identify(C:\Users\PLASMINFORGE\Documents\MATLAB_Thesis\geometry2-ros2\matlab_msg_gen\win64\src\tf2_msgs) by extension 'colcon_meta'
[2.225s] [34mcolcon.colcon_core.package_identification[0m [30mLevel 1[0m _identify(C:\Users\PLASMINFORGE\Documents\MATLAB_Thesis\geometry2-ros2\matlab_msg_gen\win64\src\tf2_msgs) by extensions ['ros']
[2.225s] [34mcolcon.colcon_core.package_identification[0m [30mLevel 1[0m _identify(C:\Users\PLASMINFORGE\Documents\MATLAB_Thesis\geometry2-ros2\matlab_msg_gen\win64\src\tf2_msgs) by extension 'ros'
[2.226s] [34mcolcon.colcon_core.package_identification[0m [30mDEBUG[0m [32mPackage 'C:\Users\PLASMINFORGE\Documents\MATLAB_Thesis\geometry2-ros2\matlab_msg_gen\win64\src\tf2_msgs' with type 'ros.ament_cmake' and name 'tf2_msgs'[0m
[2.226s] [34mcolcon.colcon_core.package_discovery[0m [30mLevel 1[0m discover_packages(recursive) using defaults
[2.251s] [34mcolcon.colcon_core.verb[0m [30mLevel 5[0m set package 'driverless_msgs' build argument 'cmake_args' from command line to '['-DCMAKE_BUILD_TYPE=Release', '-DBUILD_TESTING=OFF', '-DCMAKE_CXX_COMPILER=cl.exe', '-DCMAKE_C_COMPILER=cl.exe', '-DCMAKE_LINKER=link.exe', '-DMSVC_TOOLSET_VERSION=141', '-DCMAKE_CXX_FLAGS_RELEASE=/MD /Od /Ob2 /DNDEBUG']'
[2.251s] [34mcolcon.colcon_core.verb[0m [30mLevel 5[0m set package 'driverless_msgs' build argument 'cmake_target' from command line to 'None'
[2.251s] [34mcolcon.colcon_core.verb[0m [30mLevel 5[0m set package 'driverless_msgs' build argument 'cmake_target_skip_unavailable' from command line to 'False'
[2.251s] [34mcolcon.colcon_core.verb[0m [30mLevel 5[0m set package 'driverless_msgs' build argument 'cmake_clean_cache' from command line to 'False'
[2.251s] [34mcolcon.colcon_core.verb[0m [30mLevel 5[0m set package 'driverless_msgs' build argument 'cmake_clean_first' from command line to 'False'
[2.251s] [34mcolcon.colcon_core.verb[0m [30mLevel 5[0m set package 'driverless_msgs' build argument 'cmake_force_configure' from command line to 'False'
[2.251s] [34mcolcon.colcon_core.verb[0m [30mLevel 5[0m set package 'driverless_msgs' build argument 'ament_cmake_args' from command line to 'None'
[2.251s] [34mcolcon.colcon_core.verb[0m [30mLevel 5[0m set package 'driverless_msgs' build argument 'catkin_cmake_args' from command line to 'None'
[2.251s] [34mcolcon.colcon_core.verb[0m [30mLevel 5[0m set package 'driverless_msgs' build argument 'catkin_skip_building_tests' from command line to 'False'
[2.251s] [34mcolcon.colcon_core.verb[0m [30mDEBUG[0m [32mBuilding package 'driverless_msgs' with the following arguments: {'ament_cmake_args': None, 'build_base': 'C:\\Users\\PLASMINFORGE\\Documents\\MATLAB_Thesis\\geometry2-ros2\\matlab_msg_gen\\win64\\build\\driverless_msgs', 'catkin_cmake_args': None, 'catkin_skip_building_tests': False, 'cmake_args': ['-DCMAKE_BUILD_TYPE=Release', '-DBUILD_TESTING=OFF', '-DCMAKE_CXX_COMPILER=cl.exe', '-DCMAKE_C_COMPILER=cl.exe', '-DCMAKE_LINKER=link.exe', '-DMSVC_TOOLSET_VERSION=141', '-DCMAKE_CXX_FLAGS_RELEASE=/MD /Od /Ob2 /DNDEBUG'], 'cmake_clean_cache': False, 'cmake_clean_first': False, 'cmake_force_configure': False, 'cmake_target': None, 'cmake_target_skip_unavailable': False, 'install_base': 'C:\\Users\\PLASMINFORGE\\Documents\\MATLAB_Thesis\\geometry2-ros2\\matlab_msg_gen\\win64\\install', 'merge_install': True, 'path': 'C:\\Users\\PLASMINFORGE\\Documents\\MATLAB_Thesis\\geometry2-ros2\\matlab_msg_gen\\win64\\src\\driverless_msgs', 'symlink_install': False, 'test_result_base': None}[0m
[2.261s] [34mcolcon.colcon_core.verb[0m [30mLevel 5[0m set package 'tf2_msgs' build argument 'cmake_args' from command line to '['-DCMAKE_BUILD_TYPE=Release', '-DBUILD_TESTING=OFF', '-DCMAKE_CXX_COMPILER=cl.exe', '-DCMAKE_C_COMPILER=cl.exe', '-DCMAKE_LINKER=link.exe', '-DMSVC_TOOLSET_VERSION=141', '-DCMAKE_CXX_FLAGS_RELEASE=/MD /Od /Ob2 /DNDEBUG']'
[2.261s] [34mcolcon.colcon_core.verb[0m [30mLevel 5[0m set package 'tf2_msgs' build argument 'cmake_target' from command line to 'None'
[2.261s] [34mcolcon.colcon_core.verb[0m [30mLevel 5[0m set package 'tf2_msgs' build argument 'cmake_target_skip_unavailable' from command line to 'False'
[2.261s] [34mcolcon.colcon_core.verb[0m [30mLevel 5[0m set package 'tf2_msgs' build argument 'cmake_clean_cache' from command line to 'False'
[2.261s] [34mcolcon.colcon_core.verb[0m [30mLevel 5[0m set package 'tf2_msgs' build argument 'cmake_clean_first' from command line to 'False'
[2.261s] [34mcolcon.colcon_core.verb[0m [30mLevel 5[0m set package 'tf2_msgs' build argument 'cmake_force_configure' from command line to 'False'
[2.261s] [34mcolcon.colcon_core.verb[0m [30mLevel 5[0m set package 'tf2_msgs' build argument 'ament_cmake_args' from command line to 'None'
[2.261s] [34mcolcon.colcon_core.verb[0m [30mLevel 5[0m set package 'tf2_msgs' build argument 'catkin_cmake_args' from command line to 'None'
[2.261s] [34mcolcon.colcon_core.verb[0m [30mLevel 5[0m set package 'tf2_msgs' build argument 'catkin_skip_building_tests' from command line to 'False'
[2.261s] [34mcolcon.colcon_core.verb[0m [30mDEBUG[0m [32mBuilding package 'tf2_msgs' with the following arguments: {'ament_cmake_args': None, 'build_base': 'C:\\Users\\PLASMINFORGE\\Documents\\MATLAB_Thesis\\geometry2-ros2\\matlab_msg_gen\\win64\\build\\tf2_msgs', 'catkin_cmake_args': None, 'catkin_skip_building_tests': False, 'cmake_args': ['-DCMAKE_BUILD_TYPE=Release', '-DBUILD_TESTING=OFF', '-DCMAKE_CXX_COMPILER=cl.exe', '-DCMAKE_C_COMPILER=cl.exe', '-DCMAKE_LINKER=link.exe', '-DMSVC_TOOLSET_VERSION=141', '-DCMAKE_CXX_FLAGS_RELEASE=/MD /Od /Ob2 /DNDEBUG'], 'cmake_clean_cache': False, 'cmake_clean_first': False, 'cmake_force_configure': False, 'cmake_target': None, 'cmake_target_skip_unavailable': False, 'install_base': 'C:\\Users\\PLASMINFORGE\\Documents\\MATLAB_Thesis\\geometry2-ros2\\matlab_msg_gen\\win64\\install', 'merge_install': True, 'path': 'C:\\Users\\PLASMINFORGE\\Documents\\MATLAB_Thesis\\geometry2-ros2\\matlab_msg_gen\\win64\\src\\tf2_msgs', 'symlink_install': False, 'test_result_base': None}[0m
[2.289s] [34mcolcon.colcon_core.executor[0m [30mINFO[0m Executing jobs using 'parallel' executor
[2.290s] [34mcolcon.colcon_parallel_executor.executor.parallel[0m [30mDEBUG[0m [32mrun_until_complete[0m
[2.291s] [34mcolcon.colcon_ros.task.ament_cmake.build[0m [30mINFO[0m Building ROS package in 'C:\Users\PLASMINFORGE\Documents\MATLAB_Thesis\geometry2-ros2\matlab_msg_gen\win64\src\driverless_msgs' with build type 'ament_cmake'
[2.301s] [34mcolcon.colcon_core.plugin_system[0m [30mINFO[0m Skipping extension 'colcon_core.shell.sh': Not used on Windows systems
[2.301s] [34mcolcon.colcon_cmake.task.cmake.build[0m [30mINFO[0m Building CMake package in 'C:\Users\PLASMINFORGE\Documents\MATLAB_Thesis\geometry2-ros2\matlab_msg_gen\win64\src\driverless_msgs'
[2.306s] [34mcolcon.colcon_core.shell[0m [30mINFO[0m Skip shell extension 'powershell' for command environment: Not usable outside of PowerShell
[2.364s] [34mcolcon.colcon_ros.task.ament_cmake.build[0m [30mINFO[0m Building ROS package in 'C:\Users\PLASMINFORGE\Documents\MATLAB_Thesis\geometry2-ros2\matlab_msg_gen\win64\src\tf2_msgs' with build type 'ament_cmake'
[2.371s] [34mcolcon.colcon_cmake.task.cmake.build[0m [30mINFO[0m Building CMake package in 'C:\Users\PLASMINFORGE\Documents\MATLAB_Thesis\geometry2-ros2\matlab_msg_gen\win64\src\tf2_msgs'
[2.377s] [34mcolcon.colcon_core.shell[0m [30mINFO[0m Skip shell extension 'powershell' for command environment: Not usable outside of PowerShell
[2.426s] [34mcolcon.colcon_core.event_handler.log_command[0m [30mDEBUG[0m [32mInvoking command in 'C:\Users\PLASMINFORGE\Documents\MATLAB_Thesis\geometry2-ros2\matlab_msg_gen\win64\build\driverless_msgs': CommonProgramFiles=%CommonProgramFiles%
CommonProgramFiles(x86)=C:\Program Files (x86)\Common Files ProgramFiles=%ProgramFiles%
ProgramFiles(x86)=C:\Program Files (x86) C:\Program Files\CMake\bin\cmake.EXE C:\Users\PLASMINFORGE\Documents\MATLAB_Thesis\geometry2-ros2\matlab_msg_gen\win64\src\driverless_msgs -DCMAKE_BUILD_TYPE=Release -DBUILD_TESTING=OFF -DCMAKE_CXX_COMPILER=cl.exe -DCMAKE_C_COMPILER=cl.exe -DCMAKE_LINKER=link.exe -DMSVC_TOOLSET_VERSION=141 -DCMAKE_CXX_FLAGS_RELEASE=/MD /Od /Ob2 /DNDEBUG -DCMAKE_INSTALL_PREFIX=C:\Users\PLASMINFORGE\Documents\MATLAB_Thesis\geometry2-ros2\matlab_msg_gen\win64\install -G Visual Studio 16 2019[0m
[2.448s] [34mcolcon.colcon_core.event_handler.log_command[0m [30mDEBUG[0m [32mInvoking command in 'C:\Users\PLASMINFORGE\Documents\MATLAB_Thesis\geometry2-ros2\matlab_msg_gen\win64\build\tf2_msgs': CommonProgramFiles=%CommonProgramFiles%
CommonProgramFiles(x86)=C:\Program Files (x86)\Common Files ProgramFiles=%ProgramFiles%
ProgramFiles(x86)=C:\Program Files (x86) C:\Program Files\CMake\bin\cmake.EXE C:\Users\PLASMINFORGE\Documents\MATLAB_Thesis\geometry2-ros2\matlab_msg_gen\win64\src\tf2_msgs -DCMAKE_BUILD_TYPE=Release -DBUILD_TESTING=OFF -DCMAKE_CXX_COMPILER=cl.exe -DCMAKE_C_COMPILER=cl.exe -DCMAKE_LINKER=link.exe -DMSVC_TOOLSET_VERSION=141 -DCMAKE_CXX_FLAGS_RELEASE=/MD /Od /Ob2 /DNDEBUG -DCMAKE_INSTALL_PREFIX=C:\Users\PLASMINFORGE\Documents\MATLAB_Thesis\geometry2-ros2\matlab_msg_gen\win64\install -G Visual Studio 16 2019[0m
