[0.571s] [34mcolcon[0m [30mDEBUG[0m [32mCommand line arguments: ['C:\\Users\\PLASMINFORGE\\AppData\\Roaming\\MathWorks\\MATLAB\\R2021b\\ros2\\win64\\venv\\Scripts\\colcon', 'build', '--merge-install', '--cmake-args', '-G', 'Ninja', '--cmake-args', '-DCMAKE_BUILD_TYPE=Release', '-DBUILD_TESTING=OFF', '-DCMAKE_CXX_COMPILER=cl.exe', '-DCMAKE_C_COMPILER=cl.exe', '-DCMAKE_LINKER=link.exe', '-DMSVC_TOOLSET_VERSION=141', '-DCMAKE_CXX_FLAGS_RELEASE=/MD /Od /Ob2 /DNDEBUG'][0m
[0.572s] [34mcolcon[0m [30mDEBUG[0m [32mParsed command line arguments: Namespace(ament_cmake_args=None, base_paths='.', build_base='build', catkin_cmake_args=None, catkin_skip_building_tests=False, cmake_args=['-DCMAKE_BUILD_TYPE=Release', '-DBUILD_TESTING=OFF', '-DCMAKE_CXX_COMPILER=cl.exe', '-DCMAKE_C_COMPILER=cl.exe', '-DCMAKE_LINKER=link.exe', '-DMSVC_TOOLSET_VERSION=141', '-DCMAKE_CXX_FLAGS_RELEASE=/MD /Od /Ob2 /DNDEBUG'], cmake_clean_cache=False, cmake_clean_first=False, cmake_force_configure=False, cmake_target=None, cmake_target_skip_unavailable=False, continue_on_error=False, event_handlers=None, executor='parallel', ignore_user_meta=False, install_base='install', log_base='log', log_level=None, main=<bound method BuildVerb.main of <colcon_core.verb.build.BuildVerb object at 0x00000156E0DA9CC8>>, merge_install=True, metas='./colcon.meta', packages_above=None, packages_above_depth=None, packages_end=None, packages_ignore=None, packages_ignore_regex=None, packages_select=None, packages_select_build_failed=False, packages_select_by_dep=None, packages_select_regex=None, packages_select_test_failures=False, packages_skip=None, packages_skip_build_finished=False, packages_skip_by_dep=None, packages_skip_regex=None, packages_skip_test_passed=False, packages_skip_up_to=None, packages_start=None, packages_up_to=None, parallel_workers=8, paths=None, symlink_install=False, test_result_base=None, verb_extension=<colcon_core.verb.build.BuildVerb object at 0x00000156E0DA9CC8>, verb_name='build', verb_parser=<colcon_defaults.argument_parser.defaults.DefaultArgumentsDecorator object at 0x00000156E0DAD308>)[0m
[0.637s] [34mcolcon.colcon_core.package_discovery[0m [30mLevel 1[0m discover_packages(colcon_meta) check parameters
[0.638s] [34mcolcon.colcon_core.package_discovery[0m [30mLevel 1[0m discover_packages(recursive) check parameters
[0.638s] [34mcolcon.colcon_core.package_discovery[0m [30mLevel 1[0m discover_packages(ignore) check parameters
[0.638s] [34mcolcon.colcon_core.package_discovery[0m [30mLevel 1[0m discover_packages(path) check parameters
[0.638s] [34mcolcon.colcon_core.package_discovery[0m [30mLevel 1[0m discover_packages(recursive) discover
[0.638s] [34mcolcon.colcon_core.package_discovery[0m [30mINFO[0m Crawling recursively for packages in 'C:\Users\PLASMINFORGE\Documents\MATLAB_Thesis\geometry2-ros2\matlab_msg_gen\win64'
[0.638s] [34mcolcon.colcon_core.package_identification[0m [30mLevel 1[0m _identify(C:\Users\PLASMINFORGE\Documents\MATLAB_Thesis\geometry2-ros2\matlab_msg_gen\win64) by extensions ['ignore', 'ignore_ament_install']
[0.638s] [34mcolcon.colcon_core.package_identification[0m [30mLevel 1[0m _identify(C:\Users\PLASMINFORGE\Documents\MATLAB_Thesis\geometry2-ros2\matlab_msg_gen\win64) by extension 'ignore'
[0.639s] [34mcolcon.colcon_core.package_identification[0m [30mLevel 1[0m _identify(C:\Users\PLASMINFORGE\Documents\MATLAB_Thesis\geometry2-ros2\matlab_msg_gen\win64) by extension 'ignore_ament_install'
[0.639s] [34mcolcon.colcon_core.package_identification[0m [30mLevel 1[0m _identify(C:\Users\PLASMINFORGE\Documents\MATLAB_Thesis\geometry2-ros2\matlab_msg_gen\win64) by extensions ['colcon_pkg']
[0.639s] [34mcolcon.colcon_core.package_identification[0m [30mLevel 1[0m _identify(C:\Users\PLASMINFORGE\Documents\MATLAB_Thesis\geometry2-ros2\matlab_msg_gen\win64) by extension 'colcon_pkg'
[0.639s] [34mcolcon.colcon_core.package_identification[0m [30mLevel 1[0m _identify(C:\Users\PLASMINFORGE\Documents\MATLAB_Thesis\geometry2-ros2\matlab_msg_gen\win64) by extensions ['colcon_meta']
[0.639s] [34mcolcon.colcon_core.package_identification[0m [30mLevel 1[0m _identify(C:\Users\PLASMINFORGE\Documents\MATLAB_Thesis\geometry2-ros2\matlab_msg_gen\win64) by extension 'colcon_meta'
[0.639s] [34mcolcon.colcon_core.package_identification[0m [30mLevel 1[0m _identify(C:\Users\PLASMINFORGE\Documents\MATLAB_Thesis\geometry2-ros2\matlab_msg_gen\win64) by extensions ['ros']
[0.639s] [34mcolcon.colcon_core.package_identification[0m [30mLevel 1[0m _identify(C:\Users\PLASMINFORGE\Documents\MATLAB_Thesis\geometry2-ros2\matlab_msg_gen\win64) by extension 'ros'
[0.653s] [34mcolcon.colcon_core.package_identification[0m [30mLevel 1[0m _identify(C:\Users\PLASMINFORGE\Documents\MATLAB_Thesis\geometry2-ros2\matlab_msg_gen\win64) by extensions ['cmake', 'python']
[0.653s] [34mcolcon.colcon_core.package_identification[0m [30mLevel 1[0m _identify(C:\Users\PLASMINFORGE\Documents\MATLAB_Thesis\geometry2-ros2\matlab_msg_gen\win64) by extension 'cmake'
[0.653s] [34mcolcon.colcon_core.package_identification[0m [30mLevel 1[0m _identify(C:\Users\PLASMINFORGE\Documents\MATLAB_Thesis\geometry2-ros2\matlab_msg_gen\win64) by extension 'python'
[0.654s] [34mcolcon.colcon_core.package_identification[0m [30mLevel 1[0m _identify(C:\Users\PLASMINFORGE\Documents\MATLAB_Thesis\geometry2-ros2\matlab_msg_gen\win64) by extensions ['python_setup_py']
[0.654s] [34mcolcon.colcon_core.package_identification[0m [30mLevel 1[0m _identify(C:\Users\PLASMINFORGE\Documents\MATLAB_Thesis\geometry2-ros2\matlab_msg_gen\win64) by extension 'python_setup_py'
[0.654s] [34mcolcon.colcon_core.package_identification[0m [30mLevel 1[0m _identify(C:\Users\PLASMINFORGE\Documents\MATLAB_Thesis\geometry2-ros2\matlab_msg_gen\win64\build) by extensions ['ignore', 'ignore_ament_install']
[0.654s] [34mcolcon.colcon_core.package_identification[0m [30mLevel 1[0m _identify(C:\Users\PLASMINFORGE\Documents\MATLAB_Thesis\geometry2-ros2\matlab_msg_gen\win64\build) by extension 'ignore'
[0.654s] [34mcolcon.colcon_core.package_identification[0m [30mLevel 1[0m _identify(C:\Users\PLASMINFORGE\Documents\MATLAB_Thesis\geometry2-ros2\matlab_msg_gen\win64\build) ignored
[0.654s] [34mcolcon.colcon_core.package_identification[0m [30mLevel 1[0m _identify(C:\Users\PLASMINFORGE\Documents\MATLAB_Thesis\geometry2-ros2\matlab_msg_gen\win64\install) by extensions ['ignore', 'ignore_ament_install']
[0.654s] [34mcolcon.colcon_core.package_identification[0m [30mLevel 1[0m _identify(C:\Users\PLASMINFORGE\Documents\MATLAB_Thesis\geometry2-ros2\matlab_msg_gen\win64\install) by extension 'ignore'
[0.654s] [34mcolcon.colcon_core.package_identification[0m [30mLevel 1[0m _identify(C:\Users\PLASMINFORGE\Documents\MATLAB_Thesis\geometry2-ros2\matlab_msg_gen\win64\install) ignored
[0.655s] [34mcolcon.colcon_core.package_identification[0m [30mLevel 1[0m _identify(C:\Users\PLASMINFORGE\Documents\MATLAB_Thesis\geometry2-ros2\matlab_msg_gen\win64\log) by extensions ['ignore', 'ignore_ament_install']
[0.655s] [34mcolcon.colcon_core.package_identification[0m [30mLevel 1[0m _identify(C:\Users\PLASMINFORGE\Documents\MATLAB_Thesis\geometry2-ros2\matlab_msg_gen\win64\log) by extension 'ignore'
[0.655s] [34mcolcon.colcon_core.package_identification[0m [30mLevel 1[0m _identify(C:\Users\PLASMINFORGE\Documents\MATLAB_Thesis\geometry2-ros2\matlab_msg_gen\win64\log) ignored
[0.655s] [34mcolcon.colcon_core.package_identification[0m [30mLevel 1[0m _identify(C:\Users\PLASMINFORGE\Documents\MATLAB_Thesis\geometry2-ros2\matlab_msg_gen\win64\src) by extensions ['ignore', 'ignore_ament_install']
[0.655s] [34mcolcon.colcon_core.package_identification[0m [30mLevel 1[0m _identify(C:\Users\PLASMINFORGE\Documents\MATLAB_Thesis\geometry2-ros2\matlab_msg_gen\win64\src) by extension 'ignore'
[0.655s] [34mcolcon.colcon_core.package_identification[0m [30mLevel 1[0m _identify(C:\Users\PLASMINFORGE\Documents\MATLAB_Thesis\geometry2-ros2\matlab_msg_gen\win64\src) by extension 'ignore_ament_install'
[0.655s] [34mcolcon.colcon_core.package_identification[0m [30mLevel 1[0m _identify(C:\Users\PLASMINFORGE\Documents\MATLAB_Thesis\geometry2-ros2\matlab_msg_gen\win64\src) by extensions ['colcon_pkg']
[0.656s] [34mcolcon.colcon_core.package_identification[0m [30mLevel 1[0m _identify(C:\Users\PLASMINFORGE\Documents\MATLAB_Thesis\geometry2-ros2\matlab_msg_gen\win64\src) by extension 'colcon_pkg'
[0.656s] [34mcolcon.colcon_core.package_identification[0m [30mLevel 1[0m _identify(C:\Users\PLASMINFORGE\Documents\MATLAB_Thesis\geometry2-ros2\matlab_msg_gen\win64\src) by extensions ['colcon_meta']
[0.656s] [34mcolcon.colcon_core.package_identification[0m [30mLevel 1[0m _identify(C:\Users\PLASMINFORGE\Documents\MATLAB_Thesis\geometry2-ros2\matlab_msg_gen\win64\src) by extension 'colcon_meta'
[0.656s] [34mcolcon.colcon_core.package_identification[0m [30mLevel 1[0m _identify(C:\Users\PLASMINFORGE\Documents\MATLAB_Thesis\geometry2-ros2\matlab_msg_gen\win64\src) by extensions ['ros']
[0.656s] [34mcolcon.colcon_core.package_identification[0m [30mLevel 1[0m _identify(C:\Users\PLASMINFORGE\Documents\MATLAB_Thesis\geometry2-ros2\matlab_msg_gen\win64\src) by extension 'ros'
[0.656s] [34mcolcon.colcon_core.package_identification[0m [30mLevel 1[0m _identify(C:\Users\PLASMINFORGE\Documents\MATLAB_Thesis\geometry2-ros2\matlab_msg_gen\win64\src) by extensions ['cmake', 'python']
[0.656s] [34mcolcon.colcon_core.package_identification[0m [30mLevel 1[0m _identify(C:\Users\PLASMINFORGE\Documents\MATLAB_Thesis\geometry2-ros2\matlab_msg_gen\win64\src) by extension 'cmake'
[0.656s] [34mcolcon.colcon_core.package_identification[0m [30mLevel 1[0m _identify(C:\Users\PLASMINFORGE\Documents\MATLAB_Thesis\geometry2-ros2\matlab_msg_gen\win64\src) by extension 'python'
[0.656s] [34mcolcon.colcon_core.package_identification[0m [30mLevel 1[0m _identify(C:\Users\PLASMINFORGE\Documents\MATLAB_Thesis\geometry2-ros2\matlab_msg_gen\win64\src) by extensions ['python_setup_py']
[0.657s] [34mcolcon.colcon_core.package_identification[0m [30mLevel 1[0m _identify(C:\Users\PLASMINFORGE\Documents\MATLAB_Thesis\geometry2-ros2\matlab_msg_gen\win64\src) by extension 'python_setup_py'
[0.657s] [34mcolcon.colcon_core.package_identification[0m [30mLevel 1[0m _identify(C:\Users\PLASMINFORGE\Documents\MATLAB_Thesis\geometry2-ros2\matlab_msg_gen\win64\src\ackermann_msgs) by extensions ['ignore', 'ignore_ament_install']
[0.657s] [34mcolcon.colcon_core.package_identification[0m [30mLevel 1[0m _identify(C:\Users\PLASMINFORGE\Documents\MATLAB_Thesis\geometry2-ros2\matlab_msg_gen\win64\src\ackermann_msgs) by extension 'ignore'
[0.657s] [34mcolcon.colcon_core.package_identification[0m [30mLevel 1[0m _identify(C:\Users\PLASMINFORGE\Documents\MATLAB_Thesis\geometry2-ros2\matlab_msg_gen\win64\src\ackermann_msgs) by extension 'ignore_ament_install'
[0.657s] [34mcolcon.colcon_core.package_identification[0m [30mLevel 1[0m _identify(C:\Users\PLASMINFORGE\Documents\MATLAB_Thesis\geometry2-ros2\matlab_msg_gen\win64\src\ackermann_msgs) by extensions ['colcon_pkg']
[0.657s] [34mcolcon.colcon_core.package_identification[0m [30mLevel 1[0m _identify(C:\Users\PLASMINFORGE\Documents\MATLAB_Thesis\geometry2-ros2\matlab_msg_gen\win64\src\ackermann_msgs) by extension 'colcon_pkg'
[0.657s] [34mcolcon.colcon_core.package_identification[0m [30mLevel 1[0m _identify(C:\Users\PLASMINFORGE\Documents\MATLAB_Thesis\geometry2-ros2\matlab_msg_gen\win64\src\ackermann_msgs) by extensions ['colcon_meta']
[0.658s] [34mcolcon.colcon_core.package_identification[0m [30mLevel 1[0m _identify(C:\Users\PLASMINFORGE\Documents\MATLAB_Thesis\geometry2-ros2\matlab_msg_gen\win64\src\ackermann_msgs) by extension 'colcon_meta'
[0.658s] [34mcolcon.colcon_core.package_identification[0m [30mLevel 1[0m _identify(C:\Users\PLASMINFORGE\Documents\MATLAB_Thesis\geometry2-ros2\matlab_msg_gen\win64\src\ackermann_msgs) by extensions ['ros']
[0.658s] [34mcolcon.colcon_core.package_identification[0m [30mLevel 1[0m _identify(C:\Users\PLASMINFORGE\Documents\MATLAB_Thesis\geometry2-ros2\matlab_msg_gen\win64\src\ackermann_msgs) by extension 'ros'
[0.662s] [34mcolcon.colcon_core.package_identification[0m [30mDEBUG[0m [32mPackage 'C:\Users\PLASMINFORGE\Documents\MATLAB_Thesis\geometry2-ros2\matlab_msg_gen\win64\src\ackermann_msgs' with type 'ros.ament_cmake' and name 'ackermann_msgs'[0m
[0.662s] [34mcolcon.colcon_core.package_identification[0m [30mLevel 1[0m _identify(C:\Users\PLASMINFORGE\Documents\MATLAB_Thesis\geometry2-ros2\matlab_msg_gen\win64\src\driverless_msgs) by extensions ['ignore', 'ignore_ament_install']
[0.662s] [34mcolcon.colcon_core.package_identification[0m [30mLevel 1[0m _identify(C:\Users\PLASMINFORGE\Documents\MATLAB_Thesis\geometry2-ros2\matlab_msg_gen\win64\src\driverless_msgs) by extension 'ignore'
[0.662s] [34mcolcon.colcon_core.package_identification[0m [30mLevel 1[0m _identify(C:\Users\PLASMINFORGE\Documents\MATLAB_Thesis\geometry2-ros2\matlab_msg_gen\win64\src\driverless_msgs) by extension 'ignore_ament_install'
[0.662s] [34mcolcon.colcon_core.package_identification[0m [30mLevel 1[0m _identify(C:\Users\PLASMINFORGE\Documents\MATLAB_Thesis\geometry2-ros2\matlab_msg_gen\win64\src\driverless_msgs) by extensions ['colcon_pkg']
[0.662s] [34mcolcon.colcon_core.package_identification[0m [30mLevel 1[0m _identify(C:\Users\PLASMINFORGE\Documents\MATLAB_Thesis\geometry2-ros2\matlab_msg_gen\win64\src\driverless_msgs) by extension 'colcon_pkg'
[0.663s] [34mcolcon.colcon_core.package_identification[0m [30mLevel 1[0m _identify(C:\Users\PLASMINFORGE\Documents\MATLAB_Thesis\geometry2-ros2\matlab_msg_gen\win64\src\driverless_msgs) by extensions ['colcon_meta']
[0.663s] [34mcolcon.colcon_core.package_identification[0m [30mLevel 1[0m _identify(C:\Users\PLASMINFORGE\Documents\MATLAB_Thesis\geometry2-ros2\matlab_msg_gen\win64\src\driverless_msgs) by extension 'colcon_meta'
[0.663s] [34mcolcon.colcon_core.package_identification[0m [30mLevel 1[0m _identify(C:\Users\PLASMINFORGE\Documents\MATLAB_Thesis\geometry2-ros2\matlab_msg_gen\win64\src\driverless_msgs) by extensions ['ros']
[0.663s] [34mcolcon.colcon_core.package_identification[0m [30mLevel 1[0m _identify(C:\Users\PLASMINFORGE\Documents\MATLAB_Thesis\geometry2-ros2\matlab_msg_gen\win64\src\driverless_msgs) by extension 'ros'
[0.664s] [34mcolcon.colcon_core.package_identification[0m [30mDEBUG[0m [32mPackage 'C:\Users\PLASMINFORGE\Documents\MATLAB_Thesis\geometry2-ros2\matlab_msg_gen\win64\src\driverless_msgs' with type 'ros.ament_cmake' and name 'driverless_msgs'[0m
[0.664s] [34mcolcon.colcon_core.package_identification[0m [30mLevel 1[0m _identify(C:\Users\PLASMINFORGE\Documents\MATLAB_Thesis\geometry2-ros2\matlab_msg_gen\win64\src\tf2_msgs) by extensions ['ignore', 'ignore_ament_install']
[0.665s] [34mcolcon.colcon_core.package_identification[0m [30mLevel 1[0m _identify(C:\Users\PLASMINFORGE\Documents\MATLAB_Thesis\geometry2-ros2\matlab_msg_gen\win64\src\tf2_msgs) by extension 'ignore'
[0.665s] [34mcolcon.colcon_core.package_identification[0m [30mLevel 1[0m _identify(C:\Users\PLASMINFORGE\Documents\MATLAB_Thesis\geometry2-ros2\matlab_msg_gen\win64\src\tf2_msgs) by extension 'ignore_ament_install'
[0.665s] [34mcolcon.colcon_core.package_identification[0m [30mLevel 1[0m _identify(C:\Users\PLASMINFORGE\Documents\MATLAB_Thesis\geometry2-ros2\matlab_msg_gen\win64\src\tf2_msgs) by extensions ['colcon_pkg']
[0.665s] [34mcolcon.colcon_core.package_identification[0m [30mLevel 1[0m _identify(C:\Users\PLASMINFORGE\Documents\MATLAB_Thesis\geometry2-ros2\matlab_msg_gen\win64\src\tf2_msgs) by extension 'colcon_pkg'
[0.665s] [34mcolcon.colcon_core.package_identification[0m [30mLevel 1[0m _identify(C:\Users\PLASMINFORGE\Documents\MATLAB_Thesis\geometry2-ros2\matlab_msg_gen\win64\src\tf2_msgs) by extensions ['colcon_meta']
[0.665s] [34mcolcon.colcon_core.package_identification[0m [30mLevel 1[0m _identify(C:\Users\PLASMINFORGE\Documents\MATLAB_Thesis\geometry2-ros2\matlab_msg_gen\win64\src\tf2_msgs) by extension 'colcon_meta'
[0.665s] [34mcolcon.colcon_core.package_identification[0m [30mLevel 1[0m _identify(C:\Users\PLASMINFORGE\Documents\MATLAB_Thesis\geometry2-ros2\matlab_msg_gen\win64\src\tf2_msgs) by extensions ['ros']
[0.665s] [34mcolcon.colcon_core.package_identification[0m [30mLevel 1[0m _identify(C:\Users\PLASMINFORGE\Documents\MATLAB_Thesis\geometry2-ros2\matlab_msg_gen\win64\src\tf2_msgs) by extension 'ros'
[0.667s] [34mcolcon.colcon_core.package_identification[0m [30mDEBUG[0m [32mPackage 'C:\Users\PLASMINFORGE\Documents\MATLAB_Thesis\geometry2-ros2\matlab_msg_gen\win64\src\tf2_msgs' with type 'ros.ament_cmake' and name 'tf2_msgs'[0m
[0.667s] [34mcolcon.colcon_core.package_discovery[0m [30mLevel 1[0m discover_packages(recursive) using defaults
[0.692s] [34mcolcon.colcon_core.verb[0m [30mLevel 5[0m set package 'ackermann_msgs' build argument 'cmake_args' from command line to '['-DCMAKE_BUILD_TYPE=Release', '-DBUILD_TESTING=OFF', '-DCMAKE_CXX_COMPILER=cl.exe', '-DCMAKE_C_COMPILER=cl.exe', '-DCMAKE_LINKER=link.exe', '-DMSVC_TOOLSET_VERSION=141', '-DCMAKE_CXX_FLAGS_RELEASE=/MD /Od /Ob2 /DNDEBUG']'
[0.692s] [34mcolcon.colcon_core.verb[0m [30mLevel 5[0m set package 'ackermann_msgs' build argument 'cmake_target' from command line to 'None'
[0.692s] [34mcolcon.colcon_core.verb[0m [30mLevel 5[0m set package 'ackermann_msgs' build argument 'cmake_target_skip_unavailable' from command line to 'False'
[0.692s] [34mcolcon.colcon_core.verb[0m [30mLevel 5[0m set package 'ackermann_msgs' build argument 'cmake_clean_cache' from command line to 'False'
[0.692s] [34mcolcon.colcon_core.verb[0m [30mLevel 5[0m set package 'ackermann_msgs' build argument 'cmake_clean_first' from command line to 'False'
[0.692s] [34mcolcon.colcon_core.verb[0m [30mLevel 5[0m set package 'ackermann_msgs' build argument 'cmake_force_configure' from command line to 'False'
[0.692s] [34mcolcon.colcon_core.verb[0m [30mLevel 5[0m set package 'ackermann_msgs' build argument 'ament_cmake_args' from command line to 'None'
[0.692s] [34mcolcon.colcon_core.verb[0m [30mLevel 5[0m set package 'ackermann_msgs' build argument 'catkin_cmake_args' from command line to 'None'
[0.692s] [34mcolcon.colcon_core.verb[0m [30mLevel 5[0m set package 'ackermann_msgs' build argument 'catkin_skip_building_tests' from command line to 'False'
[0.692s] [34mcolcon.colcon_core.verb[0m [30mDEBUG[0m [32mBuilding package 'ackermann_msgs' with the following arguments: {'ament_cmake_args': None, 'build_base': 'C:\\Users\\PLASMINFORGE\\Documents\\MATLAB_Thesis\\geometry2-ros2\\matlab_msg_gen\\win64\\build\\ackermann_msgs', 'catkin_cmake_args': None, 'catkin_skip_building_tests': False, 'cmake_args': ['-DCMAKE_BUILD_TYPE=Release', '-DBUILD_TESTING=OFF', '-DCMAKE_CXX_COMPILER=cl.exe', '-DCMAKE_C_COMPILER=cl.exe', '-DCMAKE_LINKER=link.exe', '-DMSVC_TOOLSET_VERSION=141', '-DCMAKE_CXX_FLAGS_RELEASE=/MD /Od /Ob2 /DNDEBUG'], 'cmake_clean_cache': False, 'cmake_clean_first': False, 'cmake_force_configure': False, 'cmake_target': None, 'cmake_target_skip_unavailable': False, 'install_base': 'C:\\Users\\PLASMINFORGE\\Documents\\MATLAB_Thesis\\geometry2-ros2\\matlab_msg_gen\\win64\\install', 'merge_install': True, 'path': 'C:\\Users\\PLASMINFORGE\\Documents\\MATLAB_Thesis\\geometry2-ros2\\matlab_msg_gen\\win64\\src\\ackermann_msgs', 'symlink_install': False, 'test_result_base': None}[0m
[0.701s] [34mcolcon.colcon_core.verb[0m [30mLevel 5[0m set package 'driverless_msgs' build argument 'cmake_args' from command line to '['-DCMAKE_BUILD_TYPE=Release', '-DBUILD_TESTING=OFF', '-DCMAKE_CXX_COMPILER=cl.exe', '-DCMAKE_C_COMPILER=cl.exe', '-DCMAKE_LINKER=link.exe', '-DMSVC_TOOLSET_VERSION=141', '-DCMAKE_CXX_FLAGS_RELEASE=/MD /Od /Ob2 /DNDEBUG']'
[0.701s] [34mcolcon.colcon_core.verb[0m [30mLevel 5[0m set package 'driverless_msgs' build argument 'cmake_target' from command line to 'None'
[0.701s] [34mcolcon.colcon_core.verb[0m [30mLevel 5[0m set package 'driverless_msgs' build argument 'cmake_target_skip_unavailable' from command line to 'False'
[0.701s] [34mcolcon.colcon_core.verb[0m [30mLevel 5[0m set package 'driverless_msgs' build argument 'cmake_clean_cache' from command line to 'False'
[0.701s] [34mcolcon.colcon_core.verb[0m [30mLevel 5[0m set package 'driverless_msgs' build argument 'cmake_clean_first' from command line to 'False'
[0.701s] [34mcolcon.colcon_core.verb[0m [30mLevel 5[0m set package 'driverless_msgs' build argument 'cmake_force_configure' from command line to 'False'
[0.701s] [34mcolcon.colcon_core.verb[0m [30mLevel 5[0m set package 'driverless_msgs' build argument 'ament_cmake_args' from command line to 'None'
[0.701s] [34mcolcon.colcon_core.verb[0m [30mLevel 5[0m set package 'driverless_msgs' build argument 'catkin_cmake_args' from command line to 'None'
[0.701s] [34mcolcon.colcon_core.verb[0m [30mLevel 5[0m set package 'driverless_msgs' build argument 'catkin_skip_building_tests' from command line to 'False'
[0.701s] [34mcolcon.colcon_core.verb[0m [30mDEBUG[0m [32mBuilding package 'driverless_msgs' with the following arguments: {'ament_cmake_args': None, 'build_base': 'C:\\Users\\PLASMINFORGE\\Documents\\MATLAB_Thesis\\geometry2-ros2\\matlab_msg_gen\\win64\\build\\driverless_msgs', 'catkin_cmake_args': None, 'catkin_skip_building_tests': False, 'cmake_args': ['-DCMAKE_BUILD_TYPE=Release', '-DBUILD_TESTING=OFF', '-DCMAKE_CXX_COMPILER=cl.exe', '-DCMAKE_C_COMPILER=cl.exe', '-DCMAKE_LINKER=link.exe', '-DMSVC_TOOLSET_VERSION=141', '-DCMAKE_CXX_FLAGS_RELEASE=/MD /Od /Ob2 /DNDEBUG'], 'cmake_clean_cache': False, 'cmake_clean_first': False, 'cmake_force_configure': False, 'cmake_target': None, 'cmake_target_skip_unavailable': False, 'install_base': 'C:\\Users\\PLASMINFORGE\\Documents\\MATLAB_Thesis\\geometry2-ros2\\matlab_msg_gen\\win64\\install', 'merge_install': True, 'path': 'C:\\Users\\PLASMINFORGE\\Documents\\MATLAB_Thesis\\geometry2-ros2\\matlab_msg_gen\\win64\\src\\driverless_msgs', 'symlink_install': False, 'test_result_base': None}[0m
[0.714s] [34mcolcon.colcon_core.verb[0m [30mLevel 5[0m set package 'tf2_msgs' build argument 'cmake_args' from command line to '['-DCMAKE_BUILD_TYPE=Release', '-DBUILD_TESTING=OFF', '-DCMAKE_CXX_COMPILER=cl.exe', '-DCMAKE_C_COMPILER=cl.exe', '-DCMAKE_LINKER=link.exe', '-DMSVC_TOOLSET_VERSION=141', '-DCMAKE_CXX_FLAGS_RELEASE=/MD /Od /Ob2 /DNDEBUG']'
[0.715s] [34mcolcon.colcon_core.verb[0m [30mLevel 5[0m set package 'tf2_msgs' build argument 'cmake_target' from command line to 'None'
[0.715s] [34mcolcon.colcon_core.verb[0m [30mLevel 5[0m set package 'tf2_msgs' build argument 'cmake_target_skip_unavailable' from command line to 'False'
[0.715s] [34mcolcon.colcon_core.verb[0m [30mLevel 5[0m set package 'tf2_msgs' build argument 'cmake_clean_cache' from command line to 'False'
[0.715s] [34mcolcon.colcon_core.verb[0m [30mLevel 5[0m set package 'tf2_msgs' build argument 'cmake_clean_first' from command line to 'False'
[0.715s] [34mcolcon.colcon_core.verb[0m [30mLevel 5[0m set package 'tf2_msgs' build argument 'cmake_force_configure' from command line to 'False'
[0.715s] [34mcolcon.colcon_core.verb[0m [30mLevel 5[0m set package 'tf2_msgs' build argument 'ament_cmake_args' from command line to 'None'
[0.715s] [34mcolcon.colcon_core.verb[0m [30mLevel 5[0m set package 'tf2_msgs' build argument 'catkin_cmake_args' from command line to 'None'
[0.715s] [34mcolcon.colcon_core.verb[0m [30mLevel 5[0m set package 'tf2_msgs' build argument 'catkin_skip_building_tests' from command line to 'False'
[0.715s] [34mcolcon.colcon_core.verb[0m [30mDEBUG[0m [32mBuilding package 'tf2_msgs' with the following arguments: {'ament_cmake_args': None, 'build_base': 'C:\\Users\\PLASMINFORGE\\Documents\\MATLAB_Thesis\\geometry2-ros2\\matlab_msg_gen\\win64\\build\\tf2_msgs', 'catkin_cmake_args': None, 'catkin_skip_building_tests': False, 'cmake_args': ['-DCMAKE_BUILD_TYPE=Release', '-DBUILD_TESTING=OFF', '-DCMAKE_CXX_COMPILER=cl.exe', '-DCMAKE_C_COMPILER=cl.exe', '-DCMAKE_LINKER=link.exe', '-DMSVC_TOOLSET_VERSION=141', '-DCMAKE_CXX_FLAGS_RELEASE=/MD /Od /Ob2 /DNDEBUG'], 'cmake_clean_cache': False, 'cmake_clean_first': False, 'cmake_force_configure': False, 'cmake_target': None, 'cmake_target_skip_unavailable': False, 'install_base': 'C:\\Users\\PLASMINFORGE\\Documents\\MATLAB_Thesis\\geometry2-ros2\\matlab_msg_gen\\win64\\install', 'merge_install': True, 'path': 'C:\\Users\\PLASMINFORGE\\Documents\\MATLAB_Thesis\\geometry2-ros2\\matlab_msg_gen\\win64\\src\\tf2_msgs', 'symlink_install': False, 'test_result_base': None}[0m
[0.736s] [34mcolcon.colcon_core.executor[0m [30mINFO[0m Executing jobs using 'parallel' executor
[0.738s] [34mcolcon.colcon_parallel_executor.executor.parallel[0m [30mDEBUG[0m [32mrun_until_complete[0m
[0.738s] [34mcolcon.colcon_ros.task.ament_cmake.build[0m [30mINFO[0m Building ROS package in 'C:\Users\PLASMINFORGE\Documents\MATLAB_Thesis\geometry2-ros2\matlab_msg_gen\win64\src\ackermann_msgs' with build type 'ament_cmake'
[0.746s] [34mcolcon.colcon_core.plugin_system[0m [30mINFO[0m Skipping extension 'colcon_core.shell.sh': Not used on Windows systems
[0.746s] [34mcolcon.colcon_cmake.task.cmake.build[0m [30mINFO[0m Building CMake package in 'C:\Users\PLASMINFORGE\Documents\MATLAB_Thesis\geometry2-ros2\matlab_msg_gen\win64\src\ackermann_msgs'
[0.749s] [34mcolcon.colcon_core.shell[0m [30mINFO[0m Skip shell extension 'powershell' for command environment: Not usable outside of PowerShell
[0.770s] [34mcolcon.colcon_ros.task.ament_cmake.build[0m [30mINFO[0m Building ROS package in 'C:\Users\PLASMINFORGE\Documents\MATLAB_Thesis\geometry2-ros2\matlab_msg_gen\win64\src\driverless_msgs' with build type 'ament_cmake'
[0.779s] [34mcolcon.colcon_cmake.task.cmake.build[0m [30mINFO[0m Building CMake package in 'C:\Users\PLASMINFORGE\Documents\MATLAB_Thesis\geometry2-ros2\matlab_msg_gen\win64\src\driverless_msgs'
[0.784s] [34mcolcon.colcon_core.shell[0m [30mINFO[0m Skip shell extension 'powershell' for command environment: Not usable outside of PowerShell
[0.803s] [34mcolcon.colcon_ros.task.ament_cmake.build[0m [30mINFO[0m Building ROS package in 'C:\Users\PLASMINFORGE\Documents\MATLAB_Thesis\geometry2-ros2\matlab_msg_gen\win64\src\tf2_msgs' with build type 'ament_cmake'
[0.809s] [34mcolcon.colcon_cmake.task.cmake.build[0m [30mINFO[0m Building CMake package in 'C:\Users\PLASMINFORGE\Documents\MATLAB_Thesis\geometry2-ros2\matlab_msg_gen\win64\src\tf2_msgs'
[0.814s] [34mcolcon.colcon_core.shell[0m [30mINFO[0m Skip shell extension 'powershell' for command environment: Not usable outside of PowerShell
[0.842s] [34mcolcon.colcon_core.event_handler.log_command[0m [30mDEBUG[0m [32mInvoking command in 'C:\Users\PLASMINFORGE\Documents\MATLAB_Thesis\geometry2-ros2\matlab_msg_gen\win64\build\ackermann_msgs': CommonProgramFiles=%CommonProgramFiles%
CommonProgramFiles(x86)=C:\Program Files (x86)\Common Files ProgramFiles=%ProgramFiles%
ProgramFiles(x86)=C:\Program Files (x86) C:\Program Files\CMake\bin\cmake.EXE C:\Users\PLASMINFORGE\Documents\MATLAB_Thesis\geometry2-ros2\matlab_msg_gen\win64\src\ackermann_msgs -DCMAKE_BUILD_TYPE=Release -DBUILD_TESTING=OFF -DCMAKE_CXX_COMPILER=cl.exe -DCMAKE_C_COMPILER=cl.exe -DCMAKE_LINKER=link.exe -DMSVC_TOOLSET_VERSION=141 -DCMAKE_CXX_FLAGS_RELEASE=/MD /Od /Ob2 /DNDEBUG -DCMAKE_INSTALL_PREFIX=C:\Users\PLASMINFORGE\Documents\MATLAB_Thesis\geometry2-ros2\matlab_msg_gen\win64\install -G Visual Studio 16 2019[0m
[0.849s] [34mcolcon.colcon_core.event_handler.log_command[0m [30mDEBUG[0m [32mInvoking command in 'C:\Users\PLASMINFORGE\Documents\MATLAB_Thesis\geometry2-ros2\matlab_msg_gen\win64\build\driverless_msgs': CommonProgramFiles=%CommonProgramFiles%
CommonProgramFiles(x86)=C:\Program Files (x86)\Common Files ProgramFiles=%ProgramFiles%
ProgramFiles(x86)=C:\Program Files (x86) C:\Program Files\CMake\bin\cmake.EXE C:\Users\PLASMINFORGE\Documents\MATLAB_Thesis\geometry2-ros2\matlab_msg_gen\win64\src\driverless_msgs -DCMAKE_BUILD_TYPE=Release -DBUILD_TESTING=OFF -DCMAKE_CXX_COMPILER=cl.exe -DCMAKE_C_COMPILER=cl.exe -DCMAKE_LINKER=link.exe -DMSVC_TOOLSET_VERSION=141 -DCMAKE_CXX_FLAGS_RELEASE=/MD /Od /Ob2 /DNDEBUG -DCMAKE_INSTALL_PREFIX=C:\Users\PLASMINFORGE\Documents\MATLAB_Thesis\geometry2-ros2\matlab_msg_gen\win64\install -G Visual Studio 16 2019[0m
[0.857s] [34mcolcon.colcon_core.event_handler.log_command[0m [30mDEBUG[0m [32mInvoking command in 'C:\Users\PLASMINFORGE\Documents\MATLAB_Thesis\geometry2-ros2\matlab_msg_gen\win64\build\tf2_msgs': CommonProgramFiles=%CommonProgramFiles%
CommonProgramFiles(x86)=C:\Program Files (x86)\Common Files ProgramFiles=%ProgramFiles%
ProgramFiles(x86)=C:\Program Files (x86) C:\Program Files\CMake\bin\cmake.EXE C:\Users\PLASMINFORGE\Documents\MATLAB_Thesis\geometry2-ros2\matlab_msg_gen\win64\src\tf2_msgs -DCMAKE_BUILD_TYPE=Release -DBUILD_TESTING=OFF -DCMAKE_CXX_COMPILER=cl.exe -DCMAKE_C_COMPILER=cl.exe -DCMAKE_LINKER=link.exe -DMSVC_TOOLSET_VERSION=141 -DCMAKE_CXX_FLAGS_RELEASE=/MD /Od /Ob2 /DNDEBUG -DCMAKE_INSTALL_PREFIX=C:\Users\PLASMINFORGE\Documents\MATLAB_Thesis\geometry2-ros2\matlab_msg_gen\win64\install -G Visual Studio 16 2019[0m
[8.422s] [34mcolcon.colcon_core.event_handler.log_command[0m [30mDEBUG[0m [32mInvoked command in 'C:\Users\PLASMINFORGE\Documents\MATLAB_Thesis\geometry2-ros2\matlab_msg_gen\win64\build\driverless_msgs' returned '0': CommonProgramFiles=%CommonProgramFiles%
CommonProgramFiles(x86)=C:\Program Files (x86)\Common Files ProgramFiles=%ProgramFiles%
ProgramFiles(x86)=C:\Program Files (x86) C:\Program Files\CMake\bin\cmake.EXE C:\Users\PLASMINFORGE\Documents\MATLAB_Thesis\geometry2-ros2\matlab_msg_gen\win64\src\driverless_msgs -DCMAKE_BUILD_TYPE=Release -DBUILD_TESTING=OFF -DCMAKE_CXX_COMPILER=cl.exe -DCMAKE_C_COMPILER=cl.exe -DCMAKE_LINKER=link.exe -DMSVC_TOOLSET_VERSION=141 -DCMAKE_CXX_FLAGS_RELEASE=/MD /Od /Ob2 /DNDEBUG -DCMAKE_INSTALL_PREFIX=C:\Users\PLASMINFORGE\Documents\MATLAB_Thesis\geometry2-ros2\matlab_msg_gen\win64\install -G Visual Studio 16 2019[0m
[8.424s] [34mcolcon.colcon_core.event_handler.log_command[0m [30mDEBUG[0m [32mInvoking command in 'C:\Users\PLASMINFORGE\Documents\MATLAB_Thesis\geometry2-ros2\matlab_msg_gen\win64\build\driverless_msgs': CL=/MP CommonProgramFiles=%CommonProgramFiles%
CommonProgramFiles(x86)=C:\Program Files (x86)\Common Files ProgramFiles=%ProgramFiles%
ProgramFiles(x86)=C:\Program Files (x86) C:\Program Files\CMake\bin\cmake.EXE --build C:\Users\PLASMINFORGE\Documents\MATLAB_Thesis\geometry2-ros2\matlab_msg_gen\win64\build\driverless_msgs --config Release[0m
[8.626s] [34mcolcon.colcon_core.event_handler.log_command[0m [30mDEBUG[0m [32mInvoked command in 'C:\Users\PLASMINFORGE\Documents\MATLAB_Thesis\geometry2-ros2\matlab_msg_gen\win64\build\tf2_msgs' returned '0': CommonProgramFiles=%CommonProgramFiles%
CommonProgramFiles(x86)=C:\Program Files (x86)\Common Files ProgramFiles=%ProgramFiles%
ProgramFiles(x86)=C:\Program Files (x86) C:\Program Files\CMake\bin\cmake.EXE C:\Users\PLASMINFORGE\Documents\MATLAB_Thesis\geometry2-ros2\matlab_msg_gen\win64\src\tf2_msgs -DCMAKE_BUILD_TYPE=Release -DBUILD_TESTING=OFF -DCMAKE_CXX_COMPILER=cl.exe -DCMAKE_C_COMPILER=cl.exe -DCMAKE_LINKER=link.exe -DMSVC_TOOLSET_VERSION=141 -DCMAKE_CXX_FLAGS_RELEASE=/MD /Od /Ob2 /DNDEBUG -DCMAKE_INSTALL_PREFIX=C:\Users\PLASMINFORGE\Documents\MATLAB_Thesis\geometry2-ros2\matlab_msg_gen\win64\install -G Visual Studio 16 2019[0m
[8.629s] [34mcolcon.colcon_core.event_handler.log_command[0m [30mDEBUG[0m [32mInvoking command in 'C:\Users\PLASMINFORGE\Documents\MATLAB_Thesis\geometry2-ros2\matlab_msg_gen\win64\build\tf2_msgs': CL=/MP CommonProgramFiles=%CommonProgramFiles%
CommonProgramFiles(x86)=C:\Program Files (x86)\Common Files ProgramFiles=%ProgramFiles%
ProgramFiles(x86)=C:\Program Files (x86) C:\Program Files\CMake\bin\cmake.EXE --build C:\Users\PLASMINFORGE\Documents\MATLAB_Thesis\geometry2-ros2\matlab_msg_gen\win64\build\tf2_msgs --config Release[0m
[11.410s] [34mcolcon.colcon_core.event_handler.log_command[0m [30mDEBUG[0m [32mInvoked command in 'C:\Users\PLASMINFORGE\Documents\MATLAB_Thesis\geometry2-ros2\matlab_msg_gen\win64\build\tf2_msgs' returned '0': CL=/MP CommonProgramFiles=%CommonProgramFiles%
CommonProgramFiles(x86)=C:\Program Files (x86)\Common Files ProgramFiles=%ProgramFiles%
ProgramFiles(x86)=C:\Program Files (x86) C:\Program Files\CMake\bin\cmake.EXE --build C:\Users\PLASMINFORGE\Documents\MATLAB_Thesis\geometry2-ros2\matlab_msg_gen\win64\build\tf2_msgs --config Release[0m
[11.414s] [34mcolcon.colcon_core.event_handler.log_command[0m [30mDEBUG[0m [32mInvoking command in 'None': CommonProgramFiles=%CommonProgramFiles%
CommonProgramFiles(x86)=C:\Program Files (x86)\Common Files ProgramFiles=%ProgramFiles%
ProgramFiles(x86)=C:\Program Files (x86) C:\Program Files (x86)\Microsoft Visual Studio\2019\Community\\MSBuild\Current\Bin\msbuild.EXE /p:Configuration=Release C:\Users\PLASMINFORGE\Documents\MATLAB_Thesis\geometry2-ros2\matlab_msg_gen\win64\build\tf2_msgs\INSTALL.vcxproj[0m
[12.743s] [34mcolcon.colcon_core.event_handler.log_command[0m [30mDEBUG[0m [32mInvoked command in 'C:\Users\PLASMINFORGE\Documents\MATLAB_Thesis\geometry2-ros2\matlab_msg_gen\win64\build\ackermann_msgs' returned '0': CommonProgramFiles=%CommonProgramFiles%
CommonProgramFiles(x86)=C:\Program Files (x86)\Common Files ProgramFiles=%ProgramFiles%
ProgramFiles(x86)=C:\Program Files (x86) C:\Program Files\CMake\bin\cmake.EXE C:\Users\PLASMINFORGE\Documents\MATLAB_Thesis\geometry2-ros2\matlab_msg_gen\win64\src\ackermann_msgs -DCMAKE_BUILD_TYPE=Release -DBUILD_TESTING=OFF -DCMAKE_CXX_COMPILER=cl.exe -DCMAKE_C_COMPILER=cl.exe -DCMAKE_LINKER=link.exe -DMSVC_TOOLSET_VERSION=141 -DCMAKE_CXX_FLAGS_RELEASE=/MD /Od /Ob2 /DNDEBUG -DCMAKE_INSTALL_PREFIX=C:\Users\PLASMINFORGE\Documents\MATLAB_Thesis\geometry2-ros2\matlab_msg_gen\win64\install -G Visual Studio 16 2019[0m
[12.746s] [34mcolcon.colcon_core.event_handler.log_command[0m [30mDEBUG[0m [32mInvoking command in 'C:\Users\PLASMINFORGE\Documents\MATLAB_Thesis\geometry2-ros2\matlab_msg_gen\win64\build\ackermann_msgs': CL=/MP CommonProgramFiles=%CommonProgramFiles%
CommonProgramFiles(x86)=C:\Program Files (x86)\Common Files ProgramFiles=%ProgramFiles%
ProgramFiles(x86)=C:\Program Files (x86) C:\Program Files\CMake\bin\cmake.EXE --build C:\Users\PLASMINFORGE\Documents\MATLAB_Thesis\geometry2-ros2\matlab_msg_gen\win64\build\ackermann_msgs --config Release[0m
[13.237s] [34mcolcon.colcon_core.event_handler.log_command[0m [30mDEBUG[0m [32mInvoked command in 'C:\Users\PLASMINFORGE\Documents\MATLAB_Thesis\geometry2-ros2\matlab_msg_gen\win64\build\driverless_msgs' returned '0': CL=/MP CommonProgramFiles=%CommonProgramFiles%
CommonProgramFiles(x86)=C:\Program Files (x86)\Common Files ProgramFiles=%ProgramFiles%
ProgramFiles(x86)=C:\Program Files (x86) C:\Program Files\CMake\bin\cmake.EXE --build C:\Users\PLASMINFORGE\Documents\MATLAB_Thesis\geometry2-ros2\matlab_msg_gen\win64\build\driverless_msgs --config Release[0m
[13.241s] [34mcolcon.colcon_core.event_handler.log_command[0m [30mDEBUG[0m [32mInvoking command in 'None': CommonProgramFiles=%CommonProgramFiles%
CommonProgramFiles(x86)=C:\Program Files (x86)\Common Files ProgramFiles=%ProgramFiles%
ProgramFiles(x86)=C:\Program Files (x86) C:\Program Files (x86)\Microsoft Visual Studio\2019\Community\\MSBuild\Current\Bin\msbuild.EXE /p:Configuration=Release C:\Users\PLASMINFORGE\Documents\MATLAB_Thesis\geometry2-ros2\matlab_msg_gen\win64\build\driverless_msgs\INSTALL.vcxproj[0m
[15.109s] [34mcolcon.colcon_core.environment[0m [30mLevel 1[0m create_environment_scripts_only(tf2_msgs)
[15.113s] [34mcolcon.colcon_core.event_handler.log_command[0m [30mDEBUG[0m [32mInvoked command in 'None' returned '0': CommonProgramFiles=%CommonProgramFiles%
CommonProgramFiles(x86)=C:\Program Files (x86)\Common Files ProgramFiles=%ProgramFiles%
ProgramFiles(x86)=C:\Program Files (x86) C:\Program Files (x86)\Microsoft Visual Studio\2019\Community\\MSBuild\Current\Bin\msbuild.EXE /p:Configuration=Release C:\Users\PLASMINFORGE\Documents\MATLAB_Thesis\geometry2-ros2\matlab_msg_gen\win64\build\tf2_msgs\INSTALL.vcxproj[0m
[15.130s] [34mcolcon.colcon_core.environment[0m [30mLevel 1[0m checking 'C:\Users\PLASMINFORGE\Documents\MATLAB_Thesis\geometry2-ros2\matlab_msg_gen\win64\install' for CMake module files
[15.133s] [34mcolcon.colcon_core.environment[0m [30mLevel 1[0m checking 'C:\Users\PLASMINFORGE\Documents\MATLAB_Thesis\geometry2-ros2\matlab_msg_gen\win64\install' for CMake config files
[15.138s] [34mcolcon.colcon_core.shell[0m [30mLevel 1[0m create_environment_hook('tf2_msgs', 'cmake_prefix_path')
[15.143s] [34mcolcon.colcon_core.shell[0m [30mINFO[0m Creating environment hook 'C:\Users\PLASMINFORGE\Documents\MATLAB_Thesis\geometry2-ros2\matlab_msg_gen\win64\install\share\tf2_msgs\hook\cmake_prefix_path.ps1'
[15.150s] [34mcolcon.colcon_core.shell[0m [30mINFO[0m Creating environment hook 'C:\Users\PLASMINFORGE\Documents\MATLAB_Thesis\geometry2-ros2\matlab_msg_gen\win64\install\share\tf2_msgs\hook\cmake_prefix_path.bat'
[15.161s] [34mcolcon.colcon_core.environment[0m [30mLevel 1[0m checking 'C:\Users\PLASMINFORGE\Documents\MATLAB_Thesis\geometry2-ros2\matlab_msg_gen\win64\install\bin'
[15.161s] [34mcolcon.colcon_core.shell[0m [30mLevel 1[0m create_environment_hook('tf2_msgs', 'path_dll')
[15.165s] [34mcolcon.colcon_core.shell[0m [30mINFO[0m Creating environment hook 'C:\Users\PLASMINFORGE\Documents\MATLAB_Thesis\geometry2-ros2\matlab_msg_gen\win64\install\share\tf2_msgs\hook\path_dll.ps1'
[15.166s] [34mcolcon.colcon_core.shell[0m [30mINFO[0m Creating environment hook 'C:\Users\PLASMINFORGE\Documents\MATLAB_Thesis\geometry2-ros2\matlab_msg_gen\win64\install\share\tf2_msgs\hook\path_dll.bat'
[15.166s] [34mcolcon.colcon_core.environment[0m [30mLevel 1[0m checking 'C:\Users\PLASMINFORGE\Documents\MATLAB_Thesis\geometry2-ros2\matlab_msg_gen\win64\install\bin'
[15.167s] [34mcolcon.colcon_core.shell[0m [30mLevel 1[0m create_environment_hook('tf2_msgs', 'path')
[15.170s] [34mcolcon.colcon_core.shell[0m [30mINFO[0m Creating environment hook 'C:\Users\PLASMINFORGE\Documents\MATLAB_Thesis\geometry2-ros2\matlab_msg_gen\win64\install\share\tf2_msgs\hook\path.ps1'
[15.172s] [34mcolcon.colcon_core.shell[0m [30mINFO[0m Creating environment hook 'C:\Users\PLASMINFORGE\Documents\MATLAB_Thesis\geometry2-ros2\matlab_msg_gen\win64\install\share\tf2_msgs\hook\path.bat'
[15.172s] [34mcolcon.colcon_core.environment[0m [30mLevel 1[0m checking 'C:\Users\PLASMINFORGE\Documents\MATLAB_Thesis\geometry2-ros2\matlab_msg_gen\win64\install\Scripts'
[15.172s] [34mcolcon.colcon_core.environment[0m [30mLevel 1[0m checking 'C:\Users\PLASMINFORGE\Documents\MATLAB_Thesis\geometry2-ros2\matlab_msg_gen\win64\install\lib\pkgconfig\tf2_msgs.pc'
[15.173s] [34mcolcon.colcon_core.environment[0m [30mLevel 1[0m checking 'C:\Users\PLASMINFORGE\Documents\MATLAB_Thesis\geometry2-ros2\matlab_msg_gen\win64\install\Lib\site-packages'
[15.173s] [34mcolcon.colcon_core.shell[0m [30mLevel 1[0m create_environment_hook('tf2_msgs', 'pythonpath')
[15.176s] [34mcolcon.colcon_core.shell[0m [30mINFO[0m Creating environment hook 'C:\Users\PLASMINFORGE\Documents\MATLAB_Thesis\geometry2-ros2\matlab_msg_gen\win64\install\share\tf2_msgs\hook\pythonpath.ps1'
[15.177s] [34mcolcon.colcon_core.shell[0m [30mINFO[0m Creating environment hook 'C:\Users\PLASMINFORGE\Documents\MATLAB_Thesis\geometry2-ros2\matlab_msg_gen\win64\install\share\tf2_msgs\hook\pythonpath.bat'
[15.182s] [34mcolcon.colcon_core.shell[0m [30mINFO[0m Creating package script 'C:\Users\PLASMINFORGE\Documents\MATLAB_Thesis\geometry2-ros2\matlab_msg_gen\win64\install\share\tf2_msgs\package.ps1'
[15.191s] [34mcolcon.colcon_core.shell[0m [30mINFO[0m Creating package script 'C:\Users\PLASMINFORGE\Documents\MATLAB_Thesis\geometry2-ros2\matlab_msg_gen\win64\install\share\tf2_msgs\package.bat'
[15.197s] [34mcolcon.colcon_core.environment[0m [30mLevel 1[0m create_file_with_runtime_dependencies(C:\Users\PLASMINFORGE\Documents\MATLAB_Thesis\geometry2-ros2\matlab_msg_gen\win64\install\share\colcon-core\packages\tf2_msgs)
[18.147s] [34mcolcon.colcon_core.environment[0m [30mLevel 1[0m create_environment_scripts_only(driverless_msgs)
[18.154s] [34mcolcon.colcon_core.environment[0m [30mLevel 1[0m checking 'C:\Users\PLASMINFORGE\Documents\MATLAB_Thesis\geometry2-ros2\matlab_msg_gen\win64\install' for CMake module files
[18.156s] [34mcolcon.colcon_core.event_handler.log_command[0m [30mDEBUG[0m [32mInvoked command in 'None' returned '0': CommonProgramFiles=%CommonProgramFiles%
CommonProgramFiles(x86)=C:\Program Files (x86)\Common Files ProgramFiles=%ProgramFiles%
ProgramFiles(x86)=C:\Program Files (x86) C:\Program Files (x86)\Microsoft Visual Studio\2019\Community\\MSBuild\Current\Bin\msbuild.EXE /p:Configuration=Release C:\Users\PLASMINFORGE\Documents\MATLAB_Thesis\geometry2-ros2\matlab_msg_gen\win64\build\driverless_msgs\INSTALL.vcxproj[0m
[18.158s] [34mcolcon.colcon_core.environment[0m [30mLevel 1[0m checking 'C:\Users\PLASMINFORGE\Documents\MATLAB_Thesis\geometry2-ros2\matlab_msg_gen\win64\install' for CMake config files
[18.165s] [34mcolcon.colcon_core.shell[0m [30mLevel 1[0m create_environment_hook('driverless_msgs', 'cmake_prefix_path')
[18.169s] [34mcolcon.colcon_core.shell[0m [30mINFO[0m Creating environment hook 'C:\Users\PLASMINFORGE\Documents\MATLAB_Thesis\geometry2-ros2\matlab_msg_gen\win64\install\share\driverless_msgs\hook\cmake_prefix_path.ps1'
[18.170s] [34mcolcon.colcon_core.shell[0m [30mINFO[0m Creating environment hook 'C:\Users\PLASMINFORGE\Documents\MATLAB_Thesis\geometry2-ros2\matlab_msg_gen\win64\install\share\driverless_msgs\hook\cmake_prefix_path.bat'
[18.171s] [34mcolcon.colcon_core.environment[0m [30mLevel 1[0m checking 'C:\Users\PLASMINFORGE\Documents\MATLAB_Thesis\geometry2-ros2\matlab_msg_gen\win64\install\bin'
[18.171s] [34mcolcon.colcon_core.shell[0m [30mLevel 1[0m create_environment_hook('driverless_msgs', 'path_dll')
[18.176s] [34mcolcon.colcon_core.shell[0m [30mINFO[0m Creating environment hook 'C:\Users\PLASMINFORGE\Documents\MATLAB_Thesis\geometry2-ros2\matlab_msg_gen\win64\install\share\driverless_msgs\hook\path_dll.ps1'
[18.177s] [34mcolcon.colcon_core.shell[0m [30mINFO[0m Creating environment hook 'C:\Users\PLASMINFORGE\Documents\MATLAB_Thesis\geometry2-ros2\matlab_msg_gen\win64\install\share\driverless_msgs\hook\path_dll.bat'
[18.178s] [34mcolcon.colcon_core.environment[0m [30mLevel 1[0m checking 'C:\Users\PLASMINFORGE\Documents\MATLAB_Thesis\geometry2-ros2\matlab_msg_gen\win64\install\bin'
[18.178s] [34mcolcon.colcon_core.shell[0m [30mLevel 1[0m create_environment_hook('driverless_msgs', 'path')
[18.181s] [34mcolcon.colcon_core.shell[0m [30mINFO[0m Creating environment hook 'C:\Users\PLASMINFORGE\Documents\MATLAB_Thesis\geometry2-ros2\matlab_msg_gen\win64\install\share\driverless_msgs\hook\path.ps1'
[18.182s] [34mcolcon.colcon_core.shell[0m [30mINFO[0m Creating environment hook 'C:\Users\PLASMINFORGE\Documents\MATLAB_Thesis\geometry2-ros2\matlab_msg_gen\win64\install\share\driverless_msgs\hook\path.bat'
[18.183s] [34mcolcon.colcon_core.environment[0m [30mLevel 1[0m checking 'C:\Users\PLASMINFORGE\Documents\MATLAB_Thesis\geometry2-ros2\matlab_msg_gen\win64\install\Scripts'
[18.183s] [34mcolcon.colcon_core.environment[0m [30mLevel 1[0m checking 'C:\Users\PLASMINFORGE\Documents\MATLAB_Thesis\geometry2-ros2\matlab_msg_gen\win64\install\lib\pkgconfig\driverless_msgs.pc'
[18.183s] [34mcolcon.colcon_core.environment[0m [30mLevel 1[0m checking 'C:\Users\PLASMINFORGE\Documents\MATLAB_Thesis\geometry2-ros2\matlab_msg_gen\win64\install\Lib\site-packages'
[18.183s] [34mcolcon.colcon_core.shell[0m [30mLevel 1[0m create_environment_hook('driverless_msgs', 'pythonpath')
[18.187s] [34mcolcon.colcon_core.shell[0m [30mINFO[0m Creating environment hook 'C:\Users\PLASMINFORGE\Documents\MATLAB_Thesis\geometry2-ros2\matlab_msg_gen\win64\install\share\driverless_msgs\hook\pythonpath.ps1'
[18.187s] [34mcolcon.colcon_core.shell[0m [30mINFO[0m Creating environment hook 'C:\Users\PLASMINFORGE\Documents\MATLAB_Thesis\geometry2-ros2\matlab_msg_gen\win64\install\share\driverless_msgs\hook\pythonpath.bat'
[18.192s] [34mcolcon.colcon_core.shell[0m [30mINFO[0m Creating package script 'C:\Users\PLASMINFORGE\Documents\MATLAB_Thesis\geometry2-ros2\matlab_msg_gen\win64\install\share\driverless_msgs\package.ps1'
[18.193s] [34mcolcon.colcon_core.shell[0m [30mINFO[0m Creating package script 'C:\Users\PLASMINFORGE\Documents\MATLAB_Thesis\geometry2-ros2\matlab_msg_gen\win64\install\share\driverless_msgs\package.bat'
[18.194s] [34mcolcon.colcon_core.environment[0m [30mLevel 1[0m create_file_with_runtime_dependencies(C:\Users\PLASMINFORGE\Documents\MATLAB_Thesis\geometry2-ros2\matlab_msg_gen\win64\install\share\colcon-core\packages\driverless_msgs)
[27.840s] [34mcolcon.colcon_core.event_handler.log_command[0m [30mDEBUG[0m [32mInvoked command in 'C:\Users\PLASMINFORGE\Documents\MATLAB_Thesis\geometry2-ros2\matlab_msg_gen\win64\build\ackermann_msgs' returned '0': CL=/MP CommonProgramFiles=%CommonProgramFiles%
CommonProgramFiles(x86)=C:\Program Files (x86)\Common Files ProgramFiles=%ProgramFiles%
ProgramFiles(x86)=C:\Program Files (x86) C:\Program Files\CMake\bin\cmake.EXE --build C:\Users\PLASMINFORGE\Documents\MATLAB_Thesis\geometry2-ros2\matlab_msg_gen\win64\build\ackermann_msgs --config Release[0m
[27.842s] [34mcolcon.colcon_core.event_handler.log_command[0m [30mDEBUG[0m [32mInvoking command in 'None': CommonProgramFiles=%CommonProgramFiles%
CommonProgramFiles(x86)=C:\Program Files (x86)\Common Files ProgramFiles=%ProgramFiles%
ProgramFiles(x86)=C:\Program Files (x86) C:\Program Files (x86)\Microsoft Visual Studio\2019\Community\\MSBuild\Current\Bin\msbuild.EXE /p:Configuration=Release C:\Users\PLASMINFORGE\Documents\MATLAB_Thesis\geometry2-ros2\matlab_msg_gen\win64\build\ackermann_msgs\INSTALL.vcxproj[0m
[30.262s] [34mcolcon.colcon_core.environment[0m [30mLevel 1[0m create_environment_scripts_only(ackermann_msgs)
[30.269s] [34mcolcon.colcon_core.environment[0m [30mLevel 1[0m checking 'C:\Users\PLASMINFORGE\Documents\MATLAB_Thesis\geometry2-ros2\matlab_msg_gen\win64\install' for CMake module files
[30.270s] [34mcolcon.colcon_core.event_handler.log_command[0m [30mDEBUG[0m [32mInvoked command in 'None' returned '0': CommonProgramFiles=%CommonProgramFiles%
CommonProgramFiles(x86)=C:\Program Files (x86)\Common Files ProgramFiles=%ProgramFiles%
ProgramFiles(x86)=C:\Program Files (x86) C:\Program Files (x86)\Microsoft Visual Studio\2019\Community\\MSBuild\Current\Bin\msbuild.EXE /p:Configuration=Release C:\Users\PLASMINFORGE\Documents\MATLAB_Thesis\geometry2-ros2\matlab_msg_gen\win64\build\ackermann_msgs\INSTALL.vcxproj[0m
[30.271s] [34mcolcon.colcon_core.environment[0m [30mLevel 1[0m checking 'C:\Users\PLASMINFORGE\Documents\MATLAB_Thesis\geometry2-ros2\matlab_msg_gen\win64\install' for CMake config files
[30.275s] [34mcolcon.colcon_core.shell[0m [30mLevel 1[0m create_environment_hook('ackermann_msgs', 'cmake_prefix_path')
[30.279s] [34mcolcon.colcon_core.shell[0m [30mINFO[0m Creating environment hook 'C:\Users\PLASMINFORGE\Documents\MATLAB_Thesis\geometry2-ros2\matlab_msg_gen\win64\install\share\ackermann_msgs\hook\cmake_prefix_path.ps1'
[30.280s] [34mcolcon.colcon_core.shell[0m [30mINFO[0m Creating environment hook 'C:\Users\PLASMINFORGE\Documents\MATLAB_Thesis\geometry2-ros2\matlab_msg_gen\win64\install\share\ackermann_msgs\hook\cmake_prefix_path.bat'
[30.281s] [34mcolcon.colcon_core.environment[0m [30mLevel 1[0m checking 'C:\Users\PLASMINFORGE\Documents\MATLAB_Thesis\geometry2-ros2\matlab_msg_gen\win64\install\bin'
[30.282s] [34mcolcon.colcon_core.shell[0m [30mLevel 1[0m create_environment_hook('ackermann_msgs', 'path_dll')
[30.285s] [34mcolcon.colcon_core.shell[0m [30mINFO[0m Creating environment hook 'C:\Users\PLASMINFORGE\Documents\MATLAB_Thesis\geometry2-ros2\matlab_msg_gen\win64\install\share\ackermann_msgs\hook\path_dll.ps1'
[30.287s] [34mcolcon.colcon_core.shell[0m [30mINFO[0m Creating environment hook 'C:\Users\PLASMINFORGE\Documents\MATLAB_Thesis\geometry2-ros2\matlab_msg_gen\win64\install\share\ackermann_msgs\hook\path_dll.bat'
[30.288s] [34mcolcon.colcon_core.environment[0m [30mLevel 1[0m checking 'C:\Users\PLASMINFORGE\Documents\MATLAB_Thesis\geometry2-ros2\matlab_msg_gen\win64\install\bin'
[30.288s] [34mcolcon.colcon_core.shell[0m [30mLevel 1[0m create_environment_hook('ackermann_msgs', 'path')
[30.293s] [34mcolcon.colcon_core.shell[0m [30mINFO[0m Creating environment hook 'C:\Users\PLASMINFORGE\Documents\MATLAB_Thesis\geometry2-ros2\matlab_msg_gen\win64\install\share\ackermann_msgs\hook\path.ps1'
[30.304s] [34mcolcon.colcon_core.shell[0m [30mINFO[0m Creating environment hook 'C:\Users\PLASMINFORGE\Documents\MATLAB_Thesis\geometry2-ros2\matlab_msg_gen\win64\install\share\ackermann_msgs\hook\path.bat'
[30.305s] [34mcolcon.colcon_core.environment[0m [30mLevel 1[0m checking 'C:\Users\PLASMINFORGE\Documents\MATLAB_Thesis\geometry2-ros2\matlab_msg_gen\win64\install\Scripts'
[30.305s] [34mcolcon.colcon_core.environment[0m [30mLevel 1[0m checking 'C:\Users\PLASMINFORGE\Documents\MATLAB_Thesis\geometry2-ros2\matlab_msg_gen\win64\install\lib\pkgconfig\ackermann_msgs.pc'
[30.305s] [34mcolcon.colcon_core.environment[0m [30mLevel 1[0m checking 'C:\Users\PLASMINFORGE\Documents\MATLAB_Thesis\geometry2-ros2\matlab_msg_gen\win64\install\Lib\site-packages'
[30.305s] [34mcolcon.colcon_core.shell[0m [30mLevel 1[0m create_environment_hook('ackermann_msgs', 'pythonpath')
[30.311s] [34mcolcon.colcon_core.shell[0m [30mINFO[0m Creating environment hook 'C:\Users\PLASMINFORGE\Documents\MATLAB_Thesis\geometry2-ros2\matlab_msg_gen\win64\install\share\ackermann_msgs\hook\pythonpath.ps1'
[30.313s] [34mcolcon.colcon_core.shell[0m [30mINFO[0m Creating environment hook 'C:\Users\PLASMINFORGE\Documents\MATLAB_Thesis\geometry2-ros2\matlab_msg_gen\win64\install\share\ackermann_msgs\hook\pythonpath.bat'
[30.318s] [34mcolcon.colcon_core.shell[0m [30mINFO[0m Creating package script 'C:\Users\PLASMINFORGE\Documents\MATLAB_Thesis\geometry2-ros2\matlab_msg_gen\win64\install\share\ackermann_msgs\package.ps1'
[30.319s] [34mcolcon.colcon_core.shell[0m [30mINFO[0m Creating package script 'C:\Users\PLASMINFORGE\Documents\MATLAB_Thesis\geometry2-ros2\matlab_msg_gen\win64\install\share\ackermann_msgs\package.bat'
[30.320s] [34mcolcon.colcon_core.environment[0m [30mLevel 1[0m create_file_with_runtime_dependencies(C:\Users\PLASMINFORGE\Documents\MATLAB_Thesis\geometry2-ros2\matlab_msg_gen\win64\install\share\colcon-core\packages\ackermann_msgs)
[30.321s] [34mcolcon.colcon_parallel_executor.executor.parallel[0m [30mDEBUG[0m [32mrun_until_complete finished with '0'[0m
[30.322s] [34mcolcon.colcon_core.event_reactor[0m [30mDEBUG[0m [32mjoining thread[0m
[30.333s] [34mcolcon.colcon_core.plugin_system[0m [30mINFO[0m Skipping extension 'colcon_notification.desktop_notification.notify2': 'notify2' not found
[30.333s] [34mcolcon.colcon_core.plugin_system[0m [30mINFO[0m Skipping extension 'colcon_notification.desktop_notification.notify_send': Not used on non-Linux systems
[30.334s] [34mcolcon.colcon_core.plugin_system[0m [30mINFO[0m Skipping extension 'colcon_notification.desktop_notification.terminal_notifier': Not used on non-Darwin systems
[30.334s] [34mcolcon.colcon_notification.desktop_notification[0m [30mINFO[0m Sending desktop notification using 'win32'
[35.467s] [34mcolcon.colcon_core.event_reactor[0m [30mDEBUG[0m [32mjoined thread[0m
[35.474s] [34mcolcon.colcon_core.shell[0m [30mINFO[0m Creating prefix script 'C:\Users\PLASMINFORGE\Documents\MATLAB_Thesis\geometry2-ros2\matlab_msg_gen\win64\install\local_setup.ps1'
[35.499s] [34mcolcon.colcon_core.shell[0m [30mINFO[0m Creating prefix chain script 'C:\Users\PLASMINFORGE\Documents\MATLAB_Thesis\geometry2-ros2\matlab_msg_gen\win64\install\setup.ps1'
[35.514s] [34mcolcon.colcon_core.shell[0m [30mINFO[0m Creating prefix script 'C:\Users\PLASMINFORGE\Documents\MATLAB_Thesis\geometry2-ros2\matlab_msg_gen\win64\install\local_setup.bat'
[35.526s] [34mcolcon.colcon_core.shell[0m [30mINFO[0m Creating prefix chain script 'C:\Users\PLASMINFORGE\Documents\MATLAB_Thesis\geometry2-ros2\matlab_msg_gen\win64\install\setup.bat'
