[3.680s] [34mcolcon[0m [30mDEBUG[0m [32mCommand line arguments: ['C:\\Users\\PLASMINFORGE\\AppData\\Roaming\\MathWorks\\MATLAB\\R2021b\\ros2\\win64\\venv\\Scripts\\colcon', 'build', '--merge-install', '--cmake-args', '-G', 'Ninja', '--cmake-args', '-DCMAKE_BUILD_TYPE=Release', '-DBUILD_TESTING=OFF', '-DCMAKE_CXX_COMPILER=cl.exe', '-DCMAKE_C_COMPILER=cl.exe', '-DCMAKE_LINKER=link.exe', '-DMSVC_TOOLSET_VERSION=141', '-DCMAKE_CXX_FLAGS_RELEASE=/MD /Od /Ob2 /DNDEBUG'][0m
[3.680s] [34mcolcon[0m [30mDEBUG[0m [32mParsed command line arguments: Namespace(ament_cmake_args=None, base_paths='.', build_base='build', catkin_cmake_args=None, catkin_skip_building_tests=False, cmake_args=['-DCMAKE_BUILD_TYPE=Release', '-DBUILD_TESTING=OFF', '-DCMAKE_CXX_COMPILER=cl.exe', '-DCMAKE_C_COMPILER=cl.exe', '-DCMAKE_LINKER=link.exe', '-DMSVC_TOOLSET_VERSION=141', '-DCMAKE_CXX_FLAGS_RELEASE=/MD /Od /Ob2 /DNDEBUG'], cmake_clean_cache=False, cmake_clean_first=False, cmake_force_configure=False, cmake_target=None, cmake_target_skip_unavailable=False, continue_on_error=False, event_handlers=None, executor='parallel', ignore_user_meta=False, install_base='install', log_base='log', log_level=None, main=<bound method BuildVerb.main of <colcon_core.verb.build.BuildVerb object at 0x000001568742B448>>, merge_install=True, metas='./colcon.meta', packages_above=None, packages_above_depth=None, packages_end=None, packages_ignore=None, packages_ignore_regex=None, packages_select=None, packages_select_build_failed=False, packages_select_by_dep=None, packages_select_regex=None, packages_select_test_failures=False, packages_skip=None, packages_skip_build_finished=False, packages_skip_by_dep=None, packages_skip_regex=None, packages_skip_test_passed=False, packages_skip_up_to=None, packages_start=None, packages_up_to=None, parallel_workers=8, paths=None, symlink_install=False, test_result_base=None, verb_extension=<colcon_core.verb.build.BuildVerb object at 0x000001568742B448>, verb_name='build', verb_parser=<colcon_defaults.argument_parser.defaults.DefaultArgumentsDecorator object at 0x000001568742BA48>)[0m
[3.896s] [34mcolcon.colcon_core.package_discovery[0m [30mLevel 1[0m discover_packages(colcon_meta) check parameters
[3.897s] [34mcolcon.colcon_core.package_discovery[0m [30mLevel 1[0m discover_packages(recursive) check parameters
[3.897s] [34mcolcon.colcon_core.package_discovery[0m [30mLevel 1[0m discover_packages(ignore) check parameters
[3.897s] [34mcolcon.colcon_core.package_discovery[0m [30mLevel 1[0m discover_packages(path) check parameters
[3.897s] [34mcolcon.colcon_core.package_discovery[0m [30mLevel 1[0m discover_packages(recursive) discover
[3.898s] [34mcolcon.colcon_core.package_discovery[0m [30mINFO[0m Crawling recursively for packages in 'C:\Users\PLASMINFORGE\Documents\MATLAB_Thesis\geometry2-ros2\matlab_msg_gen\win64'
[3.898s] [34mcolcon.colcon_core.package_identification[0m [30mLevel 1[0m _identify(C:\Users\PLASMINFORGE\Documents\MATLAB_Thesis\geometry2-ros2\matlab_msg_gen\win64) by extensions ['ignore', 'ignore_ament_install']
[3.898s] [34mcolcon.colcon_core.package_identification[0m [30mLevel 1[0m _identify(C:\Users\PLASMINFORGE\Documents\MATLAB_Thesis\geometry2-ros2\matlab_msg_gen\win64) by extension 'ignore'
[3.898s] [34mcolcon.colcon_core.package_identification[0m [30mLevel 1[0m _identify(C:\Users\PLASMINFORGE\Documents\MATLAB_Thesis\geometry2-ros2\matlab_msg_gen\win64) by extension 'ignore_ament_install'
[3.898s] [34mcolcon.colcon_core.package_identification[0m [30mLevel 1[0m _identify(C:\Users\PLASMINFORGE\Documents\MATLAB_Thesis\geometry2-ros2\matlab_msg_gen\win64) by extensions ['colcon_pkg']
[3.898s] [34mcolcon.colcon_core.package_identification[0m [30mLevel 1[0m _identify(C:\Users\PLASMINFORGE\Documents\MATLAB_Thesis\geometry2-ros2\matlab_msg_gen\win64) by extension 'colcon_pkg'
[3.898s] [34mcolcon.colcon_core.package_identification[0m [30mLevel 1[0m _identify(C:\Users\PLASMINFORGE\Documents\MATLAB_Thesis\geometry2-ros2\matlab_msg_gen\win64) by extensions ['colcon_meta']
[3.899s] [34mcolcon.colcon_core.package_identification[0m [30mLevel 1[0m _identify(C:\Users\PLASMINFORGE\Documents\MATLAB_Thesis\geometry2-ros2\matlab_msg_gen\win64) by extension 'colcon_meta'
[3.899s] [34mcolcon.colcon_core.package_identification[0m [30mLevel 1[0m _identify(C:\Users\PLASMINFORGE\Documents\MATLAB_Thesis\geometry2-ros2\matlab_msg_gen\win64) by extensions ['ros']
[3.899s] [34mcolcon.colcon_core.package_identification[0m [30mLevel 1[0m _identify(C:\Users\PLASMINFORGE\Documents\MATLAB_Thesis\geometry2-ros2\matlab_msg_gen\win64) by extension 'ros'
[3.941s] [34mcolcon.colcon_core.package_identification[0m [30mLevel 1[0m _identify(C:\Users\PLASMINFORGE\Documents\MATLAB_Thesis\geometry2-ros2\matlab_msg_gen\win64) by extensions ['cmake', 'python']
[3.942s] [34mcolcon.colcon_core.package_identification[0m [30mLevel 1[0m _identify(C:\Users\PLASMINFORGE\Documents\MATLAB_Thesis\geometry2-ros2\matlab_msg_gen\win64) by extension 'cmake'
[3.942s] [34mcolcon.colcon_core.package_identification[0m [30mLevel 1[0m _identify(C:\Users\PLASMINFORGE\Documents\MATLAB_Thesis\geometry2-ros2\matlab_msg_gen\win64) by extension 'python'
[3.942s] [34mcolcon.colcon_core.package_identification[0m [30mLevel 1[0m _identify(C:\Users\PLASMINFORGE\Documents\MATLAB_Thesis\geometry2-ros2\matlab_msg_gen\win64) by extensions ['python_setup_py']
[3.942s] [34mcolcon.colcon_core.package_identification[0m [30mLevel 1[0m _identify(C:\Users\PLASMINFORGE\Documents\MATLAB_Thesis\geometry2-ros2\matlab_msg_gen\win64) by extension 'python_setup_py'
[3.942s] [34mcolcon.colcon_core.package_identification[0m [30mLevel 1[0m _identify(C:\Users\PLASMINFORGE\Documents\MATLAB_Thesis\geometry2-ros2\matlab_msg_gen\win64\build) by extensions ['ignore', 'ignore_ament_install']
[3.943s] [34mcolcon.colcon_core.package_identification[0m [30mLevel 1[0m _identify(C:\Users\PLASMINFORGE\Documents\MATLAB_Thesis\geometry2-ros2\matlab_msg_gen\win64\build) by extension 'ignore'
[3.943s] [34mcolcon.colcon_core.package_identification[0m [30mLevel 1[0m _identify(C:\Users\PLASMINFORGE\Documents\MATLAB_Thesis\geometry2-ros2\matlab_msg_gen\win64\build) ignored
[3.943s] [34mcolcon.colcon_core.package_identification[0m [30mLevel 1[0m _identify(C:\Users\PLASMINFORGE\Documents\MATLAB_Thesis\geometry2-ros2\matlab_msg_gen\win64\install) by extensions ['ignore', 'ignore_ament_install']
[3.943s] [34mcolcon.colcon_core.package_identification[0m [30mLevel 1[0m _identify(C:\Users\PLASMINFORGE\Documents\MATLAB_Thesis\geometry2-ros2\matlab_msg_gen\win64\install) by extension 'ignore'
[3.943s] [34mcolcon.colcon_core.package_identification[0m [30mLevel 1[0m _identify(C:\Users\PLASMINFORGE\Documents\MATLAB_Thesis\geometry2-ros2\matlab_msg_gen\win64\install) ignored
[3.943s] [34mcolcon.colcon_core.package_identification[0m [30mLevel 1[0m _identify(C:\Users\PLASMINFORGE\Documents\MATLAB_Thesis\geometry2-ros2\matlab_msg_gen\win64\log) by extensions ['ignore', 'ignore_ament_install']
[3.943s] [34mcolcon.colcon_core.package_identification[0m [30mLevel 1[0m _identify(C:\Users\PLASMINFORGE\Documents\MATLAB_Thesis\geometry2-ros2\matlab_msg_gen\win64\log) by extension 'ignore'
[3.944s] [34mcolcon.colcon_core.package_identification[0m [30mLevel 1[0m _identify(C:\Users\PLASMINFORGE\Documents\MATLAB_Thesis\geometry2-ros2\matlab_msg_gen\win64\log) ignored
[3.944s] [34mcolcon.colcon_core.package_identification[0m [30mLevel 1[0m _identify(C:\Users\PLASMINFORGE\Documents\MATLAB_Thesis\geometry2-ros2\matlab_msg_gen\win64\src) by extensions ['ignore', 'ignore_ament_install']
[3.944s] [34mcolcon.colcon_core.package_identification[0m [30mLevel 1[0m _identify(C:\Users\PLASMINFORGE\Documents\MATLAB_Thesis\geometry2-ros2\matlab_msg_gen\win64\src) by extension 'ignore'
[3.944s] [34mcolcon.colcon_core.package_identification[0m [30mLevel 1[0m _identify(C:\Users\PLASMINFORGE\Documents\MATLAB_Thesis\geometry2-ros2\matlab_msg_gen\win64\src) by extension 'ignore_ament_install'
[3.944s] [34mcolcon.colcon_core.package_identification[0m [30mLevel 1[0m _identify(C:\Users\PLASMINFORGE\Documents\MATLAB_Thesis\geometry2-ros2\matlab_msg_gen\win64\src) by extensions ['colcon_pkg']
[3.944s] [34mcolcon.colcon_core.package_identification[0m [30mLevel 1[0m _identify(C:\Users\PLASMINFORGE\Documents\MATLAB_Thesis\geometry2-ros2\matlab_msg_gen\win64\src) by extension 'colcon_pkg'
[3.944s] [34mcolcon.colcon_core.package_identification[0m [30mLevel 1[0m _identify(C:\Users\PLASMINFORGE\Documents\MATLAB_Thesis\geometry2-ros2\matlab_msg_gen\win64\src) by extensions ['colcon_meta']
[3.945s] [34mcolcon.colcon_core.package_identification[0m [30mLevel 1[0m _identify(C:\Users\PLASMINFORGE\Documents\MATLAB_Thesis\geometry2-ros2\matlab_msg_gen\win64\src) by extension 'colcon_meta'
[3.945s] [34mcolcon.colcon_core.package_identification[0m [30mLevel 1[0m _identify(C:\Users\PLASMINFORGE\Documents\MATLAB_Thesis\geometry2-ros2\matlab_msg_gen\win64\src) by extensions ['ros']
[3.945s] [34mcolcon.colcon_core.package_identification[0m [30mLevel 1[0m _identify(C:\Users\PLASMINFORGE\Documents\MATLAB_Thesis\geometry2-ros2\matlab_msg_gen\win64\src) by extension 'ros'
[3.945s] [34mcolcon.colcon_core.package_identification[0m [30mLevel 1[0m _identify(C:\Users\PLASMINFORGE\Documents\MATLAB_Thesis\geometry2-ros2\matlab_msg_gen\win64\src) by extensions ['cmake', 'python']
[3.945s] [34mcolcon.colcon_core.package_identification[0m [30mLevel 1[0m _identify(C:\Users\PLASMINFORGE\Documents\MATLAB_Thesis\geometry2-ros2\matlab_msg_gen\win64\src) by extension 'cmake'
[3.945s] [34mcolcon.colcon_core.package_identification[0m [30mLevel 1[0m _identify(C:\Users\PLASMINFORGE\Documents\MATLAB_Thesis\geometry2-ros2\matlab_msg_gen\win64\src) by extension 'python'
[3.946s] [34mcolcon.colcon_core.package_identification[0m [30mLevel 1[0m _identify(C:\Users\PLASMINFORGE\Documents\MATLAB_Thesis\geometry2-ros2\matlab_msg_gen\win64\src) by extensions ['python_setup_py']
[3.946s] [34mcolcon.colcon_core.package_identification[0m [30mLevel 1[0m _identify(C:\Users\PLASMINFORGE\Documents\MATLAB_Thesis\geometry2-ros2\matlab_msg_gen\win64\src) by extension 'python_setup_py'
[3.946s] [34mcolcon.colcon_core.package_identification[0m [30mLevel 1[0m _identify(C:\Users\PLASMINFORGE\Documents\MATLAB_Thesis\geometry2-ros2\matlab_msg_gen\win64\src\driverless_msgs) by extensions ['ignore', 'ignore_ament_install']
[3.946s] [34mcolcon.colcon_core.package_identification[0m [30mLevel 1[0m _identify(C:\Users\PLASMINFORGE\Documents\MATLAB_Thesis\geometry2-ros2\matlab_msg_gen\win64\src\driverless_msgs) by extension 'ignore'
[3.947s] [34mcolcon.colcon_core.package_identification[0m [30mLevel 1[0m _identify(C:\Users\PLASMINFORGE\Documents\MATLAB_Thesis\geometry2-ros2\matlab_msg_gen\win64\src\driverless_msgs) by extension 'ignore_ament_install'
[3.947s] [34mcolcon.colcon_core.package_identification[0m [30mLevel 1[0m _identify(C:\Users\PLASMINFORGE\Documents\MATLAB_Thesis\geometry2-ros2\matlab_msg_gen\win64\src\driverless_msgs) by extensions ['colcon_pkg']
[3.947s] [34mcolcon.colcon_core.package_identification[0m [30mLevel 1[0m _identify(C:\Users\PLASMINFORGE\Documents\MATLAB_Thesis\geometry2-ros2\matlab_msg_gen\win64\src\driverless_msgs) by extension 'colcon_pkg'
[3.947s] [34mcolcon.colcon_core.package_identification[0m [30mLevel 1[0m _identify(C:\Users\PLASMINFORGE\Documents\MATLAB_Thesis\geometry2-ros2\matlab_msg_gen\win64\src\driverless_msgs) by extensions ['colcon_meta']
[3.947s] [34mcolcon.colcon_core.package_identification[0m [30mLevel 1[0m _identify(C:\Users\PLASMINFORGE\Documents\MATLAB_Thesis\geometry2-ros2\matlab_msg_gen\win64\src\driverless_msgs) by extension 'colcon_meta'
[3.947s] [34mcolcon.colcon_core.package_identification[0m [30mLevel 1[0m _identify(C:\Users\PLASMINFORGE\Documents\MATLAB_Thesis\geometry2-ros2\matlab_msg_gen\win64\src\driverless_msgs) by extensions ['ros']
[3.947s] [34mcolcon.colcon_core.package_identification[0m [30mLevel 1[0m _identify(C:\Users\PLASMINFORGE\Documents\MATLAB_Thesis\geometry2-ros2\matlab_msg_gen\win64\src\driverless_msgs) by extension 'ros'
[3.966s] [34mcolcon.colcon_core.package_identification[0m [30mDEBUG[0m [32mPackage 'C:\Users\PLASMINFORGE\Documents\MATLAB_Thesis\geometry2-ros2\matlab_msg_gen\win64\src\driverless_msgs' with type 'ros.ament_cmake' and name 'driverless_msgs'[0m
[3.967s] [34mcolcon.colcon_core.package_identification[0m [30mLevel 1[0m _identify(C:\Users\PLASMINFORGE\Documents\MATLAB_Thesis\geometry2-ros2\matlab_msg_gen\win64\src\tf2_msgs) by extensions ['ignore', 'ignore_ament_install']
[3.967s] [34mcolcon.colcon_core.package_identification[0m [30mLevel 1[0m _identify(C:\Users\PLASMINFORGE\Documents\MATLAB_Thesis\geometry2-ros2\matlab_msg_gen\win64\src\tf2_msgs) by extension 'ignore'
[3.968s] [34mcolcon.colcon_core.package_identification[0m [30mLevel 1[0m _identify(C:\Users\PLASMINFORGE\Documents\MATLAB_Thesis\geometry2-ros2\matlab_msg_gen\win64\src\tf2_msgs) by extension 'ignore_ament_install'
[3.969s] [34mcolcon.colcon_core.package_identification[0m [30mLevel 1[0m _identify(C:\Users\PLASMINFORGE\Documents\MATLAB_Thesis\geometry2-ros2\matlab_msg_gen\win64\src\tf2_msgs) by extensions ['colcon_pkg']
[3.969s] [34mcolcon.colcon_core.package_identification[0m [30mLevel 1[0m _identify(C:\Users\PLASMINFORGE\Documents\MATLAB_Thesis\geometry2-ros2\matlab_msg_gen\win64\src\tf2_msgs) by extension 'colcon_pkg'
[3.969s] [34mcolcon.colcon_core.package_identification[0m [30mLevel 1[0m _identify(C:\Users\PLASMINFORGE\Documents\MATLAB_Thesis\geometry2-ros2\matlab_msg_gen\win64\src\tf2_msgs) by extensions ['colcon_meta']
[3.969s] [34mcolcon.colcon_core.package_identification[0m [30mLevel 1[0m _identify(C:\Users\PLASMINFORGE\Documents\MATLAB_Thesis\geometry2-ros2\matlab_msg_gen\win64\src\tf2_msgs) by extension 'colcon_meta'
[3.969s] [34mcolcon.colcon_core.package_identification[0m [30mLevel 1[0m _identify(C:\Users\PLASMINFORGE\Documents\MATLAB_Thesis\geometry2-ros2\matlab_msg_gen\win64\src\tf2_msgs) by extensions ['ros']
[3.970s] [34mcolcon.colcon_core.package_identification[0m [30mLevel 1[0m _identify(C:\Users\PLASMINFORGE\Documents\MATLAB_Thesis\geometry2-ros2\matlab_msg_gen\win64\src\tf2_msgs) by extension 'ros'
[3.972s] [34mcolcon.colcon_core.package_identification[0m [30mDEBUG[0m [32mPackage 'C:\Users\PLASMINFORGE\Documents\MATLAB_Thesis\geometry2-ros2\matlab_msg_gen\win64\src\tf2_msgs' with type 'ros.ament_cmake' and name 'tf2_msgs'[0m
[3.972s] [34mcolcon.colcon_core.package_discovery[0m [30mLevel 1[0m discover_packages(recursive) using defaults
[4.018s] [34mcolcon.colcon_core.verb[0m [30mLevel 5[0m set package 'driverless_msgs' build argument 'cmake_args' from command line to '['-DCMAKE_BUILD_TYPE=Release', '-DBUILD_TESTING=OFF', '-DCMAKE_CXX_COMPILER=cl.exe', '-DCMAKE_C_COMPILER=cl.exe', '-DCMAKE_LINKER=link.exe', '-DMSVC_TOOLSET_VERSION=141', '-DCMAKE_CXX_FLAGS_RELEASE=/MD /Od /Ob2 /DNDEBUG']'
[4.018s] [34mcolcon.colcon_core.verb[0m [30mLevel 5[0m set package 'driverless_msgs' build argument 'cmake_target' from command line to 'None'
[4.018s] [34mcolcon.colcon_core.verb[0m [30mLevel 5[0m set package 'driverless_msgs' build argument 'cmake_target_skip_unavailable' from command line to 'False'
[4.018s] [34mcolcon.colcon_core.verb[0m [30mLevel 5[0m set package 'driverless_msgs' build argument 'cmake_clean_cache' from command line to 'False'
[4.018s] [34mcolcon.colcon_core.verb[0m [30mLevel 5[0m set package 'driverless_msgs' build argument 'cmake_clean_first' from command line to 'False'
[4.018s] [34mcolcon.colcon_core.verb[0m [30mLevel 5[0m set package 'driverless_msgs' build argument 'cmake_force_configure' from command line to 'False'
[4.018s] [34mcolcon.colcon_core.verb[0m [30mLevel 5[0m set package 'driverless_msgs' build argument 'ament_cmake_args' from command line to 'None'
[4.018s] [34mcolcon.colcon_core.verb[0m [30mLevel 5[0m set package 'driverless_msgs' build argument 'catkin_cmake_args' from command line to 'None'
[4.018s] [34mcolcon.colcon_core.verb[0m [30mLevel 5[0m set package 'driverless_msgs' build argument 'catkin_skip_building_tests' from command line to 'False'
[4.019s] [34mcolcon.colcon_core.verb[0m [30mDEBUG[0m [32mBuilding package 'driverless_msgs' with the following arguments: {'ament_cmake_args': None, 'build_base': 'C:\\Users\\PLASMINFORGE\\Documents\\MATLAB_Thesis\\geometry2-ros2\\matlab_msg_gen\\win64\\build\\driverless_msgs', 'catkin_cmake_args': None, 'catkin_skip_building_tests': False, 'cmake_args': ['-DCMAKE_BUILD_TYPE=Release', '-DBUILD_TESTING=OFF', '-DCMAKE_CXX_COMPILER=cl.exe', '-DCMAKE_C_COMPILER=cl.exe', '-DCMAKE_LINKER=link.exe', '-DMSVC_TOOLSET_VERSION=141', '-DCMAKE_CXX_FLAGS_RELEASE=/MD /Od /Ob2 /DNDEBUG'], 'cmake_clean_cache': False, 'cmake_clean_first': False, 'cmake_force_configure': False, 'cmake_target': None, 'cmake_target_skip_unavailable': False, 'install_base': 'C:\\Users\\PLASMINFORGE\\Documents\\MATLAB_Thesis\\geometry2-ros2\\matlab_msg_gen\\win64\\install', 'merge_install': True, 'path': 'C:\\Users\\PLASMINFORGE\\Documents\\MATLAB_Thesis\\geometry2-ros2\\matlab_msg_gen\\win64\\src\\driverless_msgs', 'symlink_install': False, 'test_result_base': None}[0m
[4.033s] [34mcolcon.colcon_core.verb[0m [30mLevel 5[0m set package 'tf2_msgs' build argument 'cmake_args' from command line to '['-DCMAKE_BUILD_TYPE=Release', '-DBUILD_TESTING=OFF', '-DCMAKE_CXX_COMPILER=cl.exe', '-DCMAKE_C_COMPILER=cl.exe', '-DCMAKE_LINKER=link.exe', '-DMSVC_TOOLSET_VERSION=141', '-DCMAKE_CXX_FLAGS_RELEASE=/MD /Od /Ob2 /DNDEBUG']'
[4.034s] [34mcolcon.colcon_core.verb[0m [30mLevel 5[0m set package 'tf2_msgs' build argument 'cmake_target' from command line to 'None'
[4.034s] [34mcolcon.colcon_core.verb[0m [30mLevel 5[0m set package 'tf2_msgs' build argument 'cmake_target_skip_unavailable' from command line to 'False'
[4.034s] [34mcolcon.colcon_core.verb[0m [30mLevel 5[0m set package 'tf2_msgs' build argument 'cmake_clean_cache' from command line to 'False'
[4.034s] [34mcolcon.colcon_core.verb[0m [30mLevel 5[0m set package 'tf2_msgs' build argument 'cmake_clean_first' from command line to 'False'
[4.034s] [34mcolcon.colcon_core.verb[0m [30mLevel 5[0m set package 'tf2_msgs' build argument 'cmake_force_configure' from command line to 'False'
[4.034s] [34mcolcon.colcon_core.verb[0m [30mLevel 5[0m set package 'tf2_msgs' build argument 'ament_cmake_args' from command line to 'None'
[4.034s] [34mcolcon.colcon_core.verb[0m [30mLevel 5[0m set package 'tf2_msgs' build argument 'catkin_cmake_args' from command line to 'None'
[4.034s] [34mcolcon.colcon_core.verb[0m [30mLevel 5[0m set package 'tf2_msgs' build argument 'catkin_skip_building_tests' from command line to 'False'
[4.034s] [34mcolcon.colcon_core.verb[0m [30mDEBUG[0m [32mBuilding package 'tf2_msgs' with the following arguments: {'ament_cmake_args': None, 'build_base': 'C:\\Users\\PLASMINFORGE\\Documents\\MATLAB_Thesis\\geometry2-ros2\\matlab_msg_gen\\win64\\build\\tf2_msgs', 'catkin_cmake_args': None, 'catkin_skip_building_tests': False, 'cmake_args': ['-DCMAKE_BUILD_TYPE=Release', '-DBUILD_TESTING=OFF', '-DCMAKE_CXX_COMPILER=cl.exe', '-DCMAKE_C_COMPILER=cl.exe', '-DCMAKE_LINKER=link.exe', '-DMSVC_TOOLSET_VERSION=141', '-DCMAKE_CXX_FLAGS_RELEASE=/MD /Od /Ob2 /DNDEBUG'], 'cmake_clean_cache': False, 'cmake_clean_first': False, 'cmake_force_configure': False, 'cmake_target': None, 'cmake_target_skip_unavailable': False, 'install_base': 'C:\\Users\\PLASMINFORGE\\Documents\\MATLAB_Thesis\\geometry2-ros2\\matlab_msg_gen\\win64\\install', 'merge_install': True, 'path': 'C:\\Users\\PLASMINFORGE\\Documents\\MATLAB_Thesis\\geometry2-ros2\\matlab_msg_gen\\win64\\src\\tf2_msgs', 'symlink_install': False, 'test_result_base': None}[0m
[4.065s] [34mcolcon.colcon_core.executor[0m [30mINFO[0m Executing jobs using 'parallel' executor
[4.066s] [34mcolcon.colcon_parallel_executor.executor.parallel[0m [30mDEBUG[0m [32mrun_until_complete[0m
[4.067s] [34mcolcon.colcon_ros.task.ament_cmake.build[0m [30mINFO[0m Building ROS package in 'C:\Users\PLASMINFORGE\Documents\MATLAB_Thesis\geometry2-ros2\matlab_msg_gen\win64\src\driverless_msgs' with build type 'ament_cmake'
[4.085s] [34mcolcon.colcon_core.plugin_system[0m [30mINFO[0m Skipping extension 'colcon_core.shell.sh': Not used on Windows systems
[4.086s] [34mcolcon.colcon_cmake.task.cmake.build[0m [30mINFO[0m Building CMake package in 'C:\Users\PLASMINFORGE\Documents\MATLAB_Thesis\geometry2-ros2\matlab_msg_gen\win64\src\driverless_msgs'
[4.098s] [34mcolcon.colcon_core.shell[0m [30mINFO[0m Skip shell extension 'powershell' for command environment: Not usable outside of PowerShell
[4.182s] [34mcolcon.colcon_ros.task.ament_cmake.build[0m [30mINFO[0m Building ROS package in 'C:\Users\PLASMINFORGE\Documents\MATLAB_Thesis\geometry2-ros2\matlab_msg_gen\win64\src\tf2_msgs' with build type 'ament_cmake'
[4.192s] [34mcolcon.colcon_cmake.task.cmake.build[0m [30mINFO[0m Building CMake package in 'C:\Users\PLASMINFORGE\Documents\MATLAB_Thesis\geometry2-ros2\matlab_msg_gen\win64\src\tf2_msgs'
[4.196s] [34mcolcon.colcon_core.shell[0m [30mINFO[0m Skip shell extension 'powershell' for command environment: Not usable outside of PowerShell
[4.259s] [34mcolcon.colcon_core.event_handler.log_command[0m [30mDEBUG[0m [32mInvoking command in 'C:\Users\PLASMINFORGE\Documents\MATLAB_Thesis\geometry2-ros2\matlab_msg_gen\win64\build\driverless_msgs': CommonProgramFiles=%CommonProgramFiles%
CommonProgramFiles(x86)=C:\Program Files (x86)\Common Files ProgramFiles=%ProgramFiles%
ProgramFiles(x86)=C:\Program Files (x86) C:\Program Files\CMake\bin\cmake.EXE C:\Users\PLASMINFORGE\Documents\MATLAB_Thesis\geometry2-ros2\matlab_msg_gen\win64\src\driverless_msgs -DCMAKE_BUILD_TYPE=Release -DBUILD_TESTING=OFF -DCMAKE_CXX_COMPILER=cl.exe -DCMAKE_C_COMPILER=cl.exe -DCMAKE_LINKER=link.exe -DMSVC_TOOLSET_VERSION=141 -DCMAKE_CXX_FLAGS_RELEASE=/MD /Od /Ob2 /DNDEBUG -DCMAKE_INSTALL_PREFIX=C:\Users\PLASMINFORGE\Documents\MATLAB_Thesis\geometry2-ros2\matlab_msg_gen\win64\install -G Visual Studio 16 2019[0m
[4.295s] [34mcolcon.colcon_core.event_handler.log_command[0m [30mDEBUG[0m [32mInvoking command in 'C:\Users\PLASMINFORGE\Documents\MATLAB_Thesis\geometry2-ros2\matlab_msg_gen\win64\build\tf2_msgs': CommonProgramFiles=%CommonProgramFiles%
CommonProgramFiles(x86)=C:\Program Files (x86)\Common Files ProgramFiles=%ProgramFiles%
ProgramFiles(x86)=C:\Program Files (x86) C:\Program Files\CMake\bin\cmake.EXE C:\Users\PLASMINFORGE\Documents\MATLAB_Thesis\geometry2-ros2\matlab_msg_gen\win64\src\tf2_msgs -DCMAKE_BUILD_TYPE=Release -DBUILD_TESTING=OFF -DCMAKE_CXX_COMPILER=cl.exe -DCMAKE_C_COMPILER=cl.exe -DCMAKE_LINKER=link.exe -DMSVC_TOOLSET_VERSION=141 -DCMAKE_CXX_FLAGS_RELEASE=/MD /Od /Ob2 /DNDEBUG -DCMAKE_INSTALL_PREFIX=C:\Users\PLASMINFORGE\Documents\MATLAB_Thesis\geometry2-ros2\matlab_msg_gen\win64\install -G Visual Studio 16 2019[0m
[18.017s] [34mcolcon.colcon_core.event_handler.log_command[0m [30mDEBUG[0m [32mInvoked command in 'C:\Users\PLASMINFORGE\Documents\MATLAB_Thesis\geometry2-ros2\matlab_msg_gen\win64\build\tf2_msgs' returned '0': CommonProgramFiles=%CommonProgramFiles%
CommonProgramFiles(x86)=C:\Program Files (x86)\Common Files ProgramFiles=%ProgramFiles%
ProgramFiles(x86)=C:\Program Files (x86) C:\Program Files\CMake\bin\cmake.EXE C:\Users\PLASMINFORGE\Documents\MATLAB_Thesis\geometry2-ros2\matlab_msg_gen\win64\src\tf2_msgs -DCMAKE_BUILD_TYPE=Release -DBUILD_TESTING=OFF -DCMAKE_CXX_COMPILER=cl.exe -DCMAKE_C_COMPILER=cl.exe -DCMAKE_LINKER=link.exe -DMSVC_TOOLSET_VERSION=141 -DCMAKE_CXX_FLAGS_RELEASE=/MD /Od /Ob2 /DNDEBUG -DCMAKE_INSTALL_PREFIX=C:\Users\PLASMINFORGE\Documents\MATLAB_Thesis\geometry2-ros2\matlab_msg_gen\win64\install -G Visual Studio 16 2019[0m
[18.020s] [34mcolcon.colcon_core.event_handler.log_command[0m [30mDEBUG[0m [32mInvoking command in 'C:\Users\PLASMINFORGE\Documents\MATLAB_Thesis\geometry2-ros2\matlab_msg_gen\win64\build\tf2_msgs': CL=/MP CommonProgramFiles=%CommonProgramFiles%
CommonProgramFiles(x86)=C:\Program Files (x86)\Common Files ProgramFiles=%ProgramFiles%
ProgramFiles(x86)=C:\Program Files (x86) C:\Program Files\CMake\bin\cmake.EXE --build C:\Users\PLASMINFORGE\Documents\MATLAB_Thesis\geometry2-ros2\matlab_msg_gen\win64\build\tf2_msgs --config Release[0m
[25.346s] [34mcolcon.colcon_core.event_handler.log_command[0m [30mDEBUG[0m [32mInvoked command in 'C:\Users\PLASMINFORGE\Documents\MATLAB_Thesis\geometry2-ros2\matlab_msg_gen\win64\build\tf2_msgs' returned '0': CL=/MP CommonProgramFiles=%CommonProgramFiles%
CommonProgramFiles(x86)=C:\Program Files (x86)\Common Files ProgramFiles=%ProgramFiles%
ProgramFiles(x86)=C:\Program Files (x86) C:\Program Files\CMake\bin\cmake.EXE --build C:\Users\PLASMINFORGE\Documents\MATLAB_Thesis\geometry2-ros2\matlab_msg_gen\win64\build\tf2_msgs --config Release[0m
[25.353s] [34mcolcon.colcon_core.event_handler.log_command[0m [30mDEBUG[0m [32mInvoking command in 'None': CommonProgramFiles=%CommonProgramFiles%
CommonProgramFiles(x86)=C:\Program Files (x86)\Common Files ProgramFiles=%ProgramFiles%
ProgramFiles(x86)=C:\Program Files (x86) C:\Program Files (x86)\Microsoft Visual Studio\2019\Community\\MSBuild\Current\Bin\msbuild.EXE /p:Configuration=Release C:\Users\PLASMINFORGE\Documents\MATLAB_Thesis\geometry2-ros2\matlab_msg_gen\win64\build\tf2_msgs\INSTALL.vcxproj[0m
[28.104s] [34mcolcon.colcon_core.event_handler.log_command[0m [30mDEBUG[0m [32mInvoked command in 'C:\Users\PLASMINFORGE\Documents\MATLAB_Thesis\geometry2-ros2\matlab_msg_gen\win64\build\driverless_msgs' returned '0': CommonProgramFiles=%CommonProgramFiles%
CommonProgramFiles(x86)=C:\Program Files (x86)\Common Files ProgramFiles=%ProgramFiles%
ProgramFiles(x86)=C:\Program Files (x86) C:\Program Files\CMake\bin\cmake.EXE C:\Users\PLASMINFORGE\Documents\MATLAB_Thesis\geometry2-ros2\matlab_msg_gen\win64\src\driverless_msgs -DCMAKE_BUILD_TYPE=Release -DBUILD_TESTING=OFF -DCMAKE_CXX_COMPILER=cl.exe -DCMAKE_C_COMPILER=cl.exe -DCMAKE_LINKER=link.exe -DMSVC_TOOLSET_VERSION=141 -DCMAKE_CXX_FLAGS_RELEASE=/MD /Od /Ob2 /DNDEBUG -DCMAKE_INSTALL_PREFIX=C:\Users\PLASMINFORGE\Documents\MATLAB_Thesis\geometry2-ros2\matlab_msg_gen\win64\install -G Visual Studio 16 2019[0m
[28.107s] [34mcolcon.colcon_core.event_handler.log_command[0m [30mDEBUG[0m [32mInvoking command in 'C:\Users\PLASMINFORGE\Documents\MATLAB_Thesis\geometry2-ros2\matlab_msg_gen\win64\build\driverless_msgs': CL=/MP CommonProgramFiles=%CommonProgramFiles%
CommonProgramFiles(x86)=C:\Program Files (x86)\Common Files ProgramFiles=%ProgramFiles%
ProgramFiles(x86)=C:\Program Files (x86) C:\Program Files\CMake\bin\cmake.EXE --build C:\Users\PLASMINFORGE\Documents\MATLAB_Thesis\geometry2-ros2\matlab_msg_gen\win64\build\driverless_msgs --config Release[0m
[32.303s] [34mcolcon.colcon_core.environment[0m [30mLevel 1[0m create_environment_scripts_only(tf2_msgs)
[32.307s] [34mcolcon.colcon_core.event_handler.log_command[0m [30mDEBUG[0m [32mInvoked command in 'None' returned '0': CommonProgramFiles=%CommonProgramFiles%
CommonProgramFiles(x86)=C:\Program Files (x86)\Common Files ProgramFiles=%ProgramFiles%
ProgramFiles(x86)=C:\Program Files (x86) C:\Program Files (x86)\Microsoft Visual Studio\2019\Community\\MSBuild\Current\Bin\msbuild.EXE /p:Configuration=Release C:\Users\PLASMINFORGE\Documents\MATLAB_Thesis\geometry2-ros2\matlab_msg_gen\win64\build\tf2_msgs\INSTALL.vcxproj[0m
[32.381s] [34mcolcon.colcon_core.environment[0m [30mLevel 1[0m checking 'C:\Users\PLASMINFORGE\Documents\MATLAB_Thesis\geometry2-ros2\matlab_msg_gen\win64\install' for CMake module files
[32.384s] [34mcolcon.colcon_core.environment[0m [30mLevel 1[0m checking 'C:\Users\PLASMINFORGE\Documents\MATLAB_Thesis\geometry2-ros2\matlab_msg_gen\win64\install' for CMake config files
[32.389s] [34mcolcon.colcon_core.shell[0m [30mLevel 1[0m create_environment_hook('tf2_msgs', 'cmake_prefix_path')
[32.395s] [34mcolcon.colcon_core.shell[0m [30mINFO[0m Creating environment hook 'C:\Users\PLASMINFORGE\Documents\MATLAB_Thesis\geometry2-ros2\matlab_msg_gen\win64\install\share\tf2_msgs\hook\cmake_prefix_path.ps1'
[32.406s] [34mcolcon.colcon_core.shell[0m [30mINFO[0m Creating environment hook 'C:\Users\PLASMINFORGE\Documents\MATLAB_Thesis\geometry2-ros2\matlab_msg_gen\win64\install\share\tf2_msgs\hook\cmake_prefix_path.bat'
[32.437s] [34mcolcon.colcon_core.environment[0m [30mLevel 1[0m checking 'C:\Users\PLASMINFORGE\Documents\MATLAB_Thesis\geometry2-ros2\matlab_msg_gen\win64\install\bin'
[32.438s] [34mcolcon.colcon_core.shell[0m [30mLevel 1[0m create_environment_hook('tf2_msgs', 'path_dll')
[32.468s] [34mcolcon.colcon_core.shell[0m [30mINFO[0m Creating environment hook 'C:\Users\PLASMINFORGE\Documents\MATLAB_Thesis\geometry2-ros2\matlab_msg_gen\win64\install\share\tf2_msgs\hook\path_dll.ps1'
[32.470s] [34mcolcon.colcon_core.shell[0m [30mINFO[0m Creating environment hook 'C:\Users\PLASMINFORGE\Documents\MATLAB_Thesis\geometry2-ros2\matlab_msg_gen\win64\install\share\tf2_msgs\hook\path_dll.bat'
[32.474s] [34mcolcon.colcon_core.environment[0m [30mLevel 1[0m checking 'C:\Users\PLASMINFORGE\Documents\MATLAB_Thesis\geometry2-ros2\matlab_msg_gen\win64\install\bin'
[32.476s] [34mcolcon.colcon_core.shell[0m [30mLevel 1[0m create_environment_hook('tf2_msgs', 'path')
[32.488s] [34mcolcon.colcon_core.shell[0m [30mINFO[0m Creating environment hook 'C:\Users\PLASMINFORGE\Documents\MATLAB_Thesis\geometry2-ros2\matlab_msg_gen\win64\install\share\tf2_msgs\hook\path.ps1'
[32.490s] [34mcolcon.colcon_core.shell[0m [30mINFO[0m Creating environment hook 'C:\Users\PLASMINFORGE\Documents\MATLAB_Thesis\geometry2-ros2\matlab_msg_gen\win64\install\share\tf2_msgs\hook\path.bat'
[32.492s] [34mcolcon.colcon_core.environment[0m [30mLevel 1[0m checking 'C:\Users\PLASMINFORGE\Documents\MATLAB_Thesis\geometry2-ros2\matlab_msg_gen\win64\install\Scripts'
[32.492s] [34mcolcon.colcon_core.environment[0m [30mLevel 1[0m checking 'C:\Users\PLASMINFORGE\Documents\MATLAB_Thesis\geometry2-ros2\matlab_msg_gen\win64\install\lib\pkgconfig\tf2_msgs.pc'
[32.493s] [34mcolcon.colcon_core.environment[0m [30mLevel 1[0m checking 'C:\Users\PLASMINFORGE\Documents\MATLAB_Thesis\geometry2-ros2\matlab_msg_gen\win64\install\Lib\site-packages'
[32.493s] [34mcolcon.colcon_core.shell[0m [30mLevel 1[0m create_environment_hook('tf2_msgs', 'pythonpath')
[32.499s] [34mcolcon.colcon_core.shell[0m [30mINFO[0m Creating environment hook 'C:\Users\PLASMINFORGE\Documents\MATLAB_Thesis\geometry2-ros2\matlab_msg_gen\win64\install\share\tf2_msgs\hook\pythonpath.ps1'
[32.501s] [34mcolcon.colcon_core.shell[0m [30mINFO[0m Creating environment hook 'C:\Users\PLASMINFORGE\Documents\MATLAB_Thesis\geometry2-ros2\matlab_msg_gen\win64\install\share\tf2_msgs\hook\pythonpath.bat'
[32.506s] [34mcolcon.colcon_core.shell[0m [30mINFO[0m Creating package script 'C:\Users\PLASMINFORGE\Documents\MATLAB_Thesis\geometry2-ros2\matlab_msg_gen\win64\install\share\tf2_msgs\package.ps1'
[32.534s] [34mcolcon.colcon_core.shell[0m [30mINFO[0m Creating package script 'C:\Users\PLASMINFORGE\Documents\MATLAB_Thesis\geometry2-ros2\matlab_msg_gen\win64\install\share\tf2_msgs\package.bat'
[32.569s] [34mcolcon.colcon_core.environment[0m [30mLevel 1[0m create_file_with_runtime_dependencies(C:\Users\PLASMINFORGE\Documents\MATLAB_Thesis\geometry2-ros2\matlab_msg_gen\win64\install\share\colcon-core\packages\tf2_msgs)
[90.981s] [34mcolcon.colcon_core.event_handler.log_command[0m [30mDEBUG[0m [32mInvoked command in 'C:\Users\PLASMINFORGE\Documents\MATLAB_Thesis\geometry2-ros2\matlab_msg_gen\win64\build\driverless_msgs' returned '0': CL=/MP CommonProgramFiles=%CommonProgramFiles%
CommonProgramFiles(x86)=C:\Program Files (x86)\Common Files ProgramFiles=%ProgramFiles%
ProgramFiles(x86)=C:\Program Files (x86) C:\Program Files\CMake\bin\cmake.EXE --build C:\Users\PLASMINFORGE\Documents\MATLAB_Thesis\geometry2-ros2\matlab_msg_gen\win64\build\driverless_msgs --config Release[0m
[90.986s] [34mcolcon.colcon_core.event_handler.log_command[0m [30mDEBUG[0m [32mInvoking command in 'None': CommonProgramFiles=%CommonProgramFiles%
CommonProgramFiles(x86)=C:\Program Files (x86)\Common Files ProgramFiles=%ProgramFiles%
ProgramFiles(x86)=C:\Program Files (x86) C:\Program Files (x86)\Microsoft Visual Studio\2019\Community\\MSBuild\Current\Bin\msbuild.EXE /p:Configuration=Release C:\Users\PLASMINFORGE\Documents\MATLAB_Thesis\geometry2-ros2\matlab_msg_gen\win64\build\driverless_msgs\INSTALL.vcxproj[0m
[99.644s] [34mcolcon.colcon_core.environment[0m [30mLevel 1[0m create_environment_scripts_only(driverless_msgs)
[99.657s] [34mcolcon.colcon_core.environment[0m [30mLevel 1[0m checking 'C:\Users\PLASMINFORGE\Documents\MATLAB_Thesis\geometry2-ros2\matlab_msg_gen\win64\install' for CMake module files
[99.660s] [34mcolcon.colcon_core.event_handler.log_command[0m [30mDEBUG[0m [32mInvoked command in 'None' returned '0': CommonProgramFiles=%CommonProgramFiles%
CommonProgramFiles(x86)=C:\Program Files (x86)\Common Files ProgramFiles=%ProgramFiles%
ProgramFiles(x86)=C:\Program Files (x86) C:\Program Files (x86)\Microsoft Visual Studio\2019\Community\\MSBuild\Current\Bin\msbuild.EXE /p:Configuration=Release C:\Users\PLASMINFORGE\Documents\MATLAB_Thesis\geometry2-ros2\matlab_msg_gen\win64\build\driverless_msgs\INSTALL.vcxproj[0m
[99.661s] [34mcolcon.colcon_core.environment[0m [30mLevel 1[0m checking 'C:\Users\PLASMINFORGE\Documents\MATLAB_Thesis\geometry2-ros2\matlab_msg_gen\win64\install' for CMake config files
[99.668s] [34mcolcon.colcon_core.shell[0m [30mLevel 1[0m create_environment_hook('driverless_msgs', 'cmake_prefix_path')
[99.683s] [34mcolcon.colcon_core.shell[0m [30mINFO[0m Creating environment hook 'C:\Users\PLASMINFORGE\Documents\MATLAB_Thesis\geometry2-ros2\matlab_msg_gen\win64\install\share\driverless_msgs\hook\cmake_prefix_path.ps1'
[99.687s] [34mcolcon.colcon_core.shell[0m [30mINFO[0m Creating environment hook 'C:\Users\PLASMINFORGE\Documents\MATLAB_Thesis\geometry2-ros2\matlab_msg_gen\win64\install\share\driverless_msgs\hook\cmake_prefix_path.bat'
[99.689s] [34mcolcon.colcon_core.environment[0m [30mLevel 1[0m checking 'C:\Users\PLASMINFORGE\Documents\MATLAB_Thesis\geometry2-ros2\matlab_msg_gen\win64\install\bin'
[99.690s] [34mcolcon.colcon_core.shell[0m [30mLevel 1[0m create_environment_hook('driverless_msgs', 'path_dll')
[99.709s] [34mcolcon.colcon_core.shell[0m [30mINFO[0m Creating environment hook 'C:\Users\PLASMINFORGE\Documents\MATLAB_Thesis\geometry2-ros2\matlab_msg_gen\win64\install\share\driverless_msgs\hook\path_dll.ps1'
[99.726s] [34mcolcon.colcon_core.shell[0m [30mINFO[0m Creating environment hook 'C:\Users\PLASMINFORGE\Documents\MATLAB_Thesis\geometry2-ros2\matlab_msg_gen\win64\install\share\driverless_msgs\hook\path_dll.bat'
[99.728s] [34mcolcon.colcon_core.environment[0m [30mLevel 1[0m checking 'C:\Users\PLASMINFORGE\Documents\MATLAB_Thesis\geometry2-ros2\matlab_msg_gen\win64\install\bin'
[99.729s] [34mcolcon.colcon_core.shell[0m [30mLevel 1[0m create_environment_hook('driverless_msgs', 'path')
[99.737s] [34mcolcon.colcon_core.shell[0m [30mINFO[0m Creating environment hook 'C:\Users\PLASMINFORGE\Documents\MATLAB_Thesis\geometry2-ros2\matlab_msg_gen\win64\install\share\driverless_msgs\hook\path.ps1'
[99.739s] [34mcolcon.colcon_core.shell[0m [30mINFO[0m Creating environment hook 'C:\Users\PLASMINFORGE\Documents\MATLAB_Thesis\geometry2-ros2\matlab_msg_gen\win64\install\share\driverless_msgs\hook\path.bat'
[99.740s] [34mcolcon.colcon_core.environment[0m [30mLevel 1[0m checking 'C:\Users\PLASMINFORGE\Documents\MATLAB_Thesis\geometry2-ros2\matlab_msg_gen\win64\install\Scripts'
[99.741s] [34mcolcon.colcon_core.environment[0m [30mLevel 1[0m checking 'C:\Users\PLASMINFORGE\Documents\MATLAB_Thesis\geometry2-ros2\matlab_msg_gen\win64\install\lib\pkgconfig\driverless_msgs.pc'
[99.741s] [34mcolcon.colcon_core.environment[0m [30mLevel 1[0m checking 'C:\Users\PLASMINFORGE\Documents\MATLAB_Thesis\geometry2-ros2\matlab_msg_gen\win64\install\Lib\site-packages'
[99.741s] [34mcolcon.colcon_core.shell[0m [30mLevel 1[0m create_environment_hook('driverless_msgs', 'pythonpath')
[99.749s] [34mcolcon.colcon_core.shell[0m [30mINFO[0m Creating environment hook 'C:\Users\PLASMINFORGE\Documents\MATLAB_Thesis\geometry2-ros2\matlab_msg_gen\win64\install\share\driverless_msgs\hook\pythonpath.ps1'
[99.751s] [34mcolcon.colcon_core.shell[0m [30mINFO[0m Creating environment hook 'C:\Users\PLASMINFORGE\Documents\MATLAB_Thesis\geometry2-ros2\matlab_msg_gen\win64\install\share\driverless_msgs\hook\pythonpath.bat'
[99.763s] [34mcolcon.colcon_core.shell[0m [30mINFO[0m Creating package script 'C:\Users\PLASMINFORGE\Documents\MATLAB_Thesis\geometry2-ros2\matlab_msg_gen\win64\install\share\driverless_msgs\package.ps1'
[99.767s] [34mcolcon.colcon_core.shell[0m [30mINFO[0m Creating package script 'C:\Users\PLASMINFORGE\Documents\MATLAB_Thesis\geometry2-ros2\matlab_msg_gen\win64\install\share\driverless_msgs\package.bat'
[99.783s] [34mcolcon.colcon_core.environment[0m [30mLevel 1[0m create_file_with_runtime_dependencies(C:\Users\PLASMINFORGE\Documents\MATLAB_Thesis\geometry2-ros2\matlab_msg_gen\win64\install\share\colcon-core\packages\driverless_msgs)
[99.784s] [34mcolcon.colcon_parallel_executor.executor.parallel[0m [30mDEBUG[0m [32mrun_until_complete finished with '0'[0m
[99.785s] [34mcolcon.colcon_core.event_reactor[0m [30mDEBUG[0m [32mjoining thread[0m
[99.817s] [34mcolcon.colcon_core.plugin_system[0m [30mINFO[0m Skipping extension 'colcon_notification.desktop_notification.notify2': 'notify2' not found
[99.817s] [34mcolcon.colcon_core.plugin_system[0m [30mINFO[0m Skipping extension 'colcon_notification.desktop_notification.notify_send': Not used on non-Linux systems
[99.818s] [34mcolcon.colcon_core.plugin_system[0m [30mINFO[0m Skipping extension 'colcon_notification.desktop_notification.terminal_notifier': Not used on non-Darwin systems
[99.818s] [34mcolcon.colcon_notification.desktop_notification[0m [30mINFO[0m Sending desktop notification using 'win32'
[105.005s] [34mcolcon.colcon_core.event_reactor[0m [30mDEBUG[0m [32mjoined thread[0m
[105.020s] [34mcolcon.colcon_core.shell[0m [30mINFO[0m Creating prefix script 'C:\Users\PLASMINFORGE\Documents\MATLAB_Thesis\geometry2-ros2\matlab_msg_gen\win64\install\local_setup.ps1'
[105.051s] [34mcolcon.colcon_core.shell[0m [30mINFO[0m Creating prefix chain script 'C:\Users\PLASMINFORGE\Documents\MATLAB_Thesis\geometry2-ros2\matlab_msg_gen\win64\install\setup.ps1'
[105.070s] [34mcolcon.colcon_core.shell[0m [30mINFO[0m Creating prefix script 'C:\Users\PLASMINFORGE\Documents\MATLAB_Thesis\geometry2-ros2\matlab_msg_gen\win64\install\local_setup.bat'
[105.087s] [34mcolcon.colcon_core.shell[0m [30mINFO[0m Creating prefix chain script 'C:\Users\PLASMINFORGE\Documents\MATLAB_Thesis\geometry2-ros2\matlab_msg_gen\win64\install\setup.bat'
